2017-05-24 11:41:11: 句柄无效。   在 System.Drawing.Graphics.CopyFromScreen(Int32 sourceX, Int32 sourceY, Int32 destinationX, Int32 destinationY, Size blockRegionSize, CopyPixelOperation copyPixelOperation)
   在 System.Drawing.Graphics.CopyFromScreen(Point upperLeftSource, Point upperLeftDestination, Size blockRegionSize)
   在 server.Form1.PeZUms8p5y8tHbtvXhC(Object , Point , Point , Size )
   在 server.Form1.lP9ipFLHp(Object  , DoWorkEventArgs  )
2017-05-24 11:41:11: 句柄无效。   在 System.Drawing.Graphics.CopyFromScreen(Int32 sourceX, Int32 sourceY, Int32 destinationX, Int32 destinationY, Size blockRegionSize, CopyPixelOperation copyPixelOperation)
   在 System.Drawing.Graphics.CopyFromScreen(Point upperLeftSource, Point upperLeftDestination, Size blockRegionSize)
   在 server.Form1.PeZUms8p5y8tHbtvXhC(Object , Point , Point , Size )
   在 server.Form1.lP9ipFLHp(Object  , DoWorkEventArgs  )
2017-05-24 11:41:11: 句柄无效。   在 System.Drawing.Graphics.CopyFromScreen(Int32 sourceX, Int32 sourceY, Int32 destinationX, Int32 destinationY, Size blockRegionSize, CopyPixelOperation copyPixelOperation)
   在 System.Drawing.Graphics.CopyFromScreen(Point upperLeftSource, Point upperLeftDestination, Size blockRegionSize)
   在 server.Form1.PeZUms8p5y8tHbtvXhC(Object , Point , Point , Size )
   在 server.Form1.lP9ipFLHp(Object  , DoWorkEventArgs  )
2017-05-24 11:41:11: 句柄无效。   在 System.Drawing.Graphics.CopyFromScreen(Int32 sourceX, Int32 sourceY, Int32 destinationX, Int32 destinationY, Size blockRegionSize, CopyPixelOperation copyPixelOperation)
   在 System.Drawing.Graphics.CopyFromScreen(Point upperLeftSource, Point upperLeftDestination, Size blockRegionSize)
   在 server.Form1.PeZUms8p5y8tHbtvXhC(Object , Point , Point , Size )
   在 server.Form1.lP9ipFLHp(Object  , DoWorkEventArgs  )
2017-05-24 11:41:11: 句柄无效。   在 System.Drawing.Graphics.CopyFromScreen(Int32 sourceX, Int32 sourceY, Int32 destinationX, Int32 destinationY, Size blockRegionSize, CopyPixelOperation copyPixelOperation)
   在 System.Drawing.Graphics.CopyFromScreen(Point upperLeftSource, Point upperLeftDestination, Size blockRegionSize)
   在 server.Form1.PeZUms8p5y8tHbtvXhC(Object , Point , Point , Size )
   在 server.Form1.lP9ipFLHp(Object  , DoWorkEventArgs  )
2017-05-24 11:41:11: 句柄无效。   在 System.Drawing.Graphics.CopyFromScreen(Int32 sourceX, Int32 sourceY, Int32 destinationX, Int32 destinationY, Size blockRegionSize, CopyPixelOperation copyPixelOperation)
   在 System.Drawing.Graphics.CopyFromScreen(Point upperLeftSource, Point upperLeftDestination, Size blockRegionSize)
   在 server.Form1.PeZUms8p5y8tHbtvXhC(Object , Point , Point , Size )
   在 server.Form1.lP9ipFLHp(Object  , DoWorkEventArgs  )
2017-05-24 11:41:12: 句柄无效。   在 System.Drawing.Graphics.CopyFromScreen(Int32 sourceX, Int32 sourceY, Int32 destinationX, Int32 destinationY, Size blockRegionSize, CopyPixelOperation copyPixelOperation)
   在 System.Drawing.Graphics.CopyFromScreen(Point upperLeftSource, Point upperLeftDestination, Size blockRegionSize)
   在 server.Form1.PeZUms8p5y8tHbtvXhC(Object , Point , Point , Size )
   在 server.Form1.lP9ipFLHp(Object  , DoWorkEventArgs  )
2017-05-24 11:41:12: 句柄无效。   在 System.Drawing.Graphics.CopyFromScreen(Int32 sourceX, Int32 sourceY, Int32 destinationX, Int32 destinationY, Size blockRegionSize, CopyPixelOperation copyPixelOperation)
   在 System.Drawing.Graphics.CopyFromScreen(Point upperLeftSource, Point upperLeftDestination, Size blockRegionSize)
   在 server.Form1.PeZUms8p5y8tHbtvXhC(Object , Point , Point , Size )
   在 server.Form1.lP9ipFLHp(Object  , DoWorkEventArgs  )
2017-05-24 11:41:12: 句柄无效。   在 System.Drawing.Graphics.CopyFromScreen(Int32 sourceX, Int32 sourceY, Int32 destinationX, Int32 destinationY, Size blockRegionSize, CopyPixelOperation copyPixelOperation)
   在 System.Drawing.Graphics.CopyFromScreen(Point upperLeftSource, Point upperLeftDestination, Size blockRegionSize)
   在 server.Form1.PeZUms8p5y8tHbtvXhC(Object , Point , Point , Size )
   在 server.Form1.lP9ipFLHp(Object  , DoWorkEventArgs  )
2017-05-24 11:41:12: 句柄无效。   在 System.Drawing.Graphics.CopyFromScreen(Int32 sourceX, Int32 sourceY, Int32 destinationX, Int32 destinationY, Size blockRegionSize, CopyPixelOperation copyPixelOperation)
   在 System.Drawing.Graphics.CopyFromScreen(Point upperLeftSource, Point upperLeftDestination, Size blockRegionSize)
   在 server.Form1.PeZUms8p5y8tHbtvXhC(Object , Point , Point , Size )
   在 server.Form1.lP9ipFLHp(Object  , DoWorkEventArgs  )
2017-05-24 11:41:12: 句柄无效。   在 System.Drawing.Graphics.CopyFromScreen(Int32 sourceX, Int32 sourceY, Int32 destinationX, Int32 destinationY, Size blockRegionSize, CopyPixelOperation copyPixelOperation)
   在 System.Drawing.Graphics.CopyFromScreen(Point upperLeftSource, Point upperLeftDestination, Size blockRegionSize)
   在 server.Form1.PeZUms8p5y8tHbtvXhC(Object , Point , Point , Size )
   在 server.Form1.lP9ipFLHp(Object  , DoWorkEventArgs  )
2017-05-24 11:41:12: 句柄无效。   在 System.Drawing.Graphics.CopyFromScreen(Int32 sourceX, Int32 sourceY, Int32 destinationX, Int32 destinationY, Size blockRegionSize, CopyPixelOperation copyPixelOperation)
   在 System.Drawing.Graphics.CopyFromScreen(Point upperLeftSource, Point upperLeftDestination, Size blockRegionSize)
   在 server.Form1.PeZUms8p5y8tHbtvXhC(Object , Point , Point , Size )
   在 server.Form1.lP9ipFLHp(Object  , DoWorkEventArgs  )
2017-05-24 11:41:12: 句柄无效。   在 System.Drawing.Graphics.CopyFromScreen(Int32 sourceX, Int32 sourceY, Int32 destinationX, Int32 destinationY, Size blockRegionSize, CopyPixelOperation copyPixelOperation)
   在 System.Drawing.Graphics.CopyFromScreen(Point upperLeftSource, Point upperLeftDestination, Size blockRegionSize)
   在 server.Form1.PeZUms8p5y8tHbtvXhC(Object , Point , Point , Size )
   在 server.Form1.lP9ipFLHp(Object  , DoWorkEventArgs  )
2017-05-24 11:41:12: 句柄无效。   在 System.Drawing.Graphics.CopyFromScreen(Int32 sourceX, Int32 sourceY, Int32 destinationX, Int32 destinationY, Size blockRegionSize, CopyPixelOperation copyPixelOperation)
   在 System.Drawing.Graphics.CopyFromScreen(Point upperLeftSource, Point upperLeftDestination, Size blockRegionSize)
   在 server.Form1.PeZUms8p5y8tHbtvXhC(Object , Point , Point , Size )
   在 server.Form1.lP9ipFLHp(Object  , DoWorkEventArgs  )
2017-05-24 11:41:12: 句柄无效。   在 System.Drawing.Graphics.CopyFromScreen(Int32 sourceX, Int32 sourceY, Int32 destinationX, Int32 destinationY, Size blockRegionSize, CopyPixelOperation copyPixelOperation)
   在 System.Drawing.Graphics.CopyFromScreen(Point upperLeftSource, Point upperLeftDestination, Size blockRegionSize)
   在 server.Form1.PeZUms8p5y8tHbtvXhC(Object , Point , Point , Size )
   在 server.Form1.lP9ipFLHp(Object  , DoWorkEventArgs  )
2017-05-24 11:41:12: 句柄无效。   在 System.Drawing.Graphics.CopyFromScreen(Int32 sourceX, Int32 sourceY, Int32 destinationX, Int32 destinationY, Size blockRegionSize, CopyPixelOperation copyPixelOperation)
   在 System.Drawing.Graphics.CopyFromScreen(Point upperLeftSource, Point upperLeftDestination, Size blockRegionSize)
   在 server.Form1.PeZUms8p5y8tHbtvXhC(Object , Point , Point , Size )
   在 server.Form1.lP9ipFLHp(Object  , DoWorkEventArgs  )
2017-05-24 14:23:22: 内存不足。   在 System.Drawing.Graphics.CheckErrorStatus(Int32 status)
   在 System.Drawing.Graphics.DrawImage(Image image, Rectangle destRect, Rectangle srcRect, GraphicsUnit srcUnit)
   在 server.Form1.CMhQoX8H0bvgntEEbjQ(Object , Object , Rectangle , Rectangle , GraphicsUnit )
   在 server.Form1.lP9ipFLHp(Object  , DoWorkEventArgs  )
2017-05-24 14:23:23: 内存不足。   在 System.Drawing.Graphics.CheckErrorStatus(Int32 status)
   在 System.Drawing.Graphics.DrawImage(Image image, Rectangle destRect, Rectangle srcRect, GraphicsUnit srcUnit)
   在 server.Form1.CMhQoX8H0bvgntEEbjQ(Object , Object , Rectangle , Rectangle , GraphicsUnit )
   在 server.Form1.lP9ipFLHp(Object  , DoWorkEventArgs  )
2017-05-24 14:23:23: 参数无效。   在 System.Drawing.Bitmap..ctor(Int32 width, Int32 height, PixelFormat format)
   在 server.Form1.lP9ipFLHp(Object  , DoWorkEventArgs  )
2017-05-24 14:23:23: 参数无效。   在 System.Drawing.Bitmap..ctor(Int32 width, Int32 height, PixelFormat format)
   在 server.Form1.lP9ipFLHp(Object  , DoWorkEventArgs  )
2017-05-24 14:23:23: 参数无效。   在 System.Drawing.Bitmap..ctor(Int32 width, Int32 height, PixelFormat format)
   在 server.Form1.lP9ipFLHp(Object  , DoWorkEventArgs  )
2017-05-24 14:23:23: 参数无效。   在 System.Drawing.Bitmap..ctor(Int32 width, Int32 height, PixelFormat format)
   在 server.Form1.lP9ipFLHp(Object  , DoWorkEventArgs  )
2017-05-24 14:23:23: 参数无效。   在 System.Drawing.Bitmap..ctor(Int32 width, Int32 height, PixelFormat format)
   在 server.Form1.lP9ipFLHp(Object  , DoWorkEventArgs  )
2017-05-24 14:23:23: 参数无效。   在 System.Drawing.Bitmap..ctor(Int32 width, Int32 height, PixelFormat format)
   在 server.Form1.lP9ipFLHp(Object  , DoWorkEventArgs  )
2017-05-24 14:23:23: 参数无效。   在 System.Drawing.Bitmap..ctor(Int32 width, Int32 height, PixelFormat format)
   在 server.Form1.lP9ipFLHp(Object  , DoWorkEventArgs  )
2017-05-24 14:23:23: 参数无效。   在 System.Drawing.Bitmap..ctor(Int32 width, Int32 height, PixelFormat format)
   在 server.Form1.lP9ipFLHp(Object  , DoWorkEventArgs  )
2017-05-24 14:23:23: 参数无效。   在 System.Drawing.Bitmap..ctor(Int32 width, Int32 height, PixelFormat format)
   在 server.Form1.lP9ipFLHp(Object  , DoWorkEventArgs  )
2017-05-24 14:23:23: 参数无效。   在 System.Drawing.Bitmap..ctor(Int32 width, Int32 height, PixelFormat format)
   在 server.Form1.lP9ipFLHp(Object  , DoWorkEventArgs  )
2017-05-24 14:23:23: 参数无效。   在 System.Drawing.Bitmap..ctor(Int32 width, Int32 height, PixelFormat format)
   在 server.Form1.lP9ipFLHp(Object  , DoWorkEventArgs  )
2017-05-24 14:23:23: 参数无效。   在 System.Drawing.Bitmap..ctor(Int32 width, Int32 height, PixelFormat format)
   在 server.Form1.lP9ipFLHp(Object  , DoWorkEventArgs  )
2017-05-24 14:23:23: 参数无效。   在 System.Drawing.Bitmap..ctor(Int32 width, Int32 height, PixelFormat format)
   在 server.Form1.lP9ipFLHp(Object  , DoWorkEventArgs  )
2017-05-24 14:23:23: 参数无效。   在 System.Drawing.Bitmap..ctor(Int32 width, Int32 height, PixelFormat format)
   在 server.Form1.lP9ipFLHp(Object  , DoWorkEventArgs  )
2017-05-24 14:23:23: 参数无效。   在 System.Drawing.Bitmap..ctor(Int32 width, Int32 height, PixelFormat format)
   在 server.Form1.lP9ipFLHp(Object  , DoWorkEventArgs  )
2017-05-24 14:23:23: 参数无效。   在 System.Drawing.Bitmap..ctor(Int32 width, Int32 height, PixelFormat format)
   在 server.Form1.lP9ipFLHp(Object  , DoWorkEventArgs  )
2017-05-24 14:23:23: 参数无效。   在 System.Drawing.Bitmap..ctor(Int32 width, Int32 height, PixelFormat format)
   在 server.Form1.lP9ipFLHp(Object  , DoWorkEventArgs  )
2017-05-24 14:23:23: 参数无效。   在 System.Drawing.Bitmap..ctor(Int32 width, Int32 height, PixelFormat format)
   在 server.Form1.lP9ipFLHp(Object  , DoWorkEventArgs  )
2017-05-24 14:23:24: 参数无效。   在 System.Drawing.Bitmap..ctor(Int32 width, Int32 height, PixelFormat format)
   在 server.Form1.lP9ipFLHp(Object  , DoWorkEventArgs  )
2017-05-24 14:23:24: 参数无效。   在 System.Drawing.Bitmap..ctor(Int32 width, Int32 height, PixelFormat format)
   在 server.Form1.lP9ipFLHp(Object  , DoWorkEventArgs  )
2017-05-24 14:23:24: 参数无效。   在 System.Drawing.Bitmap..ctor(Int32 width, Int32 height, PixelFormat format)
   在 server.Form1.lP9ipFLHp(Object  , DoWorkEventArgs  )
2017-05-24 14:23:24: 参数无效。   在 System.Drawing.Bitmap..ctor(Int32 width, Int32 height, PixelFormat format)
   在 server.Form1.lP9ipFLHp(Object  , DoWorkEventArgs  )
2017-05-24 14:23:24: 参数无效。   在 System.Drawing.Bitmap..ctor(Int32 width, Int32 height, PixelFormat format)
   在 server.Form1.lP9ipFLHp(Object  , DoWorkEventArgs  )
2017-05-24 14:23:24: 参数无效。   在 System.Drawing.Bitmap..ctor(Int32 width, Int32 height, PixelFormat format)
   在 server.Form1.lP9ipFLHp(Object  , DoWorkEventArgs  )
2017-05-24 14:23:24: 参数无效。   在 System.Drawing.Bitmap..ctor(Int32 width, Int32 height, PixelFormat format)
   在 server.Form1.lP9ipFLHp(Object  , DoWorkEventArgs  )
2017-05-24 14:23:24: 参数无效。   在 System.Drawing.Bitmap..ctor(Int32 width, Int32 height, PixelFormat format)
   在 server.Form1.lP9ipFLHp(Object  , DoWorkEventArgs  )
2017-05-24 14:23:24: 参数无效。   在 System.Drawing.Bitmap..ctor(Int32 width, Int32 height, PixelFormat format)
   在 server.Form1.lP9ipFLHp(Object  , DoWorkEventArgs  )
2017-05-24 14:23:24: 参数无效。   在 System.Drawing.Bitmap..ctor(Int32 width, Int32 height, PixelFormat format)
   在 server.Form1.lP9ipFLHp(Object  , DoWorkEventArgs  )
2017-05-24 14:23:24: 参数无效。   在 System.Drawing.Bitmap..ctor(Int32 width, Int32 height, PixelFormat format)
   在 server.Form1.lP9ipFLHp(Object  , DoWorkEventArgs  )
2017-05-24 14:23:24: 参数无效。   在 System.Drawing.Bitmap..ctor(Int32 width, Int32 height, PixelFormat format)
   在 server.Form1.lP9ipFLHp(Object  , DoWorkEventArgs  )
2017-05-24 14:23:24: 参数无效。   在 System.Drawing.Bitmap..ctor(Int32 width, Int32 height, PixelFormat format)
   在 server.Form1.lP9ipFLHp(Object  , DoWorkEventArgs  )
2017-05-24 14:23:24: 参数无效。   在 System.Drawing.Bitmap..ctor(Int32 width, Int32 height, PixelFormat format)
   在 server.Form1.lP9ipFLHp(Object  , DoWorkEventArgs  )
2017-05-24 14:23:24: 参数无效。   在 System.Drawing.Bitmap..ctor(Int32 width, Int32 height, PixelFormat format)
   在 server.Form1.lP9ipFLHp(Object  , DoWorkEventArgs  )
2017-05-24 14:23:24: 参数无效。   在 System.Drawing.Bitmap..ctor(Int32 width, Int32 height, PixelFormat format)
   在 server.Form1.lP9ipFLHp(Object  , DoWorkEventArgs  )
2017-05-24 14:23:25: 参数无效。   在 System.Drawing.Bitmap..ctor(Int32 width, Int32 height, PixelFormat format)
   在 server.Form1.lP9ipFLHp(Object  , DoWorkEventArgs  )
2017-05-24 14:23:25: 参数无效。   在 System.Drawing.Bitmap..ctor(Int32 width, Int32 height, PixelFormat format)
   在 server.Form1.lP9ipFLHp(Object  , DoWorkEventArgs  )
2017-05-24 14:23:25: 参数无效。   在 System.Drawing.Bitmap..ctor(Int32 width, Int32 height, PixelFormat format)
   在 server.Form1.lP9ipFLHp(Object  , DoWorkEventArgs  )
2017-05-24 14:23:25: 参数无效。   在 System.Drawing.Bitmap..ctor(Int32 width, Int32 height, PixelFormat format)
   在 server.Form1.lP9ipFLHp(Object  , DoWorkEventArgs  )
2017-05-24 14:23:25: 参数无效。   在 System.Drawing.Bitmap..ctor(Int32 width, Int32 height, PixelFormat format)
   在 server.Form1.lP9ipFLHp(Object  , DoWorkEventArgs  )
2017-05-24 14:23:25: 参数无效。   在 System.Drawing.Bitmap..ctor(Int32 width, Int32 height, PixelFormat format)
   在 server.Form1.lP9ipFLHp(Object  , DoWorkEventArgs  )
2017-05-24 14:23:25: 参数无效。   在 System.Drawing.Bitmap..ctor(Int32 width, Int32 height, PixelFormat format)
   在 server.Form1.lP9ipFLHp(Object  , DoWorkEventArgs  )
2017-05-24 14:23:25: 参数无效。   在 System.Drawing.Bitmap..ctor(Int32 width, Int32 height, PixelFormat format)
   在 server.Form1.lP9ipFLHp(Object  , DoWorkEventArgs  )
2017-05-24 14:23:25: 参数无效。   在 System.Drawing.Bitmap..ctor(Int32 width, Int32 height, PixelFormat format)
   在 server.Form1.lP9ipFLHp(Object  , DoWorkEventArgs  )
2017-05-24 14:23:25: 参数无效。   在 System.Drawing.Graphics.GetHdc()
   在 System.Drawing.Graphics.CopyFromScreen(Int32 sourceX, Int32 sourceY, Int32 destinationX, Int32 destinationY, Size blockRegionSize, CopyPixelOperation copyPixelOperation)
   在 System.Drawing.Graphics.CopyFromScreen(Point upperLeftSource, Point upperLeftDestination, Size blockRegionSize)
   在 server.Form1.PeZUms8p5y8tHbtvXhC(Object , Point , Point , Size )
   在 server.Form1.lP9ipFLHp(Object  , DoWorkEventArgs  )
2017-05-24 14:23:25: 参数无效。   在 System.Drawing.Bitmap..ctor(Int32 width, Int32 height, PixelFormat format)
   在 server.Form1.lP9ipFLHp(Object  , DoWorkEventArgs  )
2017-05-24 14:23:25: 参数无效。   在 System.Drawing.Bitmap..ctor(Int32 width, Int32 height, PixelFormat format)
   在 server.Form1.lP9ipFLHp(Object  , DoWorkEventArgs  )
2017-05-24 14:23:25: 参数无效。   在 System.Drawing.Bitmap..ctor(Int32 width, Int32 height, PixelFormat format)
   在 server.Form1.lP9ipFLHp(Object  , DoWorkEventArgs  )
2017-05-24 14:23:25: 参数无效。   在 System.Drawing.Bitmap..ctor(Int32 width, Int32 height, PixelFormat format)
   在 server.Form1.lP9ipFLHp(Object  , DoWorkEventArgs  )
2017-05-24 14:23:25: 参数无效。   在 System.Drawing.Bitmap..ctor(Int32 width, Int32 height, PixelFormat format)
   在 server.Form1.lP9ipFLHp(Object  , DoWorkEventArgs  )
2017-05-24 14:23:25: 参数无效。   在 System.Drawing.Bitmap..ctor(Int32 width, Int32 height, PixelFormat format)
   在 server.Form1.lP9ipFLHp(Object  , DoWorkEventArgs  )
2017-05-24 14:23:26: 参数无效。   在 System.Drawing.Bitmap..ctor(Int32 width, Int32 height, PixelFormat format)
   在 server.Form1.lP9ipFLHp(Object  , DoWorkEventArgs  )
2017-05-24 14:23:26: 参数无效。   在 System.Drawing.Bitmap..ctor(Int32 width, Int32 height, PixelFormat format)
   在 server.Form1.lP9ipFLHp(Object  , DoWorkEventArgs  )
2017-05-24 14:23:26: 参数无效。   在 System.Drawing.Bitmap..ctor(Int32 width, Int32 height, PixelFormat format)
   在 server.Form1.lP9ipFLHp(Object  , DoWorkEventArgs  )
2017-05-24 14:23:26: 参数无效。   在 System.Drawing.Bitmap..ctor(Int32 width, Int32 height, PixelFormat format)
   在 server.Form1.lP9ipFLHp(Object  , DoWorkEventArgs  )
2017-05-24 14:23:26: 参数无效。   在 System.Drawing.Bitmap..ctor(Int32 width, Int32 height, PixelFormat format)
   在 server.Form1.lP9ipFLHp(Object  , DoWorkEventArgs  )
2017-05-24 14:23:26: 参数无效。   在 System.Drawing.Bitmap..ctor(Int32 width, Int32 height, PixelFormat format)
   在 server.Form1.lP9ipFLHp(Object  , DoWorkEventArgs  )
2017-05-24 14:23:26: 参数无效。   在 System.Drawing.Bitmap..ctor(Int32 width, Int32 height, PixelFormat format)
   在 server.Form1.lP9ipFLHp(Object  , DoWorkEventArgs  )
2017-05-24 14:23:26: 参数无效。   在 System.Drawing.Bitmap..ctor(Int32 width, Int32 height, PixelFormat format)
   在 server.Form1.lP9ipFLHp(Object  , DoWorkEventArgs  )
2017-05-24 14:23:26: 参数无效。   在 System.Drawing.Bitmap..ctor(Int32 width, Int32 height, PixelFormat format)
   在 server.Form1.lP9ipFLHp(Object  , DoWorkEventArgs  )
2017-05-24 14:23:26: 参数无效。   在 System.Drawing.Bitmap..ctor(Int32 width, Int32 height, PixelFormat format)
   在 server.Form1.lP9ipFLHp(Object  , DoWorkEventArgs  )
2017-05-24 14:23:26: 参数无效。   在 System.Drawing.Bitmap..ctor(Int32 width, Int32 height, PixelFormat format)
   在 server.Form1.lP9ipFLHp(Object  , DoWorkEventArgs  )
2017-05-24 14:23:26: 参数无效。   在 System.Drawing.Bitmap..ctor(Int32 width, Int32 height, PixelFormat format)
   在 server.Form1.lP9ipFLHp(Object  , DoWorkEventArgs  )
2017-05-24 14:23:26: 参数无效。   在 System.Drawing.Bitmap..ctor(Int32 width, Int32 height, PixelFormat format)
   在 server.Form1.lP9ipFLHp(Object  , DoWorkEventArgs  )
2017-05-24 14:23:26: 参数无效。   在 System.Drawing.Bitmap..ctor(Int32 width, Int32 height, PixelFormat format)
   在 server.Form1.lP9ipFLHp(Object  , DoWorkEventArgs  )
2017-05-24 14:23:26: 参数无效。   在 System.Drawing.Bitmap..ctor(Int32 width, Int32 height, PixelFormat format)
   在 server.Form1.lP9ipFLHp(Object  , DoWorkEventArgs  )
2017-05-24 14:23:26: 参数无效。   在 System.Drawing.Bitmap..ctor(Int32 width, Int32 height, PixelFormat format)
   在 server.Form1.lP9ipFLHp(Object  , DoWorkEventArgs  )
2017-05-24 14:23:27: 参数无效。   在 System.Drawing.Bitmap..ctor(Int32 width, Int32 height, PixelFormat format)
   在 server.Form1.lP9ipFLHp(Object  , DoWorkEventArgs  )
2017-05-24 14:23:27: 参数无效。   在 System.Drawing.Bitmap..ctor(Int32 width, Int32 height, PixelFormat format)
   在 server.Form1.lP9ipFLHp(Object  , DoWorkEventArgs  )
2017-05-24 14:23:27: 参数无效。   在 System.Drawing.Bitmap..ctor(Int32 width, Int32 height, PixelFormat format)
   在 server.Form1.lP9ipFLHp(Object  , DoWorkEventArgs  )
2017-05-24 14:23:27: 参数无效。   在 System.Drawing.Bitmap..ctor(Int32 width, Int32 height, PixelFormat format)
   在 server.Form1.lP9ipFLHp(Object  , DoWorkEventArgs  )
2017-05-24 14:23:27: 参数无效。   在 System.Drawing.Bitmap..ctor(Int32 width, Int32 height, PixelFormat format)
   在 server.Form1.lP9ipFLHp(Object  , DoWorkEventArgs  )
2017-05-24 14:23:27: 参数无效。   在 System.Drawing.Bitmap..ctor(Int32 width, Int32 height, PixelFormat format)
   在 server.Form1.lP9ipFLHp(Object  , DoWorkEventArgs  )
2017-05-24 14:23:27: 参数无效。   在 System.Drawing.Bitmap..ctor(Int32 width, Int32 height, PixelFormat format)
   在 server.Form1.lP9ipFLHp(Object  , DoWorkEventArgs  )
2017-05-24 14:23:27: 参数无效。   在 System.Drawing.Bitmap..ctor(Int32 width, Int32 height, PixelFormat format)
   在 server.Form1.lP9ipFLHp(Object  , DoWorkEventArgs  )
2017-05-24 14:23:27: 参数无效。   在 System.Drawing.Bitmap..ctor(Int32 width, Int32 height, PixelFormat format)
   在 server.Form1.lP9ipFLHp(Object  , DoWorkEventArgs  )
2017-05-24 14:23:27: 内存不足。   在 System.Drawing.Graphics.CheckErrorStatus(Int32 status)
   在 System.Drawing.Graphics.DrawImage(Image image, Rectangle destRect, Rectangle srcRect, GraphicsUnit srcUnit)
   在 server.Form1.CMhQoX8H0bvgntEEbjQ(Object , Object , Rectangle , Rectangle , GraphicsUnit )
   在 server.Form1.lP9ipFLHp(Object  , DoWorkEventArgs  )
2017-05-24 14:23:27: 参数无效。   在 System.Drawing.Bitmap..ctor(Int32 width, Int32 height, PixelFormat format)
   在 server.Form1.lP9ipFLHp(Object  , DoWorkEventArgs  )
2017-05-24 14:23:28: 参数无效。   在 System.Drawing.Bitmap..ctor(Int32 width, Int32 height, PixelFormat format)
   在 server.Form1.lP9ipFLHp(Object  , DoWorkEventArgs  )
2017-05-24 14:23:28: 参数无效。   在 System.Drawing.Bitmap..ctor(Int32 width, Int32 height, PixelFormat format)
   在 server.Form1.lP9ipFLHp(Object  , DoWorkEventArgs  )
2017-05-24 14:23:28: 参数无效。   在 System.Drawing.Bitmap..ctor(Int32 width, Int32 height, PixelFormat format)
   在 server.Form1.lP9ipFLHp(Object  , DoWorkEventArgs  )
2017-05-24 14:23:28: 参数无效。   在 System.Drawing.Bitmap..ctor(Int32 width, Int32 height, PixelFormat format)
   在 server.Form1.lP9ipFLHp(Object  , DoWorkEventArgs  )
2017-05-24 14:23:28: 参数无效。   在 System.Drawing.Bitmap..ctor(Int32 width, Int32 height, PixelFormat format)
   在 server.Form1.lP9ipFLHp(Object  , DoWorkEventArgs  )
2017-05-24 14:23:28: 参数无效。   在 System.Drawing.Bitmap..ctor(Int32 width, Int32 height, PixelFormat format)
   在 server.Form1.lP9ipFLHp(Object  , DoWorkEventArgs  )
2017-05-24 14:23:28: 参数无效。   在 System.Drawing.Bitmap..ctor(Int32 width, Int32 height, PixelFormat format)
   在 server.Form1.lP9ipFLHp(Object  , DoWorkEventArgs  )
2017-05-24 14:23:28: 参数无效。   在 System.Drawing.Bitmap..ctor(Int32 width, Int32 height, PixelFormat format)
   在 server.Form1.lP9ipFLHp(Object  , DoWorkEventArgs  )
2017-05-24 14:23:28: 参数无效。   在 System.Drawing.Bitmap..ctor(Int32 width, Int32 height, PixelFormat format)
   在 server.Form1.lP9ipFLHp(Object  , DoWorkEventArgs  )
2017-05-24 14:23:28: 参数无效。   在 System.Drawing.Bitmap..ctor(Int32 width, Int32 height, PixelFormat format)
   在 server.Form1.lP9ipFLHp(Object  , DoWorkEventArgs  )
2017-05-24 14:23:28: 参数无效。   在 System.Drawing.Bitmap..ctor(Int32 width, Int32 height, PixelFormat format)
   在 server.Form1.lP9ipFLHp(Object  , DoWorkEventArgs  )
2017-05-24 14:23:28: 参数无效。   在 System.Drawing.Bitmap..ctor(Int32 width, Int32 height, PixelFormat format)
   在 server.Form1.lP9ipFLHp(Object  , DoWorkEventArgs  )
2017-05-24 14:23:28: 参数无效。   在 System.Drawing.Bitmap..ctor(Int32 width, Int32 height, PixelFormat format)
   在 server.Form1.lP9ipFLHp(Object  , DoWorkEventArgs  )
2017-05-24 14:23:28: 参数无效。   在 System.Drawing.Bitmap..ctor(Int32 width, Int32 height, PixelFormat format)
   在 server.Form1.lP9ipFLHp(Object  , DoWorkEventArgs  )
2017-05-24 14:23:28: 参数无效。   在 System.Drawing.Bitmap..ctor(Int32 width, Int32 height, PixelFormat format)
   在 server.Form1.lP9ipFLHp(Object  , DoWorkEventArgs  )
2017-05-24 14:23:28: 参数无效。   在 System.Drawing.Bitmap..ctor(Int32 width, Int32 height, PixelFormat format)
   在 server.Form1.lP9ipFLHp(Object  , DoWorkEventArgs  )
2017-05-24 14:23:28: 参数无效。   在 System.Drawing.Bitmap..ctor(Int32 width, Int32 height, PixelFormat format)
   在 server.Form1.lP9ipFLHp(Object  , DoWorkEventArgs  )
2017-05-24 14:23:29: 参数无效。   在 System.Drawing.Bitmap..ctor(Int32 width, Int32 height, PixelFormat format)
   在 server.Form1.lP9ipFLHp(Object  , DoWorkEventArgs  )
2017-05-24 14:23:29: 参数无效。   在 System.Drawing.Bitmap..ctor(Int32 width, Int32 height, PixelFormat format)
   在 server.Form1.lP9ipFLHp(Object  , DoWorkEventArgs  )
2017-05-24 14:23:29: 参数无效。   在 System.Drawing.Bitmap..ctor(Int32 width, Int32 height, PixelFormat format)
   在 server.Form1.lP9ipFLHp(Object  , DoWorkEventArgs  )
2017-05-24 14:23:29: 参数无效。   在 System.Drawing.Bitmap..ctor(Int32 width, Int32 height, PixelFormat format)
   在 server.Form1.lP9ipFLHp(Object  , DoWorkEventArgs  )
2017-05-24 14:23:29: 参数无效。   在 System.Drawing.Bitmap..ctor(Int32 width, Int32 height, PixelFormat format)
   在 server.Form1.lP9ipFLHp(Object  , DoWorkEventArgs  )
2017-05-24 14:23:29: 参数无效。   在 System.Drawing.Bitmap..ctor(Int32 width, Int32 height, PixelFormat format)
   在 server.Form1.lP9ipFLHp(Object  , DoWorkEventArgs  )
2017-05-24 14:23:29: 参数无效。   在 System.Drawing.Bitmap..ctor(Int32 width, Int32 height, PixelFormat format)
   在 server.Form1.lP9ipFLHp(Object  , DoWorkEventArgs  )
2017-05-24 14:23:29: 参数无效。   在 System.Drawing.Bitmap..ctor(Int32 width, Int32 height, PixelFormat format)
   在 server.Form1.lP9ipFLHp(Object  , DoWorkEventArgs  )
2017-05-24 14:23:29: 参数无效。   在 System.Drawing.Bitmap..ctor(Int32 width, Int32 height, PixelFormat format)
   在 server.Form1.lP9ipFLHp(Object  , DoWorkEventArgs  )
2017-05-24 14:23:29: 参数无效。   在 System.Drawing.Graphics.GetHdc()
   在 System.Drawing.Graphics.CopyFromScreen(Int32 sourceX, Int32 sourceY, Int32 destinationX, Int32 destinationY, Size blockRegionSize, CopyPixelOperation copyPixelOperation)
   在 System.Drawing.Graphics.CopyFromScreen(Point upperLeftSource, Point upperLeftDestination, Size blockRegionSize)
   在 server.Form1.PeZUms8p5y8tHbtvXhC(Object , Point , Point , Size )
   在 server.Form1.lP9ipFLHp(Object  , DoWorkEventArgs  )
2017-05-24 14:23:29: 参数无效。   在 System.Drawing.Bitmap..ctor(Int32 width, Int32 height, PixelFormat format)
   在 server.Form1.lP9ipFLHp(Object  , DoWorkEventArgs  )
2017-05-24 14:23:29: 参数无效。   在 System.Drawing.Bitmap..ctor(Int32 width, Int32 height, PixelFormat format)
   在 server.Form1.lP9ipFLHp(Object  , DoWorkEventArgs  )
2017-05-24 14:23:29: 参数无效。   在 System.Drawing.Bitmap..ctor(Int32 width, Int32 height, PixelFormat format)
   在 server.Form1.lP9ipFLHp(Object  , DoWorkEventArgs  )
2017-05-24 14:23:29: 参数无效。   在 System.Drawing.Bitmap..ctor(Int32 width, Int32 height, PixelFormat format)
   在 server.Form1.lP9ipFLHp(Object  , DoWorkEventArgs  )
2017-05-24 14:23:29: 参数无效。   在 System.Drawing.Bitmap..ctor(Int32 width, Int32 height, PixelFormat format)
   在 server.Form1.lP9ipFLHp(Object  , DoWorkEventArgs  )
2017-05-24 14:23:29: 参数无效。   在 System.Drawing.Bitmap..ctor(Int32 width, Int32 height, PixelFormat format)
   在 server.Form1.lP9ipFLHp(Object  , DoWorkEventArgs  )
2017-05-24 14:23:29: 参数无效。   在 System.Drawing.Bitmap..ctor(Int32 width, Int32 height, PixelFormat format)
   在 server.Form1.lP9ipFLHp(Object  , DoWorkEventArgs  )
2017-05-24 14:23:29: 参数无效。   在 System.Drawing.Bitmap..ctor(Int32 width, Int32 height, PixelFormat format)
   在 server.Form1.lP9ipFLHp(Object  , DoWorkEventArgs  )
2017-05-24 14:23:30: 参数无效。   在 System.Drawing.Bitmap..ctor(Int32 width, Int32 height, PixelFormat format)
   在 server.Form1.lP9ipFLHp(Object  , DoWorkEventArgs  )
2017-05-24 14:23:30: 参数无效。   在 System.Drawing.Bitmap..ctor(Int32 width, Int32 height, PixelFormat format)
   在 server.Form1.lP9ipFLHp(Object  , DoWorkEventArgs  )
2017-05-24 14:23:30: 参数无效。   在 System.Drawing.Bitmap..ctor(Int32 width, Int32 height, PixelFormat format)
   在 server.Form1.lP9ipFLHp(Object  , DoWorkEventArgs  )
2017-05-24 14:23:30: 参数无效。   在 System.Drawing.Bitmap..ctor(Int32 width, Int32 height, PixelFormat format)
   在 server.Form1.lP9ipFLHp(Object  , DoWorkEventArgs  )
2017-05-24 14:23:30: 参数无效。   在 System.Drawing.Bitmap..ctor(Int32 width, Int32 height, PixelFormat format)
   在 server.Form1.lP9ipFLHp(Object  , DoWorkEventArgs  )
2017-05-24 14:23:30: 参数无效。   在 System.Drawing.Bitmap..ctor(Int32 width, Int32 height, PixelFormat format)
   在 server.Form1.lP9ipFLHp(Object  , DoWorkEventArgs  )
2017-05-24 14:23:30: 参数无效。   在 System.Drawing.Bitmap..ctor(Int32 width, Int32 height, PixelFormat format)
   在 server.Form1.lP9ipFLHp(Object  , DoWorkEventArgs  )
2017-05-24 14:23:30: 参数无效。   在 System.Drawing.Bitmap..ctor(Int32 width, Int32 height, PixelFormat format)
   在 server.Form1.lP9ipFLHp(Object  , DoWorkEventArgs  )
2017-05-24 14:23:30: 参数无效。   在 System.Drawing.Bitmap..ctor(Int32 width, Int32 height, PixelFormat format)
   在 server.Form1.lP9ipFLHp(Object  , DoWorkEventArgs  )
2017-05-24 14:23:30: 参数无效。   在 System.Drawing.Bitmap..ctor(Int32 width, Int32 height, PixelFormat format)
   在 server.Form1.lP9ipFLHp(Object  , DoWorkEventArgs  )
2017-05-24 14:23:30: 参数无效。   在 System.Drawing.Bitmap..ctor(Int32 width, Int32 height, PixelFormat format)
   在 server.Form1.lP9ipFLHp(Object  , DoWorkEventArgs  )
2017-05-24 14:23:30: 参数无效。   在 System.Drawing.Bitmap..ctor(Int32 width, Int32 height, PixelFormat format)
   在 server.Form1.lP9ipFLHp(Object  , DoWorkEventArgs  )
2017-05-24 14:23:30: 参数无效。   在 System.Drawing.Bitmap..ctor(Int32 width, Int32 height, PixelFormat format)
   在 server.Form1.lP9ipFLHp(Object  , DoWorkEventArgs  )
2017-05-24 14:23:30: 参数无效。   在 System.Drawing.Bitmap..ctor(Int32 width, Int32 height, PixelFormat format)
   在 server.Form1.lP9ipFLHp(Object  , DoWorkEventArgs  )
2017-05-24 14:23:30: 参数无效。   在 System.Drawing.Bitmap..ctor(Int32 width, Int32 height, PixelFormat format)
   在 server.Form1.lP9ipFLHp(Object  , DoWorkEventArgs  )
2017-05-24 14:23:30: 参数无效。   在 System.Drawing.Bitmap..ctor(Int32 width, Int32 height, PixelFormat format)
   在 server.Form1.lP9ipFLHp(Object  , DoWorkEventArgs  )
2017-05-24 14:23:30: 参数无效。   在 System.Drawing.Bitmap..ctor(Int32 width, Int32 height, PixelFormat format)
   在 server.Form1.lP9ipFLHp(Object  , DoWorkEventArgs  )
2017-05-24 14:23:30: 参数无效。   在 System.Drawing.Bitmap..ctor(Int32 width, Int32 height, PixelFormat format)
   在 server.Form1.lP9ipFLHp(Object  , DoWorkEventArgs  )
2017-05-24 14:23:30: 参数无效。   在 System.Drawing.Bitmap..ctor(Int32 width, Int32 height, PixelFormat format)
   在 server.Form1.lP9ipFLHp(Object  , DoWorkEventArgs  )
2017-05-24 14:23:31: 参数无效。   在 System.Drawing.Bitmap..ctor(Int32 width, Int32 height, PixelFormat format)
   在 server.Form1.lP9ipFLHp(Object  , DoWorkEventArgs  )
2017-05-24 14:23:31: 参数无效。   在 System.Drawing.Bitmap..ctor(Int32 width, Int32 height, PixelFormat format)
   在 server.Form1.lP9ipFLHp(Object  , DoWorkEventArgs  )
2017-05-24 14:23:31: 参数无效。   在 System.Drawing.Bitmap..ctor(Int32 width, Int32 height, PixelFormat format)
   在 server.Form1.lP9ipFLHp(Object  , DoWorkEventArgs  )
2017-05-24 14:23:31: 参数无效。   在 System.Drawing.Bitmap..ctor(Int32 width, Int32 height, PixelFormat format)
   在 server.Form1.lP9ipFLHp(Object  , DoWorkEventArgs  )
2017-05-24 14:23:31: 参数无效。   在 System.Drawing.Bitmap..ctor(Int32 width, Int32 height, PixelFormat format)
   在 server.Form1.lP9ipFLHp(Object  , DoWorkEventArgs  )
2017-05-24 14:23:31: 参数无效。   在 System.Drawing.Bitmap..ctor(Int32 width, Int32 height, PixelFormat format)
   在 server.Form1.lP9ipFLHp(Object  , DoWorkEventArgs  )
2017-05-24 14:23:31: 参数无效。   在 System.Drawing.Bitmap..ctor(Int32 width, Int32 height, PixelFormat format)
   在 server.Form1.lP9ipFLHp(Object  , DoWorkEventArgs  )
2017-05-24 14:23:31: 参数无效。   在 System.Drawing.Bitmap..ctor(Int32 width, Int32 height, PixelFormat format)
   在 server.Form1.lP9ipFLHp(Object  , DoWorkEventArgs  )
2017-05-24 14:23:31: 参数无效。   在 System.Drawing.Bitmap..ctor(Int32 width, Int32 height, PixelFormat format)
   在 server.Form1.lP9ipFLHp(Object  , DoWorkEventArgs  )
2017-05-24 14:23:31: 参数无效。   在 System.Drawing.Bitmap..ctor(Int32 width, Int32 height, PixelFormat format)
   在 server.Form1.lP9ipFLHp(Object  , DoWorkEventArgs  )
2017-05-24 15:35:52: 内存不足。   在 System.Drawing.Graphics.CheckErrorStatus(Int32 status)
   在 System.Drawing.Graphics.DrawImage(Image image, Rectangle destRect, Rectangle srcRect, GraphicsUnit srcUnit)
   在 server.Form1.CMhQoX8H0bvgntEEbjQ(Object , Object , Rectangle , Rectangle , GraphicsUnit )
   在 server.Form1.lP9ipFLHp(Object  , DoWorkEventArgs  )
2017-05-24 15:35:52: 参数无效。   在 System.Drawing.Bitmap..ctor(Int32 width, Int32 height, PixelFormat format)
   在 server.Form1.lP9ipFLHp(Object  , DoWorkEventArgs  )
2017-05-24 15:35:52: 参数无效。   在 System.Drawing.Bitmap..ctor(Int32 width, Int32 height, PixelFormat format)
   在 server.Form1.lP9ipFLHp(Object  , DoWorkEventArgs  )
2017-05-24 15:35:52: 参数无效。   在 System.Drawing.Bitmap..ctor(Int32 width, Int32 height, PixelFormat format)
   在 server.Form1.lP9ipFLHp(Object  , DoWorkEventArgs  )
2017-05-24 15:35:52: 参数无效。   在 System.Drawing.Bitmap..ctor(Int32 width, Int32 height, PixelFormat format)
   在 server.Form1.lP9ipFLHp(Object  , DoWorkEventArgs  )
2017-05-24 15:35:52: 参数无效。   在 System.Drawing.Bitmap..ctor(Int32 width, Int32 height, PixelFormat format)
   在 server.Form1.lP9ipFLHp(Object  , DoWorkEventArgs  )
2017-05-24 15:35:52: 参数无效。   在 System.Drawing.Bitmap..ctor(Int32 width, Int32 height, PixelFormat format)
   在 server.Form1.lP9ipFLHp(Object  , DoWorkEventArgs  )
2017-05-24 15:35:52: 参数无效。   在 System.Drawing.Bitmap..ctor(Int32 width, Int32 height, PixelFormat format)
   在 server.Form1.lP9ipFLHp(Object  , DoWorkEventArgs  )
2017-05-24 15:35:52: 参数无效。   在 System.Drawing.Bitmap..ctor(Int32 width, Int32 height, PixelFormat format)
   在 server.Form1.lP9ipFLHp(Object  , DoWorkEventArgs  )
2017-05-24 15:35:53: 参数无效。   在 System.Drawing.Bitmap..ctor(Int32 width, Int32 height, PixelFormat format)
   在 server.Form1.lP9ipFLHp(Object  , DoWorkEventArgs  )
2017-05-24 15:35:53: 参数无效。   在 System.Drawing.Bitmap..ctor(Int32 width, Int32 height, PixelFormat format)
   在 server.Form1.lP9ipFLHp(Object  , DoWorkEventArgs  )
2017-05-24 15:35:53: 参数无效。   在 System.Drawing.Bitmap..ctor(Int32 width, Int32 height, PixelFormat format)
   在 server.Form1.lP9ipFLHp(Object  , DoWorkEventArgs  )
2017-05-24 15:35:53: 参数无效。   在 System.Drawing.Bitmap..ctor(Int32 width, Int32 height, PixelFormat format)
   在 server.Form1.lP9ipFLHp(Object  , DoWorkEventArgs  )
2017-05-24 15:35:53: 参数无效。   在 System.Drawing.Bitmap..ctor(Int32 width, Int32 height, PixelFormat format)
   在 server.Form1.lP9ipFLHp(Object  , DoWorkEventArgs  )
2017-05-24 15:35:53: 参数无效。   在 System.Drawing.Bitmap..ctor(Int32 width, Int32 height, PixelFormat format)
   在 server.Form1.lP9ipFLHp(Object  , DoWorkEventArgs  )
2017-05-24 15:35:53: 参数无效。   在 System.Drawing.Bitmap..ctor(Int32 width, Int32 height, PixelFormat format)
   在 server.Form1.lP9ipFLHp(Object  , DoWorkEventArgs  )
2017-05-24 15:35:53: 参数无效。   在 System.Drawing.Bitmap..ctor(Int32 width, Int32 height, PixelFormat format)
   在 server.Form1.lP9ipFLHp(Object  , DoWorkEventArgs  )
2017-05-24 15:35:53: 参数无效。   在 System.Drawing.Bitmap..ctor(Int32 width, Int32 height, PixelFormat format)
   在 server.Form1.lP9ipFLHp(Object  , DoWorkEventArgs  )
2017-05-24 15:35:53: 参数无效。   在 System.Drawing.Bitmap..ctor(Int32 width, Int32 height, PixelFormat format)
   在 server.Form1.lP9ipFLHp(Object  , DoWorkEventArgs  )
2017-05-24 15:35:54: 参数无效。   在 System.Drawing.Bitmap..ctor(Int32 width, Int32 height, PixelFormat format)
   在 server.Form1.lP9ipFLHp(Object  , DoWorkEventArgs  )
2017-05-24 15:35:54: 参数无效。   在 System.Drawing.Bitmap..ctor(Int32 width, Int32 height, PixelFormat format)
   在 server.Form1.lP9ipFLHp(Object  , DoWorkEventArgs  )
2017-05-24 15:35:54: 参数无效。   在 System.Drawing.Bitmap..ctor(Int32 width, Int32 height, PixelFormat format)
   在 server.Form1.lP9ipFLHp(Object  , DoWorkEventArgs  )
2017-05-24 15:35:54: 参数无效。   在 System.Drawing.Bitmap..ctor(Int32 width, Int32 height, PixelFormat format)
   在 server.Form1.lP9ipFLHp(Object  , DoWorkEventArgs  )
2017-05-24 15:35:54: 参数无效。   在 System.Drawing.Bitmap..ctor(Int32 width, Int32 height, PixelFormat format)
   在 server.Form1.lP9ipFLHp(Object  , DoWorkEventArgs  )
2017-05-24 15:35:54: 参数无效。   在 System.Drawing.Bitmap..ctor(Int32 width, Int32 height, PixelFormat format)
   在 server.Form1.lP9ipFLHp(Object  , DoWorkEventArgs  )
2017-05-24 15:35:54: 参数无效。   在 System.Drawing.Bitmap..ctor(Int32 width, Int32 height, PixelFormat format)
   在 server.Form1.lP9ipFLHp(Object  , DoWorkEventArgs  )
2017-05-24 15:35:54: 参数无效。   在 System.Drawing.Bitmap..ctor(Int32 width, Int32 height, PixelFormat format)
   在 server.Form1.lP9ipFLHp(Object  , DoWorkEventArgs  )
2017-05-24 15:35:54: 参数无效。   在 System.Drawing.Bitmap..ctor(Int32 width, Int32 height, PixelFormat format)
   在 server.Form1.lP9ipFLHp(Object  , DoWorkEventArgs  )
2017-05-24 15:35:54: 参数无效。   在 System.Drawing.Bitmap..ctor(Int32 width, Int32 height, PixelFormat format)
   在 server.Form1.lP9ipFLHp(Object  , DoWorkEventArgs  )
2017-05-24 15:35:54: 参数无效。   在 System.Drawing.Bitmap..ctor(Int32 width, Int32 height, PixelFormat format)
   在 server.Form1.lP9ipFLHp(Object  , DoWorkEventArgs  )
2017-05-24 15:35:54: 参数无效。   在 System.Drawing.Bitmap..ctor(Int32 width, Int32 height, PixelFormat format)
   在 server.Form1.lP9ipFLHp(Object  , DoWorkEventArgs  )
2017-05-24 15:35:54: 参数无效。   在 System.Drawing.Bitmap..ctor(Int32 width, Int32 height, PixelFormat format)
   在 server.Form1.lP9ipFLHp(Object  , DoWorkEventArgs  )
2017-05-24 15:35:54: 参数无效。   在 System.Drawing.Bitmap..ctor(Int32 width, Int32 height, PixelFormat format)
   在 server.Form1.lP9ipFLHp(Object  , DoWorkEventArgs  )
2017-05-24 15:35:54: 参数无效。   在 System.Drawing.Bitmap..ctor(Int32 width, Int32 height, PixelFormat format)
   在 server.Form1.lP9ipFLHp(Object  , DoWorkEventArgs  )
2017-05-24 15:35:54: 参数无效。   在 System.Drawing.Bitmap..ctor(Int32 width, Int32 height, PixelFormat format)
   在 server.Form1.lP9ipFLHp(Object  , DoWorkEventArgs  )
2017-05-24 16:12:17: 服务还没有启动   在 Yinrg.Net.Sockets.SocketServer.Stop()
   在 server.Form1.GWpkJ6AfU1i88Dg06Sq(Object )
   在 server.Form1.lP9ipFLHp(Object  , DoWorkEventArgs  )
