2017-05-15 10:51:41: 句柄无效。   在 System.Drawing.Graphics.CopyFromScreen(Int32 sourceX, Int32 sourceY, Int32 destinationX, Int32 destinationY, Size blockRegionSize, CopyPixelOperation copyPixelOperation)
   在 System.Drawing.Graphics.CopyFromScreen(Point upperLeftSource, Point upperLeftDestination, Size blockRegionSize)
   在 server.Form1.PeZUms8p5y8tHbtvXhC(Object , Point , Point , Size )
   在 server.Form1.lP9ipFLHp(Object  , DoWorkEventArgs  )
2017-05-15 10:51:41: 句柄无效。   在 System.Drawing.Graphics.CopyFromScreen(Int32 sourceX, Int32 sourceY, Int32 destinationX, Int32 destinationY, Size blockRegionSize, CopyPixelOperation copyPixelOperation)
   在 System.Drawing.Graphics.CopyFromScreen(Point upperLeftSource, Point upperLeftDestination, Size blockRegionSize)
   在 server.Form1.PeZUms8p5y8tHbtvXhC(Object , Point , Point , Size )
   在 server.Form1.lP9ipFLHp(Object  , DoWorkEventArgs  )
2017-05-15 10:51:41: 句柄无效。   在 System.Drawing.Graphics.CopyFromScreen(Int32 sourceX, Int32 sourceY, Int32 destinationX, Int32 destinationY, Size blockRegionSize, CopyPixelOperation copyPixelOperation)
   在 System.Drawing.Graphics.CopyFromScreen(Point upperLeftSource, Point upperLeftDestination, Size blockRegionSize)
   在 server.Form1.PeZUms8p5y8tHbtvXhC(Object , Point , Point , Size )
   在 server.Form1.lP9ipFLHp(Object  , DoWorkEventArgs  )
2017-05-15 10:51:41: 句柄无效。   在 System.Drawing.Graphics.CopyFromScreen(Int32 sourceX, Int32 sourceY, Int32 destinationX, Int32 destinationY, Size blockRegionSize, CopyPixelOperation copyPixelOperation)
   在 System.Drawing.Graphics.CopyFromScreen(Point upperLeftSource, Point upperLeftDestination, Size blockRegionSize)
   在 server.Form1.PeZUms8p5y8tHbtvXhC(Object , Point , Point , Size )
   在 server.Form1.lP9ipFLHp(Object  , DoWorkEventArgs  )
2017-05-15 10:51:41: 句柄无效。   在 System.Drawing.Graphics.CopyFromScreen(Int32 sourceX, Int32 sourceY, Int32 destinationX, Int32 destinationY, Size blockRegionSize, CopyPixelOperation copyPixelOperation)
   在 System.Drawing.Graphics.CopyFromScreen(Point upperLeftSource, Point upperLeftDestination, Size blockRegionSize)
   在 server.Form1.PeZUms8p5y8tHbtvXhC(Object , Point , Point , Size )
   在 server.Form1.lP9ipFLHp(Object  , DoWorkEventArgs  )
2017-05-15 10:51:41: 句柄无效。   在 System.Drawing.Graphics.CopyFromScreen(Int32 sourceX, Int32 sourceY, Int32 destinationX, Int32 destinationY, Size blockRegionSize, CopyPixelOperation copyPixelOperation)
   在 System.Drawing.Graphics.CopyFromScreen(Point upperLeftSource, Point upperLeftDestination, Size blockRegionSize)
   在 server.Form1.PeZUms8p5y8tHbtvXhC(Object , Point , Point , Size )
   在 server.Form1.lP9ipFLHp(Object  , DoWorkEventArgs  )
2017-05-15 10:51:41: 句柄无效。   在 System.Drawing.Graphics.CopyFromScreen(Int32 sourceX, Int32 sourceY, Int32 destinationX, Int32 destinationY, Size blockRegionSize, CopyPixelOperation copyPixelOperation)
   在 System.Drawing.Graphics.CopyFromScreen(Point upperLeftSource, Point upperLeftDestination, Size blockRegionSize)
   在 server.Form1.PeZUms8p5y8tHbtvXhC(Object , Point , Point , Size )
   在 server.Form1.lP9ipFLHp(Object  , DoWorkEventArgs  )
2017-05-15 10:51:41: 句柄无效。   在 System.Drawing.Graphics.CopyFromScreen(Int32 sourceX, Int32 sourceY, Int32 destinationX, Int32 destinationY, Size blockRegionSize, CopyPixelOperation copyPixelOperation)
   在 System.Drawing.Graphics.CopyFromScreen(Point upperLeftSource, Point upperLeftDestination, Size blockRegionSize)
   在 server.Form1.PeZUms8p5y8tHbtvXhC(Object , Point , Point , Size )
   在 server.Form1.lP9ipFLHp(Object  , DoWorkEventArgs  )
2017-05-15 10:51:41: 句柄无效。   在 System.Drawing.Graphics.CopyFromScreen(Int32 sourceX, Int32 sourceY, Int32 destinationX, Int32 destinationY, Size blockRegionSize, CopyPixelOperation copyPixelOperation)
   在 System.Drawing.Graphics.CopyFromScreen(Point upperLeftSource, Point upperLeftDestination, Size blockRegionSize)
   在 server.Form1.PeZUms8p5y8tHbtvXhC(Object , Point , Point , Size )
   在 server.Form1.lP9ipFLHp(Object  , DoWorkEventArgs  )
2017-05-15 10:51:41: 句柄无效。   在 System.Drawing.Graphics.CopyFromScreen(Int32 sourceX, Int32 sourceY, Int32 destinationX, Int32 destinationY, Size blockRegionSize, CopyPixelOperation copyPixelOperation)
   在 System.Drawing.Graphics.CopyFromScreen(Point upperLeftSource, Point upperLeftDestination, Size blockRegionSize)
   在 server.Form1.PeZUms8p5y8tHbtvXhC(Object , Point , Point , Size )
   在 server.Form1.lP9ipFLHp(Object  , DoWorkEventArgs  )
2017-05-15 10:51:42: 句柄无效。   在 System.Drawing.Graphics.CopyFromScreen(Int32 sourceX, Int32 sourceY, Int32 destinationX, Int32 destinationY, Size blockRegionSize, CopyPixelOperation copyPixelOperation)
   在 System.Drawing.Graphics.CopyFromScreen(Point upperLeftSource, Point upperLeftDestination, Size blockRegionSize)
   在 server.Form1.PeZUms8p5y8tHbtvXhC(Object , Point , Point , Size )
   在 server.Form1.lP9ipFLHp(Object  , DoWorkEventArgs  )
2017-05-15 10:51:42: 句柄无效。   在 System.Drawing.Graphics.CopyFromScreen(Int32 sourceX, Int32 sourceY, Int32 destinationX, Int32 destinationY, Size blockRegionSize, CopyPixelOperation copyPixelOperation)
   在 System.Drawing.Graphics.CopyFromScreen(Point upperLeftSource, Point upperLeftDestination, Size blockRegionSize)
   在 server.Form1.PeZUms8p5y8tHbtvXhC(Object , Point , Point , Size )
   在 server.Form1.lP9ipFLHp(Object  , DoWorkEventArgs  )
2017-05-15 10:51:42: 句柄无效。   在 System.Drawing.Graphics.CopyFromScreen(Int32 sourceX, Int32 sourceY, Int32 destinationX, Int32 destinationY, Size blockRegionSize, CopyPixelOperation copyPixelOperation)
   在 System.Drawing.Graphics.CopyFromScreen(Point upperLeftSource, Point upperLeftDestination, Size blockRegionSize)
   在 server.Form1.PeZUms8p5y8tHbtvXhC(Object , Point , Point , Size )
   在 server.Form1.lP9ipFLHp(Object  , DoWorkEventArgs  )
2017-05-15 10:51:42: 句柄无效。   在 System.Drawing.Graphics.CopyFromScreen(Int32 sourceX, Int32 sourceY, Int32 destinationX, Int32 destinationY, Size blockRegionSize, CopyPixelOperation copyPixelOperation)
   在 System.Drawing.Graphics.CopyFromScreen(Point upperLeftSource, Point upperLeftDestination, Size blockRegionSize)
   在 server.Form1.PeZUms8p5y8tHbtvXhC(Object , Point , Point , Size )
   在 server.Form1.lP9ipFLHp(Object  , DoWorkEventArgs  )
2017-05-15 10:51:42: 句柄无效。   在 System.Drawing.Graphics.CopyFromScreen(Int32 sourceX, Int32 sourceY, Int32 destinationX, Int32 destinationY, Size blockRegionSize, CopyPixelOperation copyPixelOperation)
   在 System.Drawing.Graphics.CopyFromScreen(Point upperLeftSource, Point upperLeftDestination, Size blockRegionSize)
   在 server.Form1.PeZUms8p5y8tHbtvXhC(Object , Point , Point , Size )
   在 server.Form1.lP9ipFLHp(Object  , DoWorkEventArgs  )
2017-05-15 10:51:42: 句柄无效。   在 System.Drawing.Graphics.CopyFromScreen(Int32 sourceX, Int32 sourceY, Int32 destinationX, Int32 destinationY, Size blockRegionSize, CopyPixelOperation copyPixelOperation)
   在 System.Drawing.Graphics.CopyFromScreen(Point upperLeftSource, Point upperLeftDestination, Size blockRegionSize)
   在 server.Form1.PeZUms8p5y8tHbtvXhC(Object , Point , Point , Size )
   在 server.Form1.lP9ipFLHp(Object  , DoWorkEventArgs  )
2017-05-15 10:51:42: 句柄无效。   在 System.Drawing.Graphics.CopyFromScreen(Int32 sourceX, Int32 sourceY, Int32 destinationX, Int32 destinationY, Size blockRegionSize, CopyPixelOperation copyPixelOperation)
   在 System.Drawing.Graphics.CopyFromScreen(Point upperLeftSource, Point upperLeftDestination, Size blockRegionSize)
   在 server.Form1.PeZUms8p5y8tHbtvXhC(Object , Point , Point , Size )
   在 server.Form1.lP9ipFLHp(Object  , DoWorkEventArgs  )
2017-05-15 10:51:42: 句柄无效。   在 System.Drawing.Graphics.CopyFromScreen(Int32 sourceX, Int32 sourceY, Int32 destinationX, Int32 destinationY, Size blockRegionSize, CopyPixelOperation copyPixelOperation)
   在 System.Drawing.Graphics.CopyFromScreen(Point upperLeftSource, Point upperLeftDestination, Size blockRegionSize)
   在 server.Form1.PeZUms8p5y8tHbtvXhC(Object , Point , Point , Size )
   在 server.Form1.lP9ipFLHp(Object  , DoWorkEventArgs  )
2017-05-15 10:51:42: 句柄无效。   在 System.Drawing.Graphics.CopyFromScreen(Int32 sourceX, Int32 sourceY, Int32 destinationX, Int32 destinationY, Size blockRegionSize, CopyPixelOperation copyPixelOperation)
   在 System.Drawing.Graphics.CopyFromScreen(Point upperLeftSource, Point upperLeftDestination, Size blockRegionSize)
   在 server.Form1.PeZUms8p5y8tHbtvXhC(Object , Point , Point , Size )
   在 server.Form1.lP9ipFLHp(Object  , DoWorkEventArgs  )
2017-05-15 10:51:42: 句柄无效。   在 System.Drawing.Graphics.CopyFromScreen(Int32 sourceX, Int32 sourceY, Int32 destinationX, Int32 destinationY, Size blockRegionSize, CopyPixelOperation copyPixelOperation)
   在 System.Drawing.Graphics.CopyFromScreen(Point upperLeftSource, Point upperLeftDestination, Size blockRegionSize)
   在 server.Form1.PeZUms8p5y8tHbtvXhC(Object , Point , Point , Size )
   在 server.Form1.lP9ipFLHp(Object  , DoWorkEventArgs  )
2017-05-15 10:51:42: 句柄无效。   在 System.Drawing.Graphics.CopyFromScreen(Int32 sourceX, Int32 sourceY, Int32 destinationX, Int32 destinationY, Size blockRegionSize, CopyPixelOperation copyPixelOperation)
   在 System.Drawing.Graphics.CopyFromScreen(Point upperLeftSource, Point upperLeftDestination, Size blockRegionSize)
   在 server.Form1.PeZUms8p5y8tHbtvXhC(Object , Point , Point , Size )
   在 server.Form1.lP9ipFLHp(Object  , DoWorkEventArgs  )
2017-05-15 10:51:42: 句柄无效。   在 System.Drawing.Graphics.CopyFromScreen(Int32 sourceX, Int32 sourceY, Int32 destinationX, Int32 destinationY, Size blockRegionSize, CopyPixelOperation copyPixelOperation)
   在 System.Drawing.Graphics.CopyFromScreen(Point upperLeftSource, Point upperLeftDestination, Size blockRegionSize)
   在 server.Form1.PeZUms8p5y8tHbtvXhC(Object , Point , Point , Size )
   在 server.Form1.lP9ipFLHp(Object  , DoWorkEventArgs  )
2017-05-15 10:51:42: 句柄无效。   在 System.Drawing.Graphics.CopyFromScreen(Int32 sourceX, Int32 sourceY, Int32 destinationX, Int32 destinationY, Size blockRegionSize, CopyPixelOperation copyPixelOperation)
   在 System.Drawing.Graphics.CopyFromScreen(Point upperLeftSource, Point upperLeftDestination, Size blockRegionSize)
   在 server.Form1.PeZUms8p5y8tHbtvXhC(Object , Point , Point , Size )
   在 server.Form1.lP9ipFLHp(Object  , DoWorkEventArgs  )
2017-05-15 10:51:42: 句柄无效。   在 System.Drawing.Graphics.CopyFromScreen(Int32 sourceX, Int32 sourceY, Int32 destinationX, Int32 destinationY, Size blockRegionSize, CopyPixelOperation copyPixelOperation)
   在 System.Drawing.Graphics.CopyFromScreen(Point upperLeftSource, Point upperLeftDestination, Size blockRegionSize)
   在 server.Form1.PeZUms8p5y8tHbtvXhC(Object , Point , Point , Size )
   在 server.Form1.lP9ipFLHp(Object  , DoWorkEventArgs  )
2017-05-15 10:51:42: 句柄无效。   在 System.Drawing.Graphics.CopyFromScreen(Int32 sourceX, Int32 sourceY, Int32 destinationX, Int32 destinationY, Size blockRegionSize, CopyPixelOperation copyPixelOperation)
   在 System.Drawing.Graphics.CopyFromScreen(Point upperLeftSource, Point upperLeftDestination, Size blockRegionSize)
   在 server.Form1.PeZUms8p5y8tHbtvXhC(Object , Point , Point , Size )
   在 server.Form1.lP9ipFLHp(Object  , DoWorkEventArgs  )
2017-05-15 10:51:42: 句柄无效。   在 System.Drawing.Graphics.CopyFromScreen(Int32 sourceX, Int32 sourceY, Int32 destinationX, Int32 destinationY, Size blockRegionSize, CopyPixelOperation copyPixelOperation)
   在 System.Drawing.Graphics.CopyFromScreen(Point upperLeftSource, Point upperLeftDestination, Size blockRegionSize)
   在 server.Form1.PeZUms8p5y8tHbtvXhC(Object , Point , Point , Size )
   在 server.Form1.lP9ipFLHp(Object  , DoWorkEventArgs  )
2017-05-15 10:51:43: 句柄无效。   在 System.Drawing.Graphics.CopyFromScreen(Int32 sourceX, Int32 sourceY, Int32 destinationX, Int32 destinationY, Size blockRegionSize, CopyPixelOperation copyPixelOperation)
   在 System.Drawing.Graphics.CopyFromScreen(Point upperLeftSource, Point upperLeftDestination, Size blockRegionSize)
   在 server.Form1.PeZUms8p5y8tHbtvXhC(Object , Point , Point , Size )
   在 server.Form1.lP9ipFLHp(Object  , DoWorkEventArgs  )
2017-05-15 10:51:43: 句柄无效。   在 System.Drawing.Graphics.CopyFromScreen(Int32 sourceX, Int32 sourceY, Int32 destinationX, Int32 destinationY, Size blockRegionSize, CopyPixelOperation copyPixelOperation)
   在 System.Drawing.Graphics.CopyFromScreen(Point upperLeftSource, Point upperLeftDestination, Size blockRegionSize)
   在 server.Form1.PeZUms8p5y8tHbtvXhC(Object , Point , Point , Size )
   在 server.Form1.lP9ipFLHp(Object  , DoWorkEventArgs  )
2017-05-15 10:51:43: 句柄无效。   在 System.Drawing.Graphics.CopyFromScreen(Int32 sourceX, Int32 sourceY, Int32 destinationX, Int32 destinationY, Size blockRegionSize, CopyPixelOperation copyPixelOperation)
   在 System.Drawing.Graphics.CopyFromScreen(Point upperLeftSource, Point upperLeftDestination, Size blockRegionSize)
   在 server.Form1.PeZUms8p5y8tHbtvXhC(Object , Point , Point , Size )
   在 server.Form1.lP9ipFLHp(Object  , DoWorkEventArgs  )
2017-05-15 10:51:43: 句柄无效。   在 System.Drawing.Graphics.CopyFromScreen(Int32 sourceX, Int32 sourceY, Int32 destinationX, Int32 destinationY, Size blockRegionSize, CopyPixelOperation copyPixelOperation)
   在 System.Drawing.Graphics.CopyFromScreen(Point upperLeftSource, Point upperLeftDestination, Size blockRegionSize)
   在 server.Form1.PeZUms8p5y8tHbtvXhC(Object , Point , Point , Size )
   在 server.Form1.lP9ipFLHp(Object  , DoWorkEventArgs  )
2017-05-15 10:51:43: 句柄无效。   在 System.Drawing.Graphics.CopyFromScreen(Int32 sourceX, Int32 sourceY, Int32 destinationX, Int32 destinationY, Size blockRegionSize, CopyPixelOperation copyPixelOperation)
   在 System.Drawing.Graphics.CopyFromScreen(Point upperLeftSource, Point upperLeftDestination, Size blockRegionSize)
   在 server.Form1.PeZUms8p5y8tHbtvXhC(Object , Point , Point , Size )
   在 server.Form1.lP9ipFLHp(Object  , DoWorkEventArgs  )
2017-05-15 10:51:43: 句柄无效。   在 System.Drawing.Graphics.CopyFromScreen(Int32 sourceX, Int32 sourceY, Int32 destinationX, Int32 destinationY, Size blockRegionSize, CopyPixelOperation copyPixelOperation)
   在 System.Drawing.Graphics.CopyFromScreen(Point upperLeftSource, Point upperLeftDestination, Size blockRegionSize)
   在 server.Form1.PeZUms8p5y8tHbtvXhC(Object , Point , Point , Size )
   在 server.Form1.lP9ipFLHp(Object  , DoWorkEventArgs  )
2017-05-15 10:51:43: 句柄无效。   在 System.Drawing.Graphics.CopyFromScreen(Int32 sourceX, Int32 sourceY, Int32 destinationX, Int32 destinationY, Size blockRegionSize, CopyPixelOperation copyPixelOperation)
   在 System.Drawing.Graphics.CopyFromScreen(Point upperLeftSource, Point upperLeftDestination, Size blockRegionSize)
   在 server.Form1.PeZUms8p5y8tHbtvXhC(Object , Point , Point , Size )
   在 server.Form1.lP9ipFLHp(Object  , DoWorkEventArgs  )
2017-05-15 10:51:43: 句柄无效。   在 System.Drawing.Graphics.CopyFromScreen(Int32 sourceX, Int32 sourceY, Int32 destinationX, Int32 destinationY, Size blockRegionSize, CopyPixelOperation copyPixelOperation)
   在 System.Drawing.Graphics.CopyFromScreen(Point upperLeftSource, Point upperLeftDestination, Size blockRegionSize)
   在 server.Form1.PeZUms8p5y8tHbtvXhC(Object , Point , Point , Size )
   在 server.Form1.lP9ipFLHp(Object  , DoWorkEventArgs  )
2017-05-15 10:51:43: 句柄无效。   在 System.Drawing.Graphics.CopyFromScreen(Int32 sourceX, Int32 sourceY, Int32 destinationX, Int32 destinationY, Size blockRegionSize, CopyPixelOperation copyPixelOperation)
   在 System.Drawing.Graphics.CopyFromScreen(Point upperLeftSource, Point upperLeftDestination, Size blockRegionSize)
   在 server.Form1.PeZUms8p5y8tHbtvXhC(Object , Point , Point , Size )
   在 server.Form1.lP9ipFLHp(Object  , DoWorkEventArgs  )
2017-05-15 10:51:43: 句柄无效。   在 System.Drawing.Graphics.CopyFromScreen(Int32 sourceX, Int32 sourceY, Int32 destinationX, Int32 destinationY, Size blockRegionSize, CopyPixelOperation copyPixelOperation)
   在 System.Drawing.Graphics.CopyFromScreen(Point upperLeftSource, Point upperLeftDestination, Size blockRegionSize)
   在 server.Form1.PeZUms8p5y8tHbtvXhC(Object , Point , Point , Size )
   在 server.Form1.lP9ipFLHp(Object  , DoWorkEventArgs  )
2017-05-15 10:51:43: 句柄无效。   在 System.Drawing.Graphics.CopyFromScreen(Int32 sourceX, Int32 sourceY, Int32 destinationX, Int32 destinationY, Size blockRegionSize, CopyPixelOperation copyPixelOperation)
   在 System.Drawing.Graphics.CopyFromScreen(Point upperLeftSource, Point upperLeftDestination, Size blockRegionSize)
   在 server.Form1.PeZUms8p5y8tHbtvXhC(Object , Point , Point , Size )
   在 server.Form1.lP9ipFLHp(Object  , DoWorkEventArgs  )
2017-05-15 10:51:43: 句柄无效。   在 System.Drawing.Graphics.CopyFromScreen(Int32 sourceX, Int32 sourceY, Int32 destinationX, Int32 destinationY, Size blockRegionSize, CopyPixelOperation copyPixelOperation)
   在 System.Drawing.Graphics.CopyFromScreen(Point upperLeftSource, Point upperLeftDestination, Size blockRegionSize)
   在 server.Form1.PeZUms8p5y8tHbtvXhC(Object , Point , Point , Size )
   在 server.Form1.lP9ipFLHp(Object  , DoWorkEventArgs  )
2017-05-15 10:51:43: 句柄无效。   在 System.Drawing.Graphics.CopyFromScreen(Int32 sourceX, Int32 sourceY, Int32 destinationX, Int32 destinationY, Size blockRegionSize, CopyPixelOperation copyPixelOperation)
   在 System.Drawing.Graphics.CopyFromScreen(Point upperLeftSource, Point upperLeftDestination, Size blockRegionSize)
   在 server.Form1.PeZUms8p5y8tHbtvXhC(Object , Point , Point , Size )
   在 server.Form1.lP9ipFLHp(Object  , DoWorkEventArgs  )
2017-05-15 10:51:43: 句柄无效。   在 System.Drawing.Graphics.CopyFromScreen(Int32 sourceX, Int32 sourceY, Int32 destinationX, Int32 destinationY, Size blockRegionSize, CopyPixelOperation copyPixelOperation)
   在 System.Drawing.Graphics.CopyFromScreen(Point upperLeftSource, Point upperLeftDestination, Size blockRegionSize)
   在 server.Form1.PeZUms8p5y8tHbtvXhC(Object , Point , Point , Size )
   在 server.Form1.lP9ipFLHp(Object  , DoWorkEventArgs  )
2017-05-15 10:51:44: 句柄无效。   在 System.Drawing.Graphics.CopyFromScreen(Int32 sourceX, Int32 sourceY, Int32 destinationX, Int32 destinationY, Size blockRegionSize, CopyPixelOperation copyPixelOperation)
   在 System.Drawing.Graphics.CopyFromScreen(Point upperLeftSource, Point upperLeftDestination, Size blockRegionSize)
   在 server.Form1.PeZUms8p5y8tHbtvXhC(Object , Point , Point , Size )
   在 server.Form1.lP9ipFLHp(Object  , DoWorkEventArgs  )
2017-05-15 10:51:44: 句柄无效。   在 System.Drawing.Graphics.CopyFromScreen(Int32 sourceX, Int32 sourceY, Int32 destinationX, Int32 destinationY, Size blockRegionSize, CopyPixelOperation copyPixelOperation)
   在 System.Drawing.Graphics.CopyFromScreen(Point upperLeftSource, Point upperLeftDestination, Size blockRegionSize)
   在 server.Form1.PeZUms8p5y8tHbtvXhC(Object , Point , Point , Size )
   在 server.Form1.lP9ipFLHp(Object  , DoWorkEventArgs  )
2017-05-15 10:51:44: 句柄无效。   在 System.Drawing.Graphics.CopyFromScreen(Int32 sourceX, Int32 sourceY, Int32 destinationX, Int32 destinationY, Size blockRegionSize, CopyPixelOperation copyPixelOperation)
   在 System.Drawing.Graphics.CopyFromScreen(Point upperLeftSource, Point upperLeftDestination, Size blockRegionSize)
   在 server.Form1.PeZUms8p5y8tHbtvXhC(Object , Point , Point , Size )
   在 server.Form1.lP9ipFLHp(Object  , DoWorkEventArgs  )
2017-05-15 10:51:44: 句柄无效。   在 System.Drawing.Graphics.CopyFromScreen(Int32 sourceX, Int32 sourceY, Int32 destinationX, Int32 destinationY, Size blockRegionSize, CopyPixelOperation copyPixelOperation)
   在 System.Drawing.Graphics.CopyFromScreen(Point upperLeftSource, Point upperLeftDestination, Size blockRegionSize)
   在 server.Form1.PeZUms8p5y8tHbtvXhC(Object , Point , Point , Size )
   在 server.Form1.lP9ipFLHp(Object  , DoWorkEventArgs  )
2017-05-15 10:51:44: 句柄无效。   在 System.Drawing.Graphics.CopyFromScreen(Int32 sourceX, Int32 sourceY, Int32 destinationX, Int32 destinationY, Size blockRegionSize, CopyPixelOperation copyPixelOperation)
   在 System.Drawing.Graphics.CopyFromScreen(Point upperLeftSource, Point upperLeftDestination, Size blockRegionSize)
   在 server.Form1.PeZUms8p5y8tHbtvXhC(Object , Point , Point , Size )
   在 server.Form1.lP9ipFLHp(Object  , DoWorkEventArgs  )
2017-05-15 10:51:44: 句柄无效。   在 System.Drawing.Graphics.CopyFromScreen(Int32 sourceX, Int32 sourceY, Int32 destinationX, Int32 destinationY, Size blockRegionSize, CopyPixelOperation copyPixelOperation)
   在 System.Drawing.Graphics.CopyFromScreen(Point upperLeftSource, Point upperLeftDestination, Size blockRegionSize)
   在 server.Form1.PeZUms8p5y8tHbtvXhC(Object , Point , Point , Size )
   在 server.Form1.lP9ipFLHp(Object  , DoWorkEventArgs  )
2017-05-15 10:51:44: 句柄无效。   在 System.Drawing.Graphics.CopyFromScreen(Int32 sourceX, Int32 sourceY, Int32 destinationX, Int32 destinationY, Size blockRegionSize, CopyPixelOperation copyPixelOperation)
   在 System.Drawing.Graphics.CopyFromScreen(Point upperLeftSource, Point upperLeftDestination, Size blockRegionSize)
   在 server.Form1.PeZUms8p5y8tHbtvXhC(Object , Point , Point , Size )
   在 server.Form1.lP9ipFLHp(Object  , DoWorkEventArgs  )
2017-05-15 10:51:44: 句柄无效。   在 System.Drawing.Graphics.CopyFromScreen(Int32 sourceX, Int32 sourceY, Int32 destinationX, Int32 destinationY, Size blockRegionSize, CopyPixelOperation copyPixelOperation)
   在 System.Drawing.Graphics.CopyFromScreen(Point upperLeftSource, Point upperLeftDestination, Size blockRegionSize)
   在 server.Form1.PeZUms8p5y8tHbtvXhC(Object , Point , Point , Size )
   在 server.Form1.lP9ipFLHp(Object  , DoWorkEventArgs  )
2017-05-15 10:51:44: 句柄无效。   在 System.Drawing.Graphics.CopyFromScreen(Int32 sourceX, Int32 sourceY, Int32 destinationX, Int32 destinationY, Size blockRegionSize, CopyPixelOperation copyPixelOperation)
   在 System.Drawing.Graphics.CopyFromScreen(Point upperLeftSource, Point upperLeftDestination, Size blockRegionSize)
   在 server.Form1.PeZUms8p5y8tHbtvXhC(Object , Point , Point , Size )
   在 server.Form1.lP9ipFLHp(Object  , DoWorkEventArgs  )
2017-05-15 10:51:44: 句柄无效。   在 System.Drawing.Graphics.CopyFromScreen(Int32 sourceX, Int32 sourceY, Int32 destinationX, Int32 destinationY, Size blockRegionSize, CopyPixelOperation copyPixelOperation)
   在 System.Drawing.Graphics.CopyFromScreen(Point upperLeftSource, Point upperLeftDestination, Size blockRegionSize)
   在 server.Form1.PeZUms8p5y8tHbtvXhC(Object , Point , Point , Size )
   在 server.Form1.lP9ipFLHp(Object  , DoWorkEventArgs  )
2017-05-15 10:51:44: 句柄无效。   在 System.Drawing.Graphics.CopyFromScreen(Int32 sourceX, Int32 sourceY, Int32 destinationX, Int32 destinationY, Size blockRegionSize, CopyPixelOperation copyPixelOperation)
   在 System.Drawing.Graphics.CopyFromScreen(Point upperLeftSource, Point upperLeftDestination, Size blockRegionSize)
   在 server.Form1.PeZUms8p5y8tHbtvXhC(Object , Point , Point , Size )
   在 server.Form1.lP9ipFLHp(Object  , DoWorkEventArgs  )
2017-05-15 10:51:44: 句柄无效。   在 System.Drawing.Graphics.CopyFromScreen(Int32 sourceX, Int32 sourceY, Int32 destinationX, Int32 destinationY, Size blockRegionSize, CopyPixelOperation copyPixelOperation)
   在 System.Drawing.Graphics.CopyFromScreen(Point upperLeftSource, Point upperLeftDestination, Size blockRegionSize)
   在 server.Form1.PeZUms8p5y8tHbtvXhC(Object , Point , Point , Size )
   在 server.Form1.lP9ipFLHp(Object  , DoWorkEventArgs  )
2017-05-15 10:51:44: 句柄无效。   在 System.Drawing.Graphics.CopyFromScreen(Int32 sourceX, Int32 sourceY, Int32 destinationX, Int32 destinationY, Size blockRegionSize, CopyPixelOperation copyPixelOperation)
   在 System.Drawing.Graphics.CopyFromScreen(Point upperLeftSource, Point upperLeftDestination, Size blockRegionSize)
   在 server.Form1.PeZUms8p5y8tHbtvXhC(Object , Point , Point , Size )
   在 server.Form1.lP9ipFLHp(Object  , DoWorkEventArgs  )
2017-05-15 10:51:44: 句柄无效。   在 System.Drawing.Graphics.CopyFromScreen(Int32 sourceX, Int32 sourceY, Int32 destinationX, Int32 destinationY, Size blockRegionSize, CopyPixelOperation copyPixelOperation)
   在 System.Drawing.Graphics.CopyFromScreen(Point upperLeftSource, Point upperLeftDestination, Size blockRegionSize)
   在 server.Form1.PeZUms8p5y8tHbtvXhC(Object , Point , Point , Size )
   在 server.Form1.lP9ipFLHp(Object  , DoWorkEventArgs  )
2017-05-15 10:51:45: 句柄无效。   在 System.Drawing.Graphics.CopyFromScreen(Int32 sourceX, Int32 sourceY, Int32 destinationX, Int32 destinationY, Size blockRegionSize, CopyPixelOperation copyPixelOperation)
   在 System.Drawing.Graphics.CopyFromScreen(Point upperLeftSource, Point upperLeftDestination, Size blockRegionSize)
   在 server.Form1.PeZUms8p5y8tHbtvXhC(Object , Point , Point , Size )
   在 server.Form1.lP9ipFLHp(Object  , DoWorkEventArgs  )
2017-05-15 10:51:45: 句柄无效。   在 System.Drawing.Graphics.CopyFromScreen(Int32 sourceX, Int32 sourceY, Int32 destinationX, Int32 destinationY, Size blockRegionSize, CopyPixelOperation copyPixelOperation)
   在 System.Drawing.Graphics.CopyFromScreen(Point upperLeftSource, Point upperLeftDestination, Size blockRegionSize)
   在 server.Form1.PeZUms8p5y8tHbtvXhC(Object , Point , Point , Size )
   在 server.Form1.lP9ipFLHp(Object  , DoWorkEventArgs  )
2017-05-15 10:51:45: 句柄无效。   在 System.Drawing.Graphics.CopyFromScreen(Int32 sourceX, Int32 sourceY, Int32 destinationX, Int32 destinationY, Size blockRegionSize, CopyPixelOperation copyPixelOperation)
   在 System.Drawing.Graphics.CopyFromScreen(Point upperLeftSource, Point upperLeftDestination, Size blockRegionSize)
   在 server.Form1.PeZUms8p5y8tHbtvXhC(Object , Point , Point , Size )
   在 server.Form1.lP9ipFLHp(Object  , DoWorkEventArgs  )
2017-05-15 10:51:45: 句柄无效。   在 System.Drawing.Graphics.CopyFromScreen(Int32 sourceX, Int32 sourceY, Int32 destinationX, Int32 destinationY, Size blockRegionSize, CopyPixelOperation copyPixelOperation)
   在 System.Drawing.Graphics.CopyFromScreen(Point upperLeftSource, Point upperLeftDestination, Size blockRegionSize)
   在 server.Form1.PeZUms8p5y8tHbtvXhC(Object , Point , Point , Size )
   在 server.Form1.lP9ipFLHp(Object  , DoWorkEventArgs  )
2017-05-15 10:51:45: 句柄无效。   在 System.Drawing.Graphics.CopyFromScreen(Int32 sourceX, Int32 sourceY, Int32 destinationX, Int32 destinationY, Size blockRegionSize, CopyPixelOperation copyPixelOperation)
   在 System.Drawing.Graphics.CopyFromScreen(Point upperLeftSource, Point upperLeftDestination, Size blockRegionSize)
   在 server.Form1.PeZUms8p5y8tHbtvXhC(Object , Point , Point , Size )
   在 server.Form1.lP9ipFLHp(Object  , DoWorkEventArgs  )
2017-05-15 10:51:45: 句柄无效。   在 System.Drawing.Graphics.CopyFromScreen(Int32 sourceX, Int32 sourceY, Int32 destinationX, Int32 destinationY, Size blockRegionSize, CopyPixelOperation copyPixelOperation)
   在 System.Drawing.Graphics.CopyFromScreen(Point upperLeftSource, Point upperLeftDestination, Size blockRegionSize)
   在 server.Form1.PeZUms8p5y8tHbtvXhC(Object , Point , Point , Size )
   在 server.Form1.lP9ipFLHp(Object  , DoWorkEventArgs  )
2017-05-15 10:51:45: 句柄无效。   在 System.Drawing.Graphics.CopyFromScreen(Int32 sourceX, Int32 sourceY, Int32 destinationX, Int32 destinationY, Size blockRegionSize, CopyPixelOperation copyPixelOperation)
   在 System.Drawing.Graphics.CopyFromScreen(Point upperLeftSource, Point upperLeftDestination, Size blockRegionSize)
   在 server.Form1.PeZUms8p5y8tHbtvXhC(Object , Point , Point , Size )
   在 server.Form1.lP9ipFLHp(Object  , DoWorkEventArgs  )
2017-05-15 10:51:45: 句柄无效。   在 System.Drawing.Graphics.CopyFromScreen(Int32 sourceX, Int32 sourceY, Int32 destinationX, Int32 destinationY, Size blockRegionSize, CopyPixelOperation copyPixelOperation)
   在 System.Drawing.Graphics.CopyFromScreen(Point upperLeftSource, Point upperLeftDestination, Size blockRegionSize)
   在 server.Form1.PeZUms8p5y8tHbtvXhC(Object , Point , Point , Size )
   在 server.Form1.lP9ipFLHp(Object  , DoWorkEventArgs  )
2017-05-15 10:51:45: 句柄无效。   在 System.Drawing.Graphics.CopyFromScreen(Int32 sourceX, Int32 sourceY, Int32 destinationX, Int32 destinationY, Size blockRegionSize, CopyPixelOperation copyPixelOperation)
   在 System.Drawing.Graphics.CopyFromScreen(Point upperLeftSource, Point upperLeftDestination, Size blockRegionSize)
   在 server.Form1.PeZUms8p5y8tHbtvXhC(Object , Point , Point , Size )
   在 server.Form1.lP9ipFLHp(Object  , DoWorkEventArgs  )
2017-05-15 10:51:45: 句柄无效。   在 System.Drawing.Graphics.CopyFromScreen(Int32 sourceX, Int32 sourceY, Int32 destinationX, Int32 destinationY, Size blockRegionSize, CopyPixelOperation copyPixelOperation)
   在 System.Drawing.Graphics.CopyFromScreen(Point upperLeftSource, Point upperLeftDestination, Size blockRegionSize)
   在 server.Form1.PeZUms8p5y8tHbtvXhC(Object , Point , Point , Size )
   在 server.Form1.lP9ipFLHp(Object  , DoWorkEventArgs  )
2017-05-15 10:51:45: 句柄无效。   在 System.Drawing.Graphics.CopyFromScreen(Int32 sourceX, Int32 sourceY, Int32 destinationX, Int32 destinationY, Size blockRegionSize, CopyPixelOperation copyPixelOperation)
   在 System.Drawing.Graphics.CopyFromScreen(Point upperLeftSource, Point upperLeftDestination, Size blockRegionSize)
   在 server.Form1.PeZUms8p5y8tHbtvXhC(Object , Point , Point , Size )
   在 server.Form1.lP9ipFLHp(Object  , DoWorkEventArgs  )
2017-05-15 10:51:45: 句柄无效。   在 System.Drawing.Graphics.CopyFromScreen(Int32 sourceX, Int32 sourceY, Int32 destinationX, Int32 destinationY, Size blockRegionSize, CopyPixelOperation copyPixelOperation)
   在 System.Drawing.Graphics.CopyFromScreen(Point upperLeftSource, Point upperLeftDestination, Size blockRegionSize)
   在 server.Form1.PeZUms8p5y8tHbtvXhC(Object , Point , Point , Size )
   在 server.Form1.lP9ipFLHp(Object  , DoWorkEventArgs  )
2017-05-15 10:51:45: 句柄无效。   在 System.Drawing.Graphics.CopyFromScreen(Int32 sourceX, Int32 sourceY, Int32 destinationX, Int32 destinationY, Size blockRegionSize, CopyPixelOperation copyPixelOperation)
   在 System.Drawing.Graphics.CopyFromScreen(Point upperLeftSource, Point upperLeftDestination, Size blockRegionSize)
   在 server.Form1.PeZUms8p5y8tHbtvXhC(Object , Point , Point , Size )
   在 server.Form1.lP9ipFLHp(Object  , DoWorkEventArgs  )
2017-05-15 10:51:45: 句柄无效。   在 System.Drawing.Graphics.CopyFromScreen(Int32 sourceX, Int32 sourceY, Int32 destinationX, Int32 destinationY, Size blockRegionSize, CopyPixelOperation copyPixelOperation)
   在 System.Drawing.Graphics.CopyFromScreen(Point upperLeftSource, Point upperLeftDestination, Size blockRegionSize)
   在 server.Form1.PeZUms8p5y8tHbtvXhC(Object , Point , Point , Size )
   在 server.Form1.lP9ipFLHp(Object  , DoWorkEventArgs  )
2017-05-15 10:51:46: 句柄无效。   在 System.Drawing.Graphics.CopyFromScreen(Int32 sourceX, Int32 sourceY, Int32 destinationX, Int32 destinationY, Size blockRegionSize, CopyPixelOperation copyPixelOperation)
   在 System.Drawing.Graphics.CopyFromScreen(Point upperLeftSource, Point upperLeftDestination, Size blockRegionSize)
   在 server.Form1.PeZUms8p5y8tHbtvXhC(Object , Point , Point , Size )
   在 server.Form1.lP9ipFLHp(Object  , DoWorkEventArgs  )
2017-05-15 10:51:46: 句柄无效。   在 System.Drawing.Graphics.CopyFromScreen(Int32 sourceX, Int32 sourceY, Int32 destinationX, Int32 destinationY, Size blockRegionSize, CopyPixelOperation copyPixelOperation)
   在 System.Drawing.Graphics.CopyFromScreen(Point upperLeftSource, Point upperLeftDestination, Size blockRegionSize)
   在 server.Form1.PeZUms8p5y8tHbtvXhC(Object , Point , Point , Size )
   在 server.Form1.lP9ipFLHp(Object  , DoWorkEventArgs  )
2017-05-15 10:51:46: 句柄无效。   在 System.Drawing.Graphics.CopyFromScreen(Int32 sourceX, Int32 sourceY, Int32 destinationX, Int32 destinationY, Size blockRegionSize, CopyPixelOperation copyPixelOperation)
   在 System.Drawing.Graphics.CopyFromScreen(Point upperLeftSource, Point upperLeftDestination, Size blockRegionSize)
   在 server.Form1.PeZUms8p5y8tHbtvXhC(Object , Point , Point , Size )
   在 server.Form1.lP9ipFLHp(Object  , DoWorkEventArgs  )
2017-05-15 10:51:46: 句柄无效。   在 System.Drawing.Graphics.CopyFromScreen(Int32 sourceX, Int32 sourceY, Int32 destinationX, Int32 destinationY, Size blockRegionSize, CopyPixelOperation copyPixelOperation)
   在 System.Drawing.Graphics.CopyFromScreen(Point upperLeftSource, Point upperLeftDestination, Size blockRegionSize)
   在 server.Form1.PeZUms8p5y8tHbtvXhC(Object , Point , Point , Size )
   在 server.Form1.lP9ipFLHp(Object  , DoWorkEventArgs  )
2017-05-15 10:51:46: 句柄无效。   在 System.Drawing.Graphics.CopyFromScreen(Int32 sourceX, Int32 sourceY, Int32 destinationX, Int32 destinationY, Size blockRegionSize, CopyPixelOperation copyPixelOperation)
   在 System.Drawing.Graphics.CopyFromScreen(Point upperLeftSource, Point upperLeftDestination, Size blockRegionSize)
   在 server.Form1.PeZUms8p5y8tHbtvXhC(Object , Point , Point , Size )
   在 server.Form1.lP9ipFLHp(Object  , DoWorkEventArgs  )
2017-05-15 11:36:36: 句柄无效。   在 System.Drawing.Graphics.CopyFromScreen(Int32 sourceX, Int32 sourceY, Int32 destinationX, Int32 destinationY, Size blockRegionSize, CopyPixelOperation copyPixelOperation)
   在 System.Drawing.Graphics.CopyFromScreen(Point upperLeftSource, Point upperLeftDestination, Size blockRegionSize)
   在 server.Form1.PeZUms8p5y8tHbtvXhC(Object , Point , Point , Size )
   在 server.Form1.lP9ipFLHp(Object  , DoWorkEventArgs  )
2017-05-15 11:36:36: 句柄无效。   在 System.Drawing.Graphics.CopyFromScreen(Int32 sourceX, Int32 sourceY, Int32 destinationX, Int32 destinationY, Size blockRegionSize, CopyPixelOperation copyPixelOperation)
   在 System.Drawing.Graphics.CopyFromScreen(Point upperLeftSource, Point upperLeftDestination, Size blockRegionSize)
   在 server.Form1.PeZUms8p5y8tHbtvXhC(Object , Point , Point , Size )
   在 server.Form1.lP9ipFLHp(Object  , DoWorkEventArgs  )
2017-05-15 11:36:36: 句柄无效。   在 System.Drawing.Graphics.CopyFromScreen(Int32 sourceX, Int32 sourceY, Int32 destinationX, Int32 destinationY, Size blockRegionSize, CopyPixelOperation copyPixelOperation)
   在 System.Drawing.Graphics.CopyFromScreen(Point upperLeftSource, Point upperLeftDestination, Size blockRegionSize)
   在 server.Form1.PeZUms8p5y8tHbtvXhC(Object , Point , Point , Size )
   在 server.Form1.lP9ipFLHp(Object  , DoWorkEventArgs  )
2017-05-15 11:36:36: 句柄无效。   在 System.Drawing.Graphics.CopyFromScreen(Int32 sourceX, Int32 sourceY, Int32 destinationX, Int32 destinationY, Size blockRegionSize, CopyPixelOperation copyPixelOperation)
   在 System.Drawing.Graphics.CopyFromScreen(Point upperLeftSource, Point upperLeftDestination, Size blockRegionSize)
   在 server.Form1.PeZUms8p5y8tHbtvXhC(Object , Point , Point , Size )
   在 server.Form1.lP9ipFLHp(Object  , DoWorkEventArgs  )
2017-05-15 11:36:36: 句柄无效。   在 System.Drawing.Graphics.CopyFromScreen(Int32 sourceX, Int32 sourceY, Int32 destinationX, Int32 destinationY, Size blockRegionSize, CopyPixelOperation copyPixelOperation)
   在 System.Drawing.Graphics.CopyFromScreen(Point upperLeftSource, Point upperLeftDestination, Size blockRegionSize)
   在 server.Form1.PeZUms8p5y8tHbtvXhC(Object , Point , Point , Size )
   在 server.Form1.lP9ipFLHp(Object  , DoWorkEventArgs  )
2017-05-15 11:36:36: 句柄无效。   在 System.Drawing.Graphics.CopyFromScreen(Int32 sourceX, Int32 sourceY, Int32 destinationX, Int32 destinationY, Size blockRegionSize, CopyPixelOperation copyPixelOperation)
   在 System.Drawing.Graphics.CopyFromScreen(Point upperLeftSource, Point upperLeftDestination, Size blockRegionSize)
   在 server.Form1.PeZUms8p5y8tHbtvXhC(Object , Point , Point , Size )
   在 server.Form1.lP9ipFLHp(Object  , DoWorkEventArgs  )
2017-05-15 11:36:36: 句柄无效。   在 System.Drawing.Graphics.CopyFromScreen(Int32 sourceX, Int32 sourceY, Int32 destinationX, Int32 destinationY, Size blockRegionSize, CopyPixelOperation copyPixelOperation)
   在 System.Drawing.Graphics.CopyFromScreen(Point upperLeftSource, Point upperLeftDestination, Size blockRegionSize)
   在 server.Form1.PeZUms8p5y8tHbtvXhC(Object , Point , Point , Size )
   在 server.Form1.lP9ipFLHp(Object  , DoWorkEventArgs  )
2017-05-15 11:36:36: 句柄无效。   在 System.Drawing.Graphics.CopyFromScreen(Int32 sourceX, Int32 sourceY, Int32 destinationX, Int32 destinationY, Size blockRegionSize, CopyPixelOperation copyPixelOperation)
   在 System.Drawing.Graphics.CopyFromScreen(Point upperLeftSource, Point upperLeftDestination, Size blockRegionSize)
   在 server.Form1.PeZUms8p5y8tHbtvXhC(Object , Point , Point , Size )
   在 server.Form1.lP9ipFLHp(Object  , DoWorkEventArgs  )
2017-05-15 11:36:36: 句柄无效。   在 System.Drawing.Graphics.CopyFromScreen(Int32 sourceX, Int32 sourceY, Int32 destinationX, Int32 destinationY, Size blockRegionSize, CopyPixelOperation copyPixelOperation)
   在 System.Drawing.Graphics.CopyFromScreen(Point upperLeftSource, Point upperLeftDestination, Size blockRegionSize)
   在 server.Form1.PeZUms8p5y8tHbtvXhC(Object , Point , Point , Size )
   在 server.Form1.lP9ipFLHp(Object  , DoWorkEventArgs  )
2017-05-15 11:36:36: 句柄无效。   在 System.Drawing.Graphics.CopyFromScreen(Int32 sourceX, Int32 sourceY, Int32 destinationX, Int32 destinationY, Size blockRegionSize, CopyPixelOperation copyPixelOperation)
   在 System.Drawing.Graphics.CopyFromScreen(Point upperLeftSource, Point upperLeftDestination, Size blockRegionSize)
   在 server.Form1.PeZUms8p5y8tHbtvXhC(Object , Point , Point , Size )
   在 server.Form1.lP9ipFLHp(Object  , DoWorkEventArgs  )
2017-05-15 11:36:36: 句柄无效。   在 System.Drawing.Graphics.CopyFromScreen(Int32 sourceX, Int32 sourceY, Int32 destinationX, Int32 destinationY, Size blockRegionSize, CopyPixelOperation copyPixelOperation)
   在 System.Drawing.Graphics.CopyFromScreen(Point upperLeftSource, Point upperLeftDestination, Size blockRegionSize)
   在 server.Form1.PeZUms8p5y8tHbtvXhC(Object , Point , Point , Size )
   在 server.Form1.lP9ipFLHp(Object  , DoWorkEventArgs  )
2017-05-15 11:36:37: 句柄无效。   在 System.Drawing.Graphics.CopyFromScreen(Int32 sourceX, Int32 sourceY, Int32 destinationX, Int32 destinationY, Size blockRegionSize, CopyPixelOperation copyPixelOperation)
   在 System.Drawing.Graphics.CopyFromScreen(Point upperLeftSource, Point upperLeftDestination, Size blockRegionSize)
   在 server.Form1.PeZUms8p5y8tHbtvXhC(Object , Point , Point , Size )
   在 server.Form1.lP9ipFLHp(Object  , DoWorkEventArgs  )
2017-05-15 11:36:37: 句柄无效。   在 System.Drawing.Graphics.CopyFromScreen(Int32 sourceX, Int32 sourceY, Int32 destinationX, Int32 destinationY, Size blockRegionSize, CopyPixelOperation copyPixelOperation)
   在 System.Drawing.Graphics.CopyFromScreen(Point upperLeftSource, Point upperLeftDestination, Size blockRegionSize)
   在 server.Form1.PeZUms8p5y8tHbtvXhC(Object , Point , Point , Size )
   在 server.Form1.lP9ipFLHp(Object  , DoWorkEventArgs  )
2017-05-15 11:36:37: 句柄无效。   在 System.Drawing.Graphics.CopyFromScreen(Int32 sourceX, Int32 sourceY, Int32 destinationX, Int32 destinationY, Size blockRegionSize, CopyPixelOperation copyPixelOperation)
   在 System.Drawing.Graphics.CopyFromScreen(Point upperLeftSource, Point upperLeftDestination, Size blockRegionSize)
   在 server.Form1.PeZUms8p5y8tHbtvXhC(Object , Point , Point , Size )
   在 server.Form1.lP9ipFLHp(Object  , DoWorkEventArgs  )
2017-05-15 11:36:37: 句柄无效。   在 System.Drawing.Graphics.CopyFromScreen(Int32 sourceX, Int32 sourceY, Int32 destinationX, Int32 destinationY, Size blockRegionSize, CopyPixelOperation copyPixelOperation)
   在 System.Drawing.Graphics.CopyFromScreen(Point upperLeftSource, Point upperLeftDestination, Size blockRegionSize)
   在 server.Form1.PeZUms8p5y8tHbtvXhC(Object , Point , Point , Size )
   在 server.Form1.lP9ipFLHp(Object  , DoWorkEventArgs  )
2017-05-15 11:36:37: 句柄无效。   在 System.Drawing.Graphics.CopyFromScreen(Int32 sourceX, Int32 sourceY, Int32 destinationX, Int32 destinationY, Size blockRegionSize, CopyPixelOperation copyPixelOperation)
   在 System.Drawing.Graphics.CopyFromScreen(Point upperLeftSource, Point upperLeftDestination, Size blockRegionSize)
   在 server.Form1.PeZUms8p5y8tHbtvXhC(Object , Point , Point , Size )
   在 server.Form1.lP9ipFLHp(Object  , DoWorkEventArgs  )
2017-05-15 11:36:37: 句柄无效。   在 System.Drawing.Graphics.CopyFromScreen(Int32 sourceX, Int32 sourceY, Int32 destinationX, Int32 destinationY, Size blockRegionSize, CopyPixelOperation copyPixelOperation)
   在 System.Drawing.Graphics.CopyFromScreen(Point upperLeftSource, Point upperLeftDestination, Size blockRegionSize)
   在 server.Form1.PeZUms8p5y8tHbtvXhC(Object , Point , Point , Size )
   在 server.Form1.lP9ipFLHp(Object  , DoWorkEventArgs  )
2017-05-15 11:36:37: 句柄无效。   在 System.Drawing.Graphics.CopyFromScreen(Int32 sourceX, Int32 sourceY, Int32 destinationX, Int32 destinationY, Size blockRegionSize, CopyPixelOperation copyPixelOperation)
   在 System.Drawing.Graphics.CopyFromScreen(Point upperLeftSource, Point upperLeftDestination, Size blockRegionSize)
   在 server.Form1.PeZUms8p5y8tHbtvXhC(Object , Point , Point , Size )
   在 server.Form1.lP9ipFLHp(Object  , DoWorkEventArgs  )
2017-05-15 11:36:37: 句柄无效。   在 System.Drawing.Graphics.CopyFromScreen(Int32 sourceX, Int32 sourceY, Int32 destinationX, Int32 destinationY, Size blockRegionSize, CopyPixelOperation copyPixelOperation)
   在 System.Drawing.Graphics.CopyFromScreen(Point upperLeftSource, Point upperLeftDestination, Size blockRegionSize)
   在 server.Form1.PeZUms8p5y8tHbtvXhC(Object , Point , Point , Size )
   在 server.Form1.lP9ipFLHp(Object  , DoWorkEventArgs  )
2017-05-15 11:36:37: 句柄无效。   在 System.Drawing.Graphics.CopyFromScreen(Int32 sourceX, Int32 sourceY, Int32 destinationX, Int32 destinationY, Size blockRegionSize, CopyPixelOperation copyPixelOperation)
   在 System.Drawing.Graphics.CopyFromScreen(Point upperLeftSource, Point upperLeftDestination, Size blockRegionSize)
   在 server.Form1.PeZUms8p5y8tHbtvXhC(Object , Point , Point , Size )
   在 server.Form1.lP9ipFLHp(Object  , DoWorkEventArgs  )
2017-05-15 11:36:37: 句柄无效。   在 System.Drawing.Graphics.CopyFromScreen(Int32 sourceX, Int32 sourceY, Int32 destinationX, Int32 destinationY, Size blockRegionSize, CopyPixelOperation copyPixelOperation)
   在 System.Drawing.Graphics.CopyFromScreen(Point upperLeftSource, Point upperLeftDestination, Size blockRegionSize)
   在 server.Form1.PeZUms8p5y8tHbtvXhC(Object , Point , Point , Size )
   在 server.Form1.lP9ipFLHp(Object  , DoWorkEventArgs  )
2017-05-15 11:36:37: 句柄无效。   在 System.Drawing.Graphics.CopyFromScreen(Int32 sourceX, Int32 sourceY, Int32 destinationX, Int32 destinationY, Size blockRegionSize, CopyPixelOperation copyPixelOperation)
   在 System.Drawing.Graphics.CopyFromScreen(Point upperLeftSource, Point upperLeftDestination, Size blockRegionSize)
   在 server.Form1.PeZUms8p5y8tHbtvXhC(Object , Point , Point , Size )
   在 server.Form1.lP9ipFLHp(Object  , DoWorkEventArgs  )
2017-05-15 11:36:37: 句柄无效。   在 System.Drawing.Graphics.CopyFromScreen(Int32 sourceX, Int32 sourceY, Int32 destinationX, Int32 destinationY, Size blockRegionSize, CopyPixelOperation copyPixelOperation)
   在 System.Drawing.Graphics.CopyFromScreen(Point upperLeftSource, Point upperLeftDestination, Size blockRegionSize)
   在 server.Form1.PeZUms8p5y8tHbtvXhC(Object , Point , Point , Size )
   在 server.Form1.lP9ipFLHp(Object  , DoWorkEventArgs  )
2017-05-15 11:36:37: 句柄无效。   在 System.Drawing.Graphics.CopyFromScreen(Int32 sourceX, Int32 sourceY, Int32 destinationX, Int32 destinationY, Size blockRegionSize, CopyPixelOperation copyPixelOperation)
   在 System.Drawing.Graphics.CopyFromScreen(Point upperLeftSource, Point upperLeftDestination, Size blockRegionSize)
   在 server.Form1.PeZUms8p5y8tHbtvXhC(Object , Point , Point , Size )
   在 server.Form1.lP9ipFLHp(Object  , DoWorkEventArgs  )
2017-05-15 11:36:37: 句柄无效。   在 System.Drawing.Graphics.CopyFromScreen(Int32 sourceX, Int32 sourceY, Int32 destinationX, Int32 destinationY, Size blockRegionSize, CopyPixelOperation copyPixelOperation)
   在 System.Drawing.Graphics.CopyFromScreen(Point upperLeftSource, Point upperLeftDestination, Size blockRegionSize)
   在 server.Form1.PeZUms8p5y8tHbtvXhC(Object , Point , Point , Size )
   在 server.Form1.lP9ipFLHp(Object  , DoWorkEventArgs  )
2017-05-15 11:36:38: 句柄无效。   在 System.Drawing.Graphics.CopyFromScreen(Int32 sourceX, Int32 sourceY, Int32 destinationX, Int32 destinationY, Size blockRegionSize, CopyPixelOperation copyPixelOperation)
   在 System.Drawing.Graphics.CopyFromScreen(Point upperLeftSource, Point upperLeftDestination, Size blockRegionSize)
   在 server.Form1.PeZUms8p5y8tHbtvXhC(Object , Point , Point , Size )
   在 server.Form1.lP9ipFLHp(Object  , DoWorkEventArgs  )
2017-05-15 13:55:38: 句柄无效。   在 System.Drawing.Graphics.CopyFromScreen(Int32 sourceX, Int32 sourceY, Int32 destinationX, Int32 destinationY, Size blockRegionSize, CopyPixelOperation copyPixelOperation)
   在 System.Drawing.Graphics.CopyFromScreen(Point upperLeftSource, Point upperLeftDestination, Size blockRegionSize)
   在 server.Form1.PeZUms8p5y8tHbtvXhC(Object , Point , Point , Size )
   在 server.Form1.lP9ipFLHp(Object  , DoWorkEventArgs  )
2017-05-15 13:55:38: 句柄无效。   在 System.Drawing.Graphics.CopyFromScreen(Int32 sourceX, Int32 sourceY, Int32 destinationX, Int32 destinationY, Size blockRegionSize, CopyPixelOperation copyPixelOperation)
   在 System.Drawing.Graphics.CopyFromScreen(Point upperLeftSource, Point upperLeftDestination, Size blockRegionSize)
   在 server.Form1.PeZUms8p5y8tHbtvXhC(Object , Point , Point , Size )
   在 server.Form1.lP9ipFLHp(Object  , DoWorkEventArgs  )
2017-05-15 13:55:38: 句柄无效。   在 System.Drawing.Graphics.CopyFromScreen(Int32 sourceX, Int32 sourceY, Int32 destinationX, Int32 destinationY, Size blockRegionSize, CopyPixelOperation copyPixelOperation)
   在 System.Drawing.Graphics.CopyFromScreen(Point upperLeftSource, Point upperLeftDestination, Size blockRegionSize)
   在 server.Form1.PeZUms8p5y8tHbtvXhC(Object , Point , Point , Size )
   在 server.Form1.lP9ipFLHp(Object  , DoWorkEventArgs  )
2017-05-15 13:55:38: 句柄无效。   在 System.Drawing.Graphics.CopyFromScreen(Int32 sourceX, Int32 sourceY, Int32 destinationX, Int32 destinationY, Size blockRegionSize, CopyPixelOperation copyPixelOperation)
   在 System.Drawing.Graphics.CopyFromScreen(Point upperLeftSource, Point upperLeftDestination, Size blockRegionSize)
   在 server.Form1.PeZUms8p5y8tHbtvXhC(Object , Point , Point , Size )
   在 server.Form1.lP9ipFLHp(Object  , DoWorkEventArgs  )
2017-05-15 13:55:38: 句柄无效。   在 System.Drawing.Graphics.CopyFromScreen(Int32 sourceX, Int32 sourceY, Int32 destinationX, Int32 destinationY, Size blockRegionSize, CopyPixelOperation copyPixelOperation)
   在 System.Drawing.Graphics.CopyFromScreen(Point upperLeftSource, Point upperLeftDestination, Size blockRegionSize)
   在 server.Form1.PeZUms8p5y8tHbtvXhC(Object , Point , Point , Size )
   在 server.Form1.lP9ipFLHp(Object  , DoWorkEventArgs  )
2017-05-15 13:55:38: 句柄无效。   在 System.Drawing.Graphics.CopyFromScreen(Int32 sourceX, Int32 sourceY, Int32 destinationX, Int32 destinationY, Size blockRegionSize, CopyPixelOperation copyPixelOperation)
   在 System.Drawing.Graphics.CopyFromScreen(Point upperLeftSource, Point upperLeftDestination, Size blockRegionSize)
   在 server.Form1.PeZUms8p5y8tHbtvXhC(Object , Point , Point , Size )
   在 server.Form1.lP9ipFLHp(Object  , DoWorkEventArgs  )
2017-05-15 13:55:39: 句柄无效。   在 System.Drawing.Graphics.CopyFromScreen(Int32 sourceX, Int32 sourceY, Int32 destinationX, Int32 destinationY, Size blockRegionSize, CopyPixelOperation copyPixelOperation)
   在 System.Drawing.Graphics.CopyFromScreen(Point upperLeftSource, Point upperLeftDestination, Size blockRegionSize)
   在 server.Form1.PeZUms8p5y8tHbtvXhC(Object , Point , Point , Size )
   在 server.Form1.lP9ipFLHp(Object  , DoWorkEventArgs  )
2017-05-15 13:55:39: 句柄无效。   在 System.Drawing.Graphics.CopyFromScreen(Int32 sourceX, Int32 sourceY, Int32 destinationX, Int32 destinationY, Size blockRegionSize, CopyPixelOperation copyPixelOperation)
   在 System.Drawing.Graphics.CopyFromScreen(Point upperLeftSource, Point upperLeftDestination, Size blockRegionSize)
   在 server.Form1.PeZUms8p5y8tHbtvXhC(Object , Point , Point , Size )
   在 server.Form1.lP9ipFLHp(Object  , DoWorkEventArgs  )
2017-05-15 13:55:39: 句柄无效。   在 System.Drawing.Graphics.CopyFromScreen(Int32 sourceX, Int32 sourceY, Int32 destinationX, Int32 destinationY, Size blockRegionSize, CopyPixelOperation copyPixelOperation)
   在 System.Drawing.Graphics.CopyFromScreen(Point upperLeftSource, Point upperLeftDestination, Size blockRegionSize)
   在 server.Form1.PeZUms8p5y8tHbtvXhC(Object , Point , Point , Size )
   在 server.Form1.lP9ipFLHp(Object  , DoWorkEventArgs  )
2017-05-15 13:55:39: 句柄无效。   在 System.Drawing.Graphics.CopyFromScreen(Int32 sourceX, Int32 sourceY, Int32 destinationX, Int32 destinationY, Size blockRegionSize, CopyPixelOperation copyPixelOperation)
   在 System.Drawing.Graphics.CopyFromScreen(Point upperLeftSource, Point upperLeftDestination, Size blockRegionSize)
   在 server.Form1.PeZUms8p5y8tHbtvXhC(Object , Point , Point , Size )
   在 server.Form1.lP9ipFLHp(Object  , DoWorkEventArgs  )
2017-05-15 13:55:39: 句柄无效。   在 System.Drawing.Graphics.CopyFromScreen(Int32 sourceX, Int32 sourceY, Int32 destinationX, Int32 destinationY, Size blockRegionSize, CopyPixelOperation copyPixelOperation)
   在 System.Drawing.Graphics.CopyFromScreen(Point upperLeftSource, Point upperLeftDestination, Size blockRegionSize)
   在 server.Form1.PeZUms8p5y8tHbtvXhC(Object , Point , Point , Size )
   在 server.Form1.lP9ipFLHp(Object  , DoWorkEventArgs  )
2017-05-15 13:55:39: 句柄无效。   在 System.Drawing.Graphics.CopyFromScreen(Int32 sourceX, Int32 sourceY, Int32 destinationX, Int32 destinationY, Size blockRegionSize, CopyPixelOperation copyPixelOperation)
   在 System.Drawing.Graphics.CopyFromScreen(Point upperLeftSource, Point upperLeftDestination, Size blockRegionSize)
   在 server.Form1.PeZUms8p5y8tHbtvXhC(Object , Point , Point , Size )
   在 server.Form1.lP9ipFLHp(Object  , DoWorkEventArgs  )
2017-05-15 13:55:39: 句柄无效。   在 System.Drawing.Graphics.CopyFromScreen(Int32 sourceX, Int32 sourceY, Int32 destinationX, Int32 destinationY, Size blockRegionSize, CopyPixelOperation copyPixelOperation)
   在 System.Drawing.Graphics.CopyFromScreen(Point upperLeftSource, Point upperLeftDestination, Size blockRegionSize)
   在 server.Form1.PeZUms8p5y8tHbtvXhC(Object , Point , Point , Size )
   在 server.Form1.lP9ipFLHp(Object  , DoWorkEventArgs  )
2017-05-15 13:55:39: 句柄无效。   在 System.Drawing.Graphics.CopyFromScreen(Int32 sourceX, Int32 sourceY, Int32 destinationX, Int32 destinationY, Size blockRegionSize, CopyPixelOperation copyPixelOperation)
   在 System.Drawing.Graphics.CopyFromScreen(Point upperLeftSource, Point upperLeftDestination, Size blockRegionSize)
   在 server.Form1.PeZUms8p5y8tHbtvXhC(Object , Point , Point , Size )
   在 server.Form1.lP9ipFLHp(Object  , DoWorkEventArgs  )
2017-05-15 13:55:39: 句柄无效。   在 System.Drawing.Graphics.CopyFromScreen(Int32 sourceX, Int32 sourceY, Int32 destinationX, Int32 destinationY, Size blockRegionSize, CopyPixelOperation copyPixelOperation)
   在 System.Drawing.Graphics.CopyFromScreen(Point upperLeftSource, Point upperLeftDestination, Size blockRegionSize)
   在 server.Form1.PeZUms8p5y8tHbtvXhC(Object , Point , Point , Size )
   在 server.Form1.lP9ipFLHp(Object  , DoWorkEventArgs  )
