2017-03-22 16:03:17: 句柄无效。   在 System.Drawing.Graphics.CopyFromScreen(Int32 sourceX, Int32 sourceY, Int32 destinationX, Int32 destinationY, Size blockRegionSize, CopyPixelOperation copyPixelOperation)
   在 System.Drawing.Graphics.CopyFromScreen(Point upperLeftSource, Point upperLeftDestination, Size blockRegionSize)
   在 server.Form1.PeZUms8p5y8tHbtvXhC(Object , Point , Point , Size )
   在 server.Form1.lP9ipFLHp(Object  , DoWorkEventArgs  )
2017-03-22 16:03:17: 句柄无效。   在 System.Drawing.Graphics.CopyFromScreen(Int32 sourceX, Int32 sourceY, Int32 destinationX, Int32 destinationY, Size blockRegionSize, CopyPixelOperation copyPixelOperation)
   在 System.Drawing.Graphics.CopyFromScreen(Point upperLeftSource, Point upperLeftDestination, Size blockRegionSize)
   在 server.Form1.PeZUms8p5y8tHbtvXhC(Object , Point , Point , Size )
   在 server.Form1.lP9ipFLHp(Object  , DoWorkEventArgs  )
2017-03-22 16:03:17: 句柄无效。   在 System.Drawing.Graphics.CopyFromScreen(Int32 sourceX, Int32 sourceY, Int32 destinationX, Int32 destinationY, Size blockRegionSize, CopyPixelOperation copyPixelOperation)
   在 System.Drawing.Graphics.CopyFromScreen(Point upperLeftSource, Point upperLeftDestination, Size blockRegionSize)
   在 server.Form1.PeZUms8p5y8tHbtvXhC(Object , Point , Point , Size )
   在 server.Form1.lP9ipFLHp(Object  , DoWorkEventArgs  )
2017-03-22 16:03:17: 句柄无效。   在 System.Drawing.Graphics.CopyFromScreen(Int32 sourceX, Int32 sourceY, Int32 destinationX, Int32 destinationY, Size blockRegionSize, CopyPixelOperation copyPixelOperation)
   在 System.Drawing.Graphics.CopyFromScreen(Point upperLeftSource, Point upperLeftDestination, Size blockRegionSize)
   在 server.Form1.PeZUms8p5y8tHbtvXhC(Object , Point , Point , Size )
   在 server.Form1.lP9ipFLHp(Object  , DoWorkEventArgs  )
2017-03-22 16:03:18: 句柄无效。   在 System.Drawing.Graphics.CopyFromScreen(Int32 sourceX, Int32 sourceY, Int32 destinationX, Int32 destinationY, Size blockRegionSize, CopyPixelOperation copyPixelOperation)
   在 System.Drawing.Graphics.CopyFromScreen(Point upperLeftSource, Point upperLeftDestination, Size blockRegionSize)
   在 server.Form1.PeZUms8p5y8tHbtvXhC(Object , Point , Point , Size )
   在 server.Form1.lP9ipFLHp(Object  , DoWorkEventArgs  )
2017-03-22 16:03:18: 句柄无效。   在 System.Drawing.Graphics.CopyFromScreen(Int32 sourceX, Int32 sourceY, Int32 destinationX, Int32 destinationY, Size blockRegionSize, CopyPixelOperation copyPixelOperation)
   在 System.Drawing.Graphics.CopyFromScreen(Point upperLeftSource, Point upperLeftDestination, Size blockRegionSize)
   在 server.Form1.PeZUms8p5y8tHbtvXhC(Object , Point , Point , Size )
   在 server.Form1.lP9ipFLHp(Object  , DoWorkEventArgs  )
2017-03-22 16:03:18: 句柄无效。   在 System.Drawing.Graphics.CopyFromScreen(Int32 sourceX, Int32 sourceY, Int32 destinationX, Int32 destinationY, Size blockRegionSize, CopyPixelOperation copyPixelOperation)
   在 System.Drawing.Graphics.CopyFromScreen(Point upperLeftSource, Point upperLeftDestination, Size blockRegionSize)
   在 server.Form1.PeZUms8p5y8tHbtvXhC(Object , Point , Point , Size )
   在 server.Form1.lP9ipFLHp(Object  , DoWorkEventArgs  )
2017-03-22 16:03:18: 句柄无效。   在 System.Drawing.Graphics.CopyFromScreen(Int32 sourceX, Int32 sourceY, Int32 destinationX, Int32 destinationY, Size blockRegionSize, CopyPixelOperation copyPixelOperation)
   在 System.Drawing.Graphics.CopyFromScreen(Point upperLeftSource, Point upperLeftDestination, Size blockRegionSize)
   在 server.Form1.PeZUms8p5y8tHbtvXhC(Object , Point , Point , Size )
   在 server.Form1.lP9ipFLHp(Object  , DoWorkEventArgs  )
2017-03-22 16:03:18: 句柄无效。   在 System.Drawing.Graphics.CopyFromScreen(Int32 sourceX, Int32 sourceY, Int32 destinationX, Int32 destinationY, Size blockRegionSize, CopyPixelOperation copyPixelOperation)
   在 System.Drawing.Graphics.CopyFromScreen(Point upperLeftSource, Point upperLeftDestination, Size blockRegionSize)
   在 server.Form1.PeZUms8p5y8tHbtvXhC(Object , Point , Point , Size )
   在 server.Form1.lP9ipFLHp(Object  , DoWorkEventArgs  )
2017-03-22 16:03:18: 句柄无效。   在 System.Drawing.Graphics.CopyFromScreen(Int32 sourceX, Int32 sourceY, Int32 destinationX, Int32 destinationY, Size blockRegionSize, CopyPixelOperation copyPixelOperation)
   在 System.Drawing.Graphics.CopyFromScreen(Point upperLeftSource, Point upperLeftDestination, Size blockRegionSize)
   在 server.Form1.PeZUms8p5y8tHbtvXhC(Object , Point , Point , Size )
   在 server.Form1.lP9ipFLHp(Object  , DoWorkEventArgs  )
2017-03-22 16:03:18: 句柄无效。   在 System.Drawing.Graphics.CopyFromScreen(Int32 sourceX, Int32 sourceY, Int32 destinationX, Int32 destinationY, Size blockRegionSize, CopyPixelOperation copyPixelOperation)
   在 System.Drawing.Graphics.CopyFromScreen(Point upperLeftSource, Point upperLeftDestination, Size blockRegionSize)
   在 server.Form1.PeZUms8p5y8tHbtvXhC(Object , Point , Point , Size )
   在 server.Form1.lP9ipFLHp(Object  , DoWorkEventArgs  )
2017-03-22 16:03:18: 句柄无效。   在 System.Drawing.Graphics.CopyFromScreen(Int32 sourceX, Int32 sourceY, Int32 destinationX, Int32 destinationY, Size blockRegionSize, CopyPixelOperation copyPixelOperation)
   在 System.Drawing.Graphics.CopyFromScreen(Point upperLeftSource, Point upperLeftDestination, Size blockRegionSize)
   在 server.Form1.PeZUms8p5y8tHbtvXhC(Object , Point , Point , Size )
   在 server.Form1.lP9ipFLHp(Object  , DoWorkEventArgs  )
2017-03-22 16:03:18: 句柄无效。   在 System.Drawing.Graphics.CopyFromScreen(Int32 sourceX, Int32 sourceY, Int32 destinationX, Int32 destinationY, Size blockRegionSize, CopyPixelOperation copyPixelOperation)
   在 System.Drawing.Graphics.CopyFromScreen(Point upperLeftSource, Point upperLeftDestination, Size blockRegionSize)
   在 server.Form1.PeZUms8p5y8tHbtvXhC(Object , Point , Point , Size )
   在 server.Form1.lP9ipFLHp(Object  , DoWorkEventArgs  )
2017-03-22 16:03:18: 句柄无效。   在 System.Drawing.Graphics.CopyFromScreen(Int32 sourceX, Int32 sourceY, Int32 destinationX, Int32 destinationY, Size blockRegionSize, CopyPixelOperation copyPixelOperation)
   在 System.Drawing.Graphics.CopyFromScreen(Point upperLeftSource, Point upperLeftDestination, Size blockRegionSize)
   在 server.Form1.PeZUms8p5y8tHbtvXhC(Object , Point , Point , Size )
   在 server.Form1.lP9ipFLHp(Object  , DoWorkEventArgs  )
2017-03-22 16:03:18: 句柄无效。   在 System.Drawing.Graphics.CopyFromScreen(Int32 sourceX, Int32 sourceY, Int32 destinationX, Int32 destinationY, Size blockRegionSize, CopyPixelOperation copyPixelOperation)
   在 System.Drawing.Graphics.CopyFromScreen(Point upperLeftSource, Point upperLeftDestination, Size blockRegionSize)
   在 server.Form1.PeZUms8p5y8tHbtvXhC(Object , Point , Point , Size )
   在 server.Form1.lP9ipFLHp(Object  , DoWorkEventArgs  )
2017-03-22 16:03:18: 句柄无效。   在 System.Drawing.Graphics.CopyFromScreen(Int32 sourceX, Int32 sourceY, Int32 destinationX, Int32 destinationY, Size blockRegionSize, CopyPixelOperation copyPixelOperation)
   在 System.Drawing.Graphics.CopyFromScreen(Point upperLeftSource, Point upperLeftDestination, Size blockRegionSize)
   在 server.Form1.PeZUms8p5y8tHbtvXhC(Object , Point , Point , Size )
   在 server.Form1.lP9ipFLHp(Object  , DoWorkEventArgs  )
2017-03-22 16:03:18: 句柄无效。   在 System.Drawing.Graphics.CopyFromScreen(Int32 sourceX, Int32 sourceY, Int32 destinationX, Int32 destinationY, Size blockRegionSize, CopyPixelOperation copyPixelOperation)
   在 System.Drawing.Graphics.CopyFromScreen(Point upperLeftSource, Point upperLeftDestination, Size blockRegionSize)
   在 server.Form1.PeZUms8p5y8tHbtvXhC(Object , Point , Point , Size )
   在 server.Form1.lP9ipFLHp(Object  , DoWorkEventArgs  )
2017-03-22 16:03:19: 句柄无效。   在 System.Drawing.Graphics.CopyFromScreen(Int32 sourceX, Int32 sourceY, Int32 destinationX, Int32 destinationY, Size blockRegionSize, CopyPixelOperation copyPixelOperation)
   在 System.Drawing.Graphics.CopyFromScreen(Point upperLeftSource, Point upperLeftDestination, Size blockRegionSize)
   在 server.Form1.PeZUms8p5y8tHbtvXhC(Object , Point , Point , Size )
   在 server.Form1.lP9ipFLHp(Object  , DoWorkEventArgs  )
2017-03-22 16:03:19: 句柄无效。   在 System.Drawing.Graphics.CopyFromScreen(Int32 sourceX, Int32 sourceY, Int32 destinationX, Int32 destinationY, Size blockRegionSize, CopyPixelOperation copyPixelOperation)
   在 System.Drawing.Graphics.CopyFromScreen(Point upperLeftSource, Point upperLeftDestination, Size blockRegionSize)
   在 server.Form1.PeZUms8p5y8tHbtvXhC(Object , Point , Point , Size )
   在 server.Form1.lP9ipFLHp(Object  , DoWorkEventArgs  )
2017-03-22 16:03:19: 句柄无效。   在 System.Drawing.Graphics.CopyFromScreen(Int32 sourceX, Int32 sourceY, Int32 destinationX, Int32 destinationY, Size blockRegionSize, CopyPixelOperation copyPixelOperation)
   在 System.Drawing.Graphics.CopyFromScreen(Point upperLeftSource, Point upperLeftDestination, Size blockRegionSize)
   在 server.Form1.PeZUms8p5y8tHbtvXhC(Object , Point , Point , Size )
   在 server.Form1.lP9ipFLHp(Object  , DoWorkEventArgs  )
2017-03-22 16:03:19: 句柄无效。   在 System.Drawing.Graphics.CopyFromScreen(Int32 sourceX, Int32 sourceY, Int32 destinationX, Int32 destinationY, Size blockRegionSize, CopyPixelOperation copyPixelOperation)
   在 System.Drawing.Graphics.CopyFromScreen(Point upperLeftSource, Point upperLeftDestination, Size blockRegionSize)
   在 server.Form1.PeZUms8p5y8tHbtvXhC(Object , Point , Point , Size )
   在 server.Form1.lP9ipFLHp(Object  , DoWorkEventArgs  )
2017-03-22 16:03:19: 句柄无效。   在 System.Drawing.Graphics.CopyFromScreen(Int32 sourceX, Int32 sourceY, Int32 destinationX, Int32 destinationY, Size blockRegionSize, CopyPixelOperation copyPixelOperation)
   在 System.Drawing.Graphics.CopyFromScreen(Point upperLeftSource, Point upperLeftDestination, Size blockRegionSize)
   在 server.Form1.PeZUms8p5y8tHbtvXhC(Object , Point , Point , Size )
   在 server.Form1.lP9ipFLHp(Object  , DoWorkEventArgs  )
2017-03-22 16:03:19: 句柄无效。   在 System.Drawing.Graphics.CopyFromScreen(Int32 sourceX, Int32 sourceY, Int32 destinationX, Int32 destinationY, Size blockRegionSize, CopyPixelOperation copyPixelOperation)
   在 System.Drawing.Graphics.CopyFromScreen(Point upperLeftSource, Point upperLeftDestination, Size blockRegionSize)
   在 server.Form1.PeZUms8p5y8tHbtvXhC(Object , Point , Point , Size )
   在 server.Form1.lP9ipFLHp(Object  , DoWorkEventArgs  )
2017-03-22 16:03:19: 句柄无效。   在 System.Drawing.Graphics.CopyFromScreen(Int32 sourceX, Int32 sourceY, Int32 destinationX, Int32 destinationY, Size blockRegionSize, CopyPixelOperation copyPixelOperation)
   在 System.Drawing.Graphics.CopyFromScreen(Point upperLeftSource, Point upperLeftDestination, Size blockRegionSize)
   在 server.Form1.PeZUms8p5y8tHbtvXhC(Object , Point , Point , Size )
   在 server.Form1.lP9ipFLHp(Object  , DoWorkEventArgs  )
2017-03-22 16:03:19: 句柄无效。   在 System.Drawing.Graphics.CopyFromScreen(Int32 sourceX, Int32 sourceY, Int32 destinationX, Int32 destinationY, Size blockRegionSize, CopyPixelOperation copyPixelOperation)
   在 System.Drawing.Graphics.CopyFromScreen(Point upperLeftSource, Point upperLeftDestination, Size blockRegionSize)
   在 server.Form1.PeZUms8p5y8tHbtvXhC(Object , Point , Point , Size )
   在 server.Form1.lP9ipFLHp(Object  , DoWorkEventArgs  )
2017-03-22 16:03:19: 句柄无效。   在 System.Drawing.Graphics.CopyFromScreen(Int32 sourceX, Int32 sourceY, Int32 destinationX, Int32 destinationY, Size blockRegionSize, CopyPixelOperation copyPixelOperation)
   在 System.Drawing.Graphics.CopyFromScreen(Point upperLeftSource, Point upperLeftDestination, Size blockRegionSize)
   在 server.Form1.PeZUms8p5y8tHbtvXhC(Object , Point , Point , Size )
   在 server.Form1.lP9ipFLHp(Object  , DoWorkEventArgs  )
2017-03-22 16:03:19: 句柄无效。   在 System.Drawing.Graphics.CopyFromScreen(Int32 sourceX, Int32 sourceY, Int32 destinationX, Int32 destinationY, Size blockRegionSize, CopyPixelOperation copyPixelOperation)
   在 System.Drawing.Graphics.CopyFromScreen(Point upperLeftSource, Point upperLeftDestination, Size blockRegionSize)
   在 server.Form1.PeZUms8p5y8tHbtvXhC(Object , Point , Point , Size )
   在 server.Form1.lP9ipFLHp(Object  , DoWorkEventArgs  )
2017-03-22 16:03:19: 句柄无效。   在 System.Drawing.Graphics.CopyFromScreen(Int32 sourceX, Int32 sourceY, Int32 destinationX, Int32 destinationY, Size blockRegionSize, CopyPixelOperation copyPixelOperation)
   在 System.Drawing.Graphics.CopyFromScreen(Point upperLeftSource, Point upperLeftDestination, Size blockRegionSize)
   在 server.Form1.PeZUms8p5y8tHbtvXhC(Object , Point , Point , Size )
   在 server.Form1.lP9ipFLHp(Object  , DoWorkEventArgs  )
2017-03-22 16:03:19: 句柄无效。   在 System.Drawing.Graphics.CopyFromScreen(Int32 sourceX, Int32 sourceY, Int32 destinationX, Int32 destinationY, Size blockRegionSize, CopyPixelOperation copyPixelOperation)
   在 System.Drawing.Graphics.CopyFromScreen(Point upperLeftSource, Point upperLeftDestination, Size blockRegionSize)
   在 server.Form1.PeZUms8p5y8tHbtvXhC(Object , Point , Point , Size )
   在 server.Form1.lP9ipFLHp(Object  , DoWorkEventArgs  )
2017-03-22 16:03:19: 句柄无效。   在 System.Drawing.Graphics.CopyFromScreen(Int32 sourceX, Int32 sourceY, Int32 destinationX, Int32 destinationY, Size blockRegionSize, CopyPixelOperation copyPixelOperation)
   在 System.Drawing.Graphics.CopyFromScreen(Point upperLeftSource, Point upperLeftDestination, Size blockRegionSize)
   在 server.Form1.PeZUms8p5y8tHbtvXhC(Object , Point , Point , Size )
   在 server.Form1.lP9ipFLHp(Object  , DoWorkEventArgs  )
2017-03-22 16:03:19: 句柄无效。   在 System.Drawing.Graphics.CopyFromScreen(Int32 sourceX, Int32 sourceY, Int32 destinationX, Int32 destinationY, Size blockRegionSize, CopyPixelOperation copyPixelOperation)
   在 System.Drawing.Graphics.CopyFromScreen(Point upperLeftSource, Point upperLeftDestination, Size blockRegionSize)
   在 server.Form1.PeZUms8p5y8tHbtvXhC(Object , Point , Point , Size )
   在 server.Form1.lP9ipFLHp(Object  , DoWorkEventArgs  )
2017-03-22 16:03:19: 句柄无效。   在 System.Drawing.Graphics.CopyFromScreen(Int32 sourceX, Int32 sourceY, Int32 destinationX, Int32 destinationY, Size blockRegionSize, CopyPixelOperation copyPixelOperation)
   在 System.Drawing.Graphics.CopyFromScreen(Point upperLeftSource, Point upperLeftDestination, Size blockRegionSize)
   在 server.Form1.PeZUms8p5y8tHbtvXhC(Object , Point , Point , Size )
   在 server.Form1.lP9ipFLHp(Object  , DoWorkEventArgs  )
2017-03-22 16:03:19: 句柄无效。   在 System.Drawing.Graphics.CopyFromScreen(Int32 sourceX, Int32 sourceY, Int32 destinationX, Int32 destinationY, Size blockRegionSize, CopyPixelOperation copyPixelOperation)
   在 System.Drawing.Graphics.CopyFromScreen(Point upperLeftSource, Point upperLeftDestination, Size blockRegionSize)
   在 server.Form1.PeZUms8p5y8tHbtvXhC(Object , Point , Point , Size )
   在 server.Form1.lP9ipFLHp(Object  , DoWorkEventArgs  )
2017-03-22 16:03:19: 句柄无效。   在 System.Drawing.Graphics.CopyFromScreen(Int32 sourceX, Int32 sourceY, Int32 destinationX, Int32 destinationY, Size blockRegionSize, CopyPixelOperation copyPixelOperation)
   在 System.Drawing.Graphics.CopyFromScreen(Point upperLeftSource, Point upperLeftDestination, Size blockRegionSize)
   在 server.Form1.PeZUms8p5y8tHbtvXhC(Object , Point , Point , Size )
   在 server.Form1.lP9ipFLHp(Object  , DoWorkEventArgs  )
2017-03-22 16:03:20: 句柄无效。   在 System.Drawing.Graphics.CopyFromScreen(Int32 sourceX, Int32 sourceY, Int32 destinationX, Int32 destinationY, Size blockRegionSize, CopyPixelOperation copyPixelOperation)
   在 System.Drawing.Graphics.CopyFromScreen(Point upperLeftSource, Point upperLeftDestination, Size blockRegionSize)
   在 server.Form1.PeZUms8p5y8tHbtvXhC(Object , Point , Point , Size )
   在 server.Form1.lP9ipFLHp(Object  , DoWorkEventArgs  )
2017-03-22 16:03:20: 句柄无效。   在 System.Drawing.Graphics.CopyFromScreen(Int32 sourceX, Int32 sourceY, Int32 destinationX, Int32 destinationY, Size blockRegionSize, CopyPixelOperation copyPixelOperation)
   在 System.Drawing.Graphics.CopyFromScreen(Point upperLeftSource, Point upperLeftDestination, Size blockRegionSize)
   在 server.Form1.PeZUms8p5y8tHbtvXhC(Object , Point , Point , Size )
   在 server.Form1.lP9ipFLHp(Object  , DoWorkEventArgs  )
2017-03-22 16:03:20: 句柄无效。   在 System.Drawing.Graphics.CopyFromScreen(Int32 sourceX, Int32 sourceY, Int32 destinationX, Int32 destinationY, Size blockRegionSize, CopyPixelOperation copyPixelOperation)
   在 System.Drawing.Graphics.CopyFromScreen(Point upperLeftSource, Point upperLeftDestination, Size blockRegionSize)
   在 server.Form1.PeZUms8p5y8tHbtvXhC(Object , Point , Point , Size )
   在 server.Form1.lP9ipFLHp(Object  , DoWorkEventArgs  )
2017-03-22 16:03:20: 句柄无效。   在 System.Drawing.Graphics.CopyFromScreen(Int32 sourceX, Int32 sourceY, Int32 destinationX, Int32 destinationY, Size blockRegionSize, CopyPixelOperation copyPixelOperation)
   在 System.Drawing.Graphics.CopyFromScreen(Point upperLeftSource, Point upperLeftDestination, Size blockRegionSize)
   在 server.Form1.PeZUms8p5y8tHbtvXhC(Object , Point , Point , Size )
   在 server.Form1.lP9ipFLHp(Object  , DoWorkEventArgs  )
2017-03-22 16:03:20: 句柄无效。   在 System.Drawing.Graphics.CopyFromScreen(Int32 sourceX, Int32 sourceY, Int32 destinationX, Int32 destinationY, Size blockRegionSize, CopyPixelOperation copyPixelOperation)
   在 System.Drawing.Graphics.CopyFromScreen(Point upperLeftSource, Point upperLeftDestination, Size blockRegionSize)
   在 server.Form1.PeZUms8p5y8tHbtvXhC(Object , Point , Point , Size )
   在 server.Form1.lP9ipFLHp(Object  , DoWorkEventArgs  )
2017-03-22 16:03:20: 句柄无效。   在 System.Drawing.Graphics.CopyFromScreen(Int32 sourceX, Int32 sourceY, Int32 destinationX, Int32 destinationY, Size blockRegionSize, CopyPixelOperation copyPixelOperation)
   在 System.Drawing.Graphics.CopyFromScreen(Point upperLeftSource, Point upperLeftDestination, Size blockRegionSize)
   在 server.Form1.PeZUms8p5y8tHbtvXhC(Object , Point , Point , Size )
   在 server.Form1.lP9ipFLHp(Object  , DoWorkEventArgs  )
2017-03-22 16:03:20: 句柄无效。   在 System.Drawing.Graphics.CopyFromScreen(Int32 sourceX, Int32 sourceY, Int32 destinationX, Int32 destinationY, Size blockRegionSize, CopyPixelOperation copyPixelOperation)
   在 System.Drawing.Graphics.CopyFromScreen(Point upperLeftSource, Point upperLeftDestination, Size blockRegionSize)
   在 server.Form1.PeZUms8p5y8tHbtvXhC(Object , Point , Point , Size )
   在 server.Form1.lP9ipFLHp(Object  , DoWorkEventArgs  )
2017-03-22 16:03:20: 句柄无效。   在 System.Drawing.Graphics.CopyFromScreen(Int32 sourceX, Int32 sourceY, Int32 destinationX, Int32 destinationY, Size blockRegionSize, CopyPixelOperation copyPixelOperation)
   在 System.Drawing.Graphics.CopyFromScreen(Point upperLeftSource, Point upperLeftDestination, Size blockRegionSize)
   在 server.Form1.PeZUms8p5y8tHbtvXhC(Object , Point , Point , Size )
   在 server.Form1.lP9ipFLHp(Object  , DoWorkEventArgs  )
2017-03-22 16:03:20: 句柄无效。   在 System.Drawing.Graphics.CopyFromScreen(Int32 sourceX, Int32 sourceY, Int32 destinationX, Int32 destinationY, Size blockRegionSize, CopyPixelOperation copyPixelOperation)
   在 System.Drawing.Graphics.CopyFromScreen(Point upperLeftSource, Point upperLeftDestination, Size blockRegionSize)
   在 server.Form1.PeZUms8p5y8tHbtvXhC(Object , Point , Point , Size )
   在 server.Form1.lP9ipFLHp(Object  , DoWorkEventArgs  )
2017-03-22 16:03:20: 句柄无效。   在 System.Drawing.Graphics.CopyFromScreen(Int32 sourceX, Int32 sourceY, Int32 destinationX, Int32 destinationY, Size blockRegionSize, CopyPixelOperation copyPixelOperation)
   在 System.Drawing.Graphics.CopyFromScreen(Point upperLeftSource, Point upperLeftDestination, Size blockRegionSize)
   在 server.Form1.PeZUms8p5y8tHbtvXhC(Object , Point , Point , Size )
   在 server.Form1.lP9ipFLHp(Object  , DoWorkEventArgs  )
2017-03-22 16:32:37: 服务还没有启动   在 Yinrg.Net.Sockets.SocketServer.Stop()
   在 server.Form1.GWpkJ6AfU1i88Dg06Sq(Object )
   在 server.Form1.lP9ipFLHp(Object  , DoWorkEventArgs  )
