2017-05-23 10:29:25: 由于连接方在一段时间后没有正确答复或连接的主机没有反应，连接尝试失败。   在 System.Net.Sockets.Socket.EndReceive(IAsyncResult asyncResult)
   在 Yinrg.Net.Sockets.SocketClient.s91nev5CPITrFiQpWCt(Object , Object )
   在 Yinrg.Net.Sockets.SocketClient.GsnOTWuuJ(IAsyncResult  )
2017-05-23 10:29:26: 由于连接方在一段时间后没有正确答复或连接的主机没有反应，连接尝试失败。   在 System.Net.Sockets.Socket.EndReceive(IAsyncResult asyncResult)
   在 Yinrg.Net.Sockets.SocketClient.s91nev5CPITrFiQpWCt(Object , Object )
   在 Yinrg.Net.Sockets.SocketClient.GsnOTWuuJ(IAsyncResult  )
2017-05-23 11:04:48: 由于连接方在一段时间后没有正确答复或连接的主机没有反应，连接尝试失败。   在 System.Net.Sockets.Socket.EndReceive(IAsyncResult asyncResult)
   在 Yinrg.Net.Sockets.SocketClient.s91nev5CPITrFiQpWCt(Object , Object )
   在 Yinrg.Net.Sockets.SocketClient.GsnOTWuuJ(IAsyncResult  )
2017-05-23 11:49:37: 由于连接方在一段时间后没有正确答复或连接的主机没有反应，连接尝试失败。   在 System.Net.Sockets.Socket.EndReceive(IAsyncResult asyncResult)
   在 Yinrg.Net.Sockets.SocketClient.s91nev5CPITrFiQpWCt(Object , Object )
   在 Yinrg.Net.Sockets.SocketClient.GsnOTWuuJ(IAsyncResult  )
2017-05-23 15:00:09: 无法访问已释放的对象。
对象名:“System.Net.Sockets.Socket”。   在 System.Net.Sockets.Socket.EndReceive(IAsyncResult asyncResult, SocketError& errorCode)
   在 System.Net.Sockets.Socket.EndReceive(IAsyncResult asyncResult)
   在 Yinrg.Net.Sockets.SocketClient.s91nev5CPITrFiQpWCt(Object , Object )
   在 Yinrg.Net.Sockets.SocketClient.GsnOTWuuJ(IAsyncResult  )
2017-05-23 15:00:09: 无法访问已释放的对象。
对象名:“System.Net.Sockets.Socket”。   在 System.Net.Sockets.Socket.EndReceive(IAsyncResult asyncResult, SocketError& errorCode)
   在 System.Net.Sockets.Socket.EndReceive(IAsyncResult asyncResult)
   在 Yinrg.Net.Sockets.SocketClient.s91nev5CPITrFiQpWCt(Object , Object )
   在 Yinrg.Net.Sockets.SocketClient.GsnOTWuuJ(IAsyncResult  )
2017-05-23 15:43:32: 由于连接方在一段时间后没有正确答复或连接的主机没有反应，连接尝试失败。   在 System.Net.Sockets.Socket.EndReceive(IAsyncResult asyncResult)
   在 Yinrg.Net.Sockets.SocketClient.s91nev5CPITrFiQpWCt(Object , Object )
   在 Yinrg.Net.Sockets.SocketClient.GsnOTWuuJ(IAsyncResult  )
2017-05-23 17:34:40: 无法访问已释放的对象。
对象名:“System.Net.Sockets.Socket”。   在 System.Net.Sockets.Socket.EndReceive(IAsyncResult asyncResult, SocketError& errorCode)
   在 System.Net.Sockets.Socket.EndReceive(IAsyncResult asyncResult)
   在 Yinrg.Net.Sockets.SocketClient.s91nev5CPITrFiQpWCt(Object , Object )
   在 Yinrg.Net.Sockets.SocketClient.GsnOTWuuJ(IAsyncResult  )
2017-05-23 17:34:40: 无法访问已释放的对象。
对象名:“System.Net.Sockets.Socket”。   在 System.Net.Sockets.Socket.EndReceive(IAsyncResult asyncResult, SocketError& errorCode)
   在 System.Net.Sockets.Socket.EndReceive(IAsyncResult asyncResult)
   在 Yinrg.Net.Sockets.SocketClient.s91nev5CPITrFiQpWCt(Object , Object )
   在 Yinrg.Net.Sockets.SocketClient.GsnOTWuuJ(IAsyncResult  )
2017-05-23 17:34:40: 无法访问已释放的对象。
对象名:“System.Net.Sockets.Socket”。   在 System.Net.Sockets.Socket.EndReceive(IAsyncResult asyncResult, SocketError& errorCode)
   在 System.Net.Sockets.Socket.EndReceive(IAsyncResult asyncResult)
   在 Yinrg.Net.Sockets.SocketClient.s91nev5CPITrFiQpWCt(Object , Object )
   在 Yinrg.Net.Sockets.SocketClient.GsnOTWuuJ(IAsyncResult  )
2017-05-23 17:34:40: 无法访问已释放的对象。
对象名:“System.Net.Sockets.Socket”。   在 System.Net.Sockets.Socket.EndReceive(IAsyncResult asyncResult, SocketError& errorCode)
   在 System.Net.Sockets.Socket.EndReceive(IAsyncResult asyncResult)
   在 Yinrg.Net.Sockets.SocketClient.s91nev5CPITrFiQpWCt(Object , Object )
   在 Yinrg.Net.Sockets.SocketClient.GsnOTWuuJ(IAsyncResult  )
2017-05-23 17:34:40: 无法访问已释放的对象。
对象名:“System.Net.Sockets.Socket”。   在 System.Net.Sockets.Socket.EndReceive(IAsyncResult asyncResult, SocketError& errorCode)
   在 System.Net.Sockets.Socket.EndReceive(IAsyncResult asyncResult)
   在 Yinrg.Net.Sockets.SocketClient.s91nev5CPITrFiQpWCt(Object , Object )
   在 Yinrg.Net.Sockets.SocketClient.GsnOTWuuJ(IAsyncResult  )
2017-05-23 17:34:40: 无法访问已释放的对象。
对象名:“System.Net.Sockets.Socket”。   在 System.Net.Sockets.Socket.EndReceive(IAsyncResult asyncResult, SocketError& errorCode)
   在 System.Net.Sockets.Socket.EndReceive(IAsyncResult asyncResult)
   在 Yinrg.Net.Sockets.SocketClient.s91nev5CPITrFiQpWCt(Object , Object )
   在 Yinrg.Net.Sockets.SocketClient.GsnOTWuuJ(IAsyncResult  )
2017-05-23 17:36:38: 无法访问已释放的对象。
对象名:“System.Net.Sockets.Socket”。   在 System.Net.Sockets.Socket.EndReceive(IAsyncResult asyncResult, SocketError& errorCode)
   在 System.Net.Sockets.Socket.EndReceive(IAsyncResult asyncResult)
   在 Yinrg.Net.Sockets.SocketClient.s91nev5CPITrFiQpWCt(Object , Object )
   在 Yinrg.Net.Sockets.SocketClient.GsnOTWuuJ(IAsyncResult  )
2017-05-23 17:36:38: 无法访问已释放的对象。
对象名:“System.Net.Sockets.Socket”。   在 System.Net.Sockets.Socket.EndReceive(IAsyncResult asyncResult, SocketError& errorCode)
   在 System.Net.Sockets.Socket.EndReceive(IAsyncResult asyncResult)
   在 Yinrg.Net.Sockets.SocketClient.s91nev5CPITrFiQpWCt(Object , Object )
   在 Yinrg.Net.Sockets.SocketClient.GsnOTWuuJ(IAsyncResult  )
