2019-04-01 09:14:04: 由于连接方在一段时间后没有正确答复或连接的主机没有反应，连接尝试失败。   at System.Net.Sockets.Socket.EndReceive(IAsyncResult asyncResult)
   at Yinrg.Net.Sockets.SocketClient.s91nev5CPITrFiQpWCt(Object , Object )
   at Yinrg.Net.Sockets.SocketClient.GsnOTWuuJ(IAsyncResult  )
2019-04-01 09:16:15: 由于连接方在一段时间后没有正确答复或连接的主机没有反应，连接尝试失败。   at System.Net.Sockets.Socket.EndReceive(IAsyncResult asyncResult)
   at Yinrg.Net.Sockets.SocketClient.s91nev5CPITrFiQpWCt(Object , Object )
   at Yinrg.Net.Sockets.SocketClient.GsnOTWuuJ(IAsyncResult  )
2019-04-01 09:29:30: 由于连接方在一段时间后没有正确答复或连接的主机没有反应，连接尝试失败。   at System.Net.Sockets.Socket.EndReceive(IAsyncResult asyncResult)
   at Yinrg.Net.Sockets.SocketClient.s91nev5CPITrFiQpWCt(Object , Object )
   at Yinrg.Net.Sockets.SocketClient.GsnOTWuuJ(IAsyncResult  )
2019-04-01 10:13:07: 由于连接方在一段时间后没有正确答复或连接的主机没有反应，连接尝试失败。   at System.Net.Sockets.Socket.EndReceive(IAsyncResult asyncResult)
   at Yinrg.Net.Sockets.SocketClient.s91nev5CPITrFiQpWCt(Object , Object )
   at Yinrg.Net.Sockets.SocketClient.GsnOTWuuJ(IAsyncResult  )
2019-04-01 10:13:07: 由于连接方在一段时间后没有正确答复或连接的主机没有反应，连接尝试失败。   at System.Net.Sockets.Socket.EndReceive(IAsyncResult asyncResult)
   at Yinrg.Net.Sockets.SocketClient.s91nev5CPITrFiQpWCt(Object , Object )
   at Yinrg.Net.Sockets.SocketClient.GsnOTWuuJ(IAsyncResult  )
2019-04-01 10:13:07: 由于连接方在一段时间后没有正确答复或连接的主机没有反应，连接尝试失败。   at System.Net.Sockets.Socket.EndReceive(IAsyncResult asyncResult)
   at Yinrg.Net.Sockets.SocketClient.s91nev5CPITrFiQpWCt(Object , Object )
   at Yinrg.Net.Sockets.SocketClient.GsnOTWuuJ(IAsyncResult  )
2019-04-01 10:13:07: 由于连接方在一段时间后没有正确答复或连接的主机没有反应，连接尝试失败。   at System.Net.Sockets.Socket.EndReceive(IAsyncResult asyncResult)
   at Yinrg.Net.Sockets.SocketClient.s91nev5CPITrFiQpWCt(Object , Object )
   at Yinrg.Net.Sockets.SocketClient.GsnOTWuuJ(IAsyncResult  )
2019-04-01 10:13:07: 由于连接方在一段时间后没有正确答复或连接的主机没有反应，连接尝试失败。   at System.Net.Sockets.Socket.EndReceive(IAsyncResult asyncResult)
   at Yinrg.Net.Sockets.SocketClient.s91nev5CPITrFiQpWCt(Object , Object )
   at Yinrg.Net.Sockets.SocketClient.GsnOTWuuJ(IAsyncResult  )
2019-04-01 10:13:07: 由于连接方在一段时间后没有正确答复或连接的主机没有反应，连接尝试失败。   at System.Net.Sockets.Socket.EndReceive(IAsyncResult asyncResult)
   at Yinrg.Net.Sockets.SocketClient.s91nev5CPITrFiQpWCt(Object , Object )
   at Yinrg.Net.Sockets.SocketClient.GsnOTWuuJ(IAsyncResult  )
2019-04-01 10:13:07: 由于连接方在一段时间后没有正确答复或连接的主机没有反应，连接尝试失败。   at System.Net.Sockets.Socket.EndReceive(IAsyncResult asyncResult)
   at Yinrg.Net.Sockets.SocketClient.s91nev5CPITrFiQpWCt(Object , Object )
   at Yinrg.Net.Sockets.SocketClient.GsnOTWuuJ(IAsyncResult  )
2019-04-01 10:13:07: 由于连接方在一段时间后没有正确答复或连接的主机没有反应，连接尝试失败。   at System.Net.Sockets.Socket.EndReceive(IAsyncResult asyncResult)
   at Yinrg.Net.Sockets.SocketClient.s91nev5CPITrFiQpWCt(Object , Object )
   at Yinrg.Net.Sockets.SocketClient.GsnOTWuuJ(IAsyncResult  )
2019-04-01 10:13:07: 由于连接方在一段时间后没有正确答复或连接的主机没有反应，连接尝试失败。   at System.Net.Sockets.Socket.EndReceive(IAsyncResult asyncResult)
   at Yinrg.Net.Sockets.SocketClient.s91nev5CPITrFiQpWCt(Object , Object )
   at Yinrg.Net.Sockets.SocketClient.GsnOTWuuJ(IAsyncResult  )
2019-04-01 10:13:07: 由于连接方在一段时间后没有正确答复或连接的主机没有反应，连接尝试失败。   at System.Net.Sockets.Socket.EndReceive(IAsyncResult asyncResult)
   at Yinrg.Net.Sockets.SocketClient.s91nev5CPITrFiQpWCt(Object , Object )
   at Yinrg.Net.Sockets.SocketClient.GsnOTWuuJ(IAsyncResult  )
2019-04-01 10:13:07: 由于连接方在一段时间后没有正确答复或连接的主机没有反应，连接尝试失败。   at System.Net.Sockets.Socket.EndReceive(IAsyncResult asyncResult)
   at Yinrg.Net.Sockets.SocketClient.s91nev5CPITrFiQpWCt(Object , Object )
   at Yinrg.Net.Sockets.SocketClient.GsnOTWuuJ(IAsyncResult  )
2019-04-01 10:35:55: Cannot access a disposed object.
Object name: 'System.Net.Sockets.Socket'.   at System.Net.Sockets.Socket.EndReceive(IAsyncResult asyncResult, SocketError& errorCode)
   at System.Net.Sockets.Socket.EndReceive(IAsyncResult asyncResult)
   at Yinrg.Net.Sockets.SocketClient.s91nev5CPITrFiQpWCt(Object , Object )
   at Yinrg.Net.Sockets.SocketClient.GsnOTWuuJ(IAsyncResult  )
2019-04-01 10:35:55: Cannot access a disposed object.
Object name: 'System.Net.Sockets.Socket'.   at System.Net.Sockets.Socket.EndSend(IAsyncResult asyncResult, SocketError& errorCode)
   at System.Net.Sockets.Socket.EndSend(IAsyncResult asyncResult)
   at Yinrg.Net.Sockets.SocketClient.wQh1k8mXtn4yGgQ8LDh(Object , Object )
   at Yinrg.Net.Sockets.SocketClient.SendByteCallBack(IAsyncResult ar)
2019-04-01 10:35:55: Cannot access a disposed object.
Object name: 'System.Net.Sockets.Socket'.   at System.Net.Sockets.Socket.EndReceive(IAsyncResult asyncResult, SocketError& errorCode)
   at System.Net.Sockets.Socket.EndReceive(IAsyncResult asyncResult)
   at Yinrg.Net.Sockets.SocketClient.s91nev5CPITrFiQpWCt(Object , Object )
   at Yinrg.Net.Sockets.SocketClient.GsnOTWuuJ(IAsyncResult  )
2019-04-01 10:39:41: 由于连接方在一段时间后没有正确答复或连接的主机没有反应，连接尝试失败。   at System.Net.Sockets.Socket.EndReceive(IAsyncResult asyncResult)
   at Yinrg.Net.Sockets.SocketClient.s91nev5CPITrFiQpWCt(Object , Object )
   at Yinrg.Net.Sockets.SocketClient.GsnOTWuuJ(IAsyncResult  )
2019-04-01 10:49:54: 由于连接方在一段时间后没有正确答复或连接的主机没有反应，连接尝试失败。   at System.Net.Sockets.Socket.EndReceive(IAsyncResult asyncResult)
   at Yinrg.Net.Sockets.SocketClient.s91nev5CPITrFiQpWCt(Object , Object )
   at Yinrg.Net.Sockets.SocketClient.GsnOTWuuJ(IAsyncResult  )
2019-04-01 10:50:45: 由于连接方在一段时间后没有正确答复或连接的主机没有反应，连接尝试失败。   at System.Net.Sockets.Socket.EndReceive(IAsyncResult asyncResult)
   at Yinrg.Net.Sockets.SocketClient.s91nev5CPITrFiQpWCt(Object , Object )
   at Yinrg.Net.Sockets.SocketClient.GsnOTWuuJ(IAsyncResult  )
2019-04-01 10:50:53: 由于连接方在一段时间后没有正确答复或连接的主机没有反应，连接尝试失败。   at System.Net.Sockets.Socket.EndReceive(IAsyncResult asyncResult)
   at Yinrg.Net.Sockets.SocketClient.s91nev5CPITrFiQpWCt(Object , Object )
   at Yinrg.Net.Sockets.SocketClient.GsnOTWuuJ(IAsyncResult  )
2019-04-01 10:53:58: 由于连接方在一段时间后没有正确答复或连接的主机没有反应，连接尝试失败。   at System.Net.Sockets.Socket.EndReceive(IAsyncResult asyncResult)
   at Yinrg.Net.Sockets.SocketClient.s91nev5CPITrFiQpWCt(Object , Object )
   at Yinrg.Net.Sockets.SocketClient.GsnOTWuuJ(IAsyncResult  )
2019-04-01 10:54:21: 由于连接方在一段时间后没有正确答复或连接的主机没有反应，连接尝试失败。   at System.Net.Sockets.Socket.EndReceive(IAsyncResult asyncResult)
   at Yinrg.Net.Sockets.SocketClient.s91nev5CPITrFiQpWCt(Object , Object )
   at Yinrg.Net.Sockets.SocketClient.GsnOTWuuJ(IAsyncResult  )
2019-04-01 11:03:49: 由于连接方在一段时间后没有正确答复或连接的主机没有反应，连接尝试失败。   at System.Net.Sockets.Socket.EndReceive(IAsyncResult asyncResult)
   at Yinrg.Net.Sockets.SocketClient.s91nev5CPITrFiQpWCt(Object , Object )
   at Yinrg.Net.Sockets.SocketClient.GsnOTWuuJ(IAsyncResult  )
2019-04-01 11:03:49: 由于连接方在一段时间后没有正确答复或连接的主机没有反应，连接尝试失败。   at System.Net.Sockets.Socket.EndReceive(IAsyncResult asyncResult)
   at Yinrg.Net.Sockets.SocketClient.s91nev5CPITrFiQpWCt(Object , Object )
   at Yinrg.Net.Sockets.SocketClient.GsnOTWuuJ(IAsyncResult  )
2019-04-01 11:03:58: 由于连接方在一段时间后没有正确答复或连接的主机没有反应，连接尝试失败。   at System.Net.Sockets.Socket.EndReceive(IAsyncResult asyncResult)
   at Yinrg.Net.Sockets.SocketClient.s91nev5CPITrFiQpWCt(Object , Object )
   at Yinrg.Net.Sockets.SocketClient.GsnOTWuuJ(IAsyncResult  )
2019-04-01 11:11:23: 由于连接方在一段时间后没有正确答复或连接的主机没有反应，连接尝试失败。   at System.Net.Sockets.Socket.EndReceive(IAsyncResult asyncResult)
   at Yinrg.Net.Sockets.SocketClient.s91nev5CPITrFiQpWCt(Object , Object )
   at Yinrg.Net.Sockets.SocketClient.GsnOTWuuJ(IAsyncResult  )
2019-04-01 11:11:32: 由于连接方在一段时间后没有正确答复或连接的主机没有反应，连接尝试失败。   at System.Net.Sockets.Socket.EndReceive(IAsyncResult asyncResult)
   at Yinrg.Net.Sockets.SocketClient.s91nev5CPITrFiQpWCt(Object , Object )
   at Yinrg.Net.Sockets.SocketClient.GsnOTWuuJ(IAsyncResult  )
2019-04-01 11:31:56: 由于连接方在一段时间后没有正确答复或连接的主机没有反应，连接尝试失败。   at System.Net.Sockets.Socket.EndReceive(IAsyncResult asyncResult)
   at Yinrg.Net.Sockets.SocketClient.s91nev5CPITrFiQpWCt(Object , Object )
   at Yinrg.Net.Sockets.SocketClient.GsnOTWuuJ(IAsyncResult  )
2019-04-01 11:50:40: 由于连接方在一段时间后没有正确答复或连接的主机没有反应，连接尝试失败。   at System.Net.Sockets.Socket.EndReceive(IAsyncResult asyncResult)
   at Yinrg.Net.Sockets.SocketClient.s91nev5CPITrFiQpWCt(Object , Object )
   at Yinrg.Net.Sockets.SocketClient.GsnOTWuuJ(IAsyncResult  )
2019-04-01 11:50:40: 由于连接方在一段时间后没有正确答复或连接的主机没有反应，连接尝试失败。   at System.Net.Sockets.Socket.EndReceive(IAsyncResult asyncResult)
   at Yinrg.Net.Sockets.SocketClient.s91nev5CPITrFiQpWCt(Object , Object )
   at Yinrg.Net.Sockets.SocketClient.GsnOTWuuJ(IAsyncResult  )
2019-04-01 11:50:40: 由于连接方在一段时间后没有正确答复或连接的主机没有反应，连接尝试失败。   at System.Net.Sockets.Socket.EndReceive(IAsyncResult asyncResult)
   at Yinrg.Net.Sockets.SocketClient.s91nev5CPITrFiQpWCt(Object , Object )
   at Yinrg.Net.Sockets.SocketClient.GsnOTWuuJ(IAsyncResult  )
2019-04-01 11:50:40: 由于连接方在一段时间后没有正确答复或连接的主机没有反应，连接尝试失败。   at System.Net.Sockets.Socket.EndReceive(IAsyncResult asyncResult)
   at Yinrg.Net.Sockets.SocketClient.s91nev5CPITrFiQpWCt(Object , Object )
   at Yinrg.Net.Sockets.SocketClient.GsnOTWuuJ(IAsyncResult  )
2019-04-01 11:50:40: 由于连接方在一段时间后没有正确答复或连接的主机没有反应，连接尝试失败。   at System.Net.Sockets.Socket.EndReceive(IAsyncResult asyncResult)
   at Yinrg.Net.Sockets.SocketClient.s91nev5CPITrFiQpWCt(Object , Object )
   at Yinrg.Net.Sockets.SocketClient.GsnOTWuuJ(IAsyncResult  )
2019-04-01 11:50:40: 由于连接方在一段时间后没有正确答复或连接的主机没有反应，连接尝试失败。   at System.Net.Sockets.Socket.EndReceive(IAsyncResult asyncResult)
   at Yinrg.Net.Sockets.SocketClient.s91nev5CPITrFiQpWCt(Object , Object )
   at Yinrg.Net.Sockets.SocketClient.GsnOTWuuJ(IAsyncResult  )
2019-04-01 11:50:40: 由于连接方在一段时间后没有正确答复或连接的主机没有反应，连接尝试失败。   at System.Net.Sockets.Socket.EndReceive(IAsyncResult asyncResult)
   at Yinrg.Net.Sockets.SocketClient.s91nev5CPITrFiQpWCt(Object , Object )
   at Yinrg.Net.Sockets.SocketClient.GsnOTWuuJ(IAsyncResult  )
2019-04-01 11:50:40: 由于连接方在一段时间后没有正确答复或连接的主机没有反应，连接尝试失败。   at System.Net.Sockets.Socket.EndReceive(IAsyncResult asyncResult)
   at Yinrg.Net.Sockets.SocketClient.s91nev5CPITrFiQpWCt(Object , Object )
   at Yinrg.Net.Sockets.SocketClient.GsnOTWuuJ(IAsyncResult  )
2019-04-01 11:50:40: 由于连接方在一段时间后没有正确答复或连接的主机没有反应，连接尝试失败。   at System.Net.Sockets.Socket.EndReceive(IAsyncResult asyncResult)
   at Yinrg.Net.Sockets.SocketClient.s91nev5CPITrFiQpWCt(Object , Object )
   at Yinrg.Net.Sockets.SocketClient.GsnOTWuuJ(IAsyncResult  )
2019-04-01 11:50:41: 由于连接方在一段时间后没有正确答复或连接的主机没有反应，连接尝试失败。   at System.Net.Sockets.Socket.EndReceive(IAsyncResult asyncResult)
   at Yinrg.Net.Sockets.SocketClient.s91nev5CPITrFiQpWCt(Object , Object )
   at Yinrg.Net.Sockets.SocketClient.GsnOTWuuJ(IAsyncResult  )
2019-04-01 11:50:41: 由于连接方在一段时间后没有正确答复或连接的主机没有反应，连接尝试失败。   at System.Net.Sockets.Socket.EndReceive(IAsyncResult asyncResult)
   at Yinrg.Net.Sockets.SocketClient.s91nev5CPITrFiQpWCt(Object , Object )
   at Yinrg.Net.Sockets.SocketClient.GsnOTWuuJ(IAsyncResult  )
2019-04-01 11:50:41: 由于连接方在一段时间后没有正确答复或连接的主机没有反应，连接尝试失败。   at System.Net.Sockets.Socket.EndReceive(IAsyncResult asyncResult)
   at Yinrg.Net.Sockets.SocketClient.s91nev5CPITrFiQpWCt(Object , Object )
   at Yinrg.Net.Sockets.SocketClient.GsnOTWuuJ(IAsyncResult  )
2019-04-01 11:50:41: 由于连接方在一段时间后没有正确答复或连接的主机没有反应，连接尝试失败。   at System.Net.Sockets.Socket.EndReceive(IAsyncResult asyncResult)
   at Yinrg.Net.Sockets.SocketClient.s91nev5CPITrFiQpWCt(Object , Object )
   at Yinrg.Net.Sockets.SocketClient.GsnOTWuuJ(IAsyncResult  )
2019-04-01 11:50:41: 由于连接方在一段时间后没有正确答复或连接的主机没有反应，连接尝试失败。   at System.Net.Sockets.Socket.EndReceive(IAsyncResult asyncResult)
   at Yinrg.Net.Sockets.SocketClient.s91nev5CPITrFiQpWCt(Object , Object )
   at Yinrg.Net.Sockets.SocketClient.GsnOTWuuJ(IAsyncResult  )
2019-04-01 11:50:41: 由于连接方在一段时间后没有正确答复或连接的主机没有反应，连接尝试失败。   at System.Net.Sockets.Socket.EndReceive(IAsyncResult asyncResult)
   at Yinrg.Net.Sockets.SocketClient.s91nev5CPITrFiQpWCt(Object , Object )
   at Yinrg.Net.Sockets.SocketClient.GsnOTWuuJ(IAsyncResult  )
2019-04-01 11:50:41: 由于连接方在一段时间后没有正确答复或连接的主机没有反应，连接尝试失败。   at System.Net.Sockets.Socket.EndReceive(IAsyncResult asyncResult)
   at Yinrg.Net.Sockets.SocketClient.s91nev5CPITrFiQpWCt(Object , Object )
   at Yinrg.Net.Sockets.SocketClient.GsnOTWuuJ(IAsyncResult  )
2019-04-01 11:50:41: 由于连接方在一段时间后没有正确答复或连接的主机没有反应，连接尝试失败。   at System.Net.Sockets.Socket.EndReceive(IAsyncResult asyncResult)
   at Yinrg.Net.Sockets.SocketClient.s91nev5CPITrFiQpWCt(Object , Object )
   at Yinrg.Net.Sockets.SocketClient.GsnOTWuuJ(IAsyncResult  )
2019-04-01 11:50:41: 由于连接方在一段时间后没有正确答复或连接的主机没有反应，连接尝试失败。   at System.Net.Sockets.Socket.EndReceive(IAsyncResult asyncResult)
   at Yinrg.Net.Sockets.SocketClient.s91nev5CPITrFiQpWCt(Object , Object )
   at Yinrg.Net.Sockets.SocketClient.GsnOTWuuJ(IAsyncResult  )
2019-04-01 11:50:41: 由于连接方在一段时间后没有正确答复或连接的主机没有反应，连接尝试失败。   at System.Net.Sockets.Socket.EndReceive(IAsyncResult asyncResult)
   at Yinrg.Net.Sockets.SocketClient.s91nev5CPITrFiQpWCt(Object , Object )
   at Yinrg.Net.Sockets.SocketClient.GsnOTWuuJ(IAsyncResult  )
2019-04-01 11:50:41: 由于连接方在一段时间后没有正确答复或连接的主机没有反应，连接尝试失败。   at System.Net.Sockets.Socket.EndReceive(IAsyncResult asyncResult)
   at Yinrg.Net.Sockets.SocketClient.s91nev5CPITrFiQpWCt(Object , Object )
   at Yinrg.Net.Sockets.SocketClient.GsnOTWuuJ(IAsyncResult  )
2019-04-01 11:50:41: 由于连接方在一段时间后没有正确答复或连接的主机没有反应，连接尝试失败。   at System.Net.Sockets.Socket.EndReceive(IAsyncResult asyncResult)
   at Yinrg.Net.Sockets.SocketClient.s91nev5CPITrFiQpWCt(Object , Object )
   at Yinrg.Net.Sockets.SocketClient.GsnOTWuuJ(IAsyncResult  )
2019-04-01 11:50:41: 由于连接方在一段时间后没有正确答复或连接的主机没有反应，连接尝试失败。   at System.Net.Sockets.Socket.EndReceive(IAsyncResult asyncResult)
   at Yinrg.Net.Sockets.SocketClient.s91nev5CPITrFiQpWCt(Object , Object )
   at Yinrg.Net.Sockets.SocketClient.GsnOTWuuJ(IAsyncResult  )
2019-04-01 11:50:41: 由于连接方在一段时间后没有正确答复或连接的主机没有反应，连接尝试失败。   at System.Net.Sockets.Socket.EndReceive(IAsyncResult asyncResult)
   at Yinrg.Net.Sockets.SocketClient.s91nev5CPITrFiQpWCt(Object , Object )
   at Yinrg.Net.Sockets.SocketClient.GsnOTWuuJ(IAsyncResult  )
2019-04-01 11:50:41: 由于连接方在一段时间后没有正确答复或连接的主机没有反应，连接尝试失败。   at System.Net.Sockets.Socket.EndReceive(IAsyncResult asyncResult)
   at Yinrg.Net.Sockets.SocketClient.s91nev5CPITrFiQpWCt(Object , Object )
   at Yinrg.Net.Sockets.SocketClient.GsnOTWuuJ(IAsyncResult  )
2019-04-01 11:50:41: 由于连接方在一段时间后没有正确答复或连接的主机没有反应，连接尝试失败。   at System.Net.Sockets.Socket.EndReceive(IAsyncResult asyncResult)
   at Yinrg.Net.Sockets.SocketClient.s91nev5CPITrFiQpWCt(Object , Object )
   at Yinrg.Net.Sockets.SocketClient.GsnOTWuuJ(IAsyncResult  )
2019-04-01 11:50:41: 由于连接方在一段时间后没有正确答复或连接的主机没有反应，连接尝试失败。   at System.Net.Sockets.Socket.EndReceive(IAsyncResult asyncResult)
   at Yinrg.Net.Sockets.SocketClient.s91nev5CPITrFiQpWCt(Object , Object )
   at Yinrg.Net.Sockets.SocketClient.GsnOTWuuJ(IAsyncResult  )
2019-04-01 11:50:41: 由于连接方在一段时间后没有正确答复或连接的主机没有反应，连接尝试失败。   at System.Net.Sockets.Socket.EndReceive(IAsyncResult asyncResult)
   at Yinrg.Net.Sockets.SocketClient.s91nev5CPITrFiQpWCt(Object , Object )
   at Yinrg.Net.Sockets.SocketClient.GsnOTWuuJ(IAsyncResult  )
2019-04-01 14:01:59: 由于连接方在一段时间后没有正确答复或连接的主机没有反应，连接尝试失败。   at System.Net.Sockets.Socket.EndReceive(IAsyncResult asyncResult)
   at Yinrg.Net.Sockets.SocketClient.s91nev5CPITrFiQpWCt(Object , Object )
   at Yinrg.Net.Sockets.SocketClient.GsnOTWuuJ(IAsyncResult  )
2019-04-01 14:31:59: 由于连接方在一段时间后没有正确答复或连接的主机没有反应，连接尝试失败。   at System.Net.Sockets.Socket.EndReceive(IAsyncResult asyncResult)
   at Yinrg.Net.Sockets.SocketClient.s91nev5CPITrFiQpWCt(Object , Object )
   at Yinrg.Net.Sockets.SocketClient.GsnOTWuuJ(IAsyncResult  )
2019-04-01 14:33:05: 由于连接方在一段时间后没有正确答复或连接的主机没有反应，连接尝试失败。   at System.Net.Sockets.Socket.EndReceive(IAsyncResult asyncResult)
   at Yinrg.Net.Sockets.SocketClient.s91nev5CPITrFiQpWCt(Object , Object )
   at Yinrg.Net.Sockets.SocketClient.GsnOTWuuJ(IAsyncResult  )
2019-04-01 14:33:07: 由于连接方在一段时间后没有正确答复或连接的主机没有反应，连接尝试失败。   at System.Net.Sockets.Socket.EndReceive(IAsyncResult asyncResult)
   at Yinrg.Net.Sockets.SocketClient.s91nev5CPITrFiQpWCt(Object , Object )
   at Yinrg.Net.Sockets.SocketClient.GsnOTWuuJ(IAsyncResult  )
2019-04-01 14:33:10: 由于连接方在一段时间后没有正确答复或连接的主机没有反应，连接尝试失败。   at System.Net.Sockets.Socket.EndReceive(IAsyncResult asyncResult)
   at Yinrg.Net.Sockets.SocketClient.s91nev5CPITrFiQpWCt(Object , Object )
   at Yinrg.Net.Sockets.SocketClient.GsnOTWuuJ(IAsyncResult  )
2019-04-01 14:33:17: 由于连接方在一段时间后没有正确答复或连接的主机没有反应，连接尝试失败。   at System.Net.Sockets.Socket.EndReceive(IAsyncResult asyncResult)
   at Yinrg.Net.Sockets.SocketClient.s91nev5CPITrFiQpWCt(Object , Object )
   at Yinrg.Net.Sockets.SocketClient.GsnOTWuuJ(IAsyncResult  )
2019-04-01 14:33:54: 由于连接方在一段时间后没有正确答复或连接的主机没有反应，连接尝试失败。   at System.Net.Sockets.Socket.EndReceive(IAsyncResult asyncResult)
   at Yinrg.Net.Sockets.SocketClient.s91nev5CPITrFiQpWCt(Object , Object )
   at Yinrg.Net.Sockets.SocketClient.GsnOTWuuJ(IAsyncResult  )
2019-04-01 14:34:03: 由于连接方在一段时间后没有正确答复或连接的主机没有反应，连接尝试失败。   at System.Net.Sockets.Socket.EndReceive(IAsyncResult asyncResult)
   at Yinrg.Net.Sockets.SocketClient.s91nev5CPITrFiQpWCt(Object , Object )
   at Yinrg.Net.Sockets.SocketClient.GsnOTWuuJ(IAsyncResult  )
2019-04-01 14:35:35: 由于连接方在一段时间后没有正确答复或连接的主机没有反应，连接尝试失败。   at System.Net.Sockets.Socket.EndReceive(IAsyncResult asyncResult)
   at Yinrg.Net.Sockets.SocketClient.s91nev5CPITrFiQpWCt(Object , Object )
   at Yinrg.Net.Sockets.SocketClient.GsnOTWuuJ(IAsyncResult  )
2019-04-01 14:36:13: 由于连接方在一段时间后没有正确答复或连接的主机没有反应，连接尝试失败。   at System.Net.Sockets.Socket.EndReceive(IAsyncResult asyncResult)
   at Yinrg.Net.Sockets.SocketClient.s91nev5CPITrFiQpWCt(Object , Object )
   at Yinrg.Net.Sockets.SocketClient.GsnOTWuuJ(IAsyncResult  )
2019-04-01 14:37:47: Cannot access a disposed object.
Object name: 'System.Net.Sockets.Socket'.   at System.Net.Sockets.Socket.EndReceive(IAsyncResult asyncResult, SocketError& errorCode)
   at System.Net.Sockets.Socket.EndReceive(IAsyncResult asyncResult)
   at Yinrg.Net.Sockets.SocketClient.s91nev5CPITrFiQpWCt(Object , Object )
   at Yinrg.Net.Sockets.SocketClient.GsnOTWuuJ(IAsyncResult  )
2019-04-01 14:37:47: Cannot access a disposed object.
Object name: 'System.Net.Sockets.Socket'.   at System.Net.Sockets.Socket.EndSend(IAsyncResult asyncResult, SocketError& errorCode)
   at System.Net.Sockets.Socket.EndSend(IAsyncResult asyncResult)
   at Yinrg.Net.Sockets.SocketClient.wQh1k8mXtn4yGgQ8LDh(Object , Object )
   at Yinrg.Net.Sockets.SocketClient.SendByteCallBack(IAsyncResult ar)
2019-04-01 14:37:47: Cannot access a disposed object.
Object name: 'System.Net.Sockets.Socket'.   at System.Net.Sockets.Socket.EndReceive(IAsyncResult asyncResult, SocketError& errorCode)
   at System.Net.Sockets.Socket.EndReceive(IAsyncResult asyncResult)
   at Yinrg.Net.Sockets.SocketClient.s91nev5CPITrFiQpWCt(Object , Object )
   at Yinrg.Net.Sockets.SocketClient.GsnOTWuuJ(IAsyncResult  )
2019-04-01 14:37:47: Cannot access a disposed object.
Object name: 'System.Net.Sockets.Socket'.   at System.Net.Sockets.Socket.EndSend(IAsyncResult asyncResult, SocketError& errorCode)
   at System.Net.Sockets.Socket.EndSend(IAsyncResult asyncResult)
   at Yinrg.Net.Sockets.SocketClient.wQh1k8mXtn4yGgQ8LDh(Object , Object )
   at Yinrg.Net.Sockets.SocketClient.SendByteCallBack(IAsyncResult ar)
2019-04-01 14:37:47: Cannot access a disposed object.
Object name: 'System.Net.Sockets.Socket'.   at System.Net.Sockets.Socket.EndSend(IAsyncResult asyncResult, SocketError& errorCode)
   at System.Net.Sockets.Socket.EndSend(IAsyncResult asyncResult)
   at Yinrg.Net.Sockets.SocketClient.wQh1k8mXtn4yGgQ8LDh(Object , Object )
   at Yinrg.Net.Sockets.SocketClient.SendByteCallBack(IAsyncResult ar)
2019-04-01 14:37:47: Cannot access a disposed object.
Object name: 'System.Net.Sockets.Socket'.   at System.Net.Sockets.Socket.EndSend(IAsyncResult asyncResult, SocketError& errorCode)
   at System.Net.Sockets.Socket.EndSend(IAsyncResult asyncResult)
   at Yinrg.Net.Sockets.SocketClient.wQh1k8mXtn4yGgQ8LDh(Object , Object )
   at Yinrg.Net.Sockets.SocketClient.SendByteCallBack(IAsyncResult ar)
2019-04-01 14:37:47: Cannot access a disposed object.
Object name: 'System.Net.Sockets.Socket'.   at System.Net.Sockets.Socket.EndSend(IAsyncResult asyncResult, SocketError& errorCode)
   at System.Net.Sockets.Socket.EndSend(IAsyncResult asyncResult)
   at Yinrg.Net.Sockets.SocketClient.wQh1k8mXtn4yGgQ8LDh(Object , Object )
   at Yinrg.Net.Sockets.SocketClient.SendByteCallBack(IAsyncResult ar)
2019-04-01 14:37:47: Cannot access a disposed object.
Object name: 'System.Net.Sockets.Socket'.   at System.Net.Sockets.Socket.EndSend(IAsyncResult asyncResult, SocketError& errorCode)
   at System.Net.Sockets.Socket.EndSend(IAsyncResult asyncResult)
   at Yinrg.Net.Sockets.SocketClient.wQh1k8mXtn4yGgQ8LDh(Object , Object )
   at Yinrg.Net.Sockets.SocketClient.SendByteCallBack(IAsyncResult ar)
2019-04-01 14:37:47: Cannot access a disposed object.
Object name: 'System.Net.Sockets.Socket'.   at System.Net.Sockets.Socket.EndSend(IAsyncResult asyncResult, SocketError& errorCode)
   at System.Net.Sockets.Socket.EndSend(IAsyncResult asyncResult)
   at Yinrg.Net.Sockets.SocketClient.wQh1k8mXtn4yGgQ8LDh(Object , Object )
   at Yinrg.Net.Sockets.SocketClient.SendByteCallBack(IAsyncResult ar)
2019-04-01 14:37:47: Cannot access a disposed object.
Object name: 'System.Net.Sockets.Socket'.   at System.Net.Sockets.Socket.EndSend(IAsyncResult asyncResult, SocketError& errorCode)
   at System.Net.Sockets.Socket.EndSend(IAsyncResult asyncResult)
   at Yinrg.Net.Sockets.SocketClient.wQh1k8mXtn4yGgQ8LDh(Object , Object )
   at Yinrg.Net.Sockets.SocketClient.SendByteCallBack(IAsyncResult ar)
2019-04-01 14:37:47: Cannot access a disposed object.
Object name: 'System.Net.Sockets.Socket'.   at System.Net.Sockets.Socket.EndSend(IAsyncResult asyncResult, SocketError& errorCode)
   at System.Net.Sockets.Socket.EndSend(IAsyncResult asyncResult)
   at Yinrg.Net.Sockets.SocketClient.wQh1k8mXtn4yGgQ8LDh(Object , Object )
   at Yinrg.Net.Sockets.SocketClient.SendByteCallBack(IAsyncResult ar)
2019-04-01 14:37:47: Cannot access a disposed object.
Object name: 'System.Net.Sockets.Socket'.   at System.Net.Sockets.Socket.EndSend(IAsyncResult asyncResult, SocketError& errorCode)
   at System.Net.Sockets.Socket.EndSend(IAsyncResult asyncResult)
   at Yinrg.Net.Sockets.SocketClient.wQh1k8mXtn4yGgQ8LDh(Object , Object )
   at Yinrg.Net.Sockets.SocketClient.SendByteCallBack(IAsyncResult ar)
2019-04-01 14:37:47: Cannot access a disposed object.
Object name: 'System.Net.Sockets.Socket'.   at System.Net.Sockets.Socket.EndSend(IAsyncResult asyncResult, SocketError& errorCode)
   at System.Net.Sockets.Socket.EndSend(IAsyncResult asyncResult)
   at Yinrg.Net.Sockets.SocketClient.wQh1k8mXtn4yGgQ8LDh(Object , Object )
   at Yinrg.Net.Sockets.SocketClient.SendByteCallBack(IAsyncResult ar)
2019-04-01 14:37:47: Cannot access a disposed object.
Object name: 'System.Net.Sockets.Socket'.   at System.Net.Sockets.Socket.EndSend(IAsyncResult asyncResult, SocketError& errorCode)
   at System.Net.Sockets.Socket.EndSend(IAsyncResult asyncResult)
   at Yinrg.Net.Sockets.SocketClient.wQh1k8mXtn4yGgQ8LDh(Object , Object )
   at Yinrg.Net.Sockets.SocketClient.SendByteCallBack(IAsyncResult ar)
2019-04-01 14:37:47: Cannot access a disposed object.
Object name: 'System.Net.Sockets.Socket'.   at System.Net.Sockets.Socket.EndSend(IAsyncResult asyncResult, SocketError& errorCode)
   at System.Net.Sockets.Socket.EndSend(IAsyncResult asyncResult)
   at Yinrg.Net.Sockets.SocketClient.wQh1k8mXtn4yGgQ8LDh(Object , Object )
   at Yinrg.Net.Sockets.SocketClient.SendByteCallBack(IAsyncResult ar)
2019-04-01 14:37:47: Cannot access a disposed object.
Object name: 'System.Net.Sockets.Socket'.   at System.Net.Sockets.Socket.EndSend(IAsyncResult asyncResult, SocketError& errorCode)
   at System.Net.Sockets.Socket.EndSend(IAsyncResult asyncResult)
   at Yinrg.Net.Sockets.SocketClient.wQh1k8mXtn4yGgQ8LDh(Object , Object )
   at Yinrg.Net.Sockets.SocketClient.SendByteCallBack(IAsyncResult ar)
2019-04-01 14:37:47: Cannot access a disposed object.
Object name: 'System.Net.Sockets.Socket'.   at System.Net.Sockets.Socket.EndSend(IAsyncResult asyncResult, SocketError& errorCode)
   at System.Net.Sockets.Socket.EndSend(IAsyncResult asyncResult)
   at Yinrg.Net.Sockets.SocketClient.wQh1k8mXtn4yGgQ8LDh(Object , Object )
   at Yinrg.Net.Sockets.SocketClient.SendByteCallBack(IAsyncResult ar)
2019-04-01 14:37:47: Cannot access a disposed object.
Object name: 'System.Net.Sockets.Socket'.   at System.Net.Sockets.Socket.EndSend(IAsyncResult asyncResult, SocketError& errorCode)
   at System.Net.Sockets.Socket.EndSend(IAsyncResult asyncResult)
   at Yinrg.Net.Sockets.SocketClient.wQh1k8mXtn4yGgQ8LDh(Object , Object )
   at Yinrg.Net.Sockets.SocketClient.SendByteCallBack(IAsyncResult ar)
2019-04-01 14:37:47: Cannot access a disposed object.
Object name: 'System.Net.Sockets.Socket'.   at System.Net.Sockets.Socket.EndSend(IAsyncResult asyncResult, SocketError& errorCode)
   at System.Net.Sockets.Socket.EndSend(IAsyncResult asyncResult)
   at Yinrg.Net.Sockets.SocketClient.wQh1k8mXtn4yGgQ8LDh(Object , Object )
   at Yinrg.Net.Sockets.SocketClient.SendByteCallBack(IAsyncResult ar)
2019-04-01 14:37:47: Cannot access a disposed object.
Object name: 'System.Net.Sockets.Socket'.   at System.Net.Sockets.Socket.EndSend(IAsyncResult asyncResult, SocketError& errorCode)
   at System.Net.Sockets.Socket.EndSend(IAsyncResult asyncResult)
   at Yinrg.Net.Sockets.SocketClient.wQh1k8mXtn4yGgQ8LDh(Object , Object )
   at Yinrg.Net.Sockets.SocketClient.SendByteCallBack(IAsyncResult ar)
2019-04-01 14:37:47: Cannot access a disposed object.
Object name: 'System.Net.Sockets.Socket'.   at System.Net.Sockets.Socket.EndSend(IAsyncResult asyncResult, SocketError& errorCode)
   at System.Net.Sockets.Socket.EndSend(IAsyncResult asyncResult)
   at Yinrg.Net.Sockets.SocketClient.wQh1k8mXtn4yGgQ8LDh(Object , Object )
   at Yinrg.Net.Sockets.SocketClient.SendByteCallBack(IAsyncResult ar)
2019-04-01 14:37:47: Cannot access a disposed object.
Object name: 'System.Net.Sockets.Socket'.   at System.Net.Sockets.Socket.EndSend(IAsyncResult asyncResult, SocketError& errorCode)
   at System.Net.Sockets.Socket.EndSend(IAsyncResult asyncResult)
   at Yinrg.Net.Sockets.SocketClient.wQh1k8mXtn4yGgQ8LDh(Object , Object )
   at Yinrg.Net.Sockets.SocketClient.SendByteCallBack(IAsyncResult ar)
2019-04-01 14:37:47: Cannot access a disposed object.
Object name: 'System.Net.Sockets.Socket'.   at System.Net.Sockets.Socket.EndSend(IAsyncResult asyncResult, SocketError& errorCode)
   at System.Net.Sockets.Socket.EndSend(IAsyncResult asyncResult)
   at Yinrg.Net.Sockets.SocketClient.wQh1k8mXtn4yGgQ8LDh(Object , Object )
   at Yinrg.Net.Sockets.SocketClient.SendByteCallBack(IAsyncResult ar)
2019-04-01 14:37:47: Cannot access a disposed object.
Object name: 'System.Net.Sockets.Socket'.   at System.Net.Sockets.Socket.EndSend(IAsyncResult asyncResult, SocketError& errorCode)
   at System.Net.Sockets.Socket.EndSend(IAsyncResult asyncResult)
   at Yinrg.Net.Sockets.SocketClient.wQh1k8mXtn4yGgQ8LDh(Object , Object )
   at Yinrg.Net.Sockets.SocketClient.SendByteCallBack(IAsyncResult ar)
2019-04-01 14:37:47: Cannot access a disposed object.
Object name: 'System.Net.Sockets.Socket'.   at System.Net.Sockets.Socket.EndSend(IAsyncResult asyncResult, SocketError& errorCode)
   at System.Net.Sockets.Socket.EndSend(IAsyncResult asyncResult)
   at Yinrg.Net.Sockets.SocketClient.wQh1k8mXtn4yGgQ8LDh(Object , Object )
   at Yinrg.Net.Sockets.SocketClient.SendByteCallBack(IAsyncResult ar)
2019-04-01 14:37:47: Cannot access a disposed object.
Object name: 'System.Net.Sockets.Socket'.   at System.Net.Sockets.Socket.EndSend(IAsyncResult asyncResult, SocketError& errorCode)
   at System.Net.Sockets.Socket.EndSend(IAsyncResult asyncResult)
   at Yinrg.Net.Sockets.SocketClient.wQh1k8mXtn4yGgQ8LDh(Object , Object )
   at Yinrg.Net.Sockets.SocketClient.SendByteCallBack(IAsyncResult ar)
2019-04-01 14:37:47: Cannot access a disposed object.
Object name: 'System.Net.Sockets.Socket'.   at System.Net.Sockets.Socket.EndSend(IAsyncResult asyncResult, SocketError& errorCode)
   at System.Net.Sockets.Socket.EndSend(IAsyncResult asyncResult)
   at Yinrg.Net.Sockets.SocketClient.wQh1k8mXtn4yGgQ8LDh(Object , Object )
   at Yinrg.Net.Sockets.SocketClient.SendByteCallBack(IAsyncResult ar)
2019-04-01 14:37:47: Cannot access a disposed object.
Object name: 'System.Net.Sockets.Socket'.   at System.Net.Sockets.Socket.EndSend(IAsyncResult asyncResult, SocketError& errorCode)
   at System.Net.Sockets.Socket.EndSend(IAsyncResult asyncResult)
   at Yinrg.Net.Sockets.SocketClient.wQh1k8mXtn4yGgQ8LDh(Object , Object )
   at Yinrg.Net.Sockets.SocketClient.SendByteCallBack(IAsyncResult ar)
2019-04-01 14:37:47: Cannot access a disposed object.
Object name: 'System.Net.Sockets.Socket'.   at System.Net.Sockets.Socket.EndSend(IAsyncResult asyncResult, SocketError& errorCode)
   at System.Net.Sockets.Socket.EndSend(IAsyncResult asyncResult)
   at Yinrg.Net.Sockets.SocketClient.wQh1k8mXtn4yGgQ8LDh(Object , Object )
   at Yinrg.Net.Sockets.SocketClient.SendByteCallBack(IAsyncResult ar)
2019-04-01 14:37:47: Cannot access a disposed object.
Object name: 'System.Net.Sockets.Socket'.   at System.Net.Sockets.Socket.EndSend(IAsyncResult asyncResult, SocketError& errorCode)
   at System.Net.Sockets.Socket.EndSend(IAsyncResult asyncResult)
   at Yinrg.Net.Sockets.SocketClient.wQh1k8mXtn4yGgQ8LDh(Object , Object )
   at Yinrg.Net.Sockets.SocketClient.SendByteCallBack(IAsyncResult ar)
2019-04-01 14:37:47: Cannot access a disposed object.
Object name: 'System.Net.Sockets.Socket'.   at System.Net.Sockets.Socket.EndSend(IAsyncResult asyncResult, SocketError& errorCode)
   at System.Net.Sockets.Socket.EndSend(IAsyncResult asyncResult)
   at Yinrg.Net.Sockets.SocketClient.wQh1k8mXtn4yGgQ8LDh(Object , Object )
   at Yinrg.Net.Sockets.SocketClient.SendByteCallBack(IAsyncResult ar)
2019-04-01 14:37:47: Cannot access a disposed object.
Object name: 'System.Net.Sockets.Socket'.   at System.Net.Sockets.Socket.EndSend(IAsyncResult asyncResult, SocketError& errorCode)
   at System.Net.Sockets.Socket.EndSend(IAsyncResult asyncResult)
   at Yinrg.Net.Sockets.SocketClient.wQh1k8mXtn4yGgQ8LDh(Object , Object )
   at Yinrg.Net.Sockets.SocketClient.SendByteCallBack(IAsyncResult ar)
2019-04-01 14:37:47: Cannot access a disposed object.
Object name: 'System.Net.Sockets.Socket'.   at System.Net.Sockets.Socket.EndSend(IAsyncResult asyncResult, SocketError& errorCode)
   at System.Net.Sockets.Socket.EndSend(IAsyncResult asyncResult)
   at Yinrg.Net.Sockets.SocketClient.wQh1k8mXtn4yGgQ8LDh(Object , Object )
   at Yinrg.Net.Sockets.SocketClient.SendByteCallBack(IAsyncResult ar)
2019-04-01 14:37:47: Cannot access a disposed object.
Object name: 'System.Net.Sockets.Socket'.   at System.Net.Sockets.Socket.EndSend(IAsyncResult asyncResult, SocketError& errorCode)
   at System.Net.Sockets.Socket.EndSend(IAsyncResult asyncResult)
   at Yinrg.Net.Sockets.SocketClient.wQh1k8mXtn4yGgQ8LDh(Object , Object )
   at Yinrg.Net.Sockets.SocketClient.SendByteCallBack(IAsyncResult ar)
2019-04-01 14:37:47: Cannot access a disposed object.
Object name: 'System.Net.Sockets.Socket'.   at System.Net.Sockets.Socket.EndSend(IAsyncResult asyncResult, SocketError& errorCode)
   at System.Net.Sockets.Socket.EndSend(IAsyncResult asyncResult)
   at Yinrg.Net.Sockets.SocketClient.wQh1k8mXtn4yGgQ8LDh(Object , Object )
   at Yinrg.Net.Sockets.SocketClient.SendByteCallBack(IAsyncResult ar)
2019-04-01 14:37:47: Cannot access a disposed object.
Object name: 'System.Net.Sockets.Socket'.   at System.Net.Sockets.Socket.EndSend(IAsyncResult asyncResult, SocketError& errorCode)
   at System.Net.Sockets.Socket.EndSend(IAsyncResult asyncResult)
   at Yinrg.Net.Sockets.SocketClient.wQh1k8mXtn4yGgQ8LDh(Object , Object )
   at Yinrg.Net.Sockets.SocketClient.SendByteCallBack(IAsyncResult ar)
2019-04-01 14:37:47: Cannot access a disposed object.
Object name: 'System.Net.Sockets.Socket'.   at System.Net.Sockets.Socket.EndSend(IAsyncResult asyncResult, SocketError& errorCode)
   at System.Net.Sockets.Socket.EndSend(IAsyncResult asyncResult)
   at Yinrg.Net.Sockets.SocketClient.wQh1k8mXtn4yGgQ8LDh(Object , Object )
   at Yinrg.Net.Sockets.SocketClient.SendByteCallBack(IAsyncResult ar)
2019-04-01 14:37:47: Cannot access a disposed object.
Object name: 'System.Net.Sockets.Socket'.   at System.Net.Sockets.Socket.EndSend(IAsyncResult asyncResult, SocketError& errorCode)
   at System.Net.Sockets.Socket.EndSend(IAsyncResult asyncResult)
   at Yinrg.Net.Sockets.SocketClient.wQh1k8mXtn4yGgQ8LDh(Object , Object )
   at Yinrg.Net.Sockets.SocketClient.SendByteCallBack(IAsyncResult ar)
2019-04-01 14:38:27: 由于连接方在一段时间后没有正确答复或连接的主机没有反应，连接尝试失败。   at System.Net.Sockets.Socket.EndReceive(IAsyncResult asyncResult)
   at Yinrg.Net.Sockets.SocketClient.s91nev5CPITrFiQpWCt(Object , Object )
   at Yinrg.Net.Sockets.SocketClient.GsnOTWuuJ(IAsyncResult  )
2019-04-01 14:40:01: 由于连接方在一段时间后没有正确答复或连接的主机没有反应，连接尝试失败。   at System.Net.Sockets.Socket.EndReceive(IAsyncResult asyncResult)
   at Yinrg.Net.Sockets.SocketClient.s91nev5CPITrFiQpWCt(Object , Object )
   at Yinrg.Net.Sockets.SocketClient.GsnOTWuuJ(IAsyncResult  )
2019-04-01 14:40:47: 由于连接方在一段时间后没有正确答复或连接的主机没有反应，连接尝试失败。   at System.Net.Sockets.Socket.EndReceive(IAsyncResult asyncResult)
   at Yinrg.Net.Sockets.SocketClient.s91nev5CPITrFiQpWCt(Object , Object )
   at Yinrg.Net.Sockets.SocketClient.GsnOTWuuJ(IAsyncResult  )
2019-04-01 14:40:47: 由于连接方在一段时间后没有正确答复或连接的主机没有反应，连接尝试失败。   at System.Net.Sockets.Socket.EndReceive(IAsyncResult asyncResult)
   at Yinrg.Net.Sockets.SocketClient.s91nev5CPITrFiQpWCt(Object , Object )
   at Yinrg.Net.Sockets.SocketClient.GsnOTWuuJ(IAsyncResult  )
2019-04-01 14:40:47: 由于连接方在一段时间后没有正确答复或连接的主机没有反应，连接尝试失败。   at System.Net.Sockets.Socket.EndReceive(IAsyncResult asyncResult)
   at Yinrg.Net.Sockets.SocketClient.s91nev5CPITrFiQpWCt(Object , Object )
   at Yinrg.Net.Sockets.SocketClient.GsnOTWuuJ(IAsyncResult  )
2019-04-01 14:40:47: 由于连接方在一段时间后没有正确答复或连接的主机没有反应，连接尝试失败。   at System.Net.Sockets.Socket.EndReceive(IAsyncResult asyncResult)
   at Yinrg.Net.Sockets.SocketClient.s91nev5CPITrFiQpWCt(Object , Object )
   at Yinrg.Net.Sockets.SocketClient.GsnOTWuuJ(IAsyncResult  )
2019-04-01 14:42:38: 由于连接方在一段时间后没有正确答复或连接的主机没有反应，连接尝试失败。   at System.Net.Sockets.Socket.EndReceive(IAsyncResult asyncResult)
   at Yinrg.Net.Sockets.SocketClient.s91nev5CPITrFiQpWCt(Object , Object )
   at Yinrg.Net.Sockets.SocketClient.GsnOTWuuJ(IAsyncResult  )
2019-04-01 14:43:59: 由于连接方在一段时间后没有正确答复或连接的主机没有反应，连接尝试失败。   at System.Net.Sockets.Socket.EndReceive(IAsyncResult asyncResult)
   at Yinrg.Net.Sockets.SocketClient.s91nev5CPITrFiQpWCt(Object , Object )
   at Yinrg.Net.Sockets.SocketClient.GsnOTWuuJ(IAsyncResult  )
2019-04-01 14:46:45: Cannot access a disposed object.
Object name: 'System.Net.Sockets.Socket'.   at System.Net.Sockets.Socket.EndReceive(IAsyncResult asyncResult, SocketError& errorCode)
   at System.Net.Sockets.Socket.EndReceive(IAsyncResult asyncResult)
   at Yinrg.Net.Sockets.SocketClient.s91nev5CPITrFiQpWCt(Object , Object )
   at Yinrg.Net.Sockets.SocketClient.GsnOTWuuJ(IAsyncResult  )
2019-04-01 14:46:45: Cannot access a disposed object.
Object name: 'System.Net.Sockets.Socket'.   at System.Net.Sockets.Socket.EndReceive(IAsyncResult asyncResult, SocketError& errorCode)
   at System.Net.Sockets.Socket.EndReceive(IAsyncResult asyncResult)
   at Yinrg.Net.Sockets.SocketClient.s91nev5CPITrFiQpWCt(Object , Object )
   at Yinrg.Net.Sockets.SocketClient.GsnOTWuuJ(IAsyncResult  )
2019-04-01 14:46:45: Cannot access a disposed object.
Object name: 'System.Net.Sockets.Socket'.   at System.Net.Sockets.Socket.EndReceive(IAsyncResult asyncResult, SocketError& errorCode)
   at System.Net.Sockets.Socket.EndReceive(IAsyncResult asyncResult)
   at Yinrg.Net.Sockets.SocketClient.s91nev5CPITrFiQpWCt(Object , Object )
   at Yinrg.Net.Sockets.SocketClient.GsnOTWuuJ(IAsyncResult  )
2019-04-01 14:46:45: Cannot access a disposed object.
Object name: 'System.Net.Sockets.Socket'.   at System.Net.Sockets.Socket.EndReceive(IAsyncResult asyncResult, SocketError& errorCode)
   at System.Net.Sockets.Socket.EndReceive(IAsyncResult asyncResult)
   at Yinrg.Net.Sockets.SocketClient.s91nev5CPITrFiQpWCt(Object , Object )
   at Yinrg.Net.Sockets.SocketClient.GsnOTWuuJ(IAsyncResult  )
2019-04-01 14:46:45: Cannot access a disposed object.
Object name: 'System.Net.Sockets.Socket'.   at System.Net.Sockets.Socket.EndReceive(IAsyncResult asyncResult, SocketError& errorCode)
   at System.Net.Sockets.Socket.EndReceive(IAsyncResult asyncResult)
   at Yinrg.Net.Sockets.SocketClient.s91nev5CPITrFiQpWCt(Object , Object )
   at Yinrg.Net.Sockets.SocketClient.GsnOTWuuJ(IAsyncResult  )
2019-04-01 14:46:45: Cannot access a disposed object.
Object name: 'System.Net.Sockets.Socket'.   at System.Net.Sockets.Socket.EndReceive(IAsyncResult asyncResult, SocketError& errorCode)
   at System.Net.Sockets.Socket.EndReceive(IAsyncResult asyncResult)
   at Yinrg.Net.Sockets.SocketClient.s91nev5CPITrFiQpWCt(Object , Object )
   at Yinrg.Net.Sockets.SocketClient.GsnOTWuuJ(IAsyncResult  )
2019-04-01 14:46:45: Cannot access a disposed object.
Object name: 'System.Net.Sockets.Socket'.   at System.Net.Sockets.Socket.EndReceive(IAsyncResult asyncResult, SocketError& errorCode)
   at System.Net.Sockets.Socket.EndReceive(IAsyncResult asyncResult)
   at Yinrg.Net.Sockets.SocketClient.s91nev5CPITrFiQpWCt(Object , Object )
   at Yinrg.Net.Sockets.SocketClient.GsnOTWuuJ(IAsyncResult  )
2019-04-01 14:46:45: Cannot access a disposed object.
Object name: 'System.Net.Sockets.Socket'.   at System.Net.Sockets.Socket.EndSend(IAsyncResult asyncResult, SocketError& errorCode)
   at System.Net.Sockets.Socket.EndSend(IAsyncResult asyncResult)
   at Yinrg.Net.Sockets.SocketClient.wQh1k8mXtn4yGgQ8LDh(Object , Object )
   at Yinrg.Net.Sockets.SocketClient.SendByteCallBack(IAsyncResult ar)
2019-04-01 14:46:45: Cannot access a disposed object.
Object name: 'System.Net.Sockets.Socket'.   at System.Net.Sockets.Socket.EndSend(IAsyncResult asyncResult, SocketError& errorCode)
   at System.Net.Sockets.Socket.EndSend(IAsyncResult asyncResult)
   at Yinrg.Net.Sockets.SocketClient.wQh1k8mXtn4yGgQ8LDh(Object , Object )
   at Yinrg.Net.Sockets.SocketClient.SendByteCallBack(IAsyncResult ar)
2019-04-01 14:46:45: Cannot access a disposed object.
Object name: 'System.Net.Sockets.Socket'.   at System.Net.Sockets.Socket.EndSend(IAsyncResult asyncResult, SocketError& errorCode)
   at System.Net.Sockets.Socket.EndSend(IAsyncResult asyncResult)
   at Yinrg.Net.Sockets.SocketClient.wQh1k8mXtn4yGgQ8LDh(Object , Object )
   at Yinrg.Net.Sockets.SocketClient.SendByteCallBack(IAsyncResult ar)
2019-04-01 14:46:45: Cannot access a disposed object.
Object name: 'System.Net.Sockets.Socket'.   at System.Net.Sockets.Socket.EndSend(IAsyncResult asyncResult, SocketError& errorCode)
   at System.Net.Sockets.Socket.EndSend(IAsyncResult asyncResult)
   at Yinrg.Net.Sockets.SocketClient.wQh1k8mXtn4yGgQ8LDh(Object , Object )
   at Yinrg.Net.Sockets.SocketClient.SendByteCallBack(IAsyncResult ar)
2019-04-01 14:46:45: Cannot access a disposed object.
Object name: 'System.Net.Sockets.Socket'.   at System.Net.Sockets.Socket.EndSend(IAsyncResult asyncResult, SocketError& errorCode)
   at System.Net.Sockets.Socket.EndSend(IAsyncResult asyncResult)
   at Yinrg.Net.Sockets.SocketClient.wQh1k8mXtn4yGgQ8LDh(Object , Object )
   at Yinrg.Net.Sockets.SocketClient.SendByteCallBack(IAsyncResult ar)
2019-04-01 14:46:45: Cannot access a disposed object.
Object name: 'System.Net.Sockets.Socket'.   at System.Net.Sockets.Socket.EndSend(IAsyncResult asyncResult, SocketError& errorCode)
   at System.Net.Sockets.Socket.EndSend(IAsyncResult asyncResult)
   at Yinrg.Net.Sockets.SocketClient.wQh1k8mXtn4yGgQ8LDh(Object , Object )
   at Yinrg.Net.Sockets.SocketClient.SendByteCallBack(IAsyncResult ar)
2019-04-01 14:46:45: Cannot access a disposed object.
Object name: 'System.Net.Sockets.Socket'.   at System.Net.Sockets.Socket.EndSend(IAsyncResult asyncResult, SocketError& errorCode)
   at System.Net.Sockets.Socket.EndSend(IAsyncResult asyncResult)
   at Yinrg.Net.Sockets.SocketClient.wQh1k8mXtn4yGgQ8LDh(Object , Object )
   at Yinrg.Net.Sockets.SocketClient.SendByteCallBack(IAsyncResult ar)
2019-04-01 14:46:45: Cannot access a disposed object.
Object name: 'System.Net.Sockets.Socket'.   at System.Net.Sockets.Socket.EndSend(IAsyncResult asyncResult, SocketError& errorCode)
   at System.Net.Sockets.Socket.EndSend(IAsyncResult asyncResult)
   at Yinrg.Net.Sockets.SocketClient.wQh1k8mXtn4yGgQ8LDh(Object , Object )
   at Yinrg.Net.Sockets.SocketClient.SendByteCallBack(IAsyncResult ar)
2019-04-01 14:46:45: Cannot access a disposed object.
Object name: 'System.Net.Sockets.Socket'.   at System.Net.Sockets.Socket.EndSend(IAsyncResult asyncResult, SocketError& errorCode)
   at System.Net.Sockets.Socket.EndSend(IAsyncResult asyncResult)
   at Yinrg.Net.Sockets.SocketClient.wQh1k8mXtn4yGgQ8LDh(Object , Object )
   at Yinrg.Net.Sockets.SocketClient.SendByteCallBack(IAsyncResult ar)
2019-04-01 14:46:45: Cannot access a disposed object.
Object name: 'System.Net.Sockets.Socket'.   at System.Net.Sockets.Socket.EndSend(IAsyncResult asyncResult, SocketError& errorCode)
   at System.Net.Sockets.Socket.EndSend(IAsyncResult asyncResult)
   at Yinrg.Net.Sockets.SocketClient.wQh1k8mXtn4yGgQ8LDh(Object , Object )
   at Yinrg.Net.Sockets.SocketClient.SendByteCallBack(IAsyncResult ar)
2019-04-01 14:46:45: Cannot access a disposed object.
Object name: 'System.Net.Sockets.Socket'.   at System.Net.Sockets.Socket.EndSend(IAsyncResult asyncResult, SocketError& errorCode)
   at System.Net.Sockets.Socket.EndSend(IAsyncResult asyncResult)
   at Yinrg.Net.Sockets.SocketClient.wQh1k8mXtn4yGgQ8LDh(Object , Object )
   at Yinrg.Net.Sockets.SocketClient.SendByteCallBack(IAsyncResult ar)
2019-04-01 14:46:45: Cannot access a disposed object.
Object name: 'System.Net.Sockets.Socket'.   at System.Net.Sockets.Socket.EndSend(IAsyncResult asyncResult, SocketError& errorCode)
   at System.Net.Sockets.Socket.EndSend(IAsyncResult asyncResult)
   at Yinrg.Net.Sockets.SocketClient.wQh1k8mXtn4yGgQ8LDh(Object , Object )
   at Yinrg.Net.Sockets.SocketClient.SendByteCallBack(IAsyncResult ar)
2019-04-01 14:46:45: Cannot access a disposed object.
Object name: 'System.Net.Sockets.Socket'.   at System.Net.Sockets.Socket.EndSend(IAsyncResult asyncResult, SocketError& errorCode)
   at System.Net.Sockets.Socket.EndSend(IAsyncResult asyncResult)
   at Yinrg.Net.Sockets.SocketClient.wQh1k8mXtn4yGgQ8LDh(Object , Object )
   at Yinrg.Net.Sockets.SocketClient.SendByteCallBack(IAsyncResult ar)
2019-04-01 14:46:45: Cannot access a disposed object.
Object name: 'System.Net.Sockets.Socket'.   at System.Net.Sockets.Socket.EndSend(IAsyncResult asyncResult, SocketError& errorCode)
   at System.Net.Sockets.Socket.EndSend(IAsyncResult asyncResult)
   at Yinrg.Net.Sockets.SocketClient.wQh1k8mXtn4yGgQ8LDh(Object , Object )
   at Yinrg.Net.Sockets.SocketClient.SendByteCallBack(IAsyncResult ar)
2019-04-01 14:46:45: Cannot access a disposed object.
Object name: 'System.Net.Sockets.Socket'.   at System.Net.Sockets.Socket.EndReceive(IAsyncResult asyncResult, SocketError& errorCode)
   at System.Net.Sockets.Socket.EndReceive(IAsyncResult asyncResult)
   at Yinrg.Net.Sockets.SocketClient.s91nev5CPITrFiQpWCt(Object , Object )
   at Yinrg.Net.Sockets.SocketClient.GsnOTWuuJ(IAsyncResult  )
2019-04-01 14:46:45: Cannot access a disposed object.
Object name: 'System.Net.Sockets.Socket'.   at System.Net.Sockets.Socket.EndReceive(IAsyncResult asyncResult, SocketError& errorCode)
   at System.Net.Sockets.Socket.EndReceive(IAsyncResult asyncResult)
   at Yinrg.Net.Sockets.SocketClient.s91nev5CPITrFiQpWCt(Object , Object )
   at Yinrg.Net.Sockets.SocketClient.GsnOTWuuJ(IAsyncResult  )
2019-04-01 14:46:45: Cannot access a disposed object.
Object name: 'System.Net.Sockets.Socket'.   at System.Net.Sockets.Socket.EndReceive(IAsyncResult asyncResult, SocketError& errorCode)
   at System.Net.Sockets.Socket.EndReceive(IAsyncResult asyncResult)
   at Yinrg.Net.Sockets.SocketClient.s91nev5CPITrFiQpWCt(Object , Object )
   at Yinrg.Net.Sockets.SocketClient.GsnOTWuuJ(IAsyncResult  )
2019-04-01 14:46:45: Cannot access a disposed object.
Object name: 'System.Net.Sockets.Socket'.   at System.Net.Sockets.Socket.EndReceive(IAsyncResult asyncResult, SocketError& errorCode)
   at System.Net.Sockets.Socket.EndReceive(IAsyncResult asyncResult)
   at Yinrg.Net.Sockets.SocketClient.s91nev5CPITrFiQpWCt(Object , Object )
   at Yinrg.Net.Sockets.SocketClient.GsnOTWuuJ(IAsyncResult  )
2019-04-01 14:46:45: Cannot access a disposed object.
Object name: 'System.Net.Sockets.Socket'.   at System.Net.Sockets.Socket.EndReceive(IAsyncResult asyncResult, SocketError& errorCode)
   at System.Net.Sockets.Socket.EndReceive(IAsyncResult asyncResult)
   at Yinrg.Net.Sockets.SocketClient.s91nev5CPITrFiQpWCt(Object , Object )
   at Yinrg.Net.Sockets.SocketClient.GsnOTWuuJ(IAsyncResult  )
2019-04-01 14:46:45: Cannot access a disposed object.
Object name: 'System.Net.Sockets.Socket'.   at System.Net.Sockets.Socket.EndReceive(IAsyncResult asyncResult, SocketError& errorCode)
   at System.Net.Sockets.Socket.EndReceive(IAsyncResult asyncResult)
   at Yinrg.Net.Sockets.SocketClient.s91nev5CPITrFiQpWCt(Object , Object )
   at Yinrg.Net.Sockets.SocketClient.GsnOTWuuJ(IAsyncResult  )
2019-04-01 14:46:45: Cannot access a disposed object.
Object name: 'System.Net.Sockets.Socket'.   at System.Net.Sockets.Socket.EndReceive(IAsyncResult asyncResult, SocketError& errorCode)
   at System.Net.Sockets.Socket.EndReceive(IAsyncResult asyncResult)
   at Yinrg.Net.Sockets.SocketClient.s91nev5CPITrFiQpWCt(Object , Object )
   at Yinrg.Net.Sockets.SocketClient.GsnOTWuuJ(IAsyncResult  )
2019-04-01 14:46:45: Cannot access a disposed object.
Object name: 'System.Net.Sockets.Socket'.   at System.Net.Sockets.Socket.EndSend(IAsyncResult asyncResult, SocketError& errorCode)
   at System.Net.Sockets.Socket.EndSend(IAsyncResult asyncResult)
   at Yinrg.Net.Sockets.SocketClient.wQh1k8mXtn4yGgQ8LDh(Object , Object )
   at Yinrg.Net.Sockets.SocketClient.SendByteCallBack(IAsyncResult ar)
2019-04-01 14:46:45: Cannot access a disposed object.
Object name: 'System.Net.Sockets.Socket'.   at System.Net.Sockets.Socket.EndSend(IAsyncResult asyncResult, SocketError& errorCode)
   at System.Net.Sockets.Socket.EndSend(IAsyncResult asyncResult)
   at Yinrg.Net.Sockets.SocketClient.wQh1k8mXtn4yGgQ8LDh(Object , Object )
   at Yinrg.Net.Sockets.SocketClient.SendByteCallBack(IAsyncResult ar)
2019-04-01 14:46:45: Cannot access a disposed object.
Object name: 'System.Net.Sockets.Socket'.   at System.Net.Sockets.Socket.EndSend(IAsyncResult asyncResult, SocketError& errorCode)
   at System.Net.Sockets.Socket.EndSend(IAsyncResult asyncResult)
   at Yinrg.Net.Sockets.SocketClient.wQh1k8mXtn4yGgQ8LDh(Object , Object )
   at Yinrg.Net.Sockets.SocketClient.SendByteCallBack(IAsyncResult ar)
2019-04-01 14:46:45: Cannot access a disposed object.
Object name: 'System.Net.Sockets.Socket'.   at System.Net.Sockets.Socket.EndSend(IAsyncResult asyncResult, SocketError& errorCode)
   at System.Net.Sockets.Socket.EndSend(IAsyncResult asyncResult)
   at Yinrg.Net.Sockets.SocketClient.wQh1k8mXtn4yGgQ8LDh(Object , Object )
   at Yinrg.Net.Sockets.SocketClient.SendByteCallBack(IAsyncResult ar)
2019-04-01 14:46:45: Cannot access a disposed object.
Object name: 'System.Net.Sockets.Socket'.   at System.Net.Sockets.Socket.EndSend(IAsyncResult asyncResult, SocketError& errorCode)
   at System.Net.Sockets.Socket.EndSend(IAsyncResult asyncResult)
   at Yinrg.Net.Sockets.SocketClient.wQh1k8mXtn4yGgQ8LDh(Object , Object )
   at Yinrg.Net.Sockets.SocketClient.SendByteCallBack(IAsyncResult ar)
2019-04-01 14:46:45: Cannot access a disposed object.
Object name: 'System.Net.Sockets.Socket'.   at System.Net.Sockets.Socket.EndSend(IAsyncResult asyncResult, SocketError& errorCode)
   at System.Net.Sockets.Socket.EndSend(IAsyncResult asyncResult)
   at Yinrg.Net.Sockets.SocketClient.wQh1k8mXtn4yGgQ8LDh(Object , Object )
   at Yinrg.Net.Sockets.SocketClient.SendByteCallBack(IAsyncResult ar)
2019-04-01 14:46:45: Cannot access a disposed object.
Object name: 'System.Net.Sockets.Socket'.   at System.Net.Sockets.Socket.EndSend(IAsyncResult asyncResult, SocketError& errorCode)
   at System.Net.Sockets.Socket.EndSend(IAsyncResult asyncResult)
   at Yinrg.Net.Sockets.SocketClient.wQh1k8mXtn4yGgQ8LDh(Object , Object )
   at Yinrg.Net.Sockets.SocketClient.SendByteCallBack(IAsyncResult ar)
2019-04-01 14:46:45: Cannot access a disposed object.
Object name: 'System.Net.Sockets.Socket'.   at System.Net.Sockets.Socket.EndSend(IAsyncResult asyncResult, SocketError& errorCode)
   at System.Net.Sockets.Socket.EndSend(IAsyncResult asyncResult)
   at Yinrg.Net.Sockets.SocketClient.wQh1k8mXtn4yGgQ8LDh(Object , Object )
   at Yinrg.Net.Sockets.SocketClient.SendByteCallBack(IAsyncResult ar)
2019-04-01 14:46:45: Cannot access a disposed object.
Object name: 'System.Net.Sockets.Socket'.   at System.Net.Sockets.Socket.EndSend(IAsyncResult asyncResult, SocketError& errorCode)
   at System.Net.Sockets.Socket.EndSend(IAsyncResult asyncResult)
   at Yinrg.Net.Sockets.SocketClient.wQh1k8mXtn4yGgQ8LDh(Object , Object )
   at Yinrg.Net.Sockets.SocketClient.SendByteCallBack(IAsyncResult ar)
2019-04-01 14:46:45: Cannot access a disposed object.
Object name: 'System.Net.Sockets.Socket'.   at System.Net.Sockets.Socket.EndSend(IAsyncResult asyncResult, SocketError& errorCode)
   at System.Net.Sockets.Socket.EndSend(IAsyncResult asyncResult)
   at Yinrg.Net.Sockets.SocketClient.wQh1k8mXtn4yGgQ8LDh(Object , Object )
   at Yinrg.Net.Sockets.SocketClient.SendByteCallBack(IAsyncResult ar)
2019-04-01 14:46:45: Cannot access a disposed object.
Object name: 'System.Net.Sockets.Socket'.   at System.Net.Sockets.Socket.EndSend(IAsyncResult asyncResult, SocketError& errorCode)
   at System.Net.Sockets.Socket.EndSend(IAsyncResult asyncResult)
   at Yinrg.Net.Sockets.SocketClient.wQh1k8mXtn4yGgQ8LDh(Object , Object )
   at Yinrg.Net.Sockets.SocketClient.SendByteCallBack(IAsyncResult ar)
2019-04-01 14:46:45: Cannot access a disposed object.
Object name: 'System.Net.Sockets.Socket'.   at System.Net.Sockets.Socket.EndSend(IAsyncResult asyncResult, SocketError& errorCode)
   at System.Net.Sockets.Socket.EndSend(IAsyncResult asyncResult)
   at Yinrg.Net.Sockets.SocketClient.wQh1k8mXtn4yGgQ8LDh(Object , Object )
   at Yinrg.Net.Sockets.SocketClient.SendByteCallBack(IAsyncResult ar)
2019-04-01 14:46:45: Cannot access a disposed object.
Object name: 'System.Net.Sockets.Socket'.   at System.Net.Sockets.Socket.EndSend(IAsyncResult asyncResult, SocketError& errorCode)
   at System.Net.Sockets.Socket.EndSend(IAsyncResult asyncResult)
   at Yinrg.Net.Sockets.SocketClient.wQh1k8mXtn4yGgQ8LDh(Object , Object )
   at Yinrg.Net.Sockets.SocketClient.SendByteCallBack(IAsyncResult ar)
2019-04-01 14:46:45: Cannot access a disposed object.
Object name: 'System.Net.Sockets.Socket'.   at System.Net.Sockets.Socket.EndSend(IAsyncResult asyncResult, SocketError& errorCode)
   at System.Net.Sockets.Socket.EndSend(IAsyncResult asyncResult)
   at Yinrg.Net.Sockets.SocketClient.wQh1k8mXtn4yGgQ8LDh(Object , Object )
   at Yinrg.Net.Sockets.SocketClient.SendByteCallBack(IAsyncResult ar)
2019-04-01 14:46:45: Cannot access a disposed object.
Object name: 'System.Net.Sockets.Socket'.   at System.Net.Sockets.Socket.EndSend(IAsyncResult asyncResult, SocketError& errorCode)
   at System.Net.Sockets.Socket.EndSend(IAsyncResult asyncResult)
   at Yinrg.Net.Sockets.SocketClient.wQh1k8mXtn4yGgQ8LDh(Object , Object )
   at Yinrg.Net.Sockets.SocketClient.SendByteCallBack(IAsyncResult ar)
2019-04-01 14:46:45: Cannot access a disposed object.
Object name: 'System.Net.Sockets.Socket'.   at System.Net.Sockets.Socket.EndSend(IAsyncResult asyncResult, SocketError& errorCode)
   at System.Net.Sockets.Socket.EndSend(IAsyncResult asyncResult)
   at Yinrg.Net.Sockets.SocketClient.wQh1k8mXtn4yGgQ8LDh(Object , Object )
   at Yinrg.Net.Sockets.SocketClient.SendByteCallBack(IAsyncResult ar)
2019-04-01 14:46:45: Cannot access a disposed object.
Object name: 'System.Net.Sockets.Socket'.   at System.Net.Sockets.Socket.EndSend(IAsyncResult asyncResult, SocketError& errorCode)
   at System.Net.Sockets.Socket.EndSend(IAsyncResult asyncResult)
   at Yinrg.Net.Sockets.SocketClient.wQh1k8mXtn4yGgQ8LDh(Object , Object )
   at Yinrg.Net.Sockets.SocketClient.SendByteCallBack(IAsyncResult ar)
2019-04-01 14:46:45: Cannot access a disposed object.
Object name: 'System.Net.Sockets.Socket'.   at System.Net.Sockets.Socket.EndSend(IAsyncResult asyncResult, SocketError& errorCode)
   at System.Net.Sockets.Socket.EndSend(IAsyncResult asyncResult)
   at Yinrg.Net.Sockets.SocketClient.wQh1k8mXtn4yGgQ8LDh(Object , Object )
   at Yinrg.Net.Sockets.SocketClient.SendByteCallBack(IAsyncResult ar)
2019-04-01 14:46:45: Cannot access a disposed object.
Object name: 'System.Net.Sockets.Socket'.   at System.Net.Sockets.Socket.EndSend(IAsyncResult asyncResult, SocketError& errorCode)
   at System.Net.Sockets.Socket.EndSend(IAsyncResult asyncResult)
   at Yinrg.Net.Sockets.SocketClient.wQh1k8mXtn4yGgQ8LDh(Object , Object )
   at Yinrg.Net.Sockets.SocketClient.SendByteCallBack(IAsyncResult ar)
2019-04-01 14:46:45: Cannot access a disposed object.
Object name: 'System.Net.Sockets.Socket'.   at System.Net.Sockets.Socket.EndSend(IAsyncResult asyncResult, SocketError& errorCode)
   at System.Net.Sockets.Socket.EndSend(IAsyncResult asyncResult)
   at Yinrg.Net.Sockets.SocketClient.wQh1k8mXtn4yGgQ8LDh(Object , Object )
   at Yinrg.Net.Sockets.SocketClient.SendByteCallBack(IAsyncResult ar)
2019-04-01 14:46:45: Cannot access a disposed object.
Object name: 'System.Net.Sockets.Socket'.   at System.Net.Sockets.Socket.EndReceive(IAsyncResult asyncResult, SocketError& errorCode)
   at System.Net.Sockets.Socket.EndReceive(IAsyncResult asyncResult)
   at Yinrg.Net.Sockets.SocketClient.s91nev5CPITrFiQpWCt(Object , Object )
   at Yinrg.Net.Sockets.SocketClient.GsnOTWuuJ(IAsyncResult  )
2019-04-01 14:46:45: Cannot access a disposed object.
Object name: 'System.Net.Sockets.Socket'.   at System.Net.Sockets.Socket.EndReceive(IAsyncResult asyncResult, SocketError& errorCode)
   at System.Net.Sockets.Socket.EndReceive(IAsyncResult asyncResult)
   at Yinrg.Net.Sockets.SocketClient.s91nev5CPITrFiQpWCt(Object , Object )
   at Yinrg.Net.Sockets.SocketClient.GsnOTWuuJ(IAsyncResult  )
2019-04-01 14:46:45: Cannot access a disposed object.
Object name: 'System.Net.Sockets.Socket'.   at System.Net.Sockets.Socket.EndSend(IAsyncResult asyncResult, SocketError& errorCode)
   at System.Net.Sockets.Socket.EndSend(IAsyncResult asyncResult)
   at Yinrg.Net.Sockets.SocketClient.wQh1k8mXtn4yGgQ8LDh(Object , Object )
   at Yinrg.Net.Sockets.SocketClient.SendByteCallBack(IAsyncResult ar)
2019-04-01 14:46:45: Cannot access a disposed object.
Object name: 'System.Net.Sockets.Socket'.   at System.Net.Sockets.Socket.EndSend(IAsyncResult asyncResult, SocketError& errorCode)
   at System.Net.Sockets.Socket.EndSend(IAsyncResult asyncResult)
   at Yinrg.Net.Sockets.SocketClient.wQh1k8mXtn4yGgQ8LDh(Object , Object )
   at Yinrg.Net.Sockets.SocketClient.SendByteCallBack(IAsyncResult ar)
2019-04-01 14:46:45: Cannot access a disposed object.
Object name: 'System.Net.Sockets.Socket'.   at System.Net.Sockets.Socket.EndSend(IAsyncResult asyncResult, SocketError& errorCode)
   at System.Net.Sockets.Socket.EndSend(IAsyncResult asyncResult)
   at Yinrg.Net.Sockets.SocketClient.wQh1k8mXtn4yGgQ8LDh(Object , Object )
   at Yinrg.Net.Sockets.SocketClient.SendByteCallBack(IAsyncResult ar)
2019-04-01 14:46:45: Cannot access a disposed object.
Object name: 'System.Net.Sockets.Socket'.   at System.Net.Sockets.Socket.EndSend(IAsyncResult asyncResult, SocketError& errorCode)
   at System.Net.Sockets.Socket.EndSend(IAsyncResult asyncResult)
   at Yinrg.Net.Sockets.SocketClient.wQh1k8mXtn4yGgQ8LDh(Object , Object )
   at Yinrg.Net.Sockets.SocketClient.SendByteCallBack(IAsyncResult ar)
2019-04-01 14:46:45: Cannot access a disposed object.
Object name: 'System.Net.Sockets.Socket'.   at System.Net.Sockets.Socket.EndSend(IAsyncResult asyncResult, SocketError& errorCode)
   at System.Net.Sockets.Socket.EndSend(IAsyncResult asyncResult)
   at Yinrg.Net.Sockets.SocketClient.wQh1k8mXtn4yGgQ8LDh(Object , Object )
   at Yinrg.Net.Sockets.SocketClient.SendByteCallBack(IAsyncResult ar)
2019-04-01 14:46:45: Cannot access a disposed object.
Object name: 'System.Net.Sockets.Socket'.   at System.Net.Sockets.Socket.EndSend(IAsyncResult asyncResult, SocketError& errorCode)
   at System.Net.Sockets.Socket.EndSend(IAsyncResult asyncResult)
   at Yinrg.Net.Sockets.SocketClient.wQh1k8mXtn4yGgQ8LDh(Object , Object )
   at Yinrg.Net.Sockets.SocketClient.SendByteCallBack(IAsyncResult ar)
2019-04-01 14:46:45: Cannot access a disposed object.
Object name: 'System.Net.Sockets.Socket'.   at System.Net.Sockets.Socket.EndSend(IAsyncResult asyncResult, SocketError& errorCode)
   at System.Net.Sockets.Socket.EndSend(IAsyncResult asyncResult)
   at Yinrg.Net.Sockets.SocketClient.wQh1k8mXtn4yGgQ8LDh(Object , Object )
   at Yinrg.Net.Sockets.SocketClient.SendByteCallBack(IAsyncResult ar)
2019-04-01 14:46:45: Cannot access a disposed object.
Object name: 'System.Net.Sockets.Socket'.   at System.Net.Sockets.Socket.EndSend(IAsyncResult asyncResult, SocketError& errorCode)
   at System.Net.Sockets.Socket.EndSend(IAsyncResult asyncResult)
   at Yinrg.Net.Sockets.SocketClient.wQh1k8mXtn4yGgQ8LDh(Object , Object )
   at Yinrg.Net.Sockets.SocketClient.SendByteCallBack(IAsyncResult ar)
2019-04-01 14:46:45: Cannot access a disposed object.
Object name: 'System.Net.Sockets.Socket'.   at System.Net.Sockets.Socket.EndSend(IAsyncResult asyncResult, SocketError& errorCode)
   at System.Net.Sockets.Socket.EndSend(IAsyncResult asyncResult)
   at Yinrg.Net.Sockets.SocketClient.wQh1k8mXtn4yGgQ8LDh(Object , Object )
   at Yinrg.Net.Sockets.SocketClient.SendByteCallBack(IAsyncResult ar)
2019-04-01 14:46:45: Cannot access a disposed object.
Object name: 'System.Net.Sockets.Socket'.   at System.Net.Sockets.Socket.EndSend(IAsyncResult asyncResult, SocketError& errorCode)
   at System.Net.Sockets.Socket.EndSend(IAsyncResult asyncResult)
   at Yinrg.Net.Sockets.SocketClient.wQh1k8mXtn4yGgQ8LDh(Object , Object )
   at Yinrg.Net.Sockets.SocketClient.SendByteCallBack(IAsyncResult ar)
2019-04-01 14:46:45: Cannot access a disposed object.
Object name: 'System.Net.Sockets.Socket'.   at System.Net.Sockets.Socket.EndSend(IAsyncResult asyncResult, SocketError& errorCode)
   at System.Net.Sockets.Socket.EndSend(IAsyncResult asyncResult)
   at Yinrg.Net.Sockets.SocketClient.wQh1k8mXtn4yGgQ8LDh(Object , Object )
   at Yinrg.Net.Sockets.SocketClient.SendByteCallBack(IAsyncResult ar)
2019-04-01 14:46:45: Cannot access a disposed object.
Object name: 'System.Net.Sockets.Socket'.   at System.Net.Sockets.Socket.EndSend(IAsyncResult asyncResult, SocketError& errorCode)
   at System.Net.Sockets.Socket.EndSend(IAsyncResult asyncResult)
   at Yinrg.Net.Sockets.SocketClient.wQh1k8mXtn4yGgQ8LDh(Object , Object )
   at Yinrg.Net.Sockets.SocketClient.SendByteCallBack(IAsyncResult ar)
2019-04-01 14:46:45: Cannot access a disposed object.
Object name: 'System.Net.Sockets.Socket'.   at System.Net.Sockets.Socket.EndSend(IAsyncResult asyncResult, SocketError& errorCode)
   at System.Net.Sockets.Socket.EndSend(IAsyncResult asyncResult)
   at Yinrg.Net.Sockets.SocketClient.wQh1k8mXtn4yGgQ8LDh(Object , Object )
   at Yinrg.Net.Sockets.SocketClient.SendByteCallBack(IAsyncResult ar)
2019-04-01 14:46:45: Cannot access a disposed object.
Object name: 'System.Net.Sockets.Socket'.   at System.Net.Sockets.Socket.EndSend(IAsyncResult asyncResult, SocketError& errorCode)
   at System.Net.Sockets.Socket.EndSend(IAsyncResult asyncResult)
   at Yinrg.Net.Sockets.SocketClient.wQh1k8mXtn4yGgQ8LDh(Object , Object )
   at Yinrg.Net.Sockets.SocketClient.SendByteCallBack(IAsyncResult ar)
2019-04-01 14:46:45: Cannot access a disposed object.
Object name: 'System.Net.Sockets.Socket'.   at System.Net.Sockets.Socket.EndSend(IAsyncResult asyncResult, SocketError& errorCode)
   at System.Net.Sockets.Socket.EndSend(IAsyncResult asyncResult)
   at Yinrg.Net.Sockets.SocketClient.wQh1k8mXtn4yGgQ8LDh(Object , Object )
   at Yinrg.Net.Sockets.SocketClient.SendByteCallBack(IAsyncResult ar)
2019-04-01 14:46:45: Cannot access a disposed object.
Object name: 'System.Net.Sockets.Socket'.   at System.Net.Sockets.Socket.EndSend(IAsyncResult asyncResult, SocketError& errorCode)
   at System.Net.Sockets.Socket.EndSend(IAsyncResult asyncResult)
   at Yinrg.Net.Sockets.SocketClient.wQh1k8mXtn4yGgQ8LDh(Object , Object )
   at Yinrg.Net.Sockets.SocketClient.SendByteCallBack(IAsyncResult ar)
2019-04-01 14:46:45: Cannot access a disposed object.
Object name: 'System.Net.Sockets.Socket'.   at System.Net.Sockets.Socket.EndSend(IAsyncResult asyncResult, SocketError& errorCode)
   at System.Net.Sockets.Socket.EndSend(IAsyncResult asyncResult)
   at Yinrg.Net.Sockets.SocketClient.wQh1k8mXtn4yGgQ8LDh(Object , Object )
   at Yinrg.Net.Sockets.SocketClient.SendByteCallBack(IAsyncResult ar)
2019-04-01 14:46:46: Cannot access a disposed object.
Object name: 'System.Net.Sockets.Socket'.   at System.Net.Sockets.Socket.EndSend(IAsyncResult asyncResult, SocketError& errorCode)
   at System.Net.Sockets.Socket.EndSend(IAsyncResult asyncResult)
   at Yinrg.Net.Sockets.SocketClient.wQh1k8mXtn4yGgQ8LDh(Object , Object )
   at Yinrg.Net.Sockets.SocketClient.SendByteCallBack(IAsyncResult ar)
2019-04-01 14:46:46: Cannot access a disposed object.
Object name: 'System.Net.Sockets.Socket'.   at System.Net.Sockets.Socket.EndSend(IAsyncResult asyncResult, SocketError& errorCode)
   at System.Net.Sockets.Socket.EndSend(IAsyncResult asyncResult)
   at Yinrg.Net.Sockets.SocketClient.wQh1k8mXtn4yGgQ8LDh(Object , Object )
   at Yinrg.Net.Sockets.SocketClient.SendByteCallBack(IAsyncResult ar)
2019-04-01 14:46:46: Cannot access a disposed object.
Object name: 'System.Net.Sockets.Socket'.   at System.Net.Sockets.Socket.EndSend(IAsyncResult asyncResult, SocketError& errorCode)
   at System.Net.Sockets.Socket.EndSend(IAsyncResult asyncResult)
   at Yinrg.Net.Sockets.SocketClient.wQh1k8mXtn4yGgQ8LDh(Object , Object )
   at Yinrg.Net.Sockets.SocketClient.SendByteCallBack(IAsyncResult ar)
2019-04-01 14:46:46: Cannot access a disposed object.
Object name: 'System.Net.Sockets.Socket'.   at System.Net.Sockets.Socket.EndReceive(IAsyncResult asyncResult, SocketError& errorCode)
   at System.Net.Sockets.Socket.EndReceive(IAsyncResult asyncResult)
   at Yinrg.Net.Sockets.SocketClient.s91nev5CPITrFiQpWCt(Object , Object )
   at Yinrg.Net.Sockets.SocketClient.GsnOTWuuJ(IAsyncResult  )
2019-04-01 14:46:46: Cannot access a disposed object.
Object name: 'System.Net.Sockets.Socket'.   at System.Net.Sockets.Socket.EndSend(IAsyncResult asyncResult, SocketError& errorCode)
   at System.Net.Sockets.Socket.EndSend(IAsyncResult asyncResult)
   at Yinrg.Net.Sockets.SocketClient.wQh1k8mXtn4yGgQ8LDh(Object , Object )
   at Yinrg.Net.Sockets.SocketClient.SendByteCallBack(IAsyncResult ar)
2019-04-01 14:46:46: Cannot access a disposed object.
Object name: 'System.Net.Sockets.Socket'.   at System.Net.Sockets.Socket.EndSend(IAsyncResult asyncResult, SocketError& errorCode)
   at System.Net.Sockets.Socket.EndSend(IAsyncResult asyncResult)
   at Yinrg.Net.Sockets.SocketClient.wQh1k8mXtn4yGgQ8LDh(Object , Object )
   at Yinrg.Net.Sockets.SocketClient.SendByteCallBack(IAsyncResult ar)
2019-04-01 14:46:46: Cannot access a disposed object.
Object name: 'System.Net.Sockets.Socket'.   at System.Net.Sockets.Socket.EndSend(IAsyncResult asyncResult, SocketError& errorCode)
   at System.Net.Sockets.Socket.EndSend(IAsyncResult asyncResult)
   at Yinrg.Net.Sockets.SocketClient.wQh1k8mXtn4yGgQ8LDh(Object , Object )
   at Yinrg.Net.Sockets.SocketClient.SendByteCallBack(IAsyncResult ar)
2019-04-01 14:46:46: Cannot access a disposed object.
Object name: 'System.Net.Sockets.Socket'.   at System.Net.Sockets.Socket.EndSend(IAsyncResult asyncResult, SocketError& errorCode)
   at System.Net.Sockets.Socket.EndSend(IAsyncResult asyncResult)
   at Yinrg.Net.Sockets.SocketClient.wQh1k8mXtn4yGgQ8LDh(Object , Object )
   at Yinrg.Net.Sockets.SocketClient.SendByteCallBack(IAsyncResult ar)
2019-04-01 14:46:46: Cannot access a disposed object.
Object name: 'System.Net.Sockets.Socket'.   at System.Net.Sockets.Socket.EndSend(IAsyncResult asyncResult, SocketError& errorCode)
   at System.Net.Sockets.Socket.EndSend(IAsyncResult asyncResult)
   at Yinrg.Net.Sockets.SocketClient.wQh1k8mXtn4yGgQ8LDh(Object , Object )
   at Yinrg.Net.Sockets.SocketClient.SendByteCallBack(IAsyncResult ar)
2019-04-01 14:46:46: Cannot access a disposed object.
Object name: 'System.Net.Sockets.Socket'.   at System.Net.Sockets.Socket.EndSend(IAsyncResult asyncResult, SocketError& errorCode)
   at System.Net.Sockets.Socket.EndSend(IAsyncResult asyncResult)
   at Yinrg.Net.Sockets.SocketClient.wQh1k8mXtn4yGgQ8LDh(Object , Object )
   at Yinrg.Net.Sockets.SocketClient.SendByteCallBack(IAsyncResult ar)
2019-04-01 14:46:46: Cannot access a disposed object.
Object name: 'System.Net.Sockets.Socket'.   at System.Net.Sockets.Socket.EndSend(IAsyncResult asyncResult, SocketError& errorCode)
   at System.Net.Sockets.Socket.EndSend(IAsyncResult asyncResult)
   at Yinrg.Net.Sockets.SocketClient.wQh1k8mXtn4yGgQ8LDh(Object , Object )
   at Yinrg.Net.Sockets.SocketClient.SendByteCallBack(IAsyncResult ar)
2019-04-01 14:46:46: Cannot access a disposed object.
Object name: 'System.Net.Sockets.Socket'.   at System.Net.Sockets.Socket.EndSend(IAsyncResult asyncResult, SocketError& errorCode)
   at System.Net.Sockets.Socket.EndSend(IAsyncResult asyncResult)
   at Yinrg.Net.Sockets.SocketClient.wQh1k8mXtn4yGgQ8LDh(Object , Object )
   at Yinrg.Net.Sockets.SocketClient.SendByteCallBack(IAsyncResult ar)
2019-04-01 14:46:46: Cannot access a disposed object.
Object name: 'System.Net.Sockets.Socket'.   at System.Net.Sockets.Socket.EndSend(IAsyncResult asyncResult, SocketError& errorCode)
   at System.Net.Sockets.Socket.EndSend(IAsyncResult asyncResult)
   at Yinrg.Net.Sockets.SocketClient.wQh1k8mXtn4yGgQ8LDh(Object , Object )
   at Yinrg.Net.Sockets.SocketClient.SendByteCallBack(IAsyncResult ar)
2019-04-01 14:46:46: Cannot access a disposed object.
Object name: 'System.Net.Sockets.Socket'.   at System.Net.Sockets.Socket.EndSend(IAsyncResult asyncResult, SocketError& errorCode)
   at System.Net.Sockets.Socket.EndSend(IAsyncResult asyncResult)
   at Yinrg.Net.Sockets.SocketClient.wQh1k8mXtn4yGgQ8LDh(Object , Object )
   at Yinrg.Net.Sockets.SocketClient.SendByteCallBack(IAsyncResult ar)
2019-04-01 14:46:46: Cannot access a disposed object.
Object name: 'System.Net.Sockets.Socket'.   at System.Net.Sockets.Socket.EndSend(IAsyncResult asyncResult, SocketError& errorCode)
   at System.Net.Sockets.Socket.EndSend(IAsyncResult asyncResult)
   at Yinrg.Net.Sockets.SocketClient.wQh1k8mXtn4yGgQ8LDh(Object , Object )
   at Yinrg.Net.Sockets.SocketClient.SendByteCallBack(IAsyncResult ar)
2019-04-01 14:46:46: Cannot access a disposed object.
Object name: 'System.Net.Sockets.Socket'.   at System.Net.Sockets.Socket.EndSend(IAsyncResult asyncResult, SocketError& errorCode)
   at System.Net.Sockets.Socket.EndSend(IAsyncResult asyncResult)
   at Yinrg.Net.Sockets.SocketClient.wQh1k8mXtn4yGgQ8LDh(Object , Object )
   at Yinrg.Net.Sockets.SocketClient.SendByteCallBack(IAsyncResult ar)
2019-04-01 14:46:46: Cannot access a disposed object.
Object name: 'System.Net.Sockets.Socket'.   at System.Net.Sockets.Socket.EndSend(IAsyncResult asyncResult, SocketError& errorCode)
   at System.Net.Sockets.Socket.EndSend(IAsyncResult asyncResult)
   at Yinrg.Net.Sockets.SocketClient.wQh1k8mXtn4yGgQ8LDh(Object , Object )
   at Yinrg.Net.Sockets.SocketClient.SendByteCallBack(IAsyncResult ar)
2019-04-01 14:46:46: Cannot access a disposed object.
Object name: 'System.Net.Sockets.Socket'.   at System.Net.Sockets.Socket.EndSend(IAsyncResult asyncResult, SocketError& errorCode)
   at System.Net.Sockets.Socket.EndSend(IAsyncResult asyncResult)
   at Yinrg.Net.Sockets.SocketClient.wQh1k8mXtn4yGgQ8LDh(Object , Object )
   at Yinrg.Net.Sockets.SocketClient.SendByteCallBack(IAsyncResult ar)
2019-04-01 14:46:46: Cannot access a disposed object.
Object name: 'System.Net.Sockets.Socket'.   at System.Net.Sockets.Socket.EndSend(IAsyncResult asyncResult, SocketError& errorCode)
   at System.Net.Sockets.Socket.EndSend(IAsyncResult asyncResult)
   at Yinrg.Net.Sockets.SocketClient.wQh1k8mXtn4yGgQ8LDh(Object , Object )
   at Yinrg.Net.Sockets.SocketClient.SendByteCallBack(IAsyncResult ar)
2019-04-01 14:46:46: Cannot access a disposed object.
Object name: 'System.Net.Sockets.Socket'.   at System.Net.Sockets.Socket.EndSend(IAsyncResult asyncResult, SocketError& errorCode)
   at System.Net.Sockets.Socket.EndSend(IAsyncResult asyncResult)
   at Yinrg.Net.Sockets.SocketClient.wQh1k8mXtn4yGgQ8LDh(Object , Object )
   at Yinrg.Net.Sockets.SocketClient.SendByteCallBack(IAsyncResult ar)
2019-04-01 14:46:46: Cannot access a disposed object.
Object name: 'System.Net.Sockets.Socket'.   at System.Net.Sockets.Socket.EndSend(IAsyncResult asyncResult, SocketError& errorCode)
   at System.Net.Sockets.Socket.EndSend(IAsyncResult asyncResult)
   at Yinrg.Net.Sockets.SocketClient.wQh1k8mXtn4yGgQ8LDh(Object , Object )
   at Yinrg.Net.Sockets.SocketClient.SendByteCallBack(IAsyncResult ar)
2019-04-01 14:46:46: Cannot access a disposed object.
Object name: 'System.Net.Sockets.Socket'.   at System.Net.Sockets.Socket.EndSend(IAsyncResult asyncResult, SocketError& errorCode)
   at System.Net.Sockets.Socket.EndSend(IAsyncResult asyncResult)
   at Yinrg.Net.Sockets.SocketClient.wQh1k8mXtn4yGgQ8LDh(Object , Object )
   at Yinrg.Net.Sockets.SocketClient.SendByteCallBack(IAsyncResult ar)
2019-04-01 14:46:46: Cannot access a disposed object.
Object name: 'System.Net.Sockets.Socket'.   at System.Net.Sockets.Socket.EndSend(IAsyncResult asyncResult, SocketError& errorCode)
   at System.Net.Sockets.Socket.EndSend(IAsyncResult asyncResult)
   at Yinrg.Net.Sockets.SocketClient.wQh1k8mXtn4yGgQ8LDh(Object , Object )
   at Yinrg.Net.Sockets.SocketClient.SendByteCallBack(IAsyncResult ar)
2019-04-01 14:46:46: Cannot access a disposed object.
Object name: 'System.Net.Sockets.Socket'.   at System.Net.Sockets.Socket.EndSend(IAsyncResult asyncResult, SocketError& errorCode)
   at System.Net.Sockets.Socket.EndSend(IAsyncResult asyncResult)
   at Yinrg.Net.Sockets.SocketClient.wQh1k8mXtn4yGgQ8LDh(Object , Object )
   at Yinrg.Net.Sockets.SocketClient.SendByteCallBack(IAsyncResult ar)
2019-04-01 14:46:46: Cannot access a disposed object.
Object name: 'System.Net.Sockets.Socket'.   at System.Net.Sockets.Socket.EndReceive(IAsyncResult asyncResult, SocketError& errorCode)
   at System.Net.Sockets.Socket.EndReceive(IAsyncResult asyncResult)
   at Yinrg.Net.Sockets.SocketClient.s91nev5CPITrFiQpWCt(Object , Object )
   at Yinrg.Net.Sockets.SocketClient.GsnOTWuuJ(IAsyncResult  )
2019-04-01 14:46:46: Cannot access a disposed object.
Object name: 'System.Net.Sockets.Socket'.   at System.Net.Sockets.Socket.EndSend(IAsyncResult asyncResult, SocketError& errorCode)
   at System.Net.Sockets.Socket.EndSend(IAsyncResult asyncResult)
   at Yinrg.Net.Sockets.SocketClient.wQh1k8mXtn4yGgQ8LDh(Object , Object )
   at Yinrg.Net.Sockets.SocketClient.SendByteCallBack(IAsyncResult ar)
2019-04-01 14:46:46: Cannot access a disposed object.
Object name: 'System.Net.Sockets.Socket'.   at System.Net.Sockets.Socket.EndSend(IAsyncResult asyncResult, SocketError& errorCode)
   at System.Net.Sockets.Socket.EndSend(IAsyncResult asyncResult)
   at Yinrg.Net.Sockets.SocketClient.wQh1k8mXtn4yGgQ8LDh(Object , Object )
   at Yinrg.Net.Sockets.SocketClient.SendByteCallBack(IAsyncResult ar)
2019-04-01 14:46:46: Cannot access a disposed object.
Object name: 'System.Net.Sockets.Socket'.   at System.Net.Sockets.Socket.EndSend(IAsyncResult asyncResult, SocketError& errorCode)
   at System.Net.Sockets.Socket.EndSend(IAsyncResult asyncResult)
   at Yinrg.Net.Sockets.SocketClient.wQh1k8mXtn4yGgQ8LDh(Object , Object )
   at Yinrg.Net.Sockets.SocketClient.SendByteCallBack(IAsyncResult ar)
2019-04-01 14:46:46: Cannot access a disposed object.
Object name: 'System.Net.Sockets.Socket'.   at System.Net.Sockets.Socket.EndSend(IAsyncResult asyncResult, SocketError& errorCode)
   at System.Net.Sockets.Socket.EndSend(IAsyncResult asyncResult)
   at Yinrg.Net.Sockets.SocketClient.wQh1k8mXtn4yGgQ8LDh(Object , Object )
   at Yinrg.Net.Sockets.SocketClient.SendByteCallBack(IAsyncResult ar)
2019-04-01 14:46:46: Cannot access a disposed object.
Object name: 'System.Net.Sockets.Socket'.   at System.Net.Sockets.Socket.EndSend(IAsyncResult asyncResult, SocketError& errorCode)
   at System.Net.Sockets.Socket.EndSend(IAsyncResult asyncResult)
   at Yinrg.Net.Sockets.SocketClient.wQh1k8mXtn4yGgQ8LDh(Object , Object )
   at Yinrg.Net.Sockets.SocketClient.SendByteCallBack(IAsyncResult ar)
2019-04-01 14:46:46: Cannot access a disposed object.
Object name: 'System.Net.Sockets.Socket'.   at System.Net.Sockets.Socket.EndSend(IAsyncResult asyncResult, SocketError& errorCode)
   at System.Net.Sockets.Socket.EndSend(IAsyncResult asyncResult)
   at Yinrg.Net.Sockets.SocketClient.wQh1k8mXtn4yGgQ8LDh(Object , Object )
   at Yinrg.Net.Sockets.SocketClient.SendByteCallBack(IAsyncResult ar)
2019-04-01 14:46:46: Cannot access a disposed object.
Object name: 'System.Net.Sockets.Socket'.   at System.Net.Sockets.Socket.EndSend(IAsyncResult asyncResult, SocketError& errorCode)
   at System.Net.Sockets.Socket.EndSend(IAsyncResult asyncResult)
   at Yinrg.Net.Sockets.SocketClient.wQh1k8mXtn4yGgQ8LDh(Object , Object )
   at Yinrg.Net.Sockets.SocketClient.SendByteCallBack(IAsyncResult ar)
2019-04-01 14:46:46: Cannot access a disposed object.
Object name: 'System.Net.Sockets.Socket'.   at System.Net.Sockets.Socket.EndSend(IAsyncResult asyncResult, SocketError& errorCode)
   at System.Net.Sockets.Socket.EndSend(IAsyncResult asyncResult)
   at Yinrg.Net.Sockets.SocketClient.wQh1k8mXtn4yGgQ8LDh(Object , Object )
   at Yinrg.Net.Sockets.SocketClient.SendByteCallBack(IAsyncResult ar)
2019-04-01 14:46:46: Cannot access a disposed object.
Object name: 'System.Net.Sockets.Socket'.   at System.Net.Sockets.Socket.EndSend(IAsyncResult asyncResult, SocketError& errorCode)
   at System.Net.Sockets.Socket.EndSend(IAsyncResult asyncResult)
   at Yinrg.Net.Sockets.SocketClient.wQh1k8mXtn4yGgQ8LDh(Object , Object )
   at Yinrg.Net.Sockets.SocketClient.SendByteCallBack(IAsyncResult ar)
2019-04-01 14:46:46: Cannot access a disposed object.
Object name: 'System.Net.Sockets.Socket'.   at System.Net.Sockets.Socket.EndSend(IAsyncResult asyncResult, SocketError& errorCode)
   at System.Net.Sockets.Socket.EndSend(IAsyncResult asyncResult)
   at Yinrg.Net.Sockets.SocketClient.wQh1k8mXtn4yGgQ8LDh(Object , Object )
   at Yinrg.Net.Sockets.SocketClient.SendByteCallBack(IAsyncResult ar)
2019-04-01 14:46:46: Cannot access a disposed object.
Object name: 'System.Net.Sockets.Socket'.   at System.Net.Sockets.Socket.EndSend(IAsyncResult asyncResult, SocketError& errorCode)
   at System.Net.Sockets.Socket.EndSend(IAsyncResult asyncResult)
   at Yinrg.Net.Sockets.SocketClient.wQh1k8mXtn4yGgQ8LDh(Object , Object )
   at Yinrg.Net.Sockets.SocketClient.SendByteCallBack(IAsyncResult ar)
2019-04-01 14:46:46: Cannot access a disposed object.
Object name: 'System.Net.Sockets.Socket'.   at System.Net.Sockets.Socket.EndSend(IAsyncResult asyncResult, SocketError& errorCode)
   at System.Net.Sockets.Socket.EndSend(IAsyncResult asyncResult)
   at Yinrg.Net.Sockets.SocketClient.wQh1k8mXtn4yGgQ8LDh(Object , Object )
   at Yinrg.Net.Sockets.SocketClient.SendByteCallBack(IAsyncResult ar)
2019-04-01 14:46:46: Cannot access a disposed object.
Object name: 'System.Net.Sockets.Socket'.   at System.Net.Sockets.Socket.EndSend(IAsyncResult asyncResult, SocketError& errorCode)
   at System.Net.Sockets.Socket.EndSend(IAsyncResult asyncResult)
   at Yinrg.Net.Sockets.SocketClient.wQh1k8mXtn4yGgQ8LDh(Object , Object )
   at Yinrg.Net.Sockets.SocketClient.SendByteCallBack(IAsyncResult ar)
2019-04-01 14:46:46: Cannot access a disposed object.
Object name: 'System.Net.Sockets.Socket'.   at System.Net.Sockets.Socket.EndSend(IAsyncResult asyncResult, SocketError& errorCode)
   at System.Net.Sockets.Socket.EndSend(IAsyncResult asyncResult)
   at Yinrg.Net.Sockets.SocketClient.wQh1k8mXtn4yGgQ8LDh(Object , Object )
   at Yinrg.Net.Sockets.SocketClient.SendByteCallBack(IAsyncResult ar)
2019-04-01 14:46:46: Cannot access a disposed object.
Object name: 'System.Net.Sockets.Socket'.   at System.Net.Sockets.Socket.EndSend(IAsyncResult asyncResult, SocketError& errorCode)
   at System.Net.Sockets.Socket.EndSend(IAsyncResult asyncResult)
   at Yinrg.Net.Sockets.SocketClient.wQh1k8mXtn4yGgQ8LDh(Object , Object )
   at Yinrg.Net.Sockets.SocketClient.SendByteCallBack(IAsyncResult ar)
2019-04-01 14:46:46: Cannot access a disposed object.
Object name: 'System.Net.Sockets.Socket'.   at System.Net.Sockets.Socket.EndSend(IAsyncResult asyncResult, SocketError& errorCode)
   at System.Net.Sockets.Socket.EndSend(IAsyncResult asyncResult)
   at Yinrg.Net.Sockets.SocketClient.wQh1k8mXtn4yGgQ8LDh(Object , Object )
   at Yinrg.Net.Sockets.SocketClient.SendByteCallBack(IAsyncResult ar)
2019-04-01 14:46:46: Cannot access a disposed object.
Object name: 'System.Net.Sockets.Socket'.   at System.Net.Sockets.Socket.EndSend(IAsyncResult asyncResult, SocketError& errorCode)
   at System.Net.Sockets.Socket.EndSend(IAsyncResult asyncResult)
   at Yinrg.Net.Sockets.SocketClient.wQh1k8mXtn4yGgQ8LDh(Object , Object )
   at Yinrg.Net.Sockets.SocketClient.SendByteCallBack(IAsyncResult ar)
2019-04-01 14:46:46: Cannot access a disposed object.
Object name: 'System.Net.Sockets.Socket'.   at System.Net.Sockets.Socket.EndSend(IAsyncResult asyncResult, SocketError& errorCode)
   at System.Net.Sockets.Socket.EndSend(IAsyncResult asyncResult)
   at Yinrg.Net.Sockets.SocketClient.wQh1k8mXtn4yGgQ8LDh(Object , Object )
   at Yinrg.Net.Sockets.SocketClient.SendByteCallBack(IAsyncResult ar)
2019-04-01 14:46:46: Cannot access a disposed object.
Object name: 'System.Net.Sockets.Socket'.   at System.Net.Sockets.Socket.EndSend(IAsyncResult asyncResult, SocketError& errorCode)
   at System.Net.Sockets.Socket.EndSend(IAsyncResult asyncResult)
   at Yinrg.Net.Sockets.SocketClient.wQh1k8mXtn4yGgQ8LDh(Object , Object )
   at Yinrg.Net.Sockets.SocketClient.SendByteCallBack(IAsyncResult ar)
2019-04-01 14:46:46: Cannot access a disposed object.
Object name: 'System.Net.Sockets.Socket'.   at System.Net.Sockets.Socket.EndSend(IAsyncResult asyncResult, SocketError& errorCode)
   at System.Net.Sockets.Socket.EndSend(IAsyncResult asyncResult)
   at Yinrg.Net.Sockets.SocketClient.wQh1k8mXtn4yGgQ8LDh(Object , Object )
   at Yinrg.Net.Sockets.SocketClient.SendByteCallBack(IAsyncResult ar)
2019-04-01 14:46:46: 由于连接方在一段时间后没有正确答复或连接的主机没有反应，连接尝试失败。   at System.Net.Sockets.Socket.EndReceive(IAsyncResult asyncResult)
   at Yinrg.Net.Sockets.SocketClient.s91nev5CPITrFiQpWCt(Object , Object )
   at Yinrg.Net.Sockets.SocketClient.GsnOTWuuJ(IAsyncResult  )
2019-04-01 14:46:46: 由于连接方在一段时间后没有正确答复或连接的主机没有反应，连接尝试失败。   at System.Net.Sockets.Socket.EndReceive(IAsyncResult asyncResult)
   at Yinrg.Net.Sockets.SocketClient.s91nev5CPITrFiQpWCt(Object , Object )
   at Yinrg.Net.Sockets.SocketClient.GsnOTWuuJ(IAsyncResult  )
2019-04-01 14:46:46: 由于连接方在一段时间后没有正确答复或连接的主机没有反应，连接尝试失败。   at System.Net.Sockets.Socket.EndReceive(IAsyncResult asyncResult)
   at Yinrg.Net.Sockets.SocketClient.s91nev5CPITrFiQpWCt(Object , Object )
   at Yinrg.Net.Sockets.SocketClient.GsnOTWuuJ(IAsyncResult  )
2019-04-01 14:46:46: 由于连接方在一段时间后没有正确答复或连接的主机没有反应，连接尝试失败。   at System.Net.Sockets.Socket.EndReceive(IAsyncResult asyncResult)
   at Yinrg.Net.Sockets.SocketClient.s91nev5CPITrFiQpWCt(Object , Object )
   at Yinrg.Net.Sockets.SocketClient.GsnOTWuuJ(IAsyncResult  )
2019-04-01 14:46:46: 由于连接方在一段时间后没有正确答复或连接的主机没有反应，连接尝试失败。   at System.Net.Sockets.Socket.EndReceive(IAsyncResult asyncResult)
   at Yinrg.Net.Sockets.SocketClient.s91nev5CPITrFiQpWCt(Object , Object )
   at Yinrg.Net.Sockets.SocketClient.GsnOTWuuJ(IAsyncResult  )
2019-04-01 14:46:46: 由于连接方在一段时间后没有正确答复或连接的主机没有反应，连接尝试失败。   at System.Net.Sockets.Socket.EndReceive(IAsyncResult asyncResult)
   at Yinrg.Net.Sockets.SocketClient.s91nev5CPITrFiQpWCt(Object , Object )
   at Yinrg.Net.Sockets.SocketClient.GsnOTWuuJ(IAsyncResult  )
2019-04-01 14:46:46: 由于连接方在一段时间后没有正确答复或连接的主机没有反应，连接尝试失败。   at System.Net.Sockets.Socket.EndReceive(IAsyncResult asyncResult)
   at Yinrg.Net.Sockets.SocketClient.s91nev5CPITrFiQpWCt(Object , Object )
   at Yinrg.Net.Sockets.SocketClient.GsnOTWuuJ(IAsyncResult  )
2019-04-01 14:46:46: 由于连接方在一段时间后没有正确答复或连接的主机没有反应，连接尝试失败。   at System.Net.Sockets.Socket.EndReceive(IAsyncResult asyncResult)
   at Yinrg.Net.Sockets.SocketClient.s91nev5CPITrFiQpWCt(Object , Object )
   at Yinrg.Net.Sockets.SocketClient.GsnOTWuuJ(IAsyncResult  )
2019-04-01 14:46:46: Cannot access a disposed object.
Object name: 'System.Net.Sockets.Socket'.   at System.Net.Sockets.Socket.EndReceive(IAsyncResult asyncResult, SocketError& errorCode)
   at System.Net.Sockets.Socket.EndReceive(IAsyncResult asyncResult)
   at Yinrg.Net.Sockets.SocketClient.s91nev5CPITrFiQpWCt(Object , Object )
   at Yinrg.Net.Sockets.SocketClient.GsnOTWuuJ(IAsyncResult  )
2019-04-01 14:46:46: Cannot access a disposed object.
Object name: 'System.Net.Sockets.Socket'.   at System.Net.Sockets.Socket.EndReceive(IAsyncResult asyncResult, SocketError& errorCode)
   at System.Net.Sockets.Socket.EndReceive(IAsyncResult asyncResult)
   at Yinrg.Net.Sockets.SocketClient.s91nev5CPITrFiQpWCt(Object , Object )
   at Yinrg.Net.Sockets.SocketClient.GsnOTWuuJ(IAsyncResult  )
2019-04-01 16:23:55: 由于连接方在一段时间后没有正确答复或连接的主机没有反应，连接尝试失败。   at System.Net.Sockets.Socket.EndReceive(IAsyncResult asyncResult)
   at Yinrg.Net.Sockets.SocketClient.s91nev5CPITrFiQpWCt(Object , Object )
   at Yinrg.Net.Sockets.SocketClient.GsnOTWuuJ(IAsyncResult  )
2019-04-01 16:23:56: 由于连接方在一段时间后没有正确答复或连接的主机没有反应，连接尝试失败。   at System.Net.Sockets.Socket.EndReceive(IAsyncResult asyncResult)
   at Yinrg.Net.Sockets.SocketClient.s91nev5CPITrFiQpWCt(Object , Object )
   at Yinrg.Net.Sockets.SocketClient.GsnOTWuuJ(IAsyncResult  )
2019-04-01 16:23:59: 由于连接方在一段时间后没有正确答复或连接的主机没有反应，连接尝试失败。   at System.Net.Sockets.Socket.EndReceive(IAsyncResult asyncResult)
   at Yinrg.Net.Sockets.SocketClient.s91nev5CPITrFiQpWCt(Object , Object )
   at Yinrg.Net.Sockets.SocketClient.GsnOTWuuJ(IAsyncResult  )
2019-04-01 16:27:35: Cannot access a disposed object.
Object name: 'System.Net.Sockets.Socket'.   at System.Net.Sockets.Socket.EndReceive(IAsyncResult asyncResult, SocketError& errorCode)
   at System.Net.Sockets.Socket.EndReceive(IAsyncResult asyncResult)
   at Yinrg.Net.Sockets.SocketClient.s91nev5CPITrFiQpWCt(Object , Object )
   at Yinrg.Net.Sockets.SocketClient.GsnOTWuuJ(IAsyncResult  )
2019-04-01 16:27:35: Cannot access a disposed object.
Object name: 'System.Net.Sockets.Socket'.   at System.Net.Sockets.Socket.EndReceive(IAsyncResult asyncResult, SocketError& errorCode)
   at System.Net.Sockets.Socket.EndReceive(IAsyncResult asyncResult)
   at Yinrg.Net.Sockets.SocketClient.s91nev5CPITrFiQpWCt(Object , Object )
   at Yinrg.Net.Sockets.SocketClient.GsnOTWuuJ(IAsyncResult  )
2019-04-01 16:27:35: Cannot access a disposed object.
Object name: 'System.Net.Sockets.Socket'.   at System.Net.Sockets.Socket.EndReceive(IAsyncResult asyncResult, SocketError& errorCode)
   at System.Net.Sockets.Socket.EndReceive(IAsyncResult asyncResult)
   at Yinrg.Net.Sockets.SocketClient.s91nev5CPITrFiQpWCt(Object , Object )
   at Yinrg.Net.Sockets.SocketClient.GsnOTWuuJ(IAsyncResult  )
2019-04-01 16:27:35: Cannot access a disposed object.
Object name: 'System.Net.Sockets.Socket'.   at System.Net.Sockets.Socket.EndReceive(IAsyncResult asyncResult, SocketError& errorCode)
   at System.Net.Sockets.Socket.EndReceive(IAsyncResult asyncResult)
   at Yinrg.Net.Sockets.SocketClient.s91nev5CPITrFiQpWCt(Object , Object )
   at Yinrg.Net.Sockets.SocketClient.GsnOTWuuJ(IAsyncResult  )
2019-04-01 16:27:35: Cannot access a disposed object.
Object name: 'System.Net.Sockets.Socket'.   at System.Net.Sockets.Socket.EndReceive(IAsyncResult asyncResult, SocketError& errorCode)
   at System.Net.Sockets.Socket.EndReceive(IAsyncResult asyncResult)
   at Yinrg.Net.Sockets.SocketClient.s91nev5CPITrFiQpWCt(Object , Object )
   at Yinrg.Net.Sockets.SocketClient.GsnOTWuuJ(IAsyncResult  )
2019-04-01 16:27:35: Cannot access a disposed object.
Object name: 'System.Net.Sockets.Socket'.   at System.Net.Sockets.Socket.EndReceive(IAsyncResult asyncResult, SocketError& errorCode)
   at System.Net.Sockets.Socket.EndReceive(IAsyncResult asyncResult)
   at Yinrg.Net.Sockets.SocketClient.s91nev5CPITrFiQpWCt(Object , Object )
   at Yinrg.Net.Sockets.SocketClient.GsnOTWuuJ(IAsyncResult  )
2019-04-01 16:27:35: Cannot access a disposed object.
Object name: 'System.Net.Sockets.Socket'.   at System.Net.Sockets.Socket.EndReceive(IAsyncResult asyncResult, SocketError& errorCode)
   at System.Net.Sockets.Socket.EndReceive(IAsyncResult asyncResult)
   at Yinrg.Net.Sockets.SocketClient.s91nev5CPITrFiQpWCt(Object , Object )
   at Yinrg.Net.Sockets.SocketClient.GsnOTWuuJ(IAsyncResult  )
2019-04-01 16:27:35: Cannot access a disposed object.
Object name: 'System.Net.Sockets.Socket'.   at System.Net.Sockets.Socket.EndReceive(IAsyncResult asyncResult, SocketError& errorCode)
   at System.Net.Sockets.Socket.EndReceive(IAsyncResult asyncResult)
   at Yinrg.Net.Sockets.SocketClient.s91nev5CPITrFiQpWCt(Object , Object )
   at Yinrg.Net.Sockets.SocketClient.GsnOTWuuJ(IAsyncResult  )
2019-04-01 16:27:35: Cannot access a disposed object.
Object name: 'System.Net.Sockets.Socket'.   at System.Net.Sockets.Socket.EndReceive(IAsyncResult asyncResult, SocketError& errorCode)
   at System.Net.Sockets.Socket.EndReceive(IAsyncResult asyncResult)
   at Yinrg.Net.Sockets.SocketClient.s91nev5CPITrFiQpWCt(Object , Object )
   at Yinrg.Net.Sockets.SocketClient.GsnOTWuuJ(IAsyncResult  )
2019-04-01 16:27:35: Cannot access a disposed object.
Object name: 'System.Net.Sockets.Socket'.   at System.Net.Sockets.Socket.EndReceive(IAsyncResult asyncResult, SocketError& errorCode)
   at System.Net.Sockets.Socket.EndReceive(IAsyncResult asyncResult)
   at Yinrg.Net.Sockets.SocketClient.s91nev5CPITrFiQpWCt(Object , Object )
   at Yinrg.Net.Sockets.SocketClient.GsnOTWuuJ(IAsyncResult  )
2019-04-01 16:27:35: Cannot access a disposed object.
Object name: 'System.Net.Sockets.Socket'.   at System.Net.Sockets.Socket.EndReceive(IAsyncResult asyncResult, SocketError& errorCode)
   at System.Net.Sockets.Socket.EndReceive(IAsyncResult asyncResult)
   at Yinrg.Net.Sockets.SocketClient.s91nev5CPITrFiQpWCt(Object , Object )
   at Yinrg.Net.Sockets.SocketClient.GsnOTWuuJ(IAsyncResult  )
2019-04-01 16:27:35: Cannot access a disposed object.
Object name: 'System.Net.Sockets.Socket'.   at System.Net.Sockets.Socket.EndReceive(IAsyncResult asyncResult, SocketError& errorCode)
   at System.Net.Sockets.Socket.EndReceive(IAsyncResult asyncResult)
   at Yinrg.Net.Sockets.SocketClient.s91nev5CPITrFiQpWCt(Object , Object )
   at Yinrg.Net.Sockets.SocketClient.GsnOTWuuJ(IAsyncResult  )
2019-04-01 16:27:35: Cannot access a disposed object.
Object name: 'System.Net.Sockets.Socket'.   at System.Net.Sockets.Socket.EndReceive(IAsyncResult asyncResult, SocketError& errorCode)
   at System.Net.Sockets.Socket.EndReceive(IAsyncResult asyncResult)
   at Yinrg.Net.Sockets.SocketClient.s91nev5CPITrFiQpWCt(Object , Object )
   at Yinrg.Net.Sockets.SocketClient.GsnOTWuuJ(IAsyncResult  )
2019-04-01 16:27:35: Cannot access a disposed object.
Object name: 'System.Net.Sockets.Socket'.   at System.Net.Sockets.Socket.EndReceive(IAsyncResult asyncResult, SocketError& errorCode)
   at System.Net.Sockets.Socket.EndReceive(IAsyncResult asyncResult)
   at Yinrg.Net.Sockets.SocketClient.s91nev5CPITrFiQpWCt(Object , Object )
   at Yinrg.Net.Sockets.SocketClient.GsnOTWuuJ(IAsyncResult  )
2019-04-01 16:27:35: Cannot access a disposed object.
Object name: 'System.Net.Sockets.Socket'.   at System.Net.Sockets.Socket.EndReceive(IAsyncResult asyncResult, SocketError& errorCode)
   at System.Net.Sockets.Socket.EndReceive(IAsyncResult asyncResult)
   at Yinrg.Net.Sockets.SocketClient.s91nev5CPITrFiQpWCt(Object , Object )
   at Yinrg.Net.Sockets.SocketClient.GsnOTWuuJ(IAsyncResult  )
