2018-12-18 13:57:00: 由于连接方在一段时间后没有正确答复或连接的主机没有反应，连接尝试失败。   at System.Net.Sockets.Socket.EndReceive(IAsyncResult asyncResult)
   at Yinrg.Net.Sockets.SocketClient.s91nev5CPITrFiQpWCt(Object , Object )
   at Yinrg.Net.Sockets.SocketClient.GsnOTWuuJ(IAsyncResult  )
2018-12-18 14:06:32: 您的主机中的软件中止了一个已建立的连接。   at System.Net.Sockets.Socket.BeginReceive(Byte[] buffer, Int32 offset, Int32 size, SocketFlags socketFlags, AsyncCallback callback, Object state)
   at Yinrg.Net.Sockets.SocketClient.mSIdN55ykX2Ndb5boCu(Object , Object , Int32 , Int32 , SocketFlags , Object , Object )
   at Yinrg.Net.Sockets.SocketClient.GsnOTWuuJ(IAsyncResult  )
2018-12-18 14:06:36: 您的主机中的软件中止了一个已建立的连接。   at System.Net.Sockets.Socket.EndReceive(IAsyncResult asyncResult)
   at Yinrg.Net.Sockets.SocketClient.s91nev5CPITrFiQpWCt(Object , Object )
   at Yinrg.Net.Sockets.SocketClient.GsnOTWuuJ(IAsyncResult  )
2018-12-18 14:22:11: 由于连接方在一段时间后没有正确答复或连接的主机没有反应，连接尝试失败。   at System.Net.Sockets.Socket.EndReceive(IAsyncResult asyncResult)
   at Yinrg.Net.Sockets.SocketClient.s91nev5CPITrFiQpWCt(Object , Object )
   at Yinrg.Net.Sockets.SocketClient.GsnOTWuuJ(IAsyncResult  )
2018-12-18 14:28:19: 由于连接方在一段时间后没有正确答复或连接的主机没有反应，连接尝试失败。   at System.Net.Sockets.Socket.EndReceive(IAsyncResult asyncResult)
   at Yinrg.Net.Sockets.SocketClient.s91nev5CPITrFiQpWCt(Object , Object )
   at Yinrg.Net.Sockets.SocketClient.GsnOTWuuJ(IAsyncResult  )
2018-12-18 14:33:09: 由于连接方在一段时间后没有正确答复或连接的主机没有反应，连接尝试失败。   at System.Net.Sockets.Socket.EndReceive(IAsyncResult asyncResult)
   at Yinrg.Net.Sockets.SocketClient.s91nev5CPITrFiQpWCt(Object , Object )
   at Yinrg.Net.Sockets.SocketClient.GsnOTWuuJ(IAsyncResult  )
2018-12-18 15:01:58: 您的主机中的软件中止了一个已建立的连接。   at System.Net.Sockets.Socket.BeginReceive(Byte[] buffer, Int32 offset, Int32 size, SocketFlags socketFlags, AsyncCallback callback, Object state)
   at Yinrg.Net.Sockets.SocketClient.mSIdN55ykX2Ndb5boCu(Object , Object , Int32 , Int32 , SocketFlags , Object , Object )
   at Yinrg.Net.Sockets.SocketClient.GsnOTWuuJ(IAsyncResult  )
2018-12-18 15:19:30: 您的主机中的软件中止了一个已建立的连接。   at System.Net.Sockets.Socket.BeginReceive(Byte[] buffer, Int32 offset, Int32 size, SocketFlags socketFlags, AsyncCallback callback, Object state)
   at Yinrg.Net.Sockets.SocketClient.mSIdN55ykX2Ndb5boCu(Object , Object , Int32 , Int32 , SocketFlags , Object , Object )
   at Yinrg.Net.Sockets.SocketClient.GsnOTWuuJ(IAsyncResult  )
2018-12-18 15:25:06: 由于连接方在一段时间后没有正确答复或连接的主机没有反应，连接尝试失败。   at System.Net.Sockets.Socket.EndReceive(IAsyncResult asyncResult)
   at Yinrg.Net.Sockets.SocketClient.s91nev5CPITrFiQpWCt(Object , Object )
   at Yinrg.Net.Sockets.SocketClient.GsnOTWuuJ(IAsyncResult  )
2018-12-18 15:27:54: 由于连接方在一段时间后没有正确答复或连接的主机没有反应，连接尝试失败。   at System.Net.Sockets.Socket.EndReceive(IAsyncResult asyncResult)
   at Yinrg.Net.Sockets.SocketClient.s91nev5CPITrFiQpWCt(Object , Object )
   at Yinrg.Net.Sockets.SocketClient.GsnOTWuuJ(IAsyncResult  )
2018-12-18 15:29:15: 由于连接方在一段时间后没有正确答复或连接的主机没有反应，连接尝试失败。   at System.Net.Sockets.Socket.EndReceive(IAsyncResult asyncResult)
   at Yinrg.Net.Sockets.SocketClient.s91nev5CPITrFiQpWCt(Object , Object )
   at Yinrg.Net.Sockets.SocketClient.GsnOTWuuJ(IAsyncResult  )
2018-12-18 15:35:55: 由于连接方在一段时间后没有正确答复或连接的主机没有反应，连接尝试失败。   at System.Net.Sockets.Socket.EndReceive(IAsyncResult asyncResult)
   at Yinrg.Net.Sockets.SocketClient.s91nev5CPITrFiQpWCt(Object , Object )
   at Yinrg.Net.Sockets.SocketClient.GsnOTWuuJ(IAsyncResult  )
2018-12-18 15:37:08: 由于连接方在一段时间后没有正确答复或连接的主机没有反应，连接尝试失败。   at System.Net.Sockets.Socket.EndReceive(IAsyncResult asyncResult)
   at Yinrg.Net.Sockets.SocketClient.s91nev5CPITrFiQpWCt(Object , Object )
   at Yinrg.Net.Sockets.SocketClient.GsnOTWuuJ(IAsyncResult  )
2018-12-18 15:39:04: 您的主机中的软件中止了一个已建立的连接。   at System.Net.Sockets.Socket.BeginReceive(Byte[] buffer, Int32 offset, Int32 size, SocketFlags socketFlags, AsyncCallback callback, Object state)
   at Yinrg.Net.Sockets.SocketClient.mSIdN55ykX2Ndb5boCu(Object , Object , Int32 , Int32 , SocketFlags , Object , Object )
   at Yinrg.Net.Sockets.SocketClient.GsnOTWuuJ(IAsyncResult  )
2018-12-18 15:39:44: 由于连接方在一段时间后没有正确答复或连接的主机没有反应，连接尝试失败。   at System.Net.Sockets.Socket.EndReceive(IAsyncResult asyncResult)
   at Yinrg.Net.Sockets.SocketClient.s91nev5CPITrFiQpWCt(Object , Object )
   at Yinrg.Net.Sockets.SocketClient.GsnOTWuuJ(IAsyncResult  )
2018-12-18 15:46:27: 您的主机中的软件中止了一个已建立的连接。   at System.Net.Sockets.Socket.BeginSend(Byte[] buffer, Int32 offset, Int32 size, SocketFlags socketFlags, AsyncCallback callback, Object state)
   at Yinrg.Net.Sockets.SocketClient.OHHLBT5z7tfA5tAhu7I(Object , Object , Int32 , Int32 , SocketFlags , Object , Object )
   at Yinrg.Net.Sockets.SocketClient.SendByte(Byte[] bytes)
2018-12-18 15:52:27: 由于连接方在一段时间后没有正确答复或连接的主机没有反应，连接尝试失败。   at System.Net.Sockets.Socket.EndReceive(IAsyncResult asyncResult)
   at Yinrg.Net.Sockets.SocketClient.s91nev5CPITrFiQpWCt(Object , Object )
   at Yinrg.Net.Sockets.SocketClient.GsnOTWuuJ(IAsyncResult  )
2018-12-18 15:59:50: 由于连接方在一段时间后没有正确答复或连接的主机没有反应，连接尝试失败。   at System.Net.Sockets.Socket.EndReceive(IAsyncResult asyncResult)
   at Yinrg.Net.Sockets.SocketClient.s91nev5CPITrFiQpWCt(Object , Object )
   at Yinrg.Net.Sockets.SocketClient.GsnOTWuuJ(IAsyncResult  )
2018-12-18 16:07:38: 由于连接方在一段时间后没有正确答复或连接的主机没有反应，连接尝试失败。   at System.Net.Sockets.Socket.EndReceive(IAsyncResult asyncResult)
   at Yinrg.Net.Sockets.SocketClient.s91nev5CPITrFiQpWCt(Object , Object )
   at Yinrg.Net.Sockets.SocketClient.GsnOTWuuJ(IAsyncResult  )
2018-12-18 16:12:37: 由于连接方在一段时间后没有正确答复或连接的主机没有反应，连接尝试失败。   at System.Net.Sockets.Socket.EndReceive(IAsyncResult asyncResult)
   at Yinrg.Net.Sockets.SocketClient.s91nev5CPITrFiQpWCt(Object , Object )
   at Yinrg.Net.Sockets.SocketClient.GsnOTWuuJ(IAsyncResult  )
2018-12-18 16:25:17: 由于连接方在一段时间后没有正确答复或连接的主机没有反应，连接尝试失败。   at System.Net.Sockets.Socket.EndReceive(IAsyncResult asyncResult)
   at Yinrg.Net.Sockets.SocketClient.s91nev5CPITrFiQpWCt(Object , Object )
   at Yinrg.Net.Sockets.SocketClient.GsnOTWuuJ(IAsyncResult  )
2018-12-18 16:25:17: 由于连接方在一段时间后没有正确答复或连接的主机没有反应，连接尝试失败。   at System.Net.Sockets.Socket.EndReceive(IAsyncResult asyncResult)
   at Yinrg.Net.Sockets.SocketClient.s91nev5CPITrFiQpWCt(Object , Object )
   at Yinrg.Net.Sockets.SocketClient.GsnOTWuuJ(IAsyncResult  )
2018-12-18 16:37:21: 您的主机中的软件中止了一个已建立的连接。   at System.Net.Sockets.Socket.BeginSend(Byte[] buffer, Int32 offset, Int32 size, SocketFlags socketFlags, AsyncCallback callback, Object state)
   at Yinrg.Net.Sockets.SocketClient.OHHLBT5z7tfA5tAhu7I(Object , Object , Int32 , Int32 , SocketFlags , Object , Object )
   at Yinrg.Net.Sockets.SocketClient.SendByte(Byte[] bytes)
2018-12-18 16:43:18: Cannot access a disposed object.
Object name: 'System.Net.Sockets.Socket'.   at System.Net.Sockets.Socket.EndReceive(IAsyncResult asyncResult, SocketError& errorCode)
   at System.Net.Sockets.Socket.EndReceive(IAsyncResult asyncResult)
   at Yinrg.Net.Sockets.SocketClient.s91nev5CPITrFiQpWCt(Object , Object )
   at Yinrg.Net.Sockets.SocketClient.GsnOTWuuJ(IAsyncResult  )
2018-12-18 16:43:18: Cannot access a disposed object.
Object name: 'System.Net.Sockets.Socket'.   at System.Net.Sockets.Socket.EndSend(IAsyncResult asyncResult, SocketError& errorCode)
   at System.Net.Sockets.Socket.EndSend(IAsyncResult asyncResult)
   at Yinrg.Net.Sockets.SocketClient.wQh1k8mXtn4yGgQ8LDh(Object , Object )
   at Yinrg.Net.Sockets.SocketClient.SendByteCallBack(IAsyncResult ar)
2018-12-18 16:47:34: Cannot access a disposed object.
Object name: 'System.Net.Sockets.Socket'.   at System.Net.Sockets.Socket.EndReceive(IAsyncResult asyncResult, SocketError& errorCode)
   at System.Net.Sockets.Socket.EndReceive(IAsyncResult asyncResult)
   at Yinrg.Net.Sockets.SocketClient.s91nev5CPITrFiQpWCt(Object , Object )
   at Yinrg.Net.Sockets.SocketClient.GsnOTWuuJ(IAsyncResult  )
2018-12-18 16:47:34: Cannot access a disposed object.
Object name: 'System.Net.Sockets.Socket'.   at System.Net.Sockets.Socket.EndSend(IAsyncResult asyncResult, SocketError& errorCode)
   at System.Net.Sockets.Socket.EndSend(IAsyncResult asyncResult)
   at Yinrg.Net.Sockets.SocketClient.wQh1k8mXtn4yGgQ8LDh(Object , Object )
   at Yinrg.Net.Sockets.SocketClient.SendByteCallBack(IAsyncResult ar)
2018-12-18 16:47:34: Cannot access a disposed object.
Object name: 'System.Net.Sockets.Socket'.   at System.Net.Sockets.Socket.EndSend(IAsyncResult asyncResult, SocketError& errorCode)
   at System.Net.Sockets.Socket.EndSend(IAsyncResult asyncResult)
   at Yinrg.Net.Sockets.SocketClient.wQh1k8mXtn4yGgQ8LDh(Object , Object )
   at Yinrg.Net.Sockets.SocketClient.SendByteCallBack(IAsyncResult ar)
2018-12-18 16:47:34: Cannot access a disposed object.
Object name: 'System.Net.Sockets.Socket'.   at System.Net.Sockets.Socket.EndSend(IAsyncResult asyncResult, SocketError& errorCode)
   at System.Net.Sockets.Socket.EndSend(IAsyncResult asyncResult)
   at Yinrg.Net.Sockets.SocketClient.wQh1k8mXtn4yGgQ8LDh(Object , Object )
   at Yinrg.Net.Sockets.SocketClient.SendByteCallBack(IAsyncResult ar)
2018-12-18 16:55:47: 由于连接方在一段时间后没有正确答复或连接的主机没有反应，连接尝试失败。   at System.Net.Sockets.Socket.EndReceive(IAsyncResult asyncResult)
   at Yinrg.Net.Sockets.SocketClient.s91nev5CPITrFiQpWCt(Object , Object )
   at Yinrg.Net.Sockets.SocketClient.GsnOTWuuJ(IAsyncResult  )
2018-12-18 16:59:06: 由于连接方在一段时间后没有正确答复或连接的主机没有反应，连接尝试失败。   at System.Net.Sockets.Socket.EndReceive(IAsyncResult asyncResult)
   at Yinrg.Net.Sockets.SocketClient.s91nev5CPITrFiQpWCt(Object , Object )
   at Yinrg.Net.Sockets.SocketClient.GsnOTWuuJ(IAsyncResult  )
2018-12-18 16:59:07: 由于连接方在一段时间后没有正确答复或连接的主机没有反应，连接尝试失败。   at System.Net.Sockets.Socket.EndReceive(IAsyncResult asyncResult)
   at Yinrg.Net.Sockets.SocketClient.s91nev5CPITrFiQpWCt(Object , Object )
   at Yinrg.Net.Sockets.SocketClient.GsnOTWuuJ(IAsyncResult  )
2018-12-18 18:49:32: 您的主机中的软件中止了一个已建立的连接。   at System.Net.Sockets.Socket.EndReceive(IAsyncResult asyncResult)
   at Yinrg.Net.Sockets.SocketClient.s91nev5CPITrFiQpWCt(Object , Object )
   at Yinrg.Net.Sockets.SocketClient.GsnOTWuuJ(IAsyncResult  )
2018-12-18 18:49:32: 您的主机中的软件中止了一个已建立的连接。   at System.Net.Sockets.Socket.EndReceive(IAsyncResult asyncResult)
   at Yinrg.Net.Sockets.SocketClient.s91nev5CPITrFiQpWCt(Object , Object )
   at Yinrg.Net.Sockets.SocketClient.GsnOTWuuJ(IAsyncResult  )
2018-12-18 18:49:32: 您的主机中的软件中止了一个已建立的连接。   at System.Net.Sockets.Socket.EndReceive(IAsyncResult asyncResult)
   at Yinrg.Net.Sockets.SocketClient.s91nev5CPITrFiQpWCt(Object , Object )
   at Yinrg.Net.Sockets.SocketClient.GsnOTWuuJ(IAsyncResult  )
2018-12-18 18:49:32: 您的主机中的软件中止了一个已建立的连接。   at System.Net.Sockets.Socket.EndReceive(IAsyncResult asyncResult)
   at Yinrg.Net.Sockets.SocketClient.s91nev5CPITrFiQpWCt(Object , Object )
   at Yinrg.Net.Sockets.SocketClient.GsnOTWuuJ(IAsyncResult  )
2018-12-18 18:54:42: 由于连接方在一段时间后没有正确答复或连接的主机没有反应，连接尝试失败。   at System.Net.Sockets.Socket.EndReceive(IAsyncResult asyncResult)
   at Yinrg.Net.Sockets.SocketClient.s91nev5CPITrFiQpWCt(Object , Object )
   at Yinrg.Net.Sockets.SocketClient.GsnOTWuuJ(IAsyncResult  )
2018-12-18 18:54:42: 由于连接方在一段时间后没有正确答复或连接的主机没有反应，连接尝试失败。   at System.Net.Sockets.Socket.EndReceive(IAsyncResult asyncResult)
   at Yinrg.Net.Sockets.SocketClient.s91nev5CPITrFiQpWCt(Object , Object )
   at Yinrg.Net.Sockets.SocketClient.GsnOTWuuJ(IAsyncResult  )
2018-12-18 18:54:42: 由于连接方在一段时间后没有正确答复或连接的主机没有反应，连接尝试失败。   at System.Net.Sockets.Socket.EndReceive(IAsyncResult asyncResult)
   at Yinrg.Net.Sockets.SocketClient.s91nev5CPITrFiQpWCt(Object , Object )
   at Yinrg.Net.Sockets.SocketClient.GsnOTWuuJ(IAsyncResult  )
2018-12-18 19:06:27: 由于连接方在一段时间后没有正确答复或连接的主机没有反应，连接尝试失败。   at System.Net.Sockets.Socket.EndReceive(IAsyncResult asyncResult)
   at Yinrg.Net.Sockets.SocketClient.s91nev5CPITrFiQpWCt(Object , Object )
   at Yinrg.Net.Sockets.SocketClient.GsnOTWuuJ(IAsyncResult  )
2018-12-18 19:53:10: 由于连接方在一段时间后没有正确答复或连接的主机没有反应，连接尝试失败。   at System.Net.Sockets.Socket.EndReceive(IAsyncResult asyncResult)
   at Yinrg.Net.Sockets.SocketClient.s91nev5CPITrFiQpWCt(Object , Object )
   at Yinrg.Net.Sockets.SocketClient.GsnOTWuuJ(IAsyncResult  )
2018-12-18 19:53:10: 由于连接方在一段时间后没有正确答复或连接的主机没有反应，连接尝试失败。   at System.Net.Sockets.Socket.EndReceive(IAsyncResult asyncResult)
   at Yinrg.Net.Sockets.SocketClient.s91nev5CPITrFiQpWCt(Object , Object )
   at Yinrg.Net.Sockets.SocketClient.GsnOTWuuJ(IAsyncResult  )
2018-12-18 19:55:52: Cannot access a disposed object.
Object name: 'System.Net.Sockets.Socket'.   at System.Net.Sockets.Socket.EndReceive(IAsyncResult asyncResult, SocketError& errorCode)
   at System.Net.Sockets.Socket.EndReceive(IAsyncResult asyncResult)
   at Yinrg.Net.Sockets.SocketClient.s91nev5CPITrFiQpWCt(Object , Object )
   at Yinrg.Net.Sockets.SocketClient.GsnOTWuuJ(IAsyncResult  )
2018-12-18 19:55:52: Cannot access a disposed object.
Object name: 'System.Net.Sockets.Socket'.   at System.Net.Sockets.Socket.EndReceive(IAsyncResult asyncResult, SocketError& errorCode)
   at System.Net.Sockets.Socket.EndReceive(IAsyncResult asyncResult)
   at Yinrg.Net.Sockets.SocketClient.s91nev5CPITrFiQpWCt(Object , Object )
   at Yinrg.Net.Sockets.SocketClient.GsnOTWuuJ(IAsyncResult  )
2018-12-18 19:55:52: Cannot access a disposed object.
Object name: 'System.Net.Sockets.Socket'.   at System.Net.Sockets.Socket.EndReceive(IAsyncResult asyncResult, SocketError& errorCode)
   at System.Net.Sockets.Socket.EndReceive(IAsyncResult asyncResult)
   at Yinrg.Net.Sockets.SocketClient.s91nev5CPITrFiQpWCt(Object , Object )
   at Yinrg.Net.Sockets.SocketClient.GsnOTWuuJ(IAsyncResult  )
2018-12-18 19:55:53: Cannot access a disposed object.
Object name: 'System.Net.Sockets.Socket'.   at System.Net.Sockets.Socket.EndReceive(IAsyncResult asyncResult, SocketError& errorCode)
   at System.Net.Sockets.Socket.EndReceive(IAsyncResult asyncResult)
   at Yinrg.Net.Sockets.SocketClient.s91nev5CPITrFiQpWCt(Object , Object )
   at Yinrg.Net.Sockets.SocketClient.GsnOTWuuJ(IAsyncResult  )
2018-12-18 19:55:53: Cannot access a disposed object.
Object name: 'System.Net.Sockets.Socket'.   at System.Net.Sockets.Socket.EndReceive(IAsyncResult asyncResult, SocketError& errorCode)
   at System.Net.Sockets.Socket.EndReceive(IAsyncResult asyncResult)
   at Yinrg.Net.Sockets.SocketClient.s91nev5CPITrFiQpWCt(Object , Object )
   at Yinrg.Net.Sockets.SocketClient.GsnOTWuuJ(IAsyncResult  )
2018-12-18 19:55:53: Cannot access a disposed object.
Object name: 'System.Net.Sockets.Socket'.   at System.Net.Sockets.Socket.EndReceive(IAsyncResult asyncResult, SocketError& errorCode)
   at System.Net.Sockets.Socket.EndReceive(IAsyncResult asyncResult)
   at Yinrg.Net.Sockets.SocketClient.s91nev5CPITrFiQpWCt(Object , Object )
   at Yinrg.Net.Sockets.SocketClient.GsnOTWuuJ(IAsyncResult  )
2018-12-18 19:55:53: Cannot access a disposed object.
Object name: 'System.Net.Sockets.Socket'.   at System.Net.Sockets.Socket.EndReceive(IAsyncResult asyncResult, SocketError& errorCode)
   at System.Net.Sockets.Socket.EndReceive(IAsyncResult asyncResult)
   at Yinrg.Net.Sockets.SocketClient.s91nev5CPITrFiQpWCt(Object , Object )
   at Yinrg.Net.Sockets.SocketClient.GsnOTWuuJ(IAsyncResult  )
2018-12-18 19:55:53: Cannot access a disposed object.
Object name: 'System.Net.Sockets.Socket'.   at System.Net.Sockets.Socket.EndReceive(IAsyncResult asyncResult, SocketError& errorCode)
   at System.Net.Sockets.Socket.EndReceive(IAsyncResult asyncResult)
   at Yinrg.Net.Sockets.SocketClient.s91nev5CPITrFiQpWCt(Object , Object )
   at Yinrg.Net.Sockets.SocketClient.GsnOTWuuJ(IAsyncResult  )
2018-12-18 19:55:53: Cannot access a disposed object.
Object name: 'System.Net.Sockets.Socket'.   at System.Net.Sockets.Socket.EndReceive(IAsyncResult asyncResult, SocketError& errorCode)
   at System.Net.Sockets.Socket.EndReceive(IAsyncResult asyncResult)
   at Yinrg.Net.Sockets.SocketClient.s91nev5CPITrFiQpWCt(Object , Object )
   at Yinrg.Net.Sockets.SocketClient.GsnOTWuuJ(IAsyncResult  )
2018-12-18 19:55:53: Cannot access a disposed object.
Object name: 'System.Net.Sockets.Socket'.   at System.Net.Sockets.Socket.EndReceive(IAsyncResult asyncResult, SocketError& errorCode)
   at System.Net.Sockets.Socket.EndReceive(IAsyncResult asyncResult)
   at Yinrg.Net.Sockets.SocketClient.s91nev5CPITrFiQpWCt(Object , Object )
   at Yinrg.Net.Sockets.SocketClient.GsnOTWuuJ(IAsyncResult  )
2018-12-18 19:55:53: Cannot access a disposed object.
Object name: 'System.Net.Sockets.Socket'.   at System.Net.Sockets.Socket.EndReceive(IAsyncResult asyncResult, SocketError& errorCode)
   at System.Net.Sockets.Socket.EndReceive(IAsyncResult asyncResult)
   at Yinrg.Net.Sockets.SocketClient.s91nev5CPITrFiQpWCt(Object , Object )
   at Yinrg.Net.Sockets.SocketClient.GsnOTWuuJ(IAsyncResult  )
2018-12-18 19:55:53: Cannot access a disposed object.
Object name: 'System.Net.Sockets.Socket'.   at System.Net.Sockets.Socket.EndReceive(IAsyncResult asyncResult, SocketError& errorCode)
   at System.Net.Sockets.Socket.EndReceive(IAsyncResult asyncResult)
   at Yinrg.Net.Sockets.SocketClient.s91nev5CPITrFiQpWCt(Object , Object )
   at Yinrg.Net.Sockets.SocketClient.GsnOTWuuJ(IAsyncResult  )
2018-12-18 19:55:53: Cannot access a disposed object.
Object name: 'System.Net.Sockets.Socket'.   at System.Net.Sockets.Socket.EndReceive(IAsyncResult asyncResult, SocketError& errorCode)
   at System.Net.Sockets.Socket.EndReceive(IAsyncResult asyncResult)
   at Yinrg.Net.Sockets.SocketClient.s91nev5CPITrFiQpWCt(Object , Object )
   at Yinrg.Net.Sockets.SocketClient.GsnOTWuuJ(IAsyncResult  )
2018-12-18 20:36:00: 由于连接方在一段时间后没有正确答复或连接的主机没有反应，连接尝试失败。   at System.Net.Sockets.Socket.EndReceive(IAsyncResult asyncResult)
   at Yinrg.Net.Sockets.SocketClient.s91nev5CPITrFiQpWCt(Object , Object )
   at Yinrg.Net.Sockets.SocketClient.GsnOTWuuJ(IAsyncResult  )
2018-12-18 20:36:00: 由于连接方在一段时间后没有正确答复或连接的主机没有反应，连接尝试失败。   at System.Net.Sockets.Socket.EndReceive(IAsyncResult asyncResult)
   at Yinrg.Net.Sockets.SocketClient.s91nev5CPITrFiQpWCt(Object , Object )
   at Yinrg.Net.Sockets.SocketClient.GsnOTWuuJ(IAsyncResult  )
2018-12-18 20:36:04: 由于连接方在一段时间后没有正确答复或连接的主机没有反应，连接尝试失败。   at System.Net.Sockets.Socket.EndReceive(IAsyncResult asyncResult)
   at Yinrg.Net.Sockets.SocketClient.s91nev5CPITrFiQpWCt(Object , Object )
   at Yinrg.Net.Sockets.SocketClient.GsnOTWuuJ(IAsyncResult  )
2018-12-18 20:36:04: 由于连接方在一段时间后没有正确答复或连接的主机没有反应，连接尝试失败。   at System.Net.Sockets.Socket.EndReceive(IAsyncResult asyncResult)
   at Yinrg.Net.Sockets.SocketClient.s91nev5CPITrFiQpWCt(Object , Object )
   at Yinrg.Net.Sockets.SocketClient.GsnOTWuuJ(IAsyncResult  )
2018-12-18 20:36:04: 由于连接方在一段时间后没有正确答复或连接的主机没有反应，连接尝试失败。   at System.Net.Sockets.Socket.EndReceive(IAsyncResult asyncResult)
   at Yinrg.Net.Sockets.SocketClient.s91nev5CPITrFiQpWCt(Object , Object )
   at Yinrg.Net.Sockets.SocketClient.GsnOTWuuJ(IAsyncResult  )
2018-12-18 20:36:04: 由于连接方在一段时间后没有正确答复或连接的主机没有反应，连接尝试失败。   at System.Net.Sockets.Socket.EndReceive(IAsyncResult asyncResult)
   at Yinrg.Net.Sockets.SocketClient.s91nev5CPITrFiQpWCt(Object , Object )
   at Yinrg.Net.Sockets.SocketClient.GsnOTWuuJ(IAsyncResult  )
2018-12-18 20:36:04: 由于连接方在一段时间后没有正确答复或连接的主机没有反应，连接尝试失败。   at System.Net.Sockets.Socket.EndReceive(IAsyncResult asyncResult)
   at Yinrg.Net.Sockets.SocketClient.s91nev5CPITrFiQpWCt(Object , Object )
   at Yinrg.Net.Sockets.SocketClient.GsnOTWuuJ(IAsyncResult  )
2018-12-18 20:36:04: 由于连接方在一段时间后没有正确答复或连接的主机没有反应，连接尝试失败。   at System.Net.Sockets.Socket.EndReceive(IAsyncResult asyncResult)
   at Yinrg.Net.Sockets.SocketClient.s91nev5CPITrFiQpWCt(Object , Object )
   at Yinrg.Net.Sockets.SocketClient.GsnOTWuuJ(IAsyncResult  )
2018-12-18 20:36:04: 由于连接方在一段时间后没有正确答复或连接的主机没有反应，连接尝试失败。   at System.Net.Sockets.Socket.EndReceive(IAsyncResult asyncResult)
   at Yinrg.Net.Sockets.SocketClient.s91nev5CPITrFiQpWCt(Object , Object )
   at Yinrg.Net.Sockets.SocketClient.GsnOTWuuJ(IAsyncResult  )
2018-12-18 20:36:04: 由于连接方在一段时间后没有正确答复或连接的主机没有反应，连接尝试失败。   at System.Net.Sockets.Socket.EndReceive(IAsyncResult asyncResult)
   at Yinrg.Net.Sockets.SocketClient.s91nev5CPITrFiQpWCt(Object , Object )
   at Yinrg.Net.Sockets.SocketClient.GsnOTWuuJ(IAsyncResult  )
2018-12-18 20:36:04: 由于连接方在一段时间后没有正确答复或连接的主机没有反应，连接尝试失败。   at System.Net.Sockets.Socket.EndReceive(IAsyncResult asyncResult)
   at Yinrg.Net.Sockets.SocketClient.s91nev5CPITrFiQpWCt(Object , Object )
   at Yinrg.Net.Sockets.SocketClient.GsnOTWuuJ(IAsyncResult  )
2018-12-18 20:36:05: 由于连接方在一段时间后没有正确答复或连接的主机没有反应，连接尝试失败。   at System.Net.Sockets.Socket.EndReceive(IAsyncResult asyncResult)
   at Yinrg.Net.Sockets.SocketClient.s91nev5CPITrFiQpWCt(Object , Object )
   at Yinrg.Net.Sockets.SocketClient.GsnOTWuuJ(IAsyncResult  )
2018-12-18 20:36:05: 由于连接方在一段时间后没有正确答复或连接的主机没有反应，连接尝试失败。   at System.Net.Sockets.Socket.EndReceive(IAsyncResult asyncResult)
   at Yinrg.Net.Sockets.SocketClient.s91nev5CPITrFiQpWCt(Object , Object )
   at Yinrg.Net.Sockets.SocketClient.GsnOTWuuJ(IAsyncResult  )
2018-12-18 20:36:05: 由于连接方在一段时间后没有正确答复或连接的主机没有反应，连接尝试失败。   at System.Net.Sockets.Socket.EndReceive(IAsyncResult asyncResult)
   at Yinrg.Net.Sockets.SocketClient.s91nev5CPITrFiQpWCt(Object , Object )
   at Yinrg.Net.Sockets.SocketClient.GsnOTWuuJ(IAsyncResult  )
2018-12-18 20:36:05: 由于连接方在一段时间后没有正确答复或连接的主机没有反应，连接尝试失败。   at System.Net.Sockets.Socket.EndReceive(IAsyncResult asyncResult)
   at Yinrg.Net.Sockets.SocketClient.s91nev5CPITrFiQpWCt(Object , Object )
   at Yinrg.Net.Sockets.SocketClient.GsnOTWuuJ(IAsyncResult  )
2018-12-18 20:36:05: 由于连接方在一段时间后没有正确答复或连接的主机没有反应，连接尝试失败。   at System.Net.Sockets.Socket.EndReceive(IAsyncResult asyncResult)
   at Yinrg.Net.Sockets.SocketClient.s91nev5CPITrFiQpWCt(Object , Object )
   at Yinrg.Net.Sockets.SocketClient.GsnOTWuuJ(IAsyncResult  )
