2016-07-20 09:18:53: 由于连接方在一段时间后没有正确答复或连接的主机没有反应，连接尝试失败。   在 System.Net.Sockets.Socket.EndReceive(IAsyncResult asyncResult)
   在 Yinrg.Net.Sockets.SocketClient.s91nev5CPITrFiQpWCt(Object , Object )
   在 Yinrg.Net.Sockets.SocketClient.GsnOTWuuJ(IAsyncResult  )
2016-07-20 09:18:53: 由于连接方在一段时间后没有正确答复或连接的主机没有反应，连接尝试失败。   在 System.Net.Sockets.Socket.EndReceive(IAsyncResult asyncResult)
   在 Yinrg.Net.Sockets.SocketClient.s91nev5CPITrFiQpWCt(Object , Object )
   在 Yinrg.Net.Sockets.SocketClient.GsnOTWuuJ(IAsyncResult  )
2016-07-20 09:18:53: 由于连接方在一段时间后没有正确答复或连接的主机没有反应，连接尝试失败。   在 System.Net.Sockets.Socket.EndReceive(IAsyncResult asyncResult)
   在 Yinrg.Net.Sockets.SocketClient.s91nev5CPITrFiQpWCt(Object , Object )
   在 Yinrg.Net.Sockets.SocketClient.GsnOTWuuJ(IAsyncResult  )
2016-07-20 09:18:53: 由于连接方在一段时间后没有正确答复或连接的主机没有反应，连接尝试失败。   在 System.Net.Sockets.Socket.EndReceive(IAsyncResult asyncResult)
   在 Yinrg.Net.Sockets.SocketClient.s91nev5CPITrFiQpWCt(Object , Object )
   在 Yinrg.Net.Sockets.SocketClient.GsnOTWuuJ(IAsyncResult  )
2016-07-20 12:01:29: 由于连接方在一段时间后没有正确答复或连接的主机没有反应，连接尝试失败。   在 System.Net.Sockets.Socket.EndReceive(IAsyncResult asyncResult)
   在 Yinrg.Net.Sockets.SocketClient.s91nev5CPITrFiQpWCt(Object , Object )
   在 Yinrg.Net.Sockets.SocketClient.GsnOTWuuJ(IAsyncResult  )
2016-07-20 12:01:50: 由于连接方在一段时间后没有正确答复或连接的主机没有反应，连接尝试失败。   在 System.Net.Sockets.Socket.EndReceive(IAsyncResult asyncResult)
   在 Yinrg.Net.Sockets.SocketClient.s91nev5CPITrFiQpWCt(Object , Object )
   在 Yinrg.Net.Sockets.SocketClient.GsnOTWuuJ(IAsyncResult  )
2016-07-20 12:01:50: 由于连接方在一段时间后没有正确答复或连接的主机没有反应，连接尝试失败。   在 System.Net.Sockets.Socket.EndReceive(IAsyncResult asyncResult)
   在 Yinrg.Net.Sockets.SocketClient.s91nev5CPITrFiQpWCt(Object , Object )
   在 Yinrg.Net.Sockets.SocketClient.GsnOTWuuJ(IAsyncResult  )
2016-07-20 12:01:50: 由于连接方在一段时间后没有正确答复或连接的主机没有反应，连接尝试失败。   在 System.Net.Sockets.Socket.EndReceive(IAsyncResult asyncResult)
   在 Yinrg.Net.Sockets.SocketClient.s91nev5CPITrFiQpWCt(Object , Object )
   在 Yinrg.Net.Sockets.SocketClient.GsnOTWuuJ(IAsyncResult  )
2016-07-20 12:01:50: 由于连接方在一段时间后没有正确答复或连接的主机没有反应，连接尝试失败。   在 System.Net.Sockets.Socket.EndReceive(IAsyncResult asyncResult)
   在 Yinrg.Net.Sockets.SocketClient.s91nev5CPITrFiQpWCt(Object , Object )
   在 Yinrg.Net.Sockets.SocketClient.GsnOTWuuJ(IAsyncResult  )
2016-07-20 12:01:50: 由于连接方在一段时间后没有正确答复或连接的主机没有反应，连接尝试失败。   在 System.Net.Sockets.Socket.EndReceive(IAsyncResult asyncResult)
   在 Yinrg.Net.Sockets.SocketClient.s91nev5CPITrFiQpWCt(Object , Object )
   在 Yinrg.Net.Sockets.SocketClient.GsnOTWuuJ(IAsyncResult  )
2016-07-20 12:01:50: 由于连接方在一段时间后没有正确答复或连接的主机没有反应，连接尝试失败。   在 System.Net.Sockets.Socket.EndReceive(IAsyncResult asyncResult)
   在 Yinrg.Net.Sockets.SocketClient.s91nev5CPITrFiQpWCt(Object , Object )
   在 Yinrg.Net.Sockets.SocketClient.GsnOTWuuJ(IAsyncResult  )
2016-07-20 12:01:50: 由于连接方在一段时间后没有正确答复或连接的主机没有反应，连接尝试失败。   在 System.Net.Sockets.Socket.EndReceive(IAsyncResult asyncResult)
   在 Yinrg.Net.Sockets.SocketClient.s91nev5CPITrFiQpWCt(Object , Object )
   在 Yinrg.Net.Sockets.SocketClient.GsnOTWuuJ(IAsyncResult  )
2016-07-20 12:01:50: 由于连接方在一段时间后没有正确答复或连接的主机没有反应，连接尝试失败。   在 System.Net.Sockets.Socket.EndReceive(IAsyncResult asyncResult)
   在 Yinrg.Net.Sockets.SocketClient.s91nev5CPITrFiQpWCt(Object , Object )
   在 Yinrg.Net.Sockets.SocketClient.GsnOTWuuJ(IAsyncResult  )
2016-07-20 12:02:08: 由于连接方在一段时间后没有正确答复或连接的主机没有反应，连接尝试失败。   在 System.Net.Sockets.Socket.EndReceive(IAsyncResult asyncResult)
   在 Yinrg.Net.Sockets.SocketClient.s91nev5CPITrFiQpWCt(Object , Object )
   在 Yinrg.Net.Sockets.SocketClient.GsnOTWuuJ(IAsyncResult  )
2016-07-20 17:34:18: 无法访问已释放的对象。
对象名:“System.Net.Sockets.Socket”。   在 System.Net.Sockets.Socket.EndReceive(IAsyncResult asyncResult, SocketError& errorCode)
   在 System.Net.Sockets.Socket.EndReceive(IAsyncResult asyncResult)
   在 Yinrg.Net.Sockets.SocketClient.s91nev5CPITrFiQpWCt(Object , Object )
   在 Yinrg.Net.Sockets.SocketClient.GsnOTWuuJ(IAsyncResult  )
2016-07-20 17:34:18: 无法访问已释放的对象。
对象名:“System.Net.Sockets.Socket”。   在 System.Net.Sockets.Socket.EndSend(IAsyncResult asyncResult, SocketError& errorCode)
   在 System.Net.Sockets.Socket.EndSend(IAsyncResult asyncResult)
   在 Yinrg.Net.Sockets.SocketClient.wQh1k8mXtn4yGgQ8LDh(Object , Object )
   在 Yinrg.Net.Sockets.SocketClient.SendByteCallBack(IAsyncResult ar)
2016-07-20 17:34:18: 无法访问已释放的对象。
对象名:“System.Net.Sockets.Socket”。   在 System.Net.Sockets.Socket.EndSend(IAsyncResult asyncResult, SocketError& errorCode)
   在 System.Net.Sockets.Socket.EndSend(IAsyncResult asyncResult)
   在 Yinrg.Net.Sockets.SocketClient.wQh1k8mXtn4yGgQ8LDh(Object , Object )
   在 Yinrg.Net.Sockets.SocketClient.SendByteCallBack(IAsyncResult ar)
2016-07-20 17:34:18: 无法访问已释放的对象。
对象名:“System.Net.Sockets.Socket”。   在 System.Net.Sockets.Socket.EndReceive(IAsyncResult asyncResult, SocketError& errorCode)
   在 System.Net.Sockets.Socket.EndReceive(IAsyncResult asyncResult)
   在 Yinrg.Net.Sockets.SocketClient.s91nev5CPITrFiQpWCt(Object , Object )
   在 Yinrg.Net.Sockets.SocketClient.GsnOTWuuJ(IAsyncResult  )
2016-07-20 17:34:18: 无法访问已释放的对象。
对象名:“System.Net.Sockets.Socket”。   在 System.Net.Sockets.Socket.EndSend(IAsyncResult asyncResult, SocketError& errorCode)
   在 System.Net.Sockets.Socket.EndSend(IAsyncResult asyncResult)
   在 Yinrg.Net.Sockets.SocketClient.wQh1k8mXtn4yGgQ8LDh(Object , Object )
   在 Yinrg.Net.Sockets.SocketClient.SendByteCallBack(IAsyncResult ar)
2016-07-20 17:34:18: 无法访问已释放的对象。
对象名:“System.Net.Sockets.Socket”。   在 System.Net.Sockets.Socket.EndSend(IAsyncResult asyncResult, SocketError& errorCode)
   在 System.Net.Sockets.Socket.EndSend(IAsyncResult asyncResult)
   在 Yinrg.Net.Sockets.SocketClient.wQh1k8mXtn4yGgQ8LDh(Object , Object )
   在 Yinrg.Net.Sockets.SocketClient.SendByteCallBack(IAsyncResult ar)
2016-07-20 17:34:18: 无法访问已释放的对象。
对象名:“System.Net.Sockets.Socket”。   在 System.Net.Sockets.Socket.EndReceive(IAsyncResult asyncResult, SocketError& errorCode)
   在 System.Net.Sockets.Socket.EndReceive(IAsyncResult asyncResult)
   在 Yinrg.Net.Sockets.SocketClient.s91nev5CPITrFiQpWCt(Object , Object )
   在 Yinrg.Net.Sockets.SocketClient.GsnOTWuuJ(IAsyncResult  )
2016-07-20 17:34:18: 无法访问已释放的对象。
对象名:“System.Net.Sockets.Socket”。   在 System.Net.Sockets.Socket.EndSend(IAsyncResult asyncResult, SocketError& errorCode)
   在 System.Net.Sockets.Socket.EndSend(IAsyncResult asyncResult)
   在 Yinrg.Net.Sockets.SocketClient.wQh1k8mXtn4yGgQ8LDh(Object , Object )
   在 Yinrg.Net.Sockets.SocketClient.SendByteCallBack(IAsyncResult ar)
2016-07-20 17:34:18: 无法访问已释放的对象。
对象名:“System.Net.Sockets.Socket”。   在 System.Net.Sockets.Socket.EndSend(IAsyncResult asyncResult, SocketError& errorCode)
   在 System.Net.Sockets.Socket.EndSend(IAsyncResult asyncResult)
   在 Yinrg.Net.Sockets.SocketClient.wQh1k8mXtn4yGgQ8LDh(Object , Object )
   在 Yinrg.Net.Sockets.SocketClient.SendByteCallBack(IAsyncResult ar)
2016-07-20 17:34:18: 无法访问已释放的对象。
对象名:“System.Net.Sockets.Socket”。   在 System.Net.Sockets.Socket.EndReceive(IAsyncResult asyncResult, SocketError& errorCode)
   在 System.Net.Sockets.Socket.EndReceive(IAsyncResult asyncResult)
   在 Yinrg.Net.Sockets.SocketClient.s91nev5CPITrFiQpWCt(Object , Object )
   在 Yinrg.Net.Sockets.SocketClient.GsnOTWuuJ(IAsyncResult  )
2016-07-20 17:34:18: 无法访问已释放的对象。
对象名:“System.Net.Sockets.Socket”。   在 System.Net.Sockets.Socket.EndSend(IAsyncResult asyncResult, SocketError& errorCode)
   在 System.Net.Sockets.Socket.EndSend(IAsyncResult asyncResult)
   在 Yinrg.Net.Sockets.SocketClient.wQh1k8mXtn4yGgQ8LDh(Object , Object )
   在 Yinrg.Net.Sockets.SocketClient.SendByteCallBack(IAsyncResult ar)
2016-07-20 17:34:18: 无法访问已释放的对象。
对象名:“System.Net.Sockets.Socket”。   在 System.Net.Sockets.Socket.EndSend(IAsyncResult asyncResult, SocketError& errorCode)
   在 System.Net.Sockets.Socket.EndSend(IAsyncResult asyncResult)
   在 Yinrg.Net.Sockets.SocketClient.wQh1k8mXtn4yGgQ8LDh(Object , Object )
   在 Yinrg.Net.Sockets.SocketClient.SendByteCallBack(IAsyncResult ar)
2016-07-20 17:34:18: 无法访问已释放的对象。
对象名:“System.Net.Sockets.Socket”。   在 System.Net.Sockets.Socket.EndReceive(IAsyncResult asyncResult, SocketError& errorCode)
   在 System.Net.Sockets.Socket.EndReceive(IAsyncResult asyncResult)
   在 Yinrg.Net.Sockets.SocketClient.s91nev5CPITrFiQpWCt(Object , Object )
   在 Yinrg.Net.Sockets.SocketClient.GsnOTWuuJ(IAsyncResult  )
2016-07-20 17:34:18: 无法访问已释放的对象。
对象名:“System.Net.Sockets.Socket”。   在 System.Net.Sockets.Socket.EndSend(IAsyncResult asyncResult, SocketError& errorCode)
   在 System.Net.Sockets.Socket.EndSend(IAsyncResult asyncResult)
   在 Yinrg.Net.Sockets.SocketClient.wQh1k8mXtn4yGgQ8LDh(Object , Object )
   在 Yinrg.Net.Sockets.SocketClient.SendByteCallBack(IAsyncResult ar)
2016-07-20 17:34:18: 无法访问已释放的对象。
对象名:“System.Net.Sockets.Socket”。   在 System.Net.Sockets.Socket.EndSend(IAsyncResult asyncResult, SocketError& errorCode)
   在 System.Net.Sockets.Socket.EndSend(IAsyncResult asyncResult)
   在 Yinrg.Net.Sockets.SocketClient.wQh1k8mXtn4yGgQ8LDh(Object , Object )
   在 Yinrg.Net.Sockets.SocketClient.SendByteCallBack(IAsyncResult ar)
2016-07-20 17:34:18: 无法访问已释放的对象。
对象名:“System.Net.Sockets.Socket”。   在 System.Net.Sockets.Socket.EndReceive(IAsyncResult asyncResult, SocketError& errorCode)
   在 System.Net.Sockets.Socket.EndReceive(IAsyncResult asyncResult)
   在 Yinrg.Net.Sockets.SocketClient.s91nev5CPITrFiQpWCt(Object , Object )
   在 Yinrg.Net.Sockets.SocketClient.GsnOTWuuJ(IAsyncResult  )
2016-07-20 17:34:18: 无法访问已释放的对象。
对象名:“System.Net.Sockets.Socket”。   在 System.Net.Sockets.Socket.EndSend(IAsyncResult asyncResult, SocketError& errorCode)
   在 System.Net.Sockets.Socket.EndSend(IAsyncResult asyncResult)
   在 Yinrg.Net.Sockets.SocketClient.wQh1k8mXtn4yGgQ8LDh(Object , Object )
   在 Yinrg.Net.Sockets.SocketClient.SendByteCallBack(IAsyncResult ar)
2016-07-20 17:34:18: 无法访问已释放的对象。
对象名:“System.Net.Sockets.Socket”。   在 System.Net.Sockets.Socket.EndSend(IAsyncResult asyncResult, SocketError& errorCode)
   在 System.Net.Sockets.Socket.EndSend(IAsyncResult asyncResult)
   在 Yinrg.Net.Sockets.SocketClient.wQh1k8mXtn4yGgQ8LDh(Object , Object )
   在 Yinrg.Net.Sockets.SocketClient.SendByteCallBack(IAsyncResult ar)
2016-07-20 17:34:18: 无法访问已释放的对象。
对象名:“System.Net.Sockets.Socket”。   在 System.Net.Sockets.Socket.EndSend(IAsyncResult asyncResult, SocketError& errorCode)
   在 System.Net.Sockets.Socket.EndSend(IAsyncResult asyncResult)
   在 Yinrg.Net.Sockets.SocketClient.wQh1k8mXtn4yGgQ8LDh(Object , Object )
   在 Yinrg.Net.Sockets.SocketClient.SendByteCallBack(IAsyncResult ar)
2016-07-20 17:34:18: 无法访问已释放的对象。
对象名:“System.Net.Sockets.Socket”。   在 System.Net.Sockets.Socket.EndSend(IAsyncResult asyncResult, SocketError& errorCode)
   在 System.Net.Sockets.Socket.EndSend(IAsyncResult asyncResult)
   在 Yinrg.Net.Sockets.SocketClient.wQh1k8mXtn4yGgQ8LDh(Object , Object )
   在 Yinrg.Net.Sockets.SocketClient.SendByteCallBack(IAsyncResult ar)
2016-07-20 17:34:18: 无法访问已释放的对象。
对象名:“System.Net.Sockets.Socket”。   在 System.Net.Sockets.Socket.EndSend(IAsyncResult asyncResult, SocketError& errorCode)
   在 System.Net.Sockets.Socket.EndSend(IAsyncResult asyncResult)
   在 Yinrg.Net.Sockets.SocketClient.wQh1k8mXtn4yGgQ8LDh(Object , Object )
   在 Yinrg.Net.Sockets.SocketClient.SendByteCallBack(IAsyncResult ar)
2016-07-20 17:34:18: 无法访问已释放的对象。
对象名:“System.Net.Sockets.Socket”。   在 System.Net.Sockets.Socket.EndSend(IAsyncResult asyncResult, SocketError& errorCode)
   在 System.Net.Sockets.Socket.EndSend(IAsyncResult asyncResult)
   在 Yinrg.Net.Sockets.SocketClient.wQh1k8mXtn4yGgQ8LDh(Object , Object )
   在 Yinrg.Net.Sockets.SocketClient.SendByteCallBack(IAsyncResult ar)
2016-07-20 17:34:18: 无法访问已释放的对象。
对象名:“System.Net.Sockets.Socket”。   在 System.Net.Sockets.Socket.EndSend(IAsyncResult asyncResult, SocketError& errorCode)
   在 System.Net.Sockets.Socket.EndSend(IAsyncResult asyncResult)
   在 Yinrg.Net.Sockets.SocketClient.wQh1k8mXtn4yGgQ8LDh(Object , Object )
   在 Yinrg.Net.Sockets.SocketClient.SendByteCallBack(IAsyncResult ar)
2016-07-20 17:34:18: 无法访问已释放的对象。
对象名:“System.Net.Sockets.Socket”。   在 System.Net.Sockets.Socket.EndSend(IAsyncResult asyncResult, SocketError& errorCode)
   在 System.Net.Sockets.Socket.EndSend(IAsyncResult asyncResult)
   在 Yinrg.Net.Sockets.SocketClient.wQh1k8mXtn4yGgQ8LDh(Object , Object )
   在 Yinrg.Net.Sockets.SocketClient.SendByteCallBack(IAsyncResult ar)
2016-07-20 17:34:18: 无法访问已释放的对象。
对象名:“System.Net.Sockets.Socket”。   在 System.Net.Sockets.Socket.EndSend(IAsyncResult asyncResult, SocketError& errorCode)
   在 System.Net.Sockets.Socket.EndSend(IAsyncResult asyncResult)
   在 Yinrg.Net.Sockets.SocketClient.wQh1k8mXtn4yGgQ8LDh(Object , Object )
   在 Yinrg.Net.Sockets.SocketClient.SendByteCallBack(IAsyncResult ar)
