2018-12-13 08:56:25: 由于连接方在一段时间后没有正确答复或连接的主机没有反应，连接尝试失败。   at System.Net.Sockets.Socket.EndReceive(IAsyncResult asyncResult)
   at Yinrg.Net.Sockets.SocketClient.s91nev5CPITrFiQpWCt(Object , Object )
   at Yinrg.Net.Sockets.SocketClient.GsnOTWuuJ(IAsyncResult  )
2018-12-13 09:35:22: 由于连接方在一段时间后没有正确答复或连接的主机没有反应，连接尝试失败。   at System.Net.Sockets.Socket.EndReceive(IAsyncResult asyncResult)
   at Yinrg.Net.Sockets.SocketClient.s91nev5CPITrFiQpWCt(Object , Object )
   at Yinrg.Net.Sockets.SocketClient.GsnOTWuuJ(IAsyncResult  )
2018-12-13 09:35:22: 由于连接方在一段时间后没有正确答复或连接的主机没有反应，连接尝试失败。   at System.Net.Sockets.Socket.EndReceive(IAsyncResult asyncResult)
   at Yinrg.Net.Sockets.SocketClient.s91nev5CPITrFiQpWCt(Object , Object )
   at Yinrg.Net.Sockets.SocketClient.GsnOTWuuJ(IAsyncResult  )
2018-12-13 09:35:22: 由于连接方在一段时间后没有正确答复或连接的主机没有反应，连接尝试失败。   at System.Net.Sockets.Socket.EndReceive(IAsyncResult asyncResult)
   at Yinrg.Net.Sockets.SocketClient.s91nev5CPITrFiQpWCt(Object , Object )
   at Yinrg.Net.Sockets.SocketClient.GsnOTWuuJ(IAsyncResult  )
2018-12-13 09:35:22: 由于连接方在一段时间后没有正确答复或连接的主机没有反应，连接尝试失败。   at System.Net.Sockets.Socket.EndReceive(IAsyncResult asyncResult)
   at Yinrg.Net.Sockets.SocketClient.s91nev5CPITrFiQpWCt(Object , Object )
   at Yinrg.Net.Sockets.SocketClient.GsnOTWuuJ(IAsyncResult  )
2018-12-13 09:35:22: 由于连接方在一段时间后没有正确答复或连接的主机没有反应，连接尝试失败。   at System.Net.Sockets.Socket.EndReceive(IAsyncResult asyncResult)
   at Yinrg.Net.Sockets.SocketClient.s91nev5CPITrFiQpWCt(Object , Object )
   at Yinrg.Net.Sockets.SocketClient.GsnOTWuuJ(IAsyncResult  )
2018-12-13 09:35:22: 由于连接方在一段时间后没有正确答复或连接的主机没有反应，连接尝试失败。   at System.Net.Sockets.Socket.EndReceive(IAsyncResult asyncResult)
   at Yinrg.Net.Sockets.SocketClient.s91nev5CPITrFiQpWCt(Object , Object )
   at Yinrg.Net.Sockets.SocketClient.GsnOTWuuJ(IAsyncResult  )
2018-12-13 09:35:22: 由于连接方在一段时间后没有正确答复或连接的主机没有反应，连接尝试失败。   at System.Net.Sockets.Socket.EndReceive(IAsyncResult asyncResult)
   at Yinrg.Net.Sockets.SocketClient.s91nev5CPITrFiQpWCt(Object , Object )
   at Yinrg.Net.Sockets.SocketClient.GsnOTWuuJ(IAsyncResult  )
2018-12-13 09:35:22: 由于连接方在一段时间后没有正确答复或连接的主机没有反应，连接尝试失败。   at System.Net.Sockets.Socket.EndReceive(IAsyncResult asyncResult)
   at Yinrg.Net.Sockets.SocketClient.s91nev5CPITrFiQpWCt(Object , Object )
   at Yinrg.Net.Sockets.SocketClient.GsnOTWuuJ(IAsyncResult  )
2018-12-13 09:35:22: 由于连接方在一段时间后没有正确答复或连接的主机没有反应，连接尝试失败。   at System.Net.Sockets.Socket.EndReceive(IAsyncResult asyncResult)
   at Yinrg.Net.Sockets.SocketClient.s91nev5CPITrFiQpWCt(Object , Object )
   at Yinrg.Net.Sockets.SocketClient.GsnOTWuuJ(IAsyncResult  )
2018-12-13 09:35:22: 由于连接方在一段时间后没有正确答复或连接的主机没有反应，连接尝试失败。   at System.Net.Sockets.Socket.EndReceive(IAsyncResult asyncResult)
   at Yinrg.Net.Sockets.SocketClient.s91nev5CPITrFiQpWCt(Object , Object )
   at Yinrg.Net.Sockets.SocketClient.GsnOTWuuJ(IAsyncResult  )
2018-12-13 09:35:22: 由于连接方在一段时间后没有正确答复或连接的主机没有反应，连接尝试失败。   at System.Net.Sockets.Socket.EndReceive(IAsyncResult asyncResult)
   at Yinrg.Net.Sockets.SocketClient.s91nev5CPITrFiQpWCt(Object , Object )
   at Yinrg.Net.Sockets.SocketClient.GsnOTWuuJ(IAsyncResult  )
2018-12-13 09:35:22: 由于连接方在一段时间后没有正确答复或连接的主机没有反应，连接尝试失败。   at System.Net.Sockets.Socket.EndReceive(IAsyncResult asyncResult)
   at Yinrg.Net.Sockets.SocketClient.s91nev5CPITrFiQpWCt(Object , Object )
   at Yinrg.Net.Sockets.SocketClient.GsnOTWuuJ(IAsyncResult  )
2018-12-13 09:35:22: 由于连接方在一段时间后没有正确答复或连接的主机没有反应，连接尝试失败。   at System.Net.Sockets.Socket.EndReceive(IAsyncResult asyncResult)
   at Yinrg.Net.Sockets.SocketClient.s91nev5CPITrFiQpWCt(Object , Object )
   at Yinrg.Net.Sockets.SocketClient.GsnOTWuuJ(IAsyncResult  )
2018-12-13 09:35:22: 由于连接方在一段时间后没有正确答复或连接的主机没有反应，连接尝试失败。   at System.Net.Sockets.Socket.EndReceive(IAsyncResult asyncResult)
   at Yinrg.Net.Sockets.SocketClient.s91nev5CPITrFiQpWCt(Object , Object )
   at Yinrg.Net.Sockets.SocketClient.GsnOTWuuJ(IAsyncResult  )
2018-12-13 09:35:22: 由于连接方在一段时间后没有正确答复或连接的主机没有反应，连接尝试失败。   at System.Net.Sockets.Socket.EndReceive(IAsyncResult asyncResult)
   at Yinrg.Net.Sockets.SocketClient.s91nev5CPITrFiQpWCt(Object , Object )
   at Yinrg.Net.Sockets.SocketClient.GsnOTWuuJ(IAsyncResult  )
2018-12-13 09:35:23: 由于连接方在一段时间后没有正确答复或连接的主机没有反应，连接尝试失败。   at System.Net.Sockets.Socket.EndReceive(IAsyncResult asyncResult)
   at Yinrg.Net.Sockets.SocketClient.s91nev5CPITrFiQpWCt(Object , Object )
   at Yinrg.Net.Sockets.SocketClient.GsnOTWuuJ(IAsyncResult  )
2018-12-13 09:35:23: 由于连接方在一段时间后没有正确答复或连接的主机没有反应，连接尝试失败。   at System.Net.Sockets.Socket.EndReceive(IAsyncResult asyncResult)
   at Yinrg.Net.Sockets.SocketClient.s91nev5CPITrFiQpWCt(Object , Object )
   at Yinrg.Net.Sockets.SocketClient.GsnOTWuuJ(IAsyncResult  )
2018-12-13 09:35:23: 由于连接方在一段时间后没有正确答复或连接的主机没有反应，连接尝试失败。   at System.Net.Sockets.Socket.EndReceive(IAsyncResult asyncResult)
   at Yinrg.Net.Sockets.SocketClient.s91nev5CPITrFiQpWCt(Object , Object )
   at Yinrg.Net.Sockets.SocketClient.GsnOTWuuJ(IAsyncResult  )
2018-12-13 09:35:23: 由于连接方在一段时间后没有正确答复或连接的主机没有反应，连接尝试失败。   at System.Net.Sockets.Socket.EndReceive(IAsyncResult asyncResult)
   at Yinrg.Net.Sockets.SocketClient.s91nev5CPITrFiQpWCt(Object , Object )
   at Yinrg.Net.Sockets.SocketClient.GsnOTWuuJ(IAsyncResult  )
2018-12-13 09:35:23: 由于连接方在一段时间后没有正确答复或连接的主机没有反应，连接尝试失败。   at System.Net.Sockets.Socket.EndReceive(IAsyncResult asyncResult)
   at Yinrg.Net.Sockets.SocketClient.s91nev5CPITrFiQpWCt(Object , Object )
   at Yinrg.Net.Sockets.SocketClient.GsnOTWuuJ(IAsyncResult  )
2018-12-13 09:35:23: 由于连接方在一段时间后没有正确答复或连接的主机没有反应，连接尝试失败。   at System.Net.Sockets.Socket.EndReceive(IAsyncResult asyncResult)
   at Yinrg.Net.Sockets.SocketClient.s91nev5CPITrFiQpWCt(Object , Object )
   at Yinrg.Net.Sockets.SocketClient.GsnOTWuuJ(IAsyncResult  )
2018-12-13 09:35:23: 由于连接方在一段时间后没有正确答复或连接的主机没有反应，连接尝试失败。   at System.Net.Sockets.Socket.EndReceive(IAsyncResult asyncResult)
   at Yinrg.Net.Sockets.SocketClient.s91nev5CPITrFiQpWCt(Object , Object )
   at Yinrg.Net.Sockets.SocketClient.GsnOTWuuJ(IAsyncResult  )
2018-12-13 09:35:23: 由于连接方在一段时间后没有正确答复或连接的主机没有反应，连接尝试失败。   at System.Net.Sockets.Socket.EndReceive(IAsyncResult asyncResult)
   at Yinrg.Net.Sockets.SocketClient.s91nev5CPITrFiQpWCt(Object , Object )
   at Yinrg.Net.Sockets.SocketClient.GsnOTWuuJ(IAsyncResult  )
2018-12-13 09:35:23: 由于连接方在一段时间后没有正确答复或连接的主机没有反应，连接尝试失败。   at System.Net.Sockets.Socket.EndReceive(IAsyncResult asyncResult)
   at Yinrg.Net.Sockets.SocketClient.s91nev5CPITrFiQpWCt(Object , Object )
   at Yinrg.Net.Sockets.SocketClient.GsnOTWuuJ(IAsyncResult  )
2018-12-13 09:35:23: 由于连接方在一段时间后没有正确答复或连接的主机没有反应，连接尝试失败。   at System.Net.Sockets.Socket.EndReceive(IAsyncResult asyncResult)
   at Yinrg.Net.Sockets.SocketClient.s91nev5CPITrFiQpWCt(Object , Object )
   at Yinrg.Net.Sockets.SocketClient.GsnOTWuuJ(IAsyncResult  )
2018-12-13 09:35:23: 由于连接方在一段时间后没有正确答复或连接的主机没有反应，连接尝试失败。   at System.Net.Sockets.Socket.EndReceive(IAsyncResult asyncResult)
   at Yinrg.Net.Sockets.SocketClient.s91nev5CPITrFiQpWCt(Object , Object )
   at Yinrg.Net.Sockets.SocketClient.GsnOTWuuJ(IAsyncResult  )
2018-12-13 09:35:23: 由于连接方在一段时间后没有正确答复或连接的主机没有反应，连接尝试失败。   at System.Net.Sockets.Socket.EndReceive(IAsyncResult asyncResult)
   at Yinrg.Net.Sockets.SocketClient.s91nev5CPITrFiQpWCt(Object , Object )
   at Yinrg.Net.Sockets.SocketClient.GsnOTWuuJ(IAsyncResult  )
2018-12-13 09:35:23: 由于连接方在一段时间后没有正确答复或连接的主机没有反应，连接尝试失败。   at System.Net.Sockets.Socket.EndReceive(IAsyncResult asyncResult)
   at Yinrg.Net.Sockets.SocketClient.s91nev5CPITrFiQpWCt(Object , Object )
   at Yinrg.Net.Sockets.SocketClient.GsnOTWuuJ(IAsyncResult  )
2018-12-13 09:35:23: 由于连接方在一段时间后没有正确答复或连接的主机没有反应，连接尝试失败。   at System.Net.Sockets.Socket.EndReceive(IAsyncResult asyncResult)
   at Yinrg.Net.Sockets.SocketClient.s91nev5CPITrFiQpWCt(Object , Object )
   at Yinrg.Net.Sockets.SocketClient.GsnOTWuuJ(IAsyncResult  )
2018-12-13 09:35:23: 由于连接方在一段时间后没有正确答复或连接的主机没有反应，连接尝试失败。   at System.Net.Sockets.Socket.EndReceive(IAsyncResult asyncResult)
   at Yinrg.Net.Sockets.SocketClient.s91nev5CPITrFiQpWCt(Object , Object )
   at Yinrg.Net.Sockets.SocketClient.GsnOTWuuJ(IAsyncResult  )
2018-12-13 09:35:23: 由于连接方在一段时间后没有正确答复或连接的主机没有反应，连接尝试失败。   at System.Net.Sockets.Socket.EndReceive(IAsyncResult asyncResult)
   at Yinrg.Net.Sockets.SocketClient.s91nev5CPITrFiQpWCt(Object , Object )
   at Yinrg.Net.Sockets.SocketClient.GsnOTWuuJ(IAsyncResult  )
2018-12-13 09:35:23: 由于连接方在一段时间后没有正确答复或连接的主机没有反应，连接尝试失败。   at System.Net.Sockets.Socket.EndReceive(IAsyncResult asyncResult)
   at Yinrg.Net.Sockets.SocketClient.s91nev5CPITrFiQpWCt(Object , Object )
   at Yinrg.Net.Sockets.SocketClient.GsnOTWuuJ(IAsyncResult  )
2018-12-13 09:35:23: 由于连接方在一段时间后没有正确答复或连接的主机没有反应，连接尝试失败。   at System.Net.Sockets.Socket.EndReceive(IAsyncResult asyncResult)
   at Yinrg.Net.Sockets.SocketClient.s91nev5CPITrFiQpWCt(Object , Object )
   at Yinrg.Net.Sockets.SocketClient.GsnOTWuuJ(IAsyncResult  )
2018-12-13 09:35:25: 由于连接方在一段时间后没有正确答复或连接的主机没有反应，连接尝试失败。   at System.Net.Sockets.Socket.EndReceive(IAsyncResult asyncResult)
   at Yinrg.Net.Sockets.SocketClient.s91nev5CPITrFiQpWCt(Object , Object )
   at Yinrg.Net.Sockets.SocketClient.GsnOTWuuJ(IAsyncResult  )
2018-12-13 09:35:29: 由于连接方在一段时间后没有正确答复或连接的主机没有反应，连接尝试失败。   at System.Net.Sockets.Socket.EndReceive(IAsyncResult asyncResult)
   at Yinrg.Net.Sockets.SocketClient.s91nev5CPITrFiQpWCt(Object , Object )
   at Yinrg.Net.Sockets.SocketClient.GsnOTWuuJ(IAsyncResult  )
2018-12-13 14:15:43: 由于连接方在一段时间后没有正确答复或连接的主机没有反应，连接尝试失败。   at System.Net.Sockets.Socket.EndReceive(IAsyncResult asyncResult)
   at Yinrg.Net.Sockets.SocketClient.s91nev5CPITrFiQpWCt(Object , Object )
   at Yinrg.Net.Sockets.SocketClient.GsnOTWuuJ(IAsyncResult  )
2018-12-13 14:43:07: Cannot access a disposed object.
Object name: 'System.Net.Sockets.Socket'.   at System.Net.Sockets.Socket.EndReceive(IAsyncResult asyncResult, SocketError& errorCode)
   at System.Net.Sockets.Socket.EndReceive(IAsyncResult asyncResult)
   at Yinrg.Net.Sockets.SocketClient.s91nev5CPITrFiQpWCt(Object , Object )
   at Yinrg.Net.Sockets.SocketClient.GsnOTWuuJ(IAsyncResult  )
2018-12-13 14:43:15: 由于连接方在一段时间后没有正确答复或连接的主机没有反应，连接尝试失败。   at System.Net.Sockets.Socket.EndReceive(IAsyncResult asyncResult)
   at Yinrg.Net.Sockets.SocketClient.s91nev5CPITrFiQpWCt(Object , Object )
   at Yinrg.Net.Sockets.SocketClient.GsnOTWuuJ(IAsyncResult  )
2018-12-13 14:43:15: 由于连接方在一段时间后没有正确答复或连接的主机没有反应，连接尝试失败。   at System.Net.Sockets.Socket.EndReceive(IAsyncResult asyncResult)
   at Yinrg.Net.Sockets.SocketClient.s91nev5CPITrFiQpWCt(Object , Object )
   at Yinrg.Net.Sockets.SocketClient.GsnOTWuuJ(IAsyncResult  )
2018-12-13 14:43:15: 由于连接方在一段时间后没有正确答复或连接的主机没有反应，连接尝试失败。   at System.Net.Sockets.Socket.EndReceive(IAsyncResult asyncResult)
   at Yinrg.Net.Sockets.SocketClient.s91nev5CPITrFiQpWCt(Object , Object )
   at Yinrg.Net.Sockets.SocketClient.GsnOTWuuJ(IAsyncResult  )
2018-12-13 14:43:15: 由于连接方在一段时间后没有正确答复或连接的主机没有反应，连接尝试失败。   at System.Net.Sockets.Socket.EndReceive(IAsyncResult asyncResult)
   at Yinrg.Net.Sockets.SocketClient.s91nev5CPITrFiQpWCt(Object , Object )
   at Yinrg.Net.Sockets.SocketClient.GsnOTWuuJ(IAsyncResult  )
2018-12-13 14:43:15: 由于连接方在一段时间后没有正确答复或连接的主机没有反应，连接尝试失败。   at System.Net.Sockets.Socket.EndReceive(IAsyncResult asyncResult)
   at Yinrg.Net.Sockets.SocketClient.s91nev5CPITrFiQpWCt(Object , Object )
   at Yinrg.Net.Sockets.SocketClient.GsnOTWuuJ(IAsyncResult  )
2018-12-13 14:43:15: 由于连接方在一段时间后没有正确答复或连接的主机没有反应，连接尝试失败。   at System.Net.Sockets.Socket.EndReceive(IAsyncResult asyncResult)
   at Yinrg.Net.Sockets.SocketClient.s91nev5CPITrFiQpWCt(Object , Object )
   at Yinrg.Net.Sockets.SocketClient.GsnOTWuuJ(IAsyncResult  )
2018-12-13 14:43:15: 由于连接方在一段时间后没有正确答复或连接的主机没有反应，连接尝试失败。   at System.Net.Sockets.Socket.EndReceive(IAsyncResult asyncResult)
   at Yinrg.Net.Sockets.SocketClient.s91nev5CPITrFiQpWCt(Object , Object )
   at Yinrg.Net.Sockets.SocketClient.GsnOTWuuJ(IAsyncResult  )
2018-12-13 14:43:15: 由于连接方在一段时间后没有正确答复或连接的主机没有反应，连接尝试失败。   at System.Net.Sockets.Socket.EndReceive(IAsyncResult asyncResult)
   at Yinrg.Net.Sockets.SocketClient.s91nev5CPITrFiQpWCt(Object , Object )
   at Yinrg.Net.Sockets.SocketClient.GsnOTWuuJ(IAsyncResult  )
2018-12-13 14:43:15: 由于连接方在一段时间后没有正确答复或连接的主机没有反应，连接尝试失败。   at System.Net.Sockets.Socket.EndReceive(IAsyncResult asyncResult)
   at Yinrg.Net.Sockets.SocketClient.s91nev5CPITrFiQpWCt(Object , Object )
   at Yinrg.Net.Sockets.SocketClient.GsnOTWuuJ(IAsyncResult  )
2018-12-13 14:43:15: 由于连接方在一段时间后没有正确答复或连接的主机没有反应，连接尝试失败。   at System.Net.Sockets.Socket.EndReceive(IAsyncResult asyncResult)
   at Yinrg.Net.Sockets.SocketClient.s91nev5CPITrFiQpWCt(Object , Object )
   at Yinrg.Net.Sockets.SocketClient.GsnOTWuuJ(IAsyncResult  )
2018-12-13 14:43:15: 由于连接方在一段时间后没有正确答复或连接的主机没有反应，连接尝试失败。   at System.Net.Sockets.Socket.EndReceive(IAsyncResult asyncResult)
   at Yinrg.Net.Sockets.SocketClient.s91nev5CPITrFiQpWCt(Object , Object )
   at Yinrg.Net.Sockets.SocketClient.GsnOTWuuJ(IAsyncResult  )
2018-12-13 14:43:15: 由于连接方在一段时间后没有正确答复或连接的主机没有反应，连接尝试失败。   at System.Net.Sockets.Socket.EndReceive(IAsyncResult asyncResult)
   at Yinrg.Net.Sockets.SocketClient.s91nev5CPITrFiQpWCt(Object , Object )
   at Yinrg.Net.Sockets.SocketClient.GsnOTWuuJ(IAsyncResult  )
2018-12-13 14:43:15: 由于连接方在一段时间后没有正确答复或连接的主机没有反应，连接尝试失败。   at System.Net.Sockets.Socket.EndReceive(IAsyncResult asyncResult)
   at Yinrg.Net.Sockets.SocketClient.s91nev5CPITrFiQpWCt(Object , Object )
   at Yinrg.Net.Sockets.SocketClient.GsnOTWuuJ(IAsyncResult  )
2018-12-13 14:43:15: 由于连接方在一段时间后没有正确答复或连接的主机没有反应，连接尝试失败。   at System.Net.Sockets.Socket.EndReceive(IAsyncResult asyncResult)
   at Yinrg.Net.Sockets.SocketClient.s91nev5CPITrFiQpWCt(Object , Object )
   at Yinrg.Net.Sockets.SocketClient.GsnOTWuuJ(IAsyncResult  )
2018-12-13 14:43:15: 由于连接方在一段时间后没有正确答复或连接的主机没有反应，连接尝试失败。   at System.Net.Sockets.Socket.EndReceive(IAsyncResult asyncResult)
   at Yinrg.Net.Sockets.SocketClient.s91nev5CPITrFiQpWCt(Object , Object )
   at Yinrg.Net.Sockets.SocketClient.GsnOTWuuJ(IAsyncResult  )
2018-12-13 14:43:15: 由于连接方在一段时间后没有正确答复或连接的主机没有反应，连接尝试失败。   at System.Net.Sockets.Socket.EndReceive(IAsyncResult asyncResult)
   at Yinrg.Net.Sockets.SocketClient.s91nev5CPITrFiQpWCt(Object , Object )
   at Yinrg.Net.Sockets.SocketClient.GsnOTWuuJ(IAsyncResult  )
2018-12-13 14:43:15: 由于连接方在一段时间后没有正确答复或连接的主机没有反应，连接尝试失败。   at System.Net.Sockets.Socket.EndReceive(IAsyncResult asyncResult)
   at Yinrg.Net.Sockets.SocketClient.s91nev5CPITrFiQpWCt(Object , Object )
   at Yinrg.Net.Sockets.SocketClient.GsnOTWuuJ(IAsyncResult  )
2018-12-13 14:43:15: 由于连接方在一段时间后没有正确答复或连接的主机没有反应，连接尝试失败。   at System.Net.Sockets.Socket.EndReceive(IAsyncResult asyncResult)
   at Yinrg.Net.Sockets.SocketClient.s91nev5CPITrFiQpWCt(Object , Object )
   at Yinrg.Net.Sockets.SocketClient.GsnOTWuuJ(IAsyncResult  )
2018-12-13 14:43:15: 由于连接方在一段时间后没有正确答复或连接的主机没有反应，连接尝试失败。   at System.Net.Sockets.Socket.EndReceive(IAsyncResult asyncResult)
   at Yinrg.Net.Sockets.SocketClient.s91nev5CPITrFiQpWCt(Object , Object )
   at Yinrg.Net.Sockets.SocketClient.GsnOTWuuJ(IAsyncResult  )
2018-12-13 14:43:15: 由于连接方在一段时间后没有正确答复或连接的主机没有反应，连接尝试失败。   at System.Net.Sockets.Socket.EndReceive(IAsyncResult asyncResult)
   at Yinrg.Net.Sockets.SocketClient.s91nev5CPITrFiQpWCt(Object , Object )
   at Yinrg.Net.Sockets.SocketClient.GsnOTWuuJ(IAsyncResult  )
2018-12-13 14:43:15: 由于连接方在一段时间后没有正确答复或连接的主机没有反应，连接尝试失败。   at System.Net.Sockets.Socket.EndReceive(IAsyncResult asyncResult)
   at Yinrg.Net.Sockets.SocketClient.s91nev5CPITrFiQpWCt(Object , Object )
   at Yinrg.Net.Sockets.SocketClient.GsnOTWuuJ(IAsyncResult  )
2018-12-13 14:43:15: 由于连接方在一段时间后没有正确答复或连接的主机没有反应，连接尝试失败。   at System.Net.Sockets.Socket.EndReceive(IAsyncResult asyncResult)
   at Yinrg.Net.Sockets.SocketClient.s91nev5CPITrFiQpWCt(Object , Object )
   at Yinrg.Net.Sockets.SocketClient.GsnOTWuuJ(IAsyncResult  )
2018-12-13 14:43:31: 由于连接方在一段时间后没有正确答复或连接的主机没有反应，连接尝试失败。   at System.Net.Sockets.Socket.EndReceive(IAsyncResult asyncResult)
   at Yinrg.Net.Sockets.SocketClient.s91nev5CPITrFiQpWCt(Object , Object )
   at Yinrg.Net.Sockets.SocketClient.GsnOTWuuJ(IAsyncResult  )
2018-12-13 16:27:47: 由于连接方在一段时间后没有正确答复或连接的主机没有反应，连接尝试失败。   at System.Net.Sockets.Socket.EndReceive(IAsyncResult asyncResult)
   at Yinrg.Net.Sockets.SocketClient.s91nev5CPITrFiQpWCt(Object , Object )
   at Yinrg.Net.Sockets.SocketClient.GsnOTWuuJ(IAsyncResult  )
2018-12-13 16:27:47: 由于连接方在一段时间后没有正确答复或连接的主机没有反应，连接尝试失败。   at System.Net.Sockets.Socket.EndReceive(IAsyncResult asyncResult)
   at Yinrg.Net.Sockets.SocketClient.s91nev5CPITrFiQpWCt(Object , Object )
   at Yinrg.Net.Sockets.SocketClient.GsnOTWuuJ(IAsyncResult  )
2018-12-13 16:27:47: 由于连接方在一段时间后没有正确答复或连接的主机没有反应，连接尝试失败。   at System.Net.Sockets.Socket.EndReceive(IAsyncResult asyncResult)
   at Yinrg.Net.Sockets.SocketClient.s91nev5CPITrFiQpWCt(Object , Object )
   at Yinrg.Net.Sockets.SocketClient.GsnOTWuuJ(IAsyncResult  )
2018-12-13 16:27:47: 由于连接方在一段时间后没有正确答复或连接的主机没有反应，连接尝试失败。   at System.Net.Sockets.Socket.EndReceive(IAsyncResult asyncResult)
   at Yinrg.Net.Sockets.SocketClient.s91nev5CPITrFiQpWCt(Object , Object )
   at Yinrg.Net.Sockets.SocketClient.GsnOTWuuJ(IAsyncResult  )
2018-12-13 16:27:47: 由于连接方在一段时间后没有正确答复或连接的主机没有反应，连接尝试失败。   at System.Net.Sockets.Socket.EndReceive(IAsyncResult asyncResult)
   at Yinrg.Net.Sockets.SocketClient.s91nev5CPITrFiQpWCt(Object , Object )
   at Yinrg.Net.Sockets.SocketClient.GsnOTWuuJ(IAsyncResult  )
2018-12-13 16:27:47: 由于连接方在一段时间后没有正确答复或连接的主机没有反应，连接尝试失败。   at System.Net.Sockets.Socket.EndReceive(IAsyncResult asyncResult)
   at Yinrg.Net.Sockets.SocketClient.s91nev5CPITrFiQpWCt(Object , Object )
   at Yinrg.Net.Sockets.SocketClient.GsnOTWuuJ(IAsyncResult  )
2018-12-13 16:27:47: 由于连接方在一段时间后没有正确答复或连接的主机没有反应，连接尝试失败。   at System.Net.Sockets.Socket.EndReceive(IAsyncResult asyncResult)
   at Yinrg.Net.Sockets.SocketClient.s91nev5CPITrFiQpWCt(Object , Object )
   at Yinrg.Net.Sockets.SocketClient.GsnOTWuuJ(IAsyncResult  )
2018-12-13 16:27:47: 由于连接方在一段时间后没有正确答复或连接的主机没有反应，连接尝试失败。   at System.Net.Sockets.Socket.EndReceive(IAsyncResult asyncResult)
   at Yinrg.Net.Sockets.SocketClient.s91nev5CPITrFiQpWCt(Object , Object )
   at Yinrg.Net.Sockets.SocketClient.GsnOTWuuJ(IAsyncResult  )
2018-12-13 19:17:32: 由于连接方在一段时间后没有正确答复或连接的主机没有反应，连接尝试失败。   at System.Net.Sockets.Socket.EndReceive(IAsyncResult asyncResult)
   at Yinrg.Net.Sockets.SocketClient.s91nev5CPITrFiQpWCt(Object , Object )
   at Yinrg.Net.Sockets.SocketClient.GsnOTWuuJ(IAsyncResult  )
2018-12-13 19:17:32: 由于连接方在一段时间后没有正确答复或连接的主机没有反应，连接尝试失败。   at System.Net.Sockets.Socket.EndReceive(IAsyncResult asyncResult)
   at Yinrg.Net.Sockets.SocketClient.s91nev5CPITrFiQpWCt(Object , Object )
   at Yinrg.Net.Sockets.SocketClient.GsnOTWuuJ(IAsyncResult  )
2018-12-13 19:17:32: 由于连接方在一段时间后没有正确答复或连接的主机没有反应，连接尝试失败。   at System.Net.Sockets.Socket.EndReceive(IAsyncResult asyncResult)
   at Yinrg.Net.Sockets.SocketClient.s91nev5CPITrFiQpWCt(Object , Object )
   at Yinrg.Net.Sockets.SocketClient.GsnOTWuuJ(IAsyncResult  )
2018-12-13 19:17:32: 由于连接方在一段时间后没有正确答复或连接的主机没有反应，连接尝试失败。   at System.Net.Sockets.Socket.EndReceive(IAsyncResult asyncResult)
   at Yinrg.Net.Sockets.SocketClient.s91nev5CPITrFiQpWCt(Object , Object )
   at Yinrg.Net.Sockets.SocketClient.GsnOTWuuJ(IAsyncResult  )
2018-12-13 19:17:32: 由于连接方在一段时间后没有正确答复或连接的主机没有反应，连接尝试失败。   at System.Net.Sockets.Socket.EndReceive(IAsyncResult asyncResult)
   at Yinrg.Net.Sockets.SocketClient.s91nev5CPITrFiQpWCt(Object , Object )
   at Yinrg.Net.Sockets.SocketClient.GsnOTWuuJ(IAsyncResult  )
2018-12-13 20:13:14: Cannot access a disposed object.
Object name: 'System.Net.Sockets.Socket'.   at System.Net.Sockets.Socket.EndReceive(IAsyncResult asyncResult, SocketError& errorCode)
   at System.Net.Sockets.Socket.EndReceive(IAsyncResult asyncResult)
   at Yinrg.Net.Sockets.SocketClient.s91nev5CPITrFiQpWCt(Object , Object )
   at Yinrg.Net.Sockets.SocketClient.GsnOTWuuJ(IAsyncResult  )
2018-12-13 20:13:14: Cannot access a disposed object.
Object name: 'System.Net.Sockets.Socket'.   at System.Net.Sockets.Socket.EndReceive(IAsyncResult asyncResult, SocketError& errorCode)
   at System.Net.Sockets.Socket.EndReceive(IAsyncResult asyncResult)
   at Yinrg.Net.Sockets.SocketClient.s91nev5CPITrFiQpWCt(Object , Object )
   at Yinrg.Net.Sockets.SocketClient.GsnOTWuuJ(IAsyncResult  )
2018-12-13 20:13:14: Cannot access a disposed object.
Object name: 'System.Net.Sockets.Socket'.   at System.Net.Sockets.Socket.EndReceive(IAsyncResult asyncResult, SocketError& errorCode)
   at System.Net.Sockets.Socket.EndReceive(IAsyncResult asyncResult)
   at Yinrg.Net.Sockets.SocketClient.s91nev5CPITrFiQpWCt(Object , Object )
   at Yinrg.Net.Sockets.SocketClient.GsnOTWuuJ(IAsyncResult  )
2018-12-13 20:13:14: Cannot access a disposed object.
Object name: 'System.Net.Sockets.Socket'.   at System.Net.Sockets.Socket.EndReceive(IAsyncResult asyncResult, SocketError& errorCode)
   at System.Net.Sockets.Socket.EndReceive(IAsyncResult asyncResult)
   at Yinrg.Net.Sockets.SocketClient.s91nev5CPITrFiQpWCt(Object , Object )
   at Yinrg.Net.Sockets.SocketClient.GsnOTWuuJ(IAsyncResult  )
2018-12-13 20:13:14: Cannot access a disposed object.
Object name: 'System.Net.Sockets.Socket'.   at System.Net.Sockets.Socket.EndReceive(IAsyncResult asyncResult, SocketError& errorCode)
   at System.Net.Sockets.Socket.EndReceive(IAsyncResult asyncResult)
   at Yinrg.Net.Sockets.SocketClient.s91nev5CPITrFiQpWCt(Object , Object )
   at Yinrg.Net.Sockets.SocketClient.GsnOTWuuJ(IAsyncResult  )
2018-12-13 20:13:14: Cannot access a disposed object.
Object name: 'System.Net.Sockets.Socket'.   at System.Net.Sockets.Socket.EndReceive(IAsyncResult asyncResult, SocketError& errorCode)
   at System.Net.Sockets.Socket.EndReceive(IAsyncResult asyncResult)
   at Yinrg.Net.Sockets.SocketClient.s91nev5CPITrFiQpWCt(Object , Object )
   at Yinrg.Net.Sockets.SocketClient.GsnOTWuuJ(IAsyncResult  )
2018-12-13 20:13:14: Cannot access a disposed object.
Object name: 'System.Net.Sockets.Socket'.   at System.Net.Sockets.Socket.EndReceive(IAsyncResult asyncResult, SocketError& errorCode)
   at System.Net.Sockets.Socket.EndReceive(IAsyncResult asyncResult)
   at Yinrg.Net.Sockets.SocketClient.s91nev5CPITrFiQpWCt(Object , Object )
   at Yinrg.Net.Sockets.SocketClient.GsnOTWuuJ(IAsyncResult  )
2018-12-13 20:49:36: Cannot access a disposed object.
Object name: 'System.Net.Sockets.Socket'.   at System.Net.Sockets.Socket.EndReceive(IAsyncResult asyncResult, SocketError& errorCode)
   at System.Net.Sockets.Socket.EndReceive(IAsyncResult asyncResult)
   at Yinrg.Net.Sockets.SocketClient.s91nev5CPITrFiQpWCt(Object , Object )
   at Yinrg.Net.Sockets.SocketClient.GsnOTWuuJ(IAsyncResult  )
2018-12-13 20:49:36: Cannot access a disposed object.
Object name: 'System.Net.Sockets.Socket'.   at System.Net.Sockets.Socket.EndReceive(IAsyncResult asyncResult, SocketError& errorCode)
   at System.Net.Sockets.Socket.EndReceive(IAsyncResult asyncResult)
   at Yinrg.Net.Sockets.SocketClient.s91nev5CPITrFiQpWCt(Object , Object )
   at Yinrg.Net.Sockets.SocketClient.GsnOTWuuJ(IAsyncResult  )
2018-12-13 20:49:36: Cannot access a disposed object.
Object name: 'System.Net.Sockets.Socket'.   at System.Net.Sockets.Socket.EndReceive(IAsyncResult asyncResult, SocketError& errorCode)
   at System.Net.Sockets.Socket.EndReceive(IAsyncResult asyncResult)
   at Yinrg.Net.Sockets.SocketClient.s91nev5CPITrFiQpWCt(Object , Object )
   at Yinrg.Net.Sockets.SocketClient.GsnOTWuuJ(IAsyncResult  )
2018-12-13 20:49:36: Cannot access a disposed object.
Object name: 'System.Net.Sockets.Socket'.   at System.Net.Sockets.Socket.EndReceive(IAsyncResult asyncResult, SocketError& errorCode)
   at System.Net.Sockets.Socket.EndReceive(IAsyncResult asyncResult)
   at Yinrg.Net.Sockets.SocketClient.s91nev5CPITrFiQpWCt(Object , Object )
   at Yinrg.Net.Sockets.SocketClient.GsnOTWuuJ(IAsyncResult  )
2018-12-13 20:49:36: Cannot access a disposed object.
Object name: 'System.Net.Sockets.Socket'.   at System.Net.Sockets.Socket.EndReceive(IAsyncResult asyncResult, SocketError& errorCode)
   at System.Net.Sockets.Socket.EndReceive(IAsyncResult asyncResult)
   at Yinrg.Net.Sockets.SocketClient.s91nev5CPITrFiQpWCt(Object , Object )
   at Yinrg.Net.Sockets.SocketClient.GsnOTWuuJ(IAsyncResult  )
