2019-02-14 08:42:00: 由于连接方在一段时间后没有正确答复或连接的主机没有反应，连接尝试失败。   at System.Net.Sockets.Socket.EndReceive(IAsyncResult asyncResult)
   at Yinrg.Net.Sockets.SocketClient.s91nev5CPITrFiQpWCt(Object , Object )
   at Yinrg.Net.Sockets.SocketClient.GsnOTWuuJ(IAsyncResult  )
2019-02-14 08:42:00: 由于连接方在一段时间后没有正确答复或连接的主机没有反应，连接尝试失败。   at System.Net.Sockets.Socket.EndReceive(IAsyncResult asyncResult)
   at Yinrg.Net.Sockets.SocketClient.s91nev5CPITrFiQpWCt(Object , Object )
   at Yinrg.Net.Sockets.SocketClient.GsnOTWuuJ(IAsyncResult  )
2019-02-14 12:00:10: 由于连接方在一段时间后没有正确答复或连接的主机没有反应，连接尝试失败。   at System.Net.Sockets.Socket.EndReceive(IAsyncResult asyncResult)
   at Yinrg.Net.Sockets.SocketClient.s91nev5CPITrFiQpWCt(Object , Object )
   at Yinrg.Net.Sockets.SocketClient.GsnOTWuuJ(IAsyncResult  )
2019-02-14 12:00:29: 由于连接方在一段时间后没有正确答复或连接的主机没有反应，连接尝试失败。   at System.Net.Sockets.Socket.EndReceive(IAsyncResult asyncResult)
   at Yinrg.Net.Sockets.SocketClient.s91nev5CPITrFiQpWCt(Object , Object )
   at Yinrg.Net.Sockets.SocketClient.GsnOTWuuJ(IAsyncResult  )
2019-02-14 12:00:29: 由于连接方在一段时间后没有正确答复或连接的主机没有反应，连接尝试失败。   at System.Net.Sockets.Socket.EndReceive(IAsyncResult asyncResult)
   at Yinrg.Net.Sockets.SocketClient.s91nev5CPITrFiQpWCt(Object , Object )
   at Yinrg.Net.Sockets.SocketClient.GsnOTWuuJ(IAsyncResult  )
2019-02-14 12:00:39: 由于连接方在一段时间后没有正确答复或连接的主机没有反应，连接尝试失败。   at System.Net.Sockets.Socket.EndReceive(IAsyncResult asyncResult)
   at Yinrg.Net.Sockets.SocketClient.s91nev5CPITrFiQpWCt(Object , Object )
   at Yinrg.Net.Sockets.SocketClient.GsnOTWuuJ(IAsyncResult  )
2019-02-14 12:00:59: 由于连接方在一段时间后没有正确答复或连接的主机没有反应，连接尝试失败。   at System.Net.Sockets.Socket.EndReceive(IAsyncResult asyncResult)
   at Yinrg.Net.Sockets.SocketClient.s91nev5CPITrFiQpWCt(Object , Object )
   at Yinrg.Net.Sockets.SocketClient.GsnOTWuuJ(IAsyncResult  )
2019-02-14 12:41:34: Cannot access a disposed object.
Object name: 'System.Net.Sockets.Socket'.   at System.Net.Sockets.Socket.EndReceive(IAsyncResult asyncResult, SocketError& errorCode)
   at System.Net.Sockets.Socket.EndReceive(IAsyncResult asyncResult)
   at Yinrg.Net.Sockets.SocketClient.s91nev5CPITrFiQpWCt(Object , Object )
   at Yinrg.Net.Sockets.SocketClient.GsnOTWuuJ(IAsyncResult  )
2019-02-14 12:41:34: Cannot access a disposed object.
Object name: 'System.Net.Sockets.Socket'.   at System.Net.Sockets.Socket.EndReceive(IAsyncResult asyncResult, SocketError& errorCode)
   at System.Net.Sockets.Socket.EndReceive(IAsyncResult asyncResult)
   at Yinrg.Net.Sockets.SocketClient.s91nev5CPITrFiQpWCt(Object , Object )
   at Yinrg.Net.Sockets.SocketClient.GsnOTWuuJ(IAsyncResult  )
2019-02-14 12:41:34: Cannot access a disposed object.
Object name: 'System.Net.Sockets.Socket'.   at System.Net.Sockets.Socket.EndReceive(IAsyncResult asyncResult, SocketError& errorCode)
   at System.Net.Sockets.Socket.EndReceive(IAsyncResult asyncResult)
   at Yinrg.Net.Sockets.SocketClient.s91nev5CPITrFiQpWCt(Object , Object )
   at Yinrg.Net.Sockets.SocketClient.GsnOTWuuJ(IAsyncResult  )
2019-02-14 12:41:34: Cannot access a disposed object.
Object name: 'System.Net.Sockets.Socket'.   at System.Net.Sockets.Socket.EndReceive(IAsyncResult asyncResult, SocketError& errorCode)
   at System.Net.Sockets.Socket.EndReceive(IAsyncResult asyncResult)
   at Yinrg.Net.Sockets.SocketClient.s91nev5CPITrFiQpWCt(Object , Object )
   at Yinrg.Net.Sockets.SocketClient.GsnOTWuuJ(IAsyncResult  )
2019-02-14 12:41:34: Cannot access a disposed object.
Object name: 'System.Net.Sockets.Socket'.   at System.Net.Sockets.Socket.EndReceive(IAsyncResult asyncResult, SocketError& errorCode)
   at System.Net.Sockets.Socket.EndReceive(IAsyncResult asyncResult)
   at Yinrg.Net.Sockets.SocketClient.s91nev5CPITrFiQpWCt(Object , Object )
   at Yinrg.Net.Sockets.SocketClient.GsnOTWuuJ(IAsyncResult  )
2019-02-14 12:41:34: Cannot access a disposed object.
Object name: 'System.Net.Sockets.Socket'.   at System.Net.Sockets.Socket.EndReceive(IAsyncResult asyncResult, SocketError& errorCode)
   at System.Net.Sockets.Socket.EndReceive(IAsyncResult asyncResult)
   at Yinrg.Net.Sockets.SocketClient.s91nev5CPITrFiQpWCt(Object , Object )
   at Yinrg.Net.Sockets.SocketClient.GsnOTWuuJ(IAsyncResult  )
2019-02-14 12:41:34: Cannot access a disposed object.
Object name: 'System.Net.Sockets.Socket'.   at System.Net.Sockets.Socket.EndReceive(IAsyncResult asyncResult, SocketError& errorCode)
   at System.Net.Sockets.Socket.EndReceive(IAsyncResult asyncResult)
   at Yinrg.Net.Sockets.SocketClient.s91nev5CPITrFiQpWCt(Object , Object )
   at Yinrg.Net.Sockets.SocketClient.GsnOTWuuJ(IAsyncResult  )
2019-02-14 12:41:34: Cannot access a disposed object.
Object name: 'System.Net.Sockets.Socket'.   at System.Net.Sockets.Socket.EndReceive(IAsyncResult asyncResult, SocketError& errorCode)
   at System.Net.Sockets.Socket.EndReceive(IAsyncResult asyncResult)
   at Yinrg.Net.Sockets.SocketClient.s91nev5CPITrFiQpWCt(Object , Object )
   at Yinrg.Net.Sockets.SocketClient.GsnOTWuuJ(IAsyncResult  )
2019-02-14 12:41:34: Cannot access a disposed object.
Object name: 'System.Net.Sockets.Socket'.   at System.Net.Sockets.Socket.EndReceive(IAsyncResult asyncResult, SocketError& errorCode)
   at System.Net.Sockets.Socket.EndReceive(IAsyncResult asyncResult)
   at Yinrg.Net.Sockets.SocketClient.s91nev5CPITrFiQpWCt(Object , Object )
   at Yinrg.Net.Sockets.SocketClient.GsnOTWuuJ(IAsyncResult  )
2019-02-14 12:41:34: Cannot access a disposed object.
Object name: 'System.Net.Sockets.Socket'.   at System.Net.Sockets.Socket.EndReceive(IAsyncResult asyncResult, SocketError& errorCode)
   at System.Net.Sockets.Socket.EndReceive(IAsyncResult asyncResult)
   at Yinrg.Net.Sockets.SocketClient.s91nev5CPITrFiQpWCt(Object , Object )
   at Yinrg.Net.Sockets.SocketClient.GsnOTWuuJ(IAsyncResult  )
2019-02-14 12:41:34: Cannot access a disposed object.
Object name: 'System.Net.Sockets.Socket'.   at System.Net.Sockets.Socket.EndReceive(IAsyncResult asyncResult, SocketError& errorCode)
   at System.Net.Sockets.Socket.EndReceive(IAsyncResult asyncResult)
   at Yinrg.Net.Sockets.SocketClient.s91nev5CPITrFiQpWCt(Object , Object )
   at Yinrg.Net.Sockets.SocketClient.GsnOTWuuJ(IAsyncResult  )
2019-02-14 13:13:16: Cannot access a disposed object.
Object name: 'System.Net.Sockets.Socket'.   at System.Net.Sockets.Socket.EndReceive(IAsyncResult asyncResult, SocketError& errorCode)
   at System.Net.Sockets.Socket.EndReceive(IAsyncResult asyncResult)
   at Yinrg.Net.Sockets.SocketClient.s91nev5CPITrFiQpWCt(Object , Object )
   at Yinrg.Net.Sockets.SocketClient.GsnOTWuuJ(IAsyncResult  )
2019-02-14 13:13:16: Cannot access a disposed object.
Object name: 'System.Net.Sockets.Socket'.   at System.Net.Sockets.Socket.EndReceive(IAsyncResult asyncResult, SocketError& errorCode)
   at System.Net.Sockets.Socket.EndReceive(IAsyncResult asyncResult)
   at Yinrg.Net.Sockets.SocketClient.s91nev5CPITrFiQpWCt(Object , Object )
   at Yinrg.Net.Sockets.SocketClient.GsnOTWuuJ(IAsyncResult  )
2019-02-14 13:13:16: Cannot access a disposed object.
Object name: 'System.Net.Sockets.Socket'.   at System.Net.Sockets.Socket.EndReceive(IAsyncResult asyncResult, SocketError& errorCode)
   at System.Net.Sockets.Socket.EndReceive(IAsyncResult asyncResult)
   at Yinrg.Net.Sockets.SocketClient.s91nev5CPITrFiQpWCt(Object , Object )
   at Yinrg.Net.Sockets.SocketClient.GsnOTWuuJ(IAsyncResult  )
2019-02-14 13:13:16: Cannot access a disposed object.
Object name: 'System.Net.Sockets.Socket'.   at System.Net.Sockets.Socket.EndReceive(IAsyncResult asyncResult, SocketError& errorCode)
   at System.Net.Sockets.Socket.EndReceive(IAsyncResult asyncResult)
   at Yinrg.Net.Sockets.SocketClient.s91nev5CPITrFiQpWCt(Object , Object )
   at Yinrg.Net.Sockets.SocketClient.GsnOTWuuJ(IAsyncResult  )
2019-02-14 13:13:16: Cannot access a disposed object.
Object name: 'System.Net.Sockets.Socket'.   at System.Net.Sockets.Socket.EndReceive(IAsyncResult asyncResult, SocketError& errorCode)
   at System.Net.Sockets.Socket.EndReceive(IAsyncResult asyncResult)
   at Yinrg.Net.Sockets.SocketClient.s91nev5CPITrFiQpWCt(Object , Object )
   at Yinrg.Net.Sockets.SocketClient.GsnOTWuuJ(IAsyncResult  )
2019-02-14 13:13:16: Cannot access a disposed object.
Object name: 'System.Net.Sockets.Socket'.   at System.Net.Sockets.Socket.EndReceive(IAsyncResult asyncResult, SocketError& errorCode)
   at System.Net.Sockets.Socket.EndReceive(IAsyncResult asyncResult)
   at Yinrg.Net.Sockets.SocketClient.s91nev5CPITrFiQpWCt(Object , Object )
   at Yinrg.Net.Sockets.SocketClient.GsnOTWuuJ(IAsyncResult  )
2019-02-14 13:13:16: Cannot access a disposed object.
Object name: 'System.Net.Sockets.Socket'.   at System.Net.Sockets.Socket.EndReceive(IAsyncResult asyncResult, SocketError& errorCode)
   at System.Net.Sockets.Socket.EndReceive(IAsyncResult asyncResult)
   at Yinrg.Net.Sockets.SocketClient.s91nev5CPITrFiQpWCt(Object , Object )
   at Yinrg.Net.Sockets.SocketClient.GsnOTWuuJ(IAsyncResult  )
2019-02-14 13:13:16: Cannot access a disposed object.
Object name: 'System.Net.Sockets.Socket'.   at System.Net.Sockets.Socket.EndReceive(IAsyncResult asyncResult, SocketError& errorCode)
   at System.Net.Sockets.Socket.EndReceive(IAsyncResult asyncResult)
   at Yinrg.Net.Sockets.SocketClient.s91nev5CPITrFiQpWCt(Object , Object )
   at Yinrg.Net.Sockets.SocketClient.GsnOTWuuJ(IAsyncResult  )
2019-02-14 13:14:42: 由于连接方在一段时间后没有正确答复或连接的主机没有反应，连接尝试失败。   at System.Net.Sockets.Socket.EndReceive(IAsyncResult asyncResult)
   at Yinrg.Net.Sockets.SocketClient.s91nev5CPITrFiQpWCt(Object , Object )
   at Yinrg.Net.Sockets.SocketClient.GsnOTWuuJ(IAsyncResult  )
2019-02-14 13:14:42: 由于连接方在一段时间后没有正确答复或连接的主机没有反应，连接尝试失败。   at System.Net.Sockets.Socket.EndReceive(IAsyncResult asyncResult)
   at Yinrg.Net.Sockets.SocketClient.s91nev5CPITrFiQpWCt(Object , Object )
   at Yinrg.Net.Sockets.SocketClient.GsnOTWuuJ(IAsyncResult  )
2019-02-14 13:14:42: 由于连接方在一段时间后没有正确答复或连接的主机没有反应，连接尝试失败。   at System.Net.Sockets.Socket.EndReceive(IAsyncResult asyncResult)
   at Yinrg.Net.Sockets.SocketClient.s91nev5CPITrFiQpWCt(Object , Object )
   at Yinrg.Net.Sockets.SocketClient.GsnOTWuuJ(IAsyncResult  )
2019-02-14 13:14:42: 由于连接方在一段时间后没有正确答复或连接的主机没有反应，连接尝试失败。   at System.Net.Sockets.Socket.EndReceive(IAsyncResult asyncResult)
   at Yinrg.Net.Sockets.SocketClient.s91nev5CPITrFiQpWCt(Object , Object )
   at Yinrg.Net.Sockets.SocketClient.GsnOTWuuJ(IAsyncResult  )
2019-02-14 13:14:42: 由于连接方在一段时间后没有正确答复或连接的主机没有反应，连接尝试失败。   at System.Net.Sockets.Socket.EndReceive(IAsyncResult asyncResult)
   at Yinrg.Net.Sockets.SocketClient.s91nev5CPITrFiQpWCt(Object , Object )
   at Yinrg.Net.Sockets.SocketClient.GsnOTWuuJ(IAsyncResult  )
2019-02-14 13:14:42: 由于连接方在一段时间后没有正确答复或连接的主机没有反应，连接尝试失败。   at System.Net.Sockets.Socket.EndReceive(IAsyncResult asyncResult)
   at Yinrg.Net.Sockets.SocketClient.s91nev5CPITrFiQpWCt(Object , Object )
   at Yinrg.Net.Sockets.SocketClient.GsnOTWuuJ(IAsyncResult  )
2019-02-14 14:35:35: Cannot access a disposed object.
Object name: 'System.Net.Sockets.Socket'.   at System.Net.Sockets.Socket.EndReceive(IAsyncResult asyncResult, SocketError& errorCode)
   at System.Net.Sockets.Socket.EndReceive(IAsyncResult asyncResult)
   at Yinrg.Net.Sockets.SocketClient.s91nev5CPITrFiQpWCt(Object , Object )
   at Yinrg.Net.Sockets.SocketClient.GsnOTWuuJ(IAsyncResult  )
2019-02-14 14:35:35: Cannot access a disposed object.
Object name: 'System.Net.Sockets.Socket'.   at System.Net.Sockets.Socket.EndReceive(IAsyncResult asyncResult, SocketError& errorCode)
   at System.Net.Sockets.Socket.EndReceive(IAsyncResult asyncResult)
   at Yinrg.Net.Sockets.SocketClient.s91nev5CPITrFiQpWCt(Object , Object )
   at Yinrg.Net.Sockets.SocketClient.GsnOTWuuJ(IAsyncResult  )
2019-02-14 14:35:35: Cannot access a disposed object.
Object name: 'System.Net.Sockets.Socket'.   at System.Net.Sockets.Socket.EndReceive(IAsyncResult asyncResult, SocketError& errorCode)
   at System.Net.Sockets.Socket.EndReceive(IAsyncResult asyncResult)
   at Yinrg.Net.Sockets.SocketClient.s91nev5CPITrFiQpWCt(Object , Object )
   at Yinrg.Net.Sockets.SocketClient.GsnOTWuuJ(IAsyncResult  )
2019-02-14 14:35:35: Cannot access a disposed object.
Object name: 'System.Net.Sockets.Socket'.   at System.Net.Sockets.Socket.EndReceive(IAsyncResult asyncResult, SocketError& errorCode)
   at System.Net.Sockets.Socket.EndReceive(IAsyncResult asyncResult)
   at Yinrg.Net.Sockets.SocketClient.s91nev5CPITrFiQpWCt(Object , Object )
   at Yinrg.Net.Sockets.SocketClient.GsnOTWuuJ(IAsyncResult  )
2019-02-14 14:35:35: Cannot access a disposed object.
Object name: 'System.Net.Sockets.Socket'.   at System.Net.Sockets.Socket.EndReceive(IAsyncResult asyncResult, SocketError& errorCode)
   at System.Net.Sockets.Socket.EndReceive(IAsyncResult asyncResult)
   at Yinrg.Net.Sockets.SocketClient.s91nev5CPITrFiQpWCt(Object , Object )
   at Yinrg.Net.Sockets.SocketClient.GsnOTWuuJ(IAsyncResult  )
2019-02-14 14:35:35: Cannot access a disposed object.
Object name: 'System.Net.Sockets.Socket'.   at System.Net.Sockets.Socket.EndReceive(IAsyncResult asyncResult, SocketError& errorCode)
   at System.Net.Sockets.Socket.EndReceive(IAsyncResult asyncResult)
   at Yinrg.Net.Sockets.SocketClient.s91nev5CPITrFiQpWCt(Object , Object )
   at Yinrg.Net.Sockets.SocketClient.GsnOTWuuJ(IAsyncResult  )
2019-02-14 14:35:35: Cannot access a disposed object.
Object name: 'System.Net.Sockets.Socket'.   at System.Net.Sockets.Socket.EndReceive(IAsyncResult asyncResult, SocketError& errorCode)
   at System.Net.Sockets.Socket.EndReceive(IAsyncResult asyncResult)
   at Yinrg.Net.Sockets.SocketClient.s91nev5CPITrFiQpWCt(Object , Object )
   at Yinrg.Net.Sockets.SocketClient.GsnOTWuuJ(IAsyncResult  )
2019-02-14 14:35:35: Cannot access a disposed object.
Object name: 'System.Net.Sockets.Socket'.   at System.Net.Sockets.Socket.EndReceive(IAsyncResult asyncResult, SocketError& errorCode)
   at System.Net.Sockets.Socket.EndReceive(IAsyncResult asyncResult)
   at Yinrg.Net.Sockets.SocketClient.s91nev5CPITrFiQpWCt(Object , Object )
   at Yinrg.Net.Sockets.SocketClient.GsnOTWuuJ(IAsyncResult  )
2019-02-14 14:35:35: Cannot access a disposed object.
Object name: 'System.Net.Sockets.Socket'.   at System.Net.Sockets.Socket.EndReceive(IAsyncResult asyncResult, SocketError& errorCode)
   at System.Net.Sockets.Socket.EndReceive(IAsyncResult asyncResult)
   at Yinrg.Net.Sockets.SocketClient.s91nev5CPITrFiQpWCt(Object , Object )
   at Yinrg.Net.Sockets.SocketClient.GsnOTWuuJ(IAsyncResult  )
2019-02-14 14:35:35: Cannot access a disposed object.
Object name: 'System.Net.Sockets.Socket'.   at System.Net.Sockets.Socket.EndReceive(IAsyncResult asyncResult, SocketError& errorCode)
   at System.Net.Sockets.Socket.EndReceive(IAsyncResult asyncResult)
   at Yinrg.Net.Sockets.SocketClient.s91nev5CPITrFiQpWCt(Object , Object )
   at Yinrg.Net.Sockets.SocketClient.GsnOTWuuJ(IAsyncResult  )
2019-02-14 14:35:35: Cannot access a disposed object.
Object name: 'System.Net.Sockets.Socket'.   at System.Net.Sockets.Socket.EndReceive(IAsyncResult asyncResult, SocketError& errorCode)
   at System.Net.Sockets.Socket.EndReceive(IAsyncResult asyncResult)
   at Yinrg.Net.Sockets.SocketClient.s91nev5CPITrFiQpWCt(Object , Object )
   at Yinrg.Net.Sockets.SocketClient.GsnOTWuuJ(IAsyncResult  )
2019-02-14 14:35:35: Cannot access a disposed object.
Object name: 'System.Net.Sockets.Socket'.   at System.Net.Sockets.Socket.EndReceive(IAsyncResult asyncResult, SocketError& errorCode)
   at System.Net.Sockets.Socket.EndReceive(IAsyncResult asyncResult)
   at Yinrg.Net.Sockets.SocketClient.s91nev5CPITrFiQpWCt(Object , Object )
   at Yinrg.Net.Sockets.SocketClient.GsnOTWuuJ(IAsyncResult  )
2019-02-14 14:42:41: 由于连接方在一段时间后没有正确答复或连接的主机没有反应，连接尝试失败。   at System.Net.Sockets.Socket.EndReceive(IAsyncResult asyncResult)
   at Yinrg.Net.Sockets.SocketClient.s91nev5CPITrFiQpWCt(Object , Object )
   at Yinrg.Net.Sockets.SocketClient.GsnOTWuuJ(IAsyncResult  )
2019-02-14 14:45:10: Cannot access a disposed object.
Object name: 'System.Net.Sockets.Socket'.   at System.Net.Sockets.Socket.EndReceive(IAsyncResult asyncResult, SocketError& errorCode)
   at System.Net.Sockets.Socket.EndReceive(IAsyncResult asyncResult)
   at Yinrg.Net.Sockets.SocketClient.s91nev5CPITrFiQpWCt(Object , Object )
   at Yinrg.Net.Sockets.SocketClient.GsnOTWuuJ(IAsyncResult  )
2019-02-14 14:45:10: Cannot access a disposed object.
Object name: 'System.Net.Sockets.Socket'.   at System.Net.Sockets.Socket.EndReceive(IAsyncResult asyncResult, SocketError& errorCode)
   at System.Net.Sockets.Socket.EndReceive(IAsyncResult asyncResult)
   at Yinrg.Net.Sockets.SocketClient.s91nev5CPITrFiQpWCt(Object , Object )
   at Yinrg.Net.Sockets.SocketClient.GsnOTWuuJ(IAsyncResult  )
2019-02-14 14:45:10: Cannot access a disposed object.
Object name: 'System.Net.Sockets.Socket'.   at System.Net.Sockets.Socket.EndReceive(IAsyncResult asyncResult, SocketError& errorCode)
   at System.Net.Sockets.Socket.EndReceive(IAsyncResult asyncResult)
   at Yinrg.Net.Sockets.SocketClient.s91nev5CPITrFiQpWCt(Object , Object )
   at Yinrg.Net.Sockets.SocketClient.GsnOTWuuJ(IAsyncResult  )
2019-02-14 14:45:10: Cannot access a disposed object.
Object name: 'System.Net.Sockets.Socket'.   at System.Net.Sockets.Socket.EndReceive(IAsyncResult asyncResult, SocketError& errorCode)
   at System.Net.Sockets.Socket.EndReceive(IAsyncResult asyncResult)
   at Yinrg.Net.Sockets.SocketClient.s91nev5CPITrFiQpWCt(Object , Object )
   at Yinrg.Net.Sockets.SocketClient.GsnOTWuuJ(IAsyncResult  )
2019-02-14 14:45:10: Cannot access a disposed object.
Object name: 'System.Net.Sockets.Socket'.   at System.Net.Sockets.Socket.EndReceive(IAsyncResult asyncResult, SocketError& errorCode)
   at System.Net.Sockets.Socket.EndReceive(IAsyncResult asyncResult)
   at Yinrg.Net.Sockets.SocketClient.s91nev5CPITrFiQpWCt(Object , Object )
   at Yinrg.Net.Sockets.SocketClient.GsnOTWuuJ(IAsyncResult  )
2019-02-14 14:45:10: Cannot access a disposed object.
Object name: 'System.Net.Sockets.Socket'.   at System.Net.Sockets.Socket.EndReceive(IAsyncResult asyncResult, SocketError& errorCode)
   at System.Net.Sockets.Socket.EndReceive(IAsyncResult asyncResult)
   at Yinrg.Net.Sockets.SocketClient.s91nev5CPITrFiQpWCt(Object , Object )
   at Yinrg.Net.Sockets.SocketClient.GsnOTWuuJ(IAsyncResult  )
2019-02-14 14:45:10: Cannot access a disposed object.
Object name: 'System.Net.Sockets.Socket'.   at System.Net.Sockets.Socket.EndReceive(IAsyncResult asyncResult, SocketError& errorCode)
   at System.Net.Sockets.Socket.EndReceive(IAsyncResult asyncResult)
   at Yinrg.Net.Sockets.SocketClient.s91nev5CPITrFiQpWCt(Object , Object )
   at Yinrg.Net.Sockets.SocketClient.GsnOTWuuJ(IAsyncResult  )
2019-02-14 14:45:10: Cannot access a disposed object.
Object name: 'System.Net.Sockets.Socket'.   at System.Net.Sockets.Socket.EndReceive(IAsyncResult asyncResult, SocketError& errorCode)
   at System.Net.Sockets.Socket.EndReceive(IAsyncResult asyncResult)
   at Yinrg.Net.Sockets.SocketClient.s91nev5CPITrFiQpWCt(Object , Object )
   at Yinrg.Net.Sockets.SocketClient.GsnOTWuuJ(IAsyncResult  )
2019-02-14 14:45:10: Cannot access a disposed object.
Object name: 'System.Net.Sockets.Socket'.   at System.Net.Sockets.Socket.EndReceive(IAsyncResult asyncResult, SocketError& errorCode)
   at System.Net.Sockets.Socket.EndReceive(IAsyncResult asyncResult)
   at Yinrg.Net.Sockets.SocketClient.s91nev5CPITrFiQpWCt(Object , Object )
   at Yinrg.Net.Sockets.SocketClient.GsnOTWuuJ(IAsyncResult  )
2019-02-14 14:45:10: Cannot access a disposed object.
Object name: 'System.Net.Sockets.Socket'.   at System.Net.Sockets.Socket.EndReceive(IAsyncResult asyncResult, SocketError& errorCode)
   at System.Net.Sockets.Socket.EndReceive(IAsyncResult asyncResult)
   at Yinrg.Net.Sockets.SocketClient.s91nev5CPITrFiQpWCt(Object , Object )
   at Yinrg.Net.Sockets.SocketClient.GsnOTWuuJ(IAsyncResult  )
2019-02-14 14:45:10: Cannot access a disposed object.
Object name: 'System.Net.Sockets.Socket'.   at System.Net.Sockets.Socket.EndReceive(IAsyncResult asyncResult, SocketError& errorCode)
   at System.Net.Sockets.Socket.EndReceive(IAsyncResult asyncResult)
   at Yinrg.Net.Sockets.SocketClient.s91nev5CPITrFiQpWCt(Object , Object )
   at Yinrg.Net.Sockets.SocketClient.GsnOTWuuJ(IAsyncResult  )
2019-02-14 14:45:10: Cannot access a disposed object.
Object name: 'System.Net.Sockets.Socket'.   at System.Net.Sockets.Socket.EndReceive(IAsyncResult asyncResult, SocketError& errorCode)
   at System.Net.Sockets.Socket.EndReceive(IAsyncResult asyncResult)
   at Yinrg.Net.Sockets.SocketClient.s91nev5CPITrFiQpWCt(Object , Object )
   at Yinrg.Net.Sockets.SocketClient.GsnOTWuuJ(IAsyncResult  )
2019-02-14 14:59:22: 由于连接方在一段时间后没有正确答复或连接的主机没有反应，连接尝试失败。   at System.Net.Sockets.Socket.EndReceive(IAsyncResult asyncResult)
   at Yinrg.Net.Sockets.SocketClient.s91nev5CPITrFiQpWCt(Object , Object )
   at Yinrg.Net.Sockets.SocketClient.GsnOTWuuJ(IAsyncResult  )
