2018-12-20 08:47:05: Cannot access a disposed object.
Object name: 'System.Net.Sockets.Socket'.   at System.Net.Sockets.Socket.EndReceive(IAsyncResult asyncResult, SocketError& errorCode)
   at System.Net.Sockets.Socket.EndReceive(IAsyncResult asyncResult)
   at Yinrg.Net.Sockets.SocketClient.s91nev5CPITrFiQpWCt(Object , Object )
   at Yinrg.Net.Sockets.SocketClient.GsnOTWuuJ(IAsyncResult  )
2018-12-20 08:47:05: Cannot access a disposed object.
Object name: 'System.Net.Sockets.Socket'.   at System.Net.Sockets.Socket.EndReceive(IAsyncResult asyncResult, SocketError& errorCode)
   at System.Net.Sockets.Socket.EndReceive(IAsyncResult asyncResult)
   at Yinrg.Net.Sockets.SocketClient.s91nev5CPITrFiQpWCt(Object , Object )
   at Yinrg.Net.Sockets.SocketClient.GsnOTWuuJ(IAsyncResult  )
2018-12-20 08:51:33: 由于连接方在一段时间后没有正确答复或连接的主机没有反应，连接尝试失败。   at System.Net.Sockets.Socket.EndReceive(IAsyncResult asyncResult)
   at Yinrg.Net.Sockets.SocketClient.s91nev5CPITrFiQpWCt(Object , Object )
   at Yinrg.Net.Sockets.SocketClient.GsnOTWuuJ(IAsyncResult  )
2018-12-20 08:54:26: Cannot access a disposed object.
Object name: 'System.Net.Sockets.Socket'.   at System.Net.Sockets.Socket.EndReceive(IAsyncResult asyncResult, SocketError& errorCode)
   at System.Net.Sockets.Socket.EndReceive(IAsyncResult asyncResult)
   at Yinrg.Net.Sockets.SocketClient.s91nev5CPITrFiQpWCt(Object , Object )
   at Yinrg.Net.Sockets.SocketClient.GsnOTWuuJ(IAsyncResult  )
2018-12-20 08:54:26: Cannot access a disposed object.
Object name: 'System.Net.Sockets.Socket'.   at System.Net.Sockets.Socket.EndReceive(IAsyncResult asyncResult, SocketError& errorCode)
   at System.Net.Sockets.Socket.EndReceive(IAsyncResult asyncResult)
   at Yinrg.Net.Sockets.SocketClient.s91nev5CPITrFiQpWCt(Object , Object )
   at Yinrg.Net.Sockets.SocketClient.GsnOTWuuJ(IAsyncResult  )
2018-12-20 08:54:26: Cannot access a disposed object.
Object name: 'System.Net.Sockets.Socket'.   at System.Net.Sockets.Socket.EndReceive(IAsyncResult asyncResult, SocketError& errorCode)
   at System.Net.Sockets.Socket.EndReceive(IAsyncResult asyncResult)
   at Yinrg.Net.Sockets.SocketClient.s91nev5CPITrFiQpWCt(Object , Object )
   at Yinrg.Net.Sockets.SocketClient.GsnOTWuuJ(IAsyncResult  )
2018-12-20 08:54:26: Cannot access a disposed object.
Object name: 'System.Net.Sockets.Socket'.   at System.Net.Sockets.Socket.EndReceive(IAsyncResult asyncResult, SocketError& errorCode)
   at System.Net.Sockets.Socket.EndReceive(IAsyncResult asyncResult)
   at Yinrg.Net.Sockets.SocketClient.s91nev5CPITrFiQpWCt(Object , Object )
   at Yinrg.Net.Sockets.SocketClient.GsnOTWuuJ(IAsyncResult  )
2018-12-20 08:54:26: Cannot access a disposed object.
Object name: 'System.Net.Sockets.Socket'.   at System.Net.Sockets.Socket.EndSend(IAsyncResult asyncResult, SocketError& errorCode)
   at System.Net.Sockets.Socket.EndSend(IAsyncResult asyncResult)
   at Yinrg.Net.Sockets.SocketClient.wQh1k8mXtn4yGgQ8LDh(Object , Object )
   at Yinrg.Net.Sockets.SocketClient.SendByteCallBack(IAsyncResult ar)
2018-12-20 08:54:26: Cannot access a disposed object.
Object name: 'System.Net.Sockets.Socket'.   at System.Net.Sockets.Socket.EndSend(IAsyncResult asyncResult, SocketError& errorCode)
   at System.Net.Sockets.Socket.EndSend(IAsyncResult asyncResult)
   at Yinrg.Net.Sockets.SocketClient.wQh1k8mXtn4yGgQ8LDh(Object , Object )
   at Yinrg.Net.Sockets.SocketClient.SendByteCallBack(IAsyncResult ar)
2018-12-20 08:54:26: Cannot access a disposed object.
Object name: 'System.Net.Sockets.Socket'.   at System.Net.Sockets.Socket.EndSend(IAsyncResult asyncResult, SocketError& errorCode)
   at System.Net.Sockets.Socket.EndSend(IAsyncResult asyncResult)
   at Yinrg.Net.Sockets.SocketClient.wQh1k8mXtn4yGgQ8LDh(Object , Object )
   at Yinrg.Net.Sockets.SocketClient.SendByteCallBack(IAsyncResult ar)
2018-12-20 08:54:26: Cannot access a disposed object.
Object name: 'System.Net.Sockets.Socket'.   at System.Net.Sockets.Socket.EndSend(IAsyncResult asyncResult, SocketError& errorCode)
   at System.Net.Sockets.Socket.EndSend(IAsyncResult asyncResult)
   at Yinrg.Net.Sockets.SocketClient.wQh1k8mXtn4yGgQ8LDh(Object , Object )
   at Yinrg.Net.Sockets.SocketClient.SendByteCallBack(IAsyncResult ar)
2018-12-20 08:54:27: Cannot access a disposed object.
Object name: 'System.Net.Sockets.Socket'.   at System.Net.Sockets.Socket.EndSend(IAsyncResult asyncResult, SocketError& errorCode)
   at System.Net.Sockets.Socket.EndSend(IAsyncResult asyncResult)
   at Yinrg.Net.Sockets.SocketClient.wQh1k8mXtn4yGgQ8LDh(Object , Object )
   at Yinrg.Net.Sockets.SocketClient.SendByteCallBack(IAsyncResult ar)
2018-12-20 08:54:27: Cannot access a disposed object.
Object name: 'System.Net.Sockets.Socket'.   at System.Net.Sockets.Socket.EndSend(IAsyncResult asyncResult, SocketError& errorCode)
   at System.Net.Sockets.Socket.EndSend(IAsyncResult asyncResult)
   at Yinrg.Net.Sockets.SocketClient.wQh1k8mXtn4yGgQ8LDh(Object , Object )
   at Yinrg.Net.Sockets.SocketClient.SendByteCallBack(IAsyncResult ar)
2018-12-20 08:54:27: Cannot access a disposed object.
Object name: 'System.Net.Sockets.Socket'.   at System.Net.Sockets.Socket.EndSend(IAsyncResult asyncResult, SocketError& errorCode)
   at System.Net.Sockets.Socket.EndSend(IAsyncResult asyncResult)
   at Yinrg.Net.Sockets.SocketClient.wQh1k8mXtn4yGgQ8LDh(Object , Object )
   at Yinrg.Net.Sockets.SocketClient.SendByteCallBack(IAsyncResult ar)
2018-12-20 08:54:27: Cannot access a disposed object.
Object name: 'System.Net.Sockets.Socket'.   at System.Net.Sockets.Socket.EndSend(IAsyncResult asyncResult, SocketError& errorCode)
   at System.Net.Sockets.Socket.EndSend(IAsyncResult asyncResult)
   at Yinrg.Net.Sockets.SocketClient.wQh1k8mXtn4yGgQ8LDh(Object , Object )
   at Yinrg.Net.Sockets.SocketClient.SendByteCallBack(IAsyncResult ar)
2018-12-20 08:54:27: Cannot access a disposed object.
Object name: 'System.Net.Sockets.Socket'.   at System.Net.Sockets.Socket.EndSend(IAsyncResult asyncResult, SocketError& errorCode)
   at System.Net.Sockets.Socket.EndSend(IAsyncResult asyncResult)
   at Yinrg.Net.Sockets.SocketClient.wQh1k8mXtn4yGgQ8LDh(Object , Object )
   at Yinrg.Net.Sockets.SocketClient.SendByteCallBack(IAsyncResult ar)
2018-12-20 08:54:27: Cannot access a disposed object.
Object name: 'System.Net.Sockets.Socket'.   at System.Net.Sockets.Socket.EndSend(IAsyncResult asyncResult, SocketError& errorCode)
   at System.Net.Sockets.Socket.EndSend(IAsyncResult asyncResult)
   at Yinrg.Net.Sockets.SocketClient.wQh1k8mXtn4yGgQ8LDh(Object , Object )
   at Yinrg.Net.Sockets.SocketClient.SendByteCallBack(IAsyncResult ar)
2018-12-20 08:54:27: Cannot access a disposed object.
Object name: 'System.Net.Sockets.Socket'.   at System.Net.Sockets.Socket.EndReceive(IAsyncResult asyncResult, SocketError& errorCode)
   at System.Net.Sockets.Socket.EndReceive(IAsyncResult asyncResult)
   at Yinrg.Net.Sockets.SocketClient.s91nev5CPITrFiQpWCt(Object , Object )
   at Yinrg.Net.Sockets.SocketClient.GsnOTWuuJ(IAsyncResult  )
2018-12-20 08:54:27: Cannot access a disposed object.
Object name: 'System.Net.Sockets.Socket'.   at System.Net.Sockets.Socket.EndReceive(IAsyncResult asyncResult, SocketError& errorCode)
   at System.Net.Sockets.Socket.EndReceive(IAsyncResult asyncResult)
   at Yinrg.Net.Sockets.SocketClient.s91nev5CPITrFiQpWCt(Object , Object )
   at Yinrg.Net.Sockets.SocketClient.GsnOTWuuJ(IAsyncResult  )
2018-12-20 08:54:27: Cannot access a disposed object.
Object name: 'System.Net.Sockets.Socket'.   at System.Net.Sockets.Socket.EndReceive(IAsyncResult asyncResult, SocketError& errorCode)
   at System.Net.Sockets.Socket.EndReceive(IAsyncResult asyncResult)
   at Yinrg.Net.Sockets.SocketClient.s91nev5CPITrFiQpWCt(Object , Object )
   at Yinrg.Net.Sockets.SocketClient.GsnOTWuuJ(IAsyncResult  )
2018-12-20 08:54:27: Cannot access a disposed object.
Object name: 'System.Net.Sockets.Socket'.   at System.Net.Sockets.Socket.EndReceive(IAsyncResult asyncResult, SocketError& errorCode)
   at System.Net.Sockets.Socket.EndReceive(IAsyncResult asyncResult)
   at Yinrg.Net.Sockets.SocketClient.s91nev5CPITrFiQpWCt(Object , Object )
   at Yinrg.Net.Sockets.SocketClient.GsnOTWuuJ(IAsyncResult  )
2018-12-20 08:54:27: Cannot access a disposed object.
Object name: 'System.Net.Sockets.Socket'.   at System.Net.Sockets.Socket.EndReceive(IAsyncResult asyncResult, SocketError& errorCode)
   at System.Net.Sockets.Socket.EndReceive(IAsyncResult asyncResult)
   at Yinrg.Net.Sockets.SocketClient.s91nev5CPITrFiQpWCt(Object , Object )
   at Yinrg.Net.Sockets.SocketClient.GsnOTWuuJ(IAsyncResult  )
2018-12-20 08:54:27: Cannot access a disposed object.
Object name: 'System.Net.Sockets.Socket'.   at System.Net.Sockets.Socket.EndReceive(IAsyncResult asyncResult, SocketError& errorCode)
   at System.Net.Sockets.Socket.EndReceive(IAsyncResult asyncResult)
   at Yinrg.Net.Sockets.SocketClient.s91nev5CPITrFiQpWCt(Object , Object )
   at Yinrg.Net.Sockets.SocketClient.GsnOTWuuJ(IAsyncResult  )
2018-12-20 08:54:27: Cannot access a disposed object.
Object name: 'System.Net.Sockets.Socket'.   at System.Net.Sockets.Socket.EndReceive(IAsyncResult asyncResult, SocketError& errorCode)
   at System.Net.Sockets.Socket.EndReceive(IAsyncResult asyncResult)
   at Yinrg.Net.Sockets.SocketClient.s91nev5CPITrFiQpWCt(Object , Object )
   at Yinrg.Net.Sockets.SocketClient.GsnOTWuuJ(IAsyncResult  )
2018-12-20 08:54:27: Cannot access a disposed object.
Object name: 'System.Net.Sockets.Socket'.   at System.Net.Sockets.Socket.EndSend(IAsyncResult asyncResult, SocketError& errorCode)
   at System.Net.Sockets.Socket.EndSend(IAsyncResult asyncResult)
   at Yinrg.Net.Sockets.SocketClient.wQh1k8mXtn4yGgQ8LDh(Object , Object )
   at Yinrg.Net.Sockets.SocketClient.SendByteCallBack(IAsyncResult ar)
2018-12-20 08:54:27: Cannot access a disposed object.
Object name: 'System.Net.Sockets.Socket'.   at System.Net.Sockets.Socket.EndSend(IAsyncResult asyncResult, SocketError& errorCode)
   at System.Net.Sockets.Socket.EndSend(IAsyncResult asyncResult)
   at Yinrg.Net.Sockets.SocketClient.wQh1k8mXtn4yGgQ8LDh(Object , Object )
   at Yinrg.Net.Sockets.SocketClient.SendByteCallBack(IAsyncResult ar)
2018-12-20 08:54:27: Cannot access a disposed object.
Object name: 'System.Net.Sockets.Socket'.   at System.Net.Sockets.Socket.EndSend(IAsyncResult asyncResult, SocketError& errorCode)
   at System.Net.Sockets.Socket.EndSend(IAsyncResult asyncResult)
   at Yinrg.Net.Sockets.SocketClient.wQh1k8mXtn4yGgQ8LDh(Object , Object )
   at Yinrg.Net.Sockets.SocketClient.SendByteCallBack(IAsyncResult ar)
2018-12-20 08:54:27: Cannot access a disposed object.
Object name: 'System.Net.Sockets.Socket'.   at System.Net.Sockets.Socket.EndSend(IAsyncResult asyncResult, SocketError& errorCode)
   at System.Net.Sockets.Socket.EndSend(IAsyncResult asyncResult)
   at Yinrg.Net.Sockets.SocketClient.wQh1k8mXtn4yGgQ8LDh(Object , Object )
   at Yinrg.Net.Sockets.SocketClient.SendByteCallBack(IAsyncResult ar)
2018-12-20 08:54:27: Cannot access a disposed object.
Object name: 'System.Net.Sockets.Socket'.   at System.Net.Sockets.Socket.EndSend(IAsyncResult asyncResult, SocketError& errorCode)
   at System.Net.Sockets.Socket.EndSend(IAsyncResult asyncResult)
   at Yinrg.Net.Sockets.SocketClient.wQh1k8mXtn4yGgQ8LDh(Object , Object )
   at Yinrg.Net.Sockets.SocketClient.SendByteCallBack(IAsyncResult ar)
2018-12-20 08:54:27: Cannot access a disposed object.
Object name: 'System.Net.Sockets.Socket'.   at System.Net.Sockets.Socket.EndSend(IAsyncResult asyncResult, SocketError& errorCode)
   at System.Net.Sockets.Socket.EndSend(IAsyncResult asyncResult)
   at Yinrg.Net.Sockets.SocketClient.wQh1k8mXtn4yGgQ8LDh(Object , Object )
   at Yinrg.Net.Sockets.SocketClient.SendByteCallBack(IAsyncResult ar)
2018-12-20 08:54:27: Cannot access a disposed object.
Object name: 'System.Net.Sockets.Socket'.   at System.Net.Sockets.Socket.EndSend(IAsyncResult asyncResult, SocketError& errorCode)
   at System.Net.Sockets.Socket.EndSend(IAsyncResult asyncResult)
   at Yinrg.Net.Sockets.SocketClient.wQh1k8mXtn4yGgQ8LDh(Object , Object )
   at Yinrg.Net.Sockets.SocketClient.SendByteCallBack(IAsyncResult ar)
2018-12-20 08:54:27: Cannot access a disposed object.
Object name: 'System.Net.Sockets.Socket'.   at System.Net.Sockets.Socket.EndSend(IAsyncResult asyncResult, SocketError& errorCode)
   at System.Net.Sockets.Socket.EndSend(IAsyncResult asyncResult)
   at Yinrg.Net.Sockets.SocketClient.wQh1k8mXtn4yGgQ8LDh(Object , Object )
   at Yinrg.Net.Sockets.SocketClient.SendByteCallBack(IAsyncResult ar)
2018-12-20 08:54:27: Cannot access a disposed object.
Object name: 'System.Net.Sockets.Socket'.   at System.Net.Sockets.Socket.EndSend(IAsyncResult asyncResult, SocketError& errorCode)
   at System.Net.Sockets.Socket.EndSend(IAsyncResult asyncResult)
   at Yinrg.Net.Sockets.SocketClient.wQh1k8mXtn4yGgQ8LDh(Object , Object )
   at Yinrg.Net.Sockets.SocketClient.SendByteCallBack(IAsyncResult ar)
2018-12-20 08:54:27: Cannot access a disposed object.
Object name: 'System.Net.Sockets.Socket'.   at System.Net.Sockets.Socket.EndReceive(IAsyncResult asyncResult, SocketError& errorCode)
   at System.Net.Sockets.Socket.EndReceive(IAsyncResult asyncResult)
   at Yinrg.Net.Sockets.SocketClient.s91nev5CPITrFiQpWCt(Object , Object )
   at Yinrg.Net.Sockets.SocketClient.GsnOTWuuJ(IAsyncResult  )
2018-12-20 08:54:27: Cannot access a disposed object.
Object name: 'System.Net.Sockets.Socket'.   at System.Net.Sockets.Socket.EndSend(IAsyncResult asyncResult, SocketError& errorCode)
   at System.Net.Sockets.Socket.EndSend(IAsyncResult asyncResult)
   at Yinrg.Net.Sockets.SocketClient.wQh1k8mXtn4yGgQ8LDh(Object , Object )
   at Yinrg.Net.Sockets.SocketClient.SendByteCallBack(IAsyncResult ar)
2018-12-20 08:54:27: Cannot access a disposed object.
Object name: 'System.Net.Sockets.Socket'.   at System.Net.Sockets.Socket.EndSend(IAsyncResult asyncResult, SocketError& errorCode)
   at System.Net.Sockets.Socket.EndSend(IAsyncResult asyncResult)
   at Yinrg.Net.Sockets.SocketClient.wQh1k8mXtn4yGgQ8LDh(Object , Object )
   at Yinrg.Net.Sockets.SocketClient.SendByteCallBack(IAsyncResult ar)
2018-12-20 08:54:27: Cannot access a disposed object.
Object name: 'System.Net.Sockets.Socket'.   at System.Net.Sockets.Socket.EndSend(IAsyncResult asyncResult, SocketError& errorCode)
   at System.Net.Sockets.Socket.EndSend(IAsyncResult asyncResult)
   at Yinrg.Net.Sockets.SocketClient.wQh1k8mXtn4yGgQ8LDh(Object , Object )
   at Yinrg.Net.Sockets.SocketClient.SendByteCallBack(IAsyncResult ar)
2018-12-20 08:55:59: 由于连接方在一段时间后没有正确答复或连接的主机没有反应，连接尝试失败。   at System.Net.Sockets.Socket.EndReceive(IAsyncResult asyncResult)
   at Yinrg.Net.Sockets.SocketClient.s91nev5CPITrFiQpWCt(Object , Object )
   at Yinrg.Net.Sockets.SocketClient.GsnOTWuuJ(IAsyncResult  )
2018-12-20 08:58:27: 由于连接方在一段时间后没有正确答复或连接的主机没有反应，连接尝试失败。   at System.Net.Sockets.Socket.EndReceive(IAsyncResult asyncResult)
   at Yinrg.Net.Sockets.SocketClient.s91nev5CPITrFiQpWCt(Object , Object )
   at Yinrg.Net.Sockets.SocketClient.GsnOTWuuJ(IAsyncResult  )
2018-12-20 08:58:54: 由于连接方在一段时间后没有正确答复或连接的主机没有反应，连接尝试失败。   at System.Net.Sockets.Socket.EndReceive(IAsyncResult asyncResult)
   at Yinrg.Net.Sockets.SocketClient.s91nev5CPITrFiQpWCt(Object , Object )
   at Yinrg.Net.Sockets.SocketClient.GsnOTWuuJ(IAsyncResult  )
2018-12-20 09:00:08: 由于连接方在一段时间后没有正确答复或连接的主机没有反应，连接尝试失败。   at System.Net.Sockets.Socket.EndReceive(IAsyncResult asyncResult)
   at Yinrg.Net.Sockets.SocketClient.s91nev5CPITrFiQpWCt(Object , Object )
   at Yinrg.Net.Sockets.SocketClient.GsnOTWuuJ(IAsyncResult  )
2018-12-20 09:00:28: 由于连接方在一段时间后没有正确答复或连接的主机没有反应，连接尝试失败。   at System.Net.Sockets.Socket.EndReceive(IAsyncResult asyncResult)
   at Yinrg.Net.Sockets.SocketClient.s91nev5CPITrFiQpWCt(Object , Object )
   at Yinrg.Net.Sockets.SocketClient.GsnOTWuuJ(IAsyncResult  )
2018-12-20 09:00:43: 由于连接方在一段时间后没有正确答复或连接的主机没有反应，连接尝试失败。   at System.Net.Sockets.Socket.EndReceive(IAsyncResult asyncResult)
   at Yinrg.Net.Sockets.SocketClient.s91nev5CPITrFiQpWCt(Object , Object )
   at Yinrg.Net.Sockets.SocketClient.GsnOTWuuJ(IAsyncResult  )
2018-12-20 09:01:19: 由于连接方在一段时间后没有正确答复或连接的主机没有反应，连接尝试失败。   at System.Net.Sockets.Socket.EndReceive(IAsyncResult asyncResult)
   at Yinrg.Net.Sockets.SocketClient.s91nev5CPITrFiQpWCt(Object , Object )
   at Yinrg.Net.Sockets.SocketClient.GsnOTWuuJ(IAsyncResult  )
2018-12-20 09:19:56: 由于连接方在一段时间后没有正确答复或连接的主机没有反应，连接尝试失败。   at System.Net.Sockets.Socket.EndReceive(IAsyncResult asyncResult)
   at Yinrg.Net.Sockets.SocketClient.s91nev5CPITrFiQpWCt(Object , Object )
   at Yinrg.Net.Sockets.SocketClient.GsnOTWuuJ(IAsyncResult  )
2018-12-20 09:19:56: 由于连接方在一段时间后没有正确答复或连接的主机没有反应，连接尝试失败。   at System.Net.Sockets.Socket.EndReceive(IAsyncResult asyncResult)
   at Yinrg.Net.Sockets.SocketClient.s91nev5CPITrFiQpWCt(Object , Object )
   at Yinrg.Net.Sockets.SocketClient.GsnOTWuuJ(IAsyncResult  )
2018-12-20 09:19:56: 由于连接方在一段时间后没有正确答复或连接的主机没有反应，连接尝试失败。   at System.Net.Sockets.Socket.EndReceive(IAsyncResult asyncResult)
   at Yinrg.Net.Sockets.SocketClient.s91nev5CPITrFiQpWCt(Object , Object )
   at Yinrg.Net.Sockets.SocketClient.GsnOTWuuJ(IAsyncResult  )
2018-12-20 09:19:56: 由于连接方在一段时间后没有正确答复或连接的主机没有反应，连接尝试失败。   at System.Net.Sockets.Socket.EndReceive(IAsyncResult asyncResult)
   at Yinrg.Net.Sockets.SocketClient.s91nev5CPITrFiQpWCt(Object , Object )
   at Yinrg.Net.Sockets.SocketClient.GsnOTWuuJ(IAsyncResult  )
2018-12-20 09:19:56: 由于连接方在一段时间后没有正确答复或连接的主机没有反应，连接尝试失败。   at System.Net.Sockets.Socket.EndReceive(IAsyncResult asyncResult)
   at Yinrg.Net.Sockets.SocketClient.s91nev5CPITrFiQpWCt(Object , Object )
   at Yinrg.Net.Sockets.SocketClient.GsnOTWuuJ(IAsyncResult  )
2018-12-20 09:19:56: 由于连接方在一段时间后没有正确答复或连接的主机没有反应，连接尝试失败。   at System.Net.Sockets.Socket.EndReceive(IAsyncResult asyncResult)
   at Yinrg.Net.Sockets.SocketClient.s91nev5CPITrFiQpWCt(Object , Object )
   at Yinrg.Net.Sockets.SocketClient.GsnOTWuuJ(IAsyncResult  )
2018-12-20 09:19:56: 由于连接方在一段时间后没有正确答复或连接的主机没有反应，连接尝试失败。   at System.Net.Sockets.Socket.EndReceive(IAsyncResult asyncResult)
   at Yinrg.Net.Sockets.SocketClient.s91nev5CPITrFiQpWCt(Object , Object )
   at Yinrg.Net.Sockets.SocketClient.GsnOTWuuJ(IAsyncResult  )
2018-12-20 09:19:56: 由于连接方在一段时间后没有正确答复或连接的主机没有反应，连接尝试失败。   at System.Net.Sockets.Socket.EndReceive(IAsyncResult asyncResult)
   at Yinrg.Net.Sockets.SocketClient.s91nev5CPITrFiQpWCt(Object , Object )
   at Yinrg.Net.Sockets.SocketClient.GsnOTWuuJ(IAsyncResult  )
2018-12-20 09:19:56: 由于连接方在一段时间后没有正确答复或连接的主机没有反应，连接尝试失败。   at System.Net.Sockets.Socket.EndReceive(IAsyncResult asyncResult)
   at Yinrg.Net.Sockets.SocketClient.s91nev5CPITrFiQpWCt(Object , Object )
   at Yinrg.Net.Sockets.SocketClient.GsnOTWuuJ(IAsyncResult  )
2018-12-20 09:19:56: 由于连接方在一段时间后没有正确答复或连接的主机没有反应，连接尝试失败。   at System.Net.Sockets.Socket.EndReceive(IAsyncResult asyncResult)
   at Yinrg.Net.Sockets.SocketClient.s91nev5CPITrFiQpWCt(Object , Object )
   at Yinrg.Net.Sockets.SocketClient.GsnOTWuuJ(IAsyncResult  )
2018-12-20 09:28:34: 由于连接方在一段时间后没有正确答复或连接的主机没有反应，连接尝试失败。   at System.Net.Sockets.Socket.EndReceive(IAsyncResult asyncResult)
   at Yinrg.Net.Sockets.SocketClient.s91nev5CPITrFiQpWCt(Object , Object )
   at Yinrg.Net.Sockets.SocketClient.GsnOTWuuJ(IAsyncResult  )
2018-12-20 09:33:08: 由于连接方在一段时间后没有正确答复或连接的主机没有反应，连接尝试失败。   at System.Net.Sockets.Socket.EndReceive(IAsyncResult asyncResult)
   at Yinrg.Net.Sockets.SocketClient.s91nev5CPITrFiQpWCt(Object , Object )
   at Yinrg.Net.Sockets.SocketClient.GsnOTWuuJ(IAsyncResult  )
2018-12-20 09:52:56: 由于连接方在一段时间后没有正确答复或连接的主机没有反应，连接尝试失败。   at System.Net.Sockets.Socket.EndReceive(IAsyncResult asyncResult)
   at Yinrg.Net.Sockets.SocketClient.s91nev5CPITrFiQpWCt(Object , Object )
   at Yinrg.Net.Sockets.SocketClient.GsnOTWuuJ(IAsyncResult  )
2018-12-20 09:52:56: 由于连接方在一段时间后没有正确答复或连接的主机没有反应，连接尝试失败。   at System.Net.Sockets.Socket.EndReceive(IAsyncResult asyncResult)
   at Yinrg.Net.Sockets.SocketClient.s91nev5CPITrFiQpWCt(Object , Object )
   at Yinrg.Net.Sockets.SocketClient.GsnOTWuuJ(IAsyncResult  )
2018-12-20 09:52:56: 由于连接方在一段时间后没有正确答复或连接的主机没有反应，连接尝试失败。   at System.Net.Sockets.Socket.EndReceive(IAsyncResult asyncResult)
   at Yinrg.Net.Sockets.SocketClient.s91nev5CPITrFiQpWCt(Object , Object )
   at Yinrg.Net.Sockets.SocketClient.GsnOTWuuJ(IAsyncResult  )
2018-12-20 09:52:56: 由于连接方在一段时间后没有正确答复或连接的主机没有反应，连接尝试失败。   at System.Net.Sockets.Socket.EndReceive(IAsyncResult asyncResult)
   at Yinrg.Net.Sockets.SocketClient.s91nev5CPITrFiQpWCt(Object , Object )
   at Yinrg.Net.Sockets.SocketClient.GsnOTWuuJ(IAsyncResult  )
2018-12-20 09:52:56: 由于连接方在一段时间后没有正确答复或连接的主机没有反应，连接尝试失败。   at System.Net.Sockets.Socket.EndReceive(IAsyncResult asyncResult)
   at Yinrg.Net.Sockets.SocketClient.s91nev5CPITrFiQpWCt(Object , Object )
   at Yinrg.Net.Sockets.SocketClient.GsnOTWuuJ(IAsyncResult  )
2018-12-20 09:52:56: 由于连接方在一段时间后没有正确答复或连接的主机没有反应，连接尝试失败。   at System.Net.Sockets.Socket.EndReceive(IAsyncResult asyncResult)
   at Yinrg.Net.Sockets.SocketClient.s91nev5CPITrFiQpWCt(Object , Object )
   at Yinrg.Net.Sockets.SocketClient.GsnOTWuuJ(IAsyncResult  )
2018-12-20 09:52:56: 由于连接方在一段时间后没有正确答复或连接的主机没有反应，连接尝试失败。   at System.Net.Sockets.Socket.EndReceive(IAsyncResult asyncResult)
   at Yinrg.Net.Sockets.SocketClient.s91nev5CPITrFiQpWCt(Object , Object )
   at Yinrg.Net.Sockets.SocketClient.GsnOTWuuJ(IAsyncResult  )
2018-12-20 09:52:56: 由于连接方在一段时间后没有正确答复或连接的主机没有反应，连接尝试失败。   at System.Net.Sockets.Socket.EndReceive(IAsyncResult asyncResult)
   at Yinrg.Net.Sockets.SocketClient.s91nev5CPITrFiQpWCt(Object , Object )
   at Yinrg.Net.Sockets.SocketClient.GsnOTWuuJ(IAsyncResult  )
2018-12-20 09:52:56: 由于连接方在一段时间后没有正确答复或连接的主机没有反应，连接尝试失败。   at System.Net.Sockets.Socket.EndReceive(IAsyncResult asyncResult)
   at Yinrg.Net.Sockets.SocketClient.s91nev5CPITrFiQpWCt(Object , Object )
   at Yinrg.Net.Sockets.SocketClient.GsnOTWuuJ(IAsyncResult  )
2018-12-20 09:52:56: 由于连接方在一段时间后没有正确答复或连接的主机没有反应，连接尝试失败。   at System.Net.Sockets.Socket.EndReceive(IAsyncResult asyncResult)
   at Yinrg.Net.Sockets.SocketClient.s91nev5CPITrFiQpWCt(Object , Object )
   at Yinrg.Net.Sockets.SocketClient.GsnOTWuuJ(IAsyncResult  )
2018-12-20 10:10:50: 由于连接方在一段时间后没有正确答复或连接的主机没有反应，连接尝试失败。   at System.Net.Sockets.Socket.EndReceive(IAsyncResult asyncResult)
   at Yinrg.Net.Sockets.SocketClient.s91nev5CPITrFiQpWCt(Object , Object )
   at Yinrg.Net.Sockets.SocketClient.GsnOTWuuJ(IAsyncResult  )
2018-12-20 10:15:27: 由于连接方在一段时间后没有正确答复或连接的主机没有反应，连接尝试失败。   at System.Net.Sockets.Socket.EndReceive(IAsyncResult asyncResult)
   at Yinrg.Net.Sockets.SocketClient.s91nev5CPITrFiQpWCt(Object , Object )
   at Yinrg.Net.Sockets.SocketClient.GsnOTWuuJ(IAsyncResult  )
2018-12-20 10:15:27: 由于连接方在一段时间后没有正确答复或连接的主机没有反应，连接尝试失败。   at System.Net.Sockets.Socket.EndReceive(IAsyncResult asyncResult)
   at Yinrg.Net.Sockets.SocketClient.s91nev5CPITrFiQpWCt(Object , Object )
   at Yinrg.Net.Sockets.SocketClient.GsnOTWuuJ(IAsyncResult  )
2018-12-20 10:15:27: 由于连接方在一段时间后没有正确答复或连接的主机没有反应，连接尝试失败。   at System.Net.Sockets.Socket.EndReceive(IAsyncResult asyncResult)
   at Yinrg.Net.Sockets.SocketClient.s91nev5CPITrFiQpWCt(Object , Object )
   at Yinrg.Net.Sockets.SocketClient.GsnOTWuuJ(IAsyncResult  )
2018-12-20 10:15:28: 由于连接方在一段时间后没有正确答复或连接的主机没有反应，连接尝试失败。   at System.Net.Sockets.Socket.EndReceive(IAsyncResult asyncResult)
   at Yinrg.Net.Sockets.SocketClient.s91nev5CPITrFiQpWCt(Object , Object )
   at Yinrg.Net.Sockets.SocketClient.GsnOTWuuJ(IAsyncResult  )
2018-12-20 10:15:28: 由于连接方在一段时间后没有正确答复或连接的主机没有反应，连接尝试失败。   at System.Net.Sockets.Socket.EndReceive(IAsyncResult asyncResult)
   at Yinrg.Net.Sockets.SocketClient.s91nev5CPITrFiQpWCt(Object , Object )
   at Yinrg.Net.Sockets.SocketClient.GsnOTWuuJ(IAsyncResult  )
2018-12-20 10:15:28: 由于连接方在一段时间后没有正确答复或连接的主机没有反应，连接尝试失败。   at System.Net.Sockets.Socket.EndReceive(IAsyncResult asyncResult)
   at Yinrg.Net.Sockets.SocketClient.s91nev5CPITrFiQpWCt(Object , Object )
   at Yinrg.Net.Sockets.SocketClient.GsnOTWuuJ(IAsyncResult  )
2018-12-20 10:15:28: 由于连接方在一段时间后没有正确答复或连接的主机没有反应，连接尝试失败。   at System.Net.Sockets.Socket.EndReceive(IAsyncResult asyncResult)
   at Yinrg.Net.Sockets.SocketClient.s91nev5CPITrFiQpWCt(Object , Object )
   at Yinrg.Net.Sockets.SocketClient.GsnOTWuuJ(IAsyncResult  )
2018-12-20 10:15:28: 由于连接方在一段时间后没有正确答复或连接的主机没有反应，连接尝试失败。   at System.Net.Sockets.Socket.EndReceive(IAsyncResult asyncResult)
   at Yinrg.Net.Sockets.SocketClient.s91nev5CPITrFiQpWCt(Object , Object )
   at Yinrg.Net.Sockets.SocketClient.GsnOTWuuJ(IAsyncResult  )
2018-12-20 10:15:28: 由于连接方在一段时间后没有正确答复或连接的主机没有反应，连接尝试失败。   at System.Net.Sockets.Socket.EndReceive(IAsyncResult asyncResult)
   at Yinrg.Net.Sockets.SocketClient.s91nev5CPITrFiQpWCt(Object , Object )
   at Yinrg.Net.Sockets.SocketClient.GsnOTWuuJ(IAsyncResult  )
2018-12-20 10:15:28: 由于连接方在一段时间后没有正确答复或连接的主机没有反应，连接尝试失败。   at System.Net.Sockets.Socket.EndReceive(IAsyncResult asyncResult)
   at Yinrg.Net.Sockets.SocketClient.s91nev5CPITrFiQpWCt(Object , Object )
   at Yinrg.Net.Sockets.SocketClient.GsnOTWuuJ(IAsyncResult  )
2018-12-20 10:15:28: 由于连接方在一段时间后没有正确答复或连接的主机没有反应，连接尝试失败。   at System.Net.Sockets.Socket.EndReceive(IAsyncResult asyncResult)
   at Yinrg.Net.Sockets.SocketClient.s91nev5CPITrFiQpWCt(Object , Object )
   at Yinrg.Net.Sockets.SocketClient.GsnOTWuuJ(IAsyncResult  )
2018-12-20 10:15:28: 由于连接方在一段时间后没有正确答复或连接的主机没有反应，连接尝试失败。   at System.Net.Sockets.Socket.EndReceive(IAsyncResult asyncResult)
   at Yinrg.Net.Sockets.SocketClient.s91nev5CPITrFiQpWCt(Object , Object )
   at Yinrg.Net.Sockets.SocketClient.GsnOTWuuJ(IAsyncResult  )
2018-12-20 10:15:28: 由于连接方在一段时间后没有正确答复或连接的主机没有反应，连接尝试失败。   at System.Net.Sockets.Socket.EndReceive(IAsyncResult asyncResult)
   at Yinrg.Net.Sockets.SocketClient.s91nev5CPITrFiQpWCt(Object , Object )
   at Yinrg.Net.Sockets.SocketClient.GsnOTWuuJ(IAsyncResult  )
2018-12-20 10:15:28: 由于连接方在一段时间后没有正确答复或连接的主机没有反应，连接尝试失败。   at System.Net.Sockets.Socket.EndReceive(IAsyncResult asyncResult)
   at Yinrg.Net.Sockets.SocketClient.s91nev5CPITrFiQpWCt(Object , Object )
   at Yinrg.Net.Sockets.SocketClient.GsnOTWuuJ(IAsyncResult  )
2018-12-20 10:15:28: 由于连接方在一段时间后没有正确答复或连接的主机没有反应，连接尝试失败。   at System.Net.Sockets.Socket.EndReceive(IAsyncResult asyncResult)
   at Yinrg.Net.Sockets.SocketClient.s91nev5CPITrFiQpWCt(Object , Object )
   at Yinrg.Net.Sockets.SocketClient.GsnOTWuuJ(IAsyncResult  )
2018-12-20 10:25:36: 由于连接方在一段时间后没有正确答复或连接的主机没有反应，连接尝试失败。   at System.Net.Sockets.Socket.EndReceive(IAsyncResult asyncResult)
   at Yinrg.Net.Sockets.SocketClient.s91nev5CPITrFiQpWCt(Object , Object )
   at Yinrg.Net.Sockets.SocketClient.GsnOTWuuJ(IAsyncResult  )
2018-12-20 10:28:31: 由于连接方在一段时间后没有正确答复或连接的主机没有反应，连接尝试失败。   at System.Net.Sockets.Socket.EndReceive(IAsyncResult asyncResult)
   at Yinrg.Net.Sockets.SocketClient.s91nev5CPITrFiQpWCt(Object , Object )
   at Yinrg.Net.Sockets.SocketClient.GsnOTWuuJ(IAsyncResult  )
2018-12-20 10:37:03: 由于连接方在一段时间后没有正确答复或连接的主机没有反应，连接尝试失败。   at System.Net.Sockets.Socket.EndReceive(IAsyncResult asyncResult)
   at Yinrg.Net.Sockets.SocketClient.s91nev5CPITrFiQpWCt(Object , Object )
   at Yinrg.Net.Sockets.SocketClient.GsnOTWuuJ(IAsyncResult  )
2018-12-20 11:03:21: Cannot access a disposed object.
Object name: 'System.Net.Sockets.Socket'.   at System.Net.Sockets.Socket.EndReceive(IAsyncResult asyncResult, SocketError& errorCode)
   at System.Net.Sockets.Socket.EndReceive(IAsyncResult asyncResult)
   at Yinrg.Net.Sockets.SocketClient.s91nev5CPITrFiQpWCt(Object , Object )
   at Yinrg.Net.Sockets.SocketClient.GsnOTWuuJ(IAsyncResult  )
2018-12-20 11:03:21: Cannot access a disposed object.
Object name: 'System.Net.Sockets.Socket'.   at System.Net.Sockets.Socket.EndReceive(IAsyncResult asyncResult, SocketError& errorCode)
   at System.Net.Sockets.Socket.EndReceive(IAsyncResult asyncResult)
   at Yinrg.Net.Sockets.SocketClient.s91nev5CPITrFiQpWCt(Object , Object )
   at Yinrg.Net.Sockets.SocketClient.GsnOTWuuJ(IAsyncResult  )
2018-12-20 11:03:21: Cannot access a disposed object.
Object name: 'System.Net.Sockets.Socket'.   at System.Net.Sockets.Socket.EndReceive(IAsyncResult asyncResult, SocketError& errorCode)
   at System.Net.Sockets.Socket.EndReceive(IAsyncResult asyncResult)
   at Yinrg.Net.Sockets.SocketClient.s91nev5CPITrFiQpWCt(Object , Object )
   at Yinrg.Net.Sockets.SocketClient.GsnOTWuuJ(IAsyncResult  )
2018-12-20 11:03:21: Cannot access a disposed object.
Object name: 'System.Net.Sockets.Socket'.   at System.Net.Sockets.Socket.EndReceive(IAsyncResult asyncResult, SocketError& errorCode)
   at System.Net.Sockets.Socket.EndReceive(IAsyncResult asyncResult)
   at Yinrg.Net.Sockets.SocketClient.s91nev5CPITrFiQpWCt(Object , Object )
   at Yinrg.Net.Sockets.SocketClient.GsnOTWuuJ(IAsyncResult  )
2018-12-20 11:03:21: Cannot access a disposed object.
Object name: 'System.Net.Sockets.Socket'.   at System.Net.Sockets.Socket.EndReceive(IAsyncResult asyncResult, SocketError& errorCode)
   at System.Net.Sockets.Socket.EndReceive(IAsyncResult asyncResult)
   at Yinrg.Net.Sockets.SocketClient.s91nev5CPITrFiQpWCt(Object , Object )
   at Yinrg.Net.Sockets.SocketClient.GsnOTWuuJ(IAsyncResult  )
2018-12-20 11:03:21: Cannot access a disposed object.
Object name: 'System.Net.Sockets.Socket'.   at System.Net.Sockets.Socket.EndReceive(IAsyncResult asyncResult, SocketError& errorCode)
   at System.Net.Sockets.Socket.EndReceive(IAsyncResult asyncResult)
   at Yinrg.Net.Sockets.SocketClient.s91nev5CPITrFiQpWCt(Object , Object )
   at Yinrg.Net.Sockets.SocketClient.GsnOTWuuJ(IAsyncResult  )
2018-12-20 11:03:21: Cannot access a disposed object.
Object name: 'System.Net.Sockets.Socket'.   at System.Net.Sockets.Socket.EndReceive(IAsyncResult asyncResult, SocketError& errorCode)
   at System.Net.Sockets.Socket.EndReceive(IAsyncResult asyncResult)
   at Yinrg.Net.Sockets.SocketClient.s91nev5CPITrFiQpWCt(Object , Object )
   at Yinrg.Net.Sockets.SocketClient.GsnOTWuuJ(IAsyncResult  )
2018-12-20 11:03:21: Cannot access a disposed object.
Object name: 'System.Net.Sockets.Socket'.   at System.Net.Sockets.Socket.EndReceive(IAsyncResult asyncResult, SocketError& errorCode)
   at System.Net.Sockets.Socket.EndReceive(IAsyncResult asyncResult)
   at Yinrg.Net.Sockets.SocketClient.s91nev5CPITrFiQpWCt(Object , Object )
   at Yinrg.Net.Sockets.SocketClient.GsnOTWuuJ(IAsyncResult  )
2018-12-20 11:03:21: Cannot access a disposed object.
Object name: 'System.Net.Sockets.Socket'.   at System.Net.Sockets.Socket.EndReceive(IAsyncResult asyncResult, SocketError& errorCode)
   at System.Net.Sockets.Socket.EndReceive(IAsyncResult asyncResult)
   at Yinrg.Net.Sockets.SocketClient.s91nev5CPITrFiQpWCt(Object , Object )
   at Yinrg.Net.Sockets.SocketClient.GsnOTWuuJ(IAsyncResult  )
2018-12-20 11:03:21: Cannot access a disposed object.
Object name: 'System.Net.Sockets.Socket'.   at System.Net.Sockets.Socket.EndReceive(IAsyncResult asyncResult, SocketError& errorCode)
   at System.Net.Sockets.Socket.EndReceive(IAsyncResult asyncResult)
   at Yinrg.Net.Sockets.SocketClient.s91nev5CPITrFiQpWCt(Object , Object )
   at Yinrg.Net.Sockets.SocketClient.GsnOTWuuJ(IAsyncResult  )
2018-12-20 11:03:21: Cannot access a disposed object.
Object name: 'System.Net.Sockets.Socket'.   at System.Net.Sockets.Socket.EndReceive(IAsyncResult asyncResult, SocketError& errorCode)
   at System.Net.Sockets.Socket.EndReceive(IAsyncResult asyncResult)
   at Yinrg.Net.Sockets.SocketClient.s91nev5CPITrFiQpWCt(Object , Object )
   at Yinrg.Net.Sockets.SocketClient.GsnOTWuuJ(IAsyncResult  )
2018-12-20 11:04:14: 由于连接方在一段时间后没有正确答复或连接的主机没有反应，连接尝试失败。   at System.Net.Sockets.Socket.EndReceive(IAsyncResult asyncResult)
   at Yinrg.Net.Sockets.SocketClient.s91nev5CPITrFiQpWCt(Object , Object )
   at Yinrg.Net.Sockets.SocketClient.GsnOTWuuJ(IAsyncResult  )
2018-12-20 11:04:14: 由于连接方在一段时间后没有正确答复或连接的主机没有反应，连接尝试失败。   at System.Net.Sockets.Socket.EndReceive(IAsyncResult asyncResult)
   at Yinrg.Net.Sockets.SocketClient.s91nev5CPITrFiQpWCt(Object , Object )
   at Yinrg.Net.Sockets.SocketClient.GsnOTWuuJ(IAsyncResult  )
2018-12-20 11:06:19: 由于连接方在一段时间后没有正确答复或连接的主机没有反应，连接尝试失败。   at System.Net.Sockets.Socket.EndReceive(IAsyncResult asyncResult)
   at Yinrg.Net.Sockets.SocketClient.s91nev5CPITrFiQpWCt(Object , Object )
   at Yinrg.Net.Sockets.SocketClient.GsnOTWuuJ(IAsyncResult  )
2018-12-20 11:06:19: 由于连接方在一段时间后没有正确答复或连接的主机没有反应，连接尝试失败。   at System.Net.Sockets.Socket.EndReceive(IAsyncResult asyncResult)
   at Yinrg.Net.Sockets.SocketClient.s91nev5CPITrFiQpWCt(Object , Object )
   at Yinrg.Net.Sockets.SocketClient.GsnOTWuuJ(IAsyncResult  )
2018-12-20 11:06:19: 由于连接方在一段时间后没有正确答复或连接的主机没有反应，连接尝试失败。   at System.Net.Sockets.Socket.EndReceive(IAsyncResult asyncResult)
   at Yinrg.Net.Sockets.SocketClient.s91nev5CPITrFiQpWCt(Object , Object )
   at Yinrg.Net.Sockets.SocketClient.GsnOTWuuJ(IAsyncResult  )
2018-12-20 11:06:19: 由于连接方在一段时间后没有正确答复或连接的主机没有反应，连接尝试失败。   at System.Net.Sockets.Socket.EndReceive(IAsyncResult asyncResult)
   at Yinrg.Net.Sockets.SocketClient.s91nev5CPITrFiQpWCt(Object , Object )
   at Yinrg.Net.Sockets.SocketClient.GsnOTWuuJ(IAsyncResult  )
2018-12-20 11:06:19: 由于连接方在一段时间后没有正确答复或连接的主机没有反应，连接尝试失败。   at System.Net.Sockets.Socket.EndReceive(IAsyncResult asyncResult)
   at Yinrg.Net.Sockets.SocketClient.s91nev5CPITrFiQpWCt(Object , Object )
   at Yinrg.Net.Sockets.SocketClient.GsnOTWuuJ(IAsyncResult  )
2018-12-20 11:06:19: 由于连接方在一段时间后没有正确答复或连接的主机没有反应，连接尝试失败。   at System.Net.Sockets.Socket.EndReceive(IAsyncResult asyncResult)
   at Yinrg.Net.Sockets.SocketClient.s91nev5CPITrFiQpWCt(Object , Object )
   at Yinrg.Net.Sockets.SocketClient.GsnOTWuuJ(IAsyncResult  )
2018-12-20 11:06:19: 由于连接方在一段时间后没有正确答复或连接的主机没有反应，连接尝试失败。   at System.Net.Sockets.Socket.EndReceive(IAsyncResult asyncResult)
   at Yinrg.Net.Sockets.SocketClient.s91nev5CPITrFiQpWCt(Object , Object )
   at Yinrg.Net.Sockets.SocketClient.GsnOTWuuJ(IAsyncResult  )
2018-12-20 11:14:05: 由于连接方在一段时间后没有正确答复或连接的主机没有反应，连接尝试失败。   at System.Net.Sockets.Socket.EndReceive(IAsyncResult asyncResult)
   at Yinrg.Net.Sockets.SocketClient.s91nev5CPITrFiQpWCt(Object , Object )
   at Yinrg.Net.Sockets.SocketClient.GsnOTWuuJ(IAsyncResult  )
2018-12-20 11:14:05: 由于连接方在一段时间后没有正确答复或连接的主机没有反应，连接尝试失败。   at System.Net.Sockets.Socket.EndReceive(IAsyncResult asyncResult)
   at Yinrg.Net.Sockets.SocketClient.s91nev5CPITrFiQpWCt(Object , Object )
   at Yinrg.Net.Sockets.SocketClient.GsnOTWuuJ(IAsyncResult  )
2018-12-20 11:14:05: 由于连接方在一段时间后没有正确答复或连接的主机没有反应，连接尝试失败。   at System.Net.Sockets.Socket.EndReceive(IAsyncResult asyncResult)
   at Yinrg.Net.Sockets.SocketClient.s91nev5CPITrFiQpWCt(Object , Object )
   at Yinrg.Net.Sockets.SocketClient.GsnOTWuuJ(IAsyncResult  )
2018-12-20 11:14:05: 由于连接方在一段时间后没有正确答复或连接的主机没有反应，连接尝试失败。   at System.Net.Sockets.Socket.EndReceive(IAsyncResult asyncResult)
   at Yinrg.Net.Sockets.SocketClient.s91nev5CPITrFiQpWCt(Object , Object )
   at Yinrg.Net.Sockets.SocketClient.GsnOTWuuJ(IAsyncResult  )
2018-12-20 11:22:12: 由于连接方在一段时间后没有正确答复或连接的主机没有反应，连接尝试失败。   at System.Net.Sockets.Socket.EndReceive(IAsyncResult asyncResult)
   at Yinrg.Net.Sockets.SocketClient.s91nev5CPITrFiQpWCt(Object , Object )
   at Yinrg.Net.Sockets.SocketClient.GsnOTWuuJ(IAsyncResult  )
2018-12-20 11:22:12: 由于连接方在一段时间后没有正确答复或连接的主机没有反应，连接尝试失败。   at System.Net.Sockets.Socket.EndReceive(IAsyncResult asyncResult)
   at Yinrg.Net.Sockets.SocketClient.s91nev5CPITrFiQpWCt(Object , Object )
   at Yinrg.Net.Sockets.SocketClient.GsnOTWuuJ(IAsyncResult  )
2018-12-20 11:22:12: 由于连接方在一段时间后没有正确答复或连接的主机没有反应，连接尝试失败。   at System.Net.Sockets.Socket.EndReceive(IAsyncResult asyncResult)
   at Yinrg.Net.Sockets.SocketClient.s91nev5CPITrFiQpWCt(Object , Object )
   at Yinrg.Net.Sockets.SocketClient.GsnOTWuuJ(IAsyncResult  )
2018-12-20 13:51:21: Cannot access a disposed object.
Object name: 'System.Net.Sockets.Socket'.   at System.Net.Sockets.Socket.EndReceive(IAsyncResult asyncResult, SocketError& errorCode)
   at System.Net.Sockets.Socket.EndReceive(IAsyncResult asyncResult)
   at Yinrg.Net.Sockets.SocketClient.s91nev5CPITrFiQpWCt(Object , Object )
   at Yinrg.Net.Sockets.SocketClient.GsnOTWuuJ(IAsyncResult  )
2018-12-20 13:51:21: Cannot access a disposed object.
Object name: 'System.Net.Sockets.Socket'.   at System.Net.Sockets.Socket.EndSend(IAsyncResult asyncResult, SocketError& errorCode)
   at System.Net.Sockets.Socket.EndSend(IAsyncResult asyncResult)
   at Yinrg.Net.Sockets.SocketClient.wQh1k8mXtn4yGgQ8LDh(Object , Object )
   at Yinrg.Net.Sockets.SocketClient.SendByteCallBack(IAsyncResult ar)
2018-12-20 13:51:21: Cannot access a disposed object.
Object name: 'System.Net.Sockets.Socket'.   at System.Net.Sockets.Socket.EndSend(IAsyncResult asyncResult, SocketError& errorCode)
   at System.Net.Sockets.Socket.EndSend(IAsyncResult asyncResult)
   at Yinrg.Net.Sockets.SocketClient.wQh1k8mXtn4yGgQ8LDh(Object , Object )
   at Yinrg.Net.Sockets.SocketClient.SendByteCallBack(IAsyncResult ar)
2018-12-20 13:51:21: Cannot access a disposed object.
Object name: 'System.Net.Sockets.Socket'.   at System.Net.Sockets.Socket.EndSend(IAsyncResult asyncResult, SocketError& errorCode)
   at System.Net.Sockets.Socket.EndSend(IAsyncResult asyncResult)
   at Yinrg.Net.Sockets.SocketClient.wQh1k8mXtn4yGgQ8LDh(Object , Object )
   at Yinrg.Net.Sockets.SocketClient.SendByteCallBack(IAsyncResult ar)
2018-12-20 13:51:21: Cannot access a disposed object.
Object name: 'System.Net.Sockets.Socket'.   at System.Net.Sockets.Socket.EndSend(IAsyncResult asyncResult, SocketError& errorCode)
   at System.Net.Sockets.Socket.EndSend(IAsyncResult asyncResult)
   at Yinrg.Net.Sockets.SocketClient.wQh1k8mXtn4yGgQ8LDh(Object , Object )
   at Yinrg.Net.Sockets.SocketClient.SendByteCallBack(IAsyncResult ar)
2018-12-20 13:51:21: Cannot access a disposed object.
Object name: 'System.Net.Sockets.Socket'.   at System.Net.Sockets.Socket.EndSend(IAsyncResult asyncResult, SocketError& errorCode)
   at System.Net.Sockets.Socket.EndSend(IAsyncResult asyncResult)
   at Yinrg.Net.Sockets.SocketClient.wQh1k8mXtn4yGgQ8LDh(Object , Object )
   at Yinrg.Net.Sockets.SocketClient.SendByteCallBack(IAsyncResult ar)
2018-12-20 13:51:21: Cannot access a disposed object.
Object name: 'System.Net.Sockets.Socket'.   at System.Net.Sockets.Socket.EndSend(IAsyncResult asyncResult, SocketError& errorCode)
   at System.Net.Sockets.Socket.EndSend(IAsyncResult asyncResult)
   at Yinrg.Net.Sockets.SocketClient.wQh1k8mXtn4yGgQ8LDh(Object , Object )
   at Yinrg.Net.Sockets.SocketClient.SendByteCallBack(IAsyncResult ar)
2018-12-20 13:51:21: Cannot access a disposed object.
Object name: 'System.Net.Sockets.Socket'.   at System.Net.Sockets.Socket.EndSend(IAsyncResult asyncResult, SocketError& errorCode)
   at System.Net.Sockets.Socket.EndSend(IAsyncResult asyncResult)
   at Yinrg.Net.Sockets.SocketClient.wQh1k8mXtn4yGgQ8LDh(Object , Object )
   at Yinrg.Net.Sockets.SocketClient.SendByteCallBack(IAsyncResult ar)
2018-12-20 13:51:21: Cannot access a disposed object.
Object name: 'System.Net.Sockets.Socket'.   at System.Net.Sockets.Socket.EndSend(IAsyncResult asyncResult, SocketError& errorCode)
   at System.Net.Sockets.Socket.EndSend(IAsyncResult asyncResult)
   at Yinrg.Net.Sockets.SocketClient.wQh1k8mXtn4yGgQ8LDh(Object , Object )
   at Yinrg.Net.Sockets.SocketClient.SendByteCallBack(IAsyncResult ar)
2018-12-20 13:51:21: Cannot access a disposed object.
Object name: 'System.Net.Sockets.Socket'.   at System.Net.Sockets.Socket.EndSend(IAsyncResult asyncResult, SocketError& errorCode)
   at System.Net.Sockets.Socket.EndSend(IAsyncResult asyncResult)
   at Yinrg.Net.Sockets.SocketClient.wQh1k8mXtn4yGgQ8LDh(Object , Object )
   at Yinrg.Net.Sockets.SocketClient.SendByteCallBack(IAsyncResult ar)
2018-12-20 13:51:21: Cannot access a disposed object.
Object name: 'System.Net.Sockets.Socket'.   at System.Net.Sockets.Socket.EndSend(IAsyncResult asyncResult, SocketError& errorCode)
   at System.Net.Sockets.Socket.EndSend(IAsyncResult asyncResult)
   at Yinrg.Net.Sockets.SocketClient.wQh1k8mXtn4yGgQ8LDh(Object , Object )
   at Yinrg.Net.Sockets.SocketClient.SendByteCallBack(IAsyncResult ar)
2018-12-20 13:51:21: Cannot access a disposed object.
Object name: 'System.Net.Sockets.Socket'.   at System.Net.Sockets.Socket.EndSend(IAsyncResult asyncResult, SocketError& errorCode)
   at System.Net.Sockets.Socket.EndSend(IAsyncResult asyncResult)
   at Yinrg.Net.Sockets.SocketClient.wQh1k8mXtn4yGgQ8LDh(Object , Object )
   at Yinrg.Net.Sockets.SocketClient.SendByteCallBack(IAsyncResult ar)
2018-12-20 13:51:21: Cannot access a disposed object.
Object name: 'System.Net.Sockets.Socket'.   at System.Net.Sockets.Socket.EndReceive(IAsyncResult asyncResult, SocketError& errorCode)
   at System.Net.Sockets.Socket.EndReceive(IAsyncResult asyncResult)
   at Yinrg.Net.Sockets.SocketClient.s91nev5CPITrFiQpWCt(Object , Object )
   at Yinrg.Net.Sockets.SocketClient.GsnOTWuuJ(IAsyncResult  )
2018-12-20 13:51:21: Cannot access a disposed object.
Object name: 'System.Net.Sockets.Socket'.   at System.Net.Sockets.Socket.EndReceive(IAsyncResult asyncResult, SocketError& errorCode)
   at System.Net.Sockets.Socket.EndReceive(IAsyncResult asyncResult)
   at Yinrg.Net.Sockets.SocketClient.s91nev5CPITrFiQpWCt(Object , Object )
   at Yinrg.Net.Sockets.SocketClient.GsnOTWuuJ(IAsyncResult  )
2018-12-20 13:53:12: 由于连接方在一段时间后没有正确答复或连接的主机没有反应，连接尝试失败。   at System.Net.Sockets.Socket.EndReceive(IAsyncResult asyncResult)
   at Yinrg.Net.Sockets.SocketClient.s91nev5CPITrFiQpWCt(Object , Object )
   at Yinrg.Net.Sockets.SocketClient.GsnOTWuuJ(IAsyncResult  )
2018-12-20 13:53:48: 由于连接方在一段时间后没有正确答复或连接的主机没有反应，连接尝试失败。   at System.Net.Sockets.Socket.EndReceive(IAsyncResult asyncResult)
   at Yinrg.Net.Sockets.SocketClient.s91nev5CPITrFiQpWCt(Object , Object )
   at Yinrg.Net.Sockets.SocketClient.GsnOTWuuJ(IAsyncResult  )
2018-12-20 13:55:51: 由于连接方在一段时间后没有正确答复或连接的主机没有反应，连接尝试失败。   at System.Net.Sockets.Socket.EndReceive(IAsyncResult asyncResult)
   at Yinrg.Net.Sockets.SocketClient.s91nev5CPITrFiQpWCt(Object , Object )
   at Yinrg.Net.Sockets.SocketClient.GsnOTWuuJ(IAsyncResult  )
2018-12-20 14:29:15: 由于连接方在一段时间后没有正确答复或连接的主机没有反应，连接尝试失败。   at System.Net.Sockets.Socket.EndReceive(IAsyncResult asyncResult)
   at Yinrg.Net.Sockets.SocketClient.s91nev5CPITrFiQpWCt(Object , Object )
   at Yinrg.Net.Sockets.SocketClient.GsnOTWuuJ(IAsyncResult  )
2018-12-20 14:29:15: 由于连接方在一段时间后没有正确答复或连接的主机没有反应，连接尝试失败。   at System.Net.Sockets.Socket.EndReceive(IAsyncResult asyncResult)
   at Yinrg.Net.Sockets.SocketClient.s91nev5CPITrFiQpWCt(Object , Object )
   at Yinrg.Net.Sockets.SocketClient.GsnOTWuuJ(IAsyncResult  )
2018-12-20 14:29:15: 由于连接方在一段时间后没有正确答复或连接的主机没有反应，连接尝试失败。   at System.Net.Sockets.Socket.EndReceive(IAsyncResult asyncResult)
   at Yinrg.Net.Sockets.SocketClient.s91nev5CPITrFiQpWCt(Object , Object )
   at Yinrg.Net.Sockets.SocketClient.GsnOTWuuJ(IAsyncResult  )
2018-12-20 14:29:15: 由于连接方在一段时间后没有正确答复或连接的主机没有反应，连接尝试失败。   at System.Net.Sockets.Socket.EndReceive(IAsyncResult asyncResult)
   at Yinrg.Net.Sockets.SocketClient.s91nev5CPITrFiQpWCt(Object , Object )
   at Yinrg.Net.Sockets.SocketClient.GsnOTWuuJ(IAsyncResult  )
2018-12-20 14:29:15: 由于连接方在一段时间后没有正确答复或连接的主机没有反应，连接尝试失败。   at System.Net.Sockets.Socket.EndReceive(IAsyncResult asyncResult)
   at Yinrg.Net.Sockets.SocketClient.s91nev5CPITrFiQpWCt(Object , Object )
   at Yinrg.Net.Sockets.SocketClient.GsnOTWuuJ(IAsyncResult  )
2018-12-20 14:29:15: 由于连接方在一段时间后没有正确答复或连接的主机没有反应，连接尝试失败。   at System.Net.Sockets.Socket.EndReceive(IAsyncResult asyncResult)
   at Yinrg.Net.Sockets.SocketClient.s91nev5CPITrFiQpWCt(Object , Object )
   at Yinrg.Net.Sockets.SocketClient.GsnOTWuuJ(IAsyncResult  )
2018-12-20 14:29:15: 由于连接方在一段时间后没有正确答复或连接的主机没有反应，连接尝试失败。   at System.Net.Sockets.Socket.EndReceive(IAsyncResult asyncResult)
   at Yinrg.Net.Sockets.SocketClient.s91nev5CPITrFiQpWCt(Object , Object )
   at Yinrg.Net.Sockets.SocketClient.GsnOTWuuJ(IAsyncResult  )
2018-12-20 14:29:15: 由于连接方在一段时间后没有正确答复或连接的主机没有反应，连接尝试失败。   at System.Net.Sockets.Socket.EndReceive(IAsyncResult asyncResult)
   at Yinrg.Net.Sockets.SocketClient.s91nev5CPITrFiQpWCt(Object , Object )
   at Yinrg.Net.Sockets.SocketClient.GsnOTWuuJ(IAsyncResult  )
2018-12-20 14:29:15: 由于连接方在一段时间后没有正确答复或连接的主机没有反应，连接尝试失败。   at System.Net.Sockets.Socket.EndReceive(IAsyncResult asyncResult)
   at Yinrg.Net.Sockets.SocketClient.s91nev5CPITrFiQpWCt(Object , Object )
   at Yinrg.Net.Sockets.SocketClient.GsnOTWuuJ(IAsyncResult  )
2018-12-20 14:29:15: 由于连接方在一段时间后没有正确答复或连接的主机没有反应，连接尝试失败。   at System.Net.Sockets.Socket.EndReceive(IAsyncResult asyncResult)
   at Yinrg.Net.Sockets.SocketClient.s91nev5CPITrFiQpWCt(Object , Object )
   at Yinrg.Net.Sockets.SocketClient.GsnOTWuuJ(IAsyncResult  )
2018-12-20 14:37:24: 由于连接方在一段时间后没有正确答复或连接的主机没有反应，连接尝试失败。   at System.Net.Sockets.Socket.EndReceive(IAsyncResult asyncResult)
   at Yinrg.Net.Sockets.SocketClient.s91nev5CPITrFiQpWCt(Object , Object )
   at Yinrg.Net.Sockets.SocketClient.GsnOTWuuJ(IAsyncResult  )
2018-12-20 14:37:24: 由于连接方在一段时间后没有正确答复或连接的主机没有反应，连接尝试失败。   at System.Net.Sockets.Socket.EndReceive(IAsyncResult asyncResult)
   at Yinrg.Net.Sockets.SocketClient.s91nev5CPITrFiQpWCt(Object , Object )
   at Yinrg.Net.Sockets.SocketClient.GsnOTWuuJ(IAsyncResult  )
2018-12-20 14:41:15: 由于连接方在一段时间后没有正确答复或连接的主机没有反应，连接尝试失败。   at System.Net.Sockets.Socket.EndReceive(IAsyncResult asyncResult)
   at Yinrg.Net.Sockets.SocketClient.s91nev5CPITrFiQpWCt(Object , Object )
   at Yinrg.Net.Sockets.SocketClient.GsnOTWuuJ(IAsyncResult  )
2018-12-20 14:41:15: 由于连接方在一段时间后没有正确答复或连接的主机没有反应，连接尝试失败。   at System.Net.Sockets.Socket.EndReceive(IAsyncResult asyncResult)
   at Yinrg.Net.Sockets.SocketClient.s91nev5CPITrFiQpWCt(Object , Object )
   at Yinrg.Net.Sockets.SocketClient.GsnOTWuuJ(IAsyncResult  )
2018-12-20 14:51:54: 由于连接方在一段时间后没有正确答复或连接的主机没有反应，连接尝试失败。   at System.Net.Sockets.Socket.EndReceive(IAsyncResult asyncResult)
   at Yinrg.Net.Sockets.SocketClient.s91nev5CPITrFiQpWCt(Object , Object )
   at Yinrg.Net.Sockets.SocketClient.GsnOTWuuJ(IAsyncResult  )
2018-12-20 14:51:54: 由于连接方在一段时间后没有正确答复或连接的主机没有反应，连接尝试失败。   at System.Net.Sockets.Socket.EndReceive(IAsyncResult asyncResult)
   at Yinrg.Net.Sockets.SocketClient.s91nev5CPITrFiQpWCt(Object , Object )
   at Yinrg.Net.Sockets.SocketClient.GsnOTWuuJ(IAsyncResult  )
2018-12-20 14:51:54: 由于连接方在一段时间后没有正确答复或连接的主机没有反应，连接尝试失败。   at System.Net.Sockets.Socket.EndReceive(IAsyncResult asyncResult)
   at Yinrg.Net.Sockets.SocketClient.s91nev5CPITrFiQpWCt(Object , Object )
   at Yinrg.Net.Sockets.SocketClient.GsnOTWuuJ(IAsyncResult  )
2018-12-20 14:51:54: 由于连接方在一段时间后没有正确答复或连接的主机没有反应，连接尝试失败。   at System.Net.Sockets.Socket.EndReceive(IAsyncResult asyncResult)
   at Yinrg.Net.Sockets.SocketClient.s91nev5CPITrFiQpWCt(Object , Object )
   at Yinrg.Net.Sockets.SocketClient.GsnOTWuuJ(IAsyncResult  )
2018-12-20 14:51:54: 由于连接方在一段时间后没有正确答复或连接的主机没有反应，连接尝试失败。   at System.Net.Sockets.Socket.EndReceive(IAsyncResult asyncResult)
   at Yinrg.Net.Sockets.SocketClient.s91nev5CPITrFiQpWCt(Object , Object )
   at Yinrg.Net.Sockets.SocketClient.GsnOTWuuJ(IAsyncResult  )
2018-12-20 14:51:54: 由于连接方在一段时间后没有正确答复或连接的主机没有反应，连接尝试失败。   at System.Net.Sockets.Socket.EndReceive(IAsyncResult asyncResult)
   at Yinrg.Net.Sockets.SocketClient.s91nev5CPITrFiQpWCt(Object , Object )
   at Yinrg.Net.Sockets.SocketClient.GsnOTWuuJ(IAsyncResult  )
2018-12-20 14:51:54: 由于连接方在一段时间后没有正确答复或连接的主机没有反应，连接尝试失败。   at System.Net.Sockets.Socket.EndReceive(IAsyncResult asyncResult)
   at Yinrg.Net.Sockets.SocketClient.s91nev5CPITrFiQpWCt(Object , Object )
   at Yinrg.Net.Sockets.SocketClient.GsnOTWuuJ(IAsyncResult  )
2018-12-20 14:51:54: 由于连接方在一段时间后没有正确答复或连接的主机没有反应，连接尝试失败。   at System.Net.Sockets.Socket.EndReceive(IAsyncResult asyncResult)
   at Yinrg.Net.Sockets.SocketClient.s91nev5CPITrFiQpWCt(Object , Object )
   at Yinrg.Net.Sockets.SocketClient.GsnOTWuuJ(IAsyncResult  )
2018-12-20 14:51:54: 由于连接方在一段时间后没有正确答复或连接的主机没有反应，连接尝试失败。   at System.Net.Sockets.Socket.EndReceive(IAsyncResult asyncResult)
   at Yinrg.Net.Sockets.SocketClient.s91nev5CPITrFiQpWCt(Object , Object )
   at Yinrg.Net.Sockets.SocketClient.GsnOTWuuJ(IAsyncResult  )
2018-12-20 14:51:54: 由于连接方在一段时间后没有正确答复或连接的主机没有反应，连接尝试失败。   at System.Net.Sockets.Socket.EndReceive(IAsyncResult asyncResult)
   at Yinrg.Net.Sockets.SocketClient.s91nev5CPITrFiQpWCt(Object , Object )
   at Yinrg.Net.Sockets.SocketClient.GsnOTWuuJ(IAsyncResult  )
2018-12-20 15:24:45: 由于连接方在一段时间后没有正确答复或连接的主机没有反应，连接尝试失败。   at System.Net.Sockets.Socket.EndReceive(IAsyncResult asyncResult)
   at Yinrg.Net.Sockets.SocketClient.s91nev5CPITrFiQpWCt(Object , Object )
   at Yinrg.Net.Sockets.SocketClient.GsnOTWuuJ(IAsyncResult  )
2018-12-20 15:24:45: 由于连接方在一段时间后没有正确答复或连接的主机没有反应，连接尝试失败。   at System.Net.Sockets.Socket.EndReceive(IAsyncResult asyncResult)
   at Yinrg.Net.Sockets.SocketClient.s91nev5CPITrFiQpWCt(Object , Object )
   at Yinrg.Net.Sockets.SocketClient.GsnOTWuuJ(IAsyncResult  )
2018-12-20 15:24:45: 由于连接方在一段时间后没有正确答复或连接的主机没有反应，连接尝试失败。   at System.Net.Sockets.Socket.EndReceive(IAsyncResult asyncResult)
   at Yinrg.Net.Sockets.SocketClient.s91nev5CPITrFiQpWCt(Object , Object )
   at Yinrg.Net.Sockets.SocketClient.GsnOTWuuJ(IAsyncResult  )
2018-12-20 15:24:45: 由于连接方在一段时间后没有正确答复或连接的主机没有反应，连接尝试失败。   at System.Net.Sockets.Socket.EndReceive(IAsyncResult asyncResult)
   at Yinrg.Net.Sockets.SocketClient.s91nev5CPITrFiQpWCt(Object , Object )
   at Yinrg.Net.Sockets.SocketClient.GsnOTWuuJ(IAsyncResult  )
2018-12-20 15:24:45: 由于连接方在一段时间后没有正确答复或连接的主机没有反应，连接尝试失败。   at System.Net.Sockets.Socket.EndReceive(IAsyncResult asyncResult)
   at Yinrg.Net.Sockets.SocketClient.s91nev5CPITrFiQpWCt(Object , Object )
   at Yinrg.Net.Sockets.SocketClient.GsnOTWuuJ(IAsyncResult  )
2018-12-20 15:24:45: 由于连接方在一段时间后没有正确答复或连接的主机没有反应，连接尝试失败。   at System.Net.Sockets.Socket.EndReceive(IAsyncResult asyncResult)
   at Yinrg.Net.Sockets.SocketClient.s91nev5CPITrFiQpWCt(Object , Object )
   at Yinrg.Net.Sockets.SocketClient.GsnOTWuuJ(IAsyncResult  )
2018-12-20 15:24:45: 由于连接方在一段时间后没有正确答复或连接的主机没有反应，连接尝试失败。   at System.Net.Sockets.Socket.EndReceive(IAsyncResult asyncResult)
   at Yinrg.Net.Sockets.SocketClient.s91nev5CPITrFiQpWCt(Object , Object )
   at Yinrg.Net.Sockets.SocketClient.GsnOTWuuJ(IAsyncResult  )
2018-12-20 15:24:45: 由于连接方在一段时间后没有正确答复或连接的主机没有反应，连接尝试失败。   at System.Net.Sockets.Socket.EndReceive(IAsyncResult asyncResult)
   at Yinrg.Net.Sockets.SocketClient.s91nev5CPITrFiQpWCt(Object , Object )
   at Yinrg.Net.Sockets.SocketClient.GsnOTWuuJ(IAsyncResult  )
2018-12-20 15:24:45: 由于连接方在一段时间后没有正确答复或连接的主机没有反应，连接尝试失败。   at System.Net.Sockets.Socket.EndReceive(IAsyncResult asyncResult)
   at Yinrg.Net.Sockets.SocketClient.s91nev5CPITrFiQpWCt(Object , Object )
   at Yinrg.Net.Sockets.SocketClient.GsnOTWuuJ(IAsyncResult  )
2018-12-20 15:24:46: 由于连接方在一段时间后没有正确答复或连接的主机没有反应，连接尝试失败。   at System.Net.Sockets.Socket.EndReceive(IAsyncResult asyncResult)
   at Yinrg.Net.Sockets.SocketClient.s91nev5CPITrFiQpWCt(Object , Object )
   at Yinrg.Net.Sockets.SocketClient.GsnOTWuuJ(IAsyncResult  )
2018-12-20 15:24:46: 由于连接方在一段时间后没有正确答复或连接的主机没有反应，连接尝试失败。   at System.Net.Sockets.Socket.EndReceive(IAsyncResult asyncResult)
   at Yinrg.Net.Sockets.SocketClient.s91nev5CPITrFiQpWCt(Object , Object )
   at Yinrg.Net.Sockets.SocketClient.GsnOTWuuJ(IAsyncResult  )
2018-12-20 15:32:06: 由于连接方在一段时间后没有正确答复或连接的主机没有反应，连接尝试失败。   at System.Net.Sockets.Socket.EndReceive(IAsyncResult asyncResult)
   at Yinrg.Net.Sockets.SocketClient.s91nev5CPITrFiQpWCt(Object , Object )
   at Yinrg.Net.Sockets.SocketClient.GsnOTWuuJ(IAsyncResult  )
2018-12-20 15:32:06: 由于连接方在一段时间后没有正确答复或连接的主机没有反应，连接尝试失败。   at System.Net.Sockets.Socket.EndReceive(IAsyncResult asyncResult)
   at Yinrg.Net.Sockets.SocketClient.s91nev5CPITrFiQpWCt(Object , Object )
   at Yinrg.Net.Sockets.SocketClient.GsnOTWuuJ(IAsyncResult  )
2018-12-20 15:32:06: 由于连接方在一段时间后没有正确答复或连接的主机没有反应，连接尝试失败。   at System.Net.Sockets.Socket.EndReceive(IAsyncResult asyncResult)
   at Yinrg.Net.Sockets.SocketClient.s91nev5CPITrFiQpWCt(Object , Object )
   at Yinrg.Net.Sockets.SocketClient.GsnOTWuuJ(IAsyncResult  )
2018-12-20 15:32:06: 由于连接方在一段时间后没有正确答复或连接的主机没有反应，连接尝试失败。   at System.Net.Sockets.Socket.EndReceive(IAsyncResult asyncResult)
   at Yinrg.Net.Sockets.SocketClient.s91nev5CPITrFiQpWCt(Object , Object )
   at Yinrg.Net.Sockets.SocketClient.GsnOTWuuJ(IAsyncResult  )
2018-12-20 15:32:06: 由于连接方在一段时间后没有正确答复或连接的主机没有反应，连接尝试失败。   at System.Net.Sockets.Socket.EndReceive(IAsyncResult asyncResult)
   at Yinrg.Net.Sockets.SocketClient.s91nev5CPITrFiQpWCt(Object , Object )
   at Yinrg.Net.Sockets.SocketClient.GsnOTWuuJ(IAsyncResult  )
2018-12-20 15:32:06: 由于连接方在一段时间后没有正确答复或连接的主机没有反应，连接尝试失败。   at System.Net.Sockets.Socket.EndReceive(IAsyncResult asyncResult)
   at Yinrg.Net.Sockets.SocketClient.s91nev5CPITrFiQpWCt(Object , Object )
   at Yinrg.Net.Sockets.SocketClient.GsnOTWuuJ(IAsyncResult  )
2018-12-20 15:32:06: 由于连接方在一段时间后没有正确答复或连接的主机没有反应，连接尝试失败。   at System.Net.Sockets.Socket.EndReceive(IAsyncResult asyncResult)
   at Yinrg.Net.Sockets.SocketClient.s91nev5CPITrFiQpWCt(Object , Object )
   at Yinrg.Net.Sockets.SocketClient.GsnOTWuuJ(IAsyncResult  )
2018-12-20 15:32:07: 由于连接方在一段时间后没有正确答复或连接的主机没有反应，连接尝试失败。   at System.Net.Sockets.Socket.EndReceive(IAsyncResult asyncResult)
   at Yinrg.Net.Sockets.SocketClient.s91nev5CPITrFiQpWCt(Object , Object )
   at Yinrg.Net.Sockets.SocketClient.GsnOTWuuJ(IAsyncResult  )
2018-12-20 15:32:07: 由于连接方在一段时间后没有正确答复或连接的主机没有反应，连接尝试失败。   at System.Net.Sockets.Socket.EndReceive(IAsyncResult asyncResult)
   at Yinrg.Net.Sockets.SocketClient.s91nev5CPITrFiQpWCt(Object , Object )
   at Yinrg.Net.Sockets.SocketClient.GsnOTWuuJ(IAsyncResult  )
2018-12-20 15:32:07: 由于连接方在一段时间后没有正确答复或连接的主机没有反应，连接尝试失败。   at System.Net.Sockets.Socket.EndReceive(IAsyncResult asyncResult)
   at Yinrg.Net.Sockets.SocketClient.s91nev5CPITrFiQpWCt(Object , Object )
   at Yinrg.Net.Sockets.SocketClient.GsnOTWuuJ(IAsyncResult  )
2018-12-20 15:32:07: 由于连接方在一段时间后没有正确答复或连接的主机没有反应，连接尝试失败。   at System.Net.Sockets.Socket.EndReceive(IAsyncResult asyncResult)
   at Yinrg.Net.Sockets.SocketClient.s91nev5CPITrFiQpWCt(Object , Object )
   at Yinrg.Net.Sockets.SocketClient.GsnOTWuuJ(IAsyncResult  )
2018-12-20 17:22:35: 由于连接方在一段时间后没有正确答复或连接的主机没有反应，连接尝试失败。   at System.Net.Sockets.Socket.EndReceive(IAsyncResult asyncResult)
   at Yinrg.Net.Sockets.SocketClient.s91nev5CPITrFiQpWCt(Object , Object )
   at Yinrg.Net.Sockets.SocketClient.GsnOTWuuJ(IAsyncResult  )
2018-12-20 17:24:00: 由于连接方在一段时间后没有正确答复或连接的主机没有反应，连接尝试失败。   at System.Net.Sockets.Socket.EndReceive(IAsyncResult asyncResult)
   at Yinrg.Net.Sockets.SocketClient.s91nev5CPITrFiQpWCt(Object , Object )
   at Yinrg.Net.Sockets.SocketClient.GsnOTWuuJ(IAsyncResult  )
2018-12-20 17:24:33: 由于连接方在一段时间后没有正确答复或连接的主机没有反应，连接尝试失败。   at System.Net.Sockets.Socket.EndReceive(IAsyncResult asyncResult)
   at Yinrg.Net.Sockets.SocketClient.s91nev5CPITrFiQpWCt(Object , Object )
   at Yinrg.Net.Sockets.SocketClient.GsnOTWuuJ(IAsyncResult  )
2018-12-20 19:10:20: Cannot access a disposed object.
Object name: 'System.Net.Sockets.Socket'.   at System.Net.Sockets.Socket.EndReceive(IAsyncResult asyncResult, SocketError& errorCode)
   at System.Net.Sockets.Socket.EndReceive(IAsyncResult asyncResult)
   at Yinrg.Net.Sockets.SocketClient.s91nev5CPITrFiQpWCt(Object , Object )
   at Yinrg.Net.Sockets.SocketClient.GsnOTWuuJ(IAsyncResult  )
2018-12-20 19:10:20: Cannot access a disposed object.
Object name: 'System.Net.Sockets.Socket'.   at System.Net.Sockets.Socket.EndReceive(IAsyncResult asyncResult, SocketError& errorCode)
   at System.Net.Sockets.Socket.EndReceive(IAsyncResult asyncResult)
   at Yinrg.Net.Sockets.SocketClient.s91nev5CPITrFiQpWCt(Object , Object )
   at Yinrg.Net.Sockets.SocketClient.GsnOTWuuJ(IAsyncResult  )
2018-12-20 19:10:20: Cannot access a disposed object.
Object name: 'System.Net.Sockets.Socket'.   at System.Net.Sockets.Socket.EndReceive(IAsyncResult asyncResult, SocketError& errorCode)
   at System.Net.Sockets.Socket.EndReceive(IAsyncResult asyncResult)
   at Yinrg.Net.Sockets.SocketClient.s91nev5CPITrFiQpWCt(Object , Object )
   at Yinrg.Net.Sockets.SocketClient.GsnOTWuuJ(IAsyncResult  )
2018-12-20 19:10:20: Cannot access a disposed object.
Object name: 'System.Net.Sockets.Socket'.   at System.Net.Sockets.Socket.EndReceive(IAsyncResult asyncResult, SocketError& errorCode)
   at System.Net.Sockets.Socket.EndReceive(IAsyncResult asyncResult)
   at Yinrg.Net.Sockets.SocketClient.s91nev5CPITrFiQpWCt(Object , Object )
   at Yinrg.Net.Sockets.SocketClient.GsnOTWuuJ(IAsyncResult  )
2018-12-20 19:10:21: Cannot access a disposed object.
Object name: 'System.Net.Sockets.Socket'.   at System.Net.Sockets.Socket.EndReceive(IAsyncResult asyncResult, SocketError& errorCode)
   at System.Net.Sockets.Socket.EndReceive(IAsyncResult asyncResult)
   at Yinrg.Net.Sockets.SocketClient.s91nev5CPITrFiQpWCt(Object , Object )
   at Yinrg.Net.Sockets.SocketClient.GsnOTWuuJ(IAsyncResult  )
2018-12-20 19:10:21: Cannot access a disposed object.
Object name: 'System.Net.Sockets.Socket'.   at System.Net.Sockets.Socket.EndReceive(IAsyncResult asyncResult, SocketError& errorCode)
   at System.Net.Sockets.Socket.EndReceive(IAsyncResult asyncResult)
   at Yinrg.Net.Sockets.SocketClient.s91nev5CPITrFiQpWCt(Object , Object )
   at Yinrg.Net.Sockets.SocketClient.GsnOTWuuJ(IAsyncResult  )
2018-12-20 19:10:21: Cannot access a disposed object.
Object name: 'System.Net.Sockets.Socket'.   at System.Net.Sockets.Socket.EndReceive(IAsyncResult asyncResult, SocketError& errorCode)
   at System.Net.Sockets.Socket.EndReceive(IAsyncResult asyncResult)
   at Yinrg.Net.Sockets.SocketClient.s91nev5CPITrFiQpWCt(Object , Object )
   at Yinrg.Net.Sockets.SocketClient.GsnOTWuuJ(IAsyncResult  )
