2019-07-17 08:41:14: Cannot access a disposed object.
Object name: 'System.Net.Sockets.Socket'.   at System.Net.Sockets.Socket.EndReceive(IAsyncResult asyncResult, SocketError& errorCode)
   at System.Net.Sockets.Socket.EndReceive(IAsyncResult asyncResult)
   at Yinrg.Net.Sockets.SocketClient.s91nev5CPITrFiQpWCt(Object , Object )
   at Yinrg.Net.Sockets.SocketClient.GsnOTWuuJ(IAsyncResult  )
2019-07-17 08:41:14: Cannot access a disposed object.
Object name: 'System.Net.Sockets.Socket'.   at System.Net.Sockets.Socket.EndReceive(IAsyncResult asyncResult, SocketError& errorCode)
   at System.Net.Sockets.Socket.EndReceive(IAsyncResult asyncResult)
   at Yinrg.Net.Sockets.SocketClient.s91nev5CPITrFiQpWCt(Object , Object )
   at Yinrg.Net.Sockets.SocketClient.GsnOTWuuJ(IAsyncResult  )
2019-07-17 08:43:52: 由于连接方在一段时间后没有正确答复或连接的主机没有反应，连接尝试失败。   at System.Net.Sockets.Socket.EndReceive(IAsyncResult asyncResult)
   at Yinrg.Net.Sockets.SocketClient.s91nev5CPITrFiQpWCt(Object , Object )
   at Yinrg.Net.Sockets.SocketClient.GsnOTWuuJ(IAsyncResult  )
2019-07-17 08:44:43: 由于连接方在一段时间后没有正确答复或连接的主机没有反应，连接尝试失败。   at System.Net.Sockets.Socket.EndReceive(IAsyncResult asyncResult)
   at Yinrg.Net.Sockets.SocketClient.s91nev5CPITrFiQpWCt(Object , Object )
   at Yinrg.Net.Sockets.SocketClient.GsnOTWuuJ(IAsyncResult  )
2019-07-17 08:57:00: Cannot access a disposed object.
Object name: 'System.Net.Sockets.Socket'.   at System.Net.Sockets.Socket.EndReceive(IAsyncResult asyncResult, SocketError& errorCode)
   at System.Net.Sockets.Socket.EndReceive(IAsyncResult asyncResult)
   at Yinrg.Net.Sockets.SocketClient.s91nev5CPITrFiQpWCt(Object , Object )
   at Yinrg.Net.Sockets.SocketClient.GsnOTWuuJ(IAsyncResult  )
2019-07-17 08:57:00: Cannot access a disposed object.
Object name: 'System.Net.Sockets.Socket'.   at System.Net.Sockets.Socket.EndReceive(IAsyncResult asyncResult, SocketError& errorCode)
   at System.Net.Sockets.Socket.EndReceive(IAsyncResult asyncResult)
   at Yinrg.Net.Sockets.SocketClient.s91nev5CPITrFiQpWCt(Object , Object )
   at Yinrg.Net.Sockets.SocketClient.GsnOTWuuJ(IAsyncResult  )
2019-07-17 08:57:00: Cannot access a disposed object.
Object name: 'System.Net.Sockets.Socket'.   at System.Net.Sockets.Socket.EndReceive(IAsyncResult asyncResult, SocketError& errorCode)
   at System.Net.Sockets.Socket.EndReceive(IAsyncResult asyncResult)
   at Yinrg.Net.Sockets.SocketClient.s91nev5CPITrFiQpWCt(Object , Object )
   at Yinrg.Net.Sockets.SocketClient.GsnOTWuuJ(IAsyncResult  )
2019-07-17 08:57:00: Cannot access a disposed object.
Object name: 'System.Net.Sockets.Socket'.   at System.Net.Sockets.Socket.EndReceive(IAsyncResult asyncResult, SocketError& errorCode)
   at System.Net.Sockets.Socket.EndReceive(IAsyncResult asyncResult)
   at Yinrg.Net.Sockets.SocketClient.s91nev5CPITrFiQpWCt(Object , Object )
   at Yinrg.Net.Sockets.SocketClient.GsnOTWuuJ(IAsyncResult  )
2019-07-17 08:57:00: Cannot access a disposed object.
Object name: 'System.Net.Sockets.Socket'.   at System.Net.Sockets.Socket.EndReceive(IAsyncResult asyncResult, SocketError& errorCode)
   at System.Net.Sockets.Socket.EndReceive(IAsyncResult asyncResult)
   at Yinrg.Net.Sockets.SocketClient.s91nev5CPITrFiQpWCt(Object , Object )
   at Yinrg.Net.Sockets.SocketClient.GsnOTWuuJ(IAsyncResult  )
2019-07-17 10:10:50: 由于连接方在一段时间后没有正确答复或连接的主机没有反应，连接尝试失败。   at System.Net.Sockets.Socket.EndReceive(IAsyncResult asyncResult)
   at Yinrg.Net.Sockets.SocketClient.s91nev5CPITrFiQpWCt(Object , Object )
   at Yinrg.Net.Sockets.SocketClient.GsnOTWuuJ(IAsyncResult  )
2019-07-17 10:11:00: 由于连接方在一段时间后没有正确答复或连接的主机没有反应，连接尝试失败。   at System.Net.Sockets.Socket.EndReceive(IAsyncResult asyncResult)
   at Yinrg.Net.Sockets.SocketClient.s91nev5CPITrFiQpWCt(Object , Object )
   at Yinrg.Net.Sockets.SocketClient.GsnOTWuuJ(IAsyncResult  )
2019-07-17 10:11:10: 由于连接方在一段时间后没有正确答复或连接的主机没有反应，连接尝试失败。   at System.Net.Sockets.Socket.EndReceive(IAsyncResult asyncResult)
   at Yinrg.Net.Sockets.SocketClient.s91nev5CPITrFiQpWCt(Object , Object )
   at Yinrg.Net.Sockets.SocketClient.GsnOTWuuJ(IAsyncResult  )
2019-07-17 10:11:18: 由于连接方在一段时间后没有正确答复或连接的主机没有反应，连接尝试失败。   at System.Net.Sockets.Socket.EndReceive(IAsyncResult asyncResult)
   at Yinrg.Net.Sockets.SocketClient.s91nev5CPITrFiQpWCt(Object , Object )
   at Yinrg.Net.Sockets.SocketClient.GsnOTWuuJ(IAsyncResult  )
2019-07-17 10:11:18: 由于连接方在一段时间后没有正确答复或连接的主机没有反应，连接尝试失败。   at System.Net.Sockets.Socket.EndReceive(IAsyncResult asyncResult)
   at Yinrg.Net.Sockets.SocketClient.s91nev5CPITrFiQpWCt(Object , Object )
   at Yinrg.Net.Sockets.SocketClient.GsnOTWuuJ(IAsyncResult  )
2019-07-17 10:11:18: 由于连接方在一段时间后没有正确答复或连接的主机没有反应，连接尝试失败。   at System.Net.Sockets.Socket.EndReceive(IAsyncResult asyncResult)
   at Yinrg.Net.Sockets.SocketClient.s91nev5CPITrFiQpWCt(Object , Object )
   at Yinrg.Net.Sockets.SocketClient.GsnOTWuuJ(IAsyncResult  )
2019-07-17 10:11:18: 由于连接方在一段时间后没有正确答复或连接的主机没有反应，连接尝试失败。   at System.Net.Sockets.Socket.EndReceive(IAsyncResult asyncResult)
   at Yinrg.Net.Sockets.SocketClient.s91nev5CPITrFiQpWCt(Object , Object )
   at Yinrg.Net.Sockets.SocketClient.GsnOTWuuJ(IAsyncResult  )
2019-07-17 10:11:18: 由于连接方在一段时间后没有正确答复或连接的主机没有反应，连接尝试失败。   at System.Net.Sockets.Socket.EndReceive(IAsyncResult asyncResult)
   at Yinrg.Net.Sockets.SocketClient.s91nev5CPITrFiQpWCt(Object , Object )
   at Yinrg.Net.Sockets.SocketClient.GsnOTWuuJ(IAsyncResult  )
2019-07-17 10:11:18: 由于连接方在一段时间后没有正确答复或连接的主机没有反应，连接尝试失败。   at System.Net.Sockets.Socket.EndReceive(IAsyncResult asyncResult)
   at Yinrg.Net.Sockets.SocketClient.s91nev5CPITrFiQpWCt(Object , Object )
   at Yinrg.Net.Sockets.SocketClient.GsnOTWuuJ(IAsyncResult  )
2019-07-17 10:11:18: 由于连接方在一段时间后没有正确答复或连接的主机没有反应，连接尝试失败。   at System.Net.Sockets.Socket.EndReceive(IAsyncResult asyncResult)
   at Yinrg.Net.Sockets.SocketClient.s91nev5CPITrFiQpWCt(Object , Object )
   at Yinrg.Net.Sockets.SocketClient.GsnOTWuuJ(IAsyncResult  )
2019-07-17 10:11:18: 由于连接方在一段时间后没有正确答复或连接的主机没有反应，连接尝试失败。   at System.Net.Sockets.Socket.EndReceive(IAsyncResult asyncResult)
   at Yinrg.Net.Sockets.SocketClient.s91nev5CPITrFiQpWCt(Object , Object )
   at Yinrg.Net.Sockets.SocketClient.GsnOTWuuJ(IAsyncResult  )
2019-07-17 10:11:18: 由于连接方在一段时间后没有正确答复或连接的主机没有反应，连接尝试失败。   at System.Net.Sockets.Socket.EndReceive(IAsyncResult asyncResult)
   at Yinrg.Net.Sockets.SocketClient.s91nev5CPITrFiQpWCt(Object , Object )
   at Yinrg.Net.Sockets.SocketClient.GsnOTWuuJ(IAsyncResult  )
2019-07-17 10:27:42: Cannot access a disposed object.
Object name: 'System.Net.Sockets.Socket'.   at System.Net.Sockets.Socket.EndReceive(IAsyncResult asyncResult, SocketError& errorCode)
   at System.Net.Sockets.Socket.EndReceive(IAsyncResult asyncResult)
   at Yinrg.Net.Sockets.SocketClient.s91nev5CPITrFiQpWCt(Object , Object )
   at Yinrg.Net.Sockets.SocketClient.GsnOTWuuJ(IAsyncResult  )
2019-07-17 14:22:37: 由于连接方在一段时间后没有正确答复或连接的主机没有反应，连接尝试失败。   at System.Net.Sockets.Socket.EndReceive(IAsyncResult asyncResult)
   at Yinrg.Net.Sockets.SocketClient.s91nev5CPITrFiQpWCt(Object , Object )
   at Yinrg.Net.Sockets.SocketClient.GsnOTWuuJ(IAsyncResult  )
2019-07-17 14:22:37: 由于连接方在一段时间后没有正确答复或连接的主机没有反应，连接尝试失败。   at System.Net.Sockets.Socket.EndReceive(IAsyncResult asyncResult)
   at Yinrg.Net.Sockets.SocketClient.s91nev5CPITrFiQpWCt(Object , Object )
   at Yinrg.Net.Sockets.SocketClient.GsnOTWuuJ(IAsyncResult  )
2019-07-17 14:22:37: 由于连接方在一段时间后没有正确答复或连接的主机没有反应，连接尝试失败。   at System.Net.Sockets.Socket.EndReceive(IAsyncResult asyncResult)
   at Yinrg.Net.Sockets.SocketClient.s91nev5CPITrFiQpWCt(Object , Object )
   at Yinrg.Net.Sockets.SocketClient.GsnOTWuuJ(IAsyncResult  )
2019-07-17 14:35:50: 由于连接方在一段时间后没有正确答复或连接的主机没有反应，连接尝试失败。   at System.Net.Sockets.Socket.EndReceive(IAsyncResult asyncResult)
   at Yinrg.Net.Sockets.SocketClient.s91nev5CPITrFiQpWCt(Object , Object )
   at Yinrg.Net.Sockets.SocketClient.GsnOTWuuJ(IAsyncResult  )
2019-07-17 14:35:50: 由于连接方在一段时间后没有正确答复或连接的主机没有反应，连接尝试失败。   at System.Net.Sockets.Socket.EndReceive(IAsyncResult asyncResult)
   at Yinrg.Net.Sockets.SocketClient.s91nev5CPITrFiQpWCt(Object , Object )
   at Yinrg.Net.Sockets.SocketClient.GsnOTWuuJ(IAsyncResult  )
2019-07-17 14:35:50: 由于连接方在一段时间后没有正确答复或连接的主机没有反应，连接尝试失败。   at System.Net.Sockets.Socket.EndReceive(IAsyncResult asyncResult)
   at Yinrg.Net.Sockets.SocketClient.s91nev5CPITrFiQpWCt(Object , Object )
   at Yinrg.Net.Sockets.SocketClient.GsnOTWuuJ(IAsyncResult  )
2019-07-17 14:35:50: 由于连接方在一段时间后没有正确答复或连接的主机没有反应，连接尝试失败。   at System.Net.Sockets.Socket.EndReceive(IAsyncResult asyncResult)
   at Yinrg.Net.Sockets.SocketClient.s91nev5CPITrFiQpWCt(Object , Object )
   at Yinrg.Net.Sockets.SocketClient.GsnOTWuuJ(IAsyncResult  )
2019-07-17 14:35:50: 由于连接方在一段时间后没有正确答复或连接的主机没有反应，连接尝试失败。   at System.Net.Sockets.Socket.EndReceive(IAsyncResult asyncResult)
   at Yinrg.Net.Sockets.SocketClient.s91nev5CPITrFiQpWCt(Object , Object )
   at Yinrg.Net.Sockets.SocketClient.GsnOTWuuJ(IAsyncResult  )
2019-07-17 14:35:50: 由于连接方在一段时间后没有正确答复或连接的主机没有反应，连接尝试失败。   at System.Net.Sockets.Socket.EndReceive(IAsyncResult asyncResult)
   at Yinrg.Net.Sockets.SocketClient.s91nev5CPITrFiQpWCt(Object , Object )
   at Yinrg.Net.Sockets.SocketClient.GsnOTWuuJ(IAsyncResult  )
2019-07-17 14:35:50: 由于连接方在一段时间后没有正确答复或连接的主机没有反应，连接尝试失败。   at System.Net.Sockets.Socket.EndReceive(IAsyncResult asyncResult)
   at Yinrg.Net.Sockets.SocketClient.s91nev5CPITrFiQpWCt(Object , Object )
   at Yinrg.Net.Sockets.SocketClient.GsnOTWuuJ(IAsyncResult  )
2019-07-17 14:35:50: 由于连接方在一段时间后没有正确答复或连接的主机没有反应，连接尝试失败。   at System.Net.Sockets.Socket.EndReceive(IAsyncResult asyncResult)
   at Yinrg.Net.Sockets.SocketClient.s91nev5CPITrFiQpWCt(Object , Object )
   at Yinrg.Net.Sockets.SocketClient.GsnOTWuuJ(IAsyncResult  )
2019-07-17 14:35:50: 由于连接方在一段时间后没有正确答复或连接的主机没有反应，连接尝试失败。   at System.Net.Sockets.Socket.EndReceive(IAsyncResult asyncResult)
   at Yinrg.Net.Sockets.SocketClient.s91nev5CPITrFiQpWCt(Object , Object )
   at Yinrg.Net.Sockets.SocketClient.GsnOTWuuJ(IAsyncResult  )
2019-07-17 14:35:50: 由于连接方在一段时间后没有正确答复或连接的主机没有反应，连接尝试失败。   at System.Net.Sockets.Socket.EndReceive(IAsyncResult asyncResult)
   at Yinrg.Net.Sockets.SocketClient.s91nev5CPITrFiQpWCt(Object , Object )
   at Yinrg.Net.Sockets.SocketClient.GsnOTWuuJ(IAsyncResult  )
2019-07-17 14:35:50: 由于连接方在一段时间后没有正确答复或连接的主机没有反应，连接尝试失败。   at System.Net.Sockets.Socket.EndReceive(IAsyncResult asyncResult)
   at Yinrg.Net.Sockets.SocketClient.s91nev5CPITrFiQpWCt(Object , Object )
   at Yinrg.Net.Sockets.SocketClient.GsnOTWuuJ(IAsyncResult  )
2019-07-17 15:47:48: Cannot access a disposed object.
Object name: 'System.Net.Sockets.Socket'.   at System.Net.Sockets.Socket.EndReceive(IAsyncResult asyncResult, SocketError& errorCode)
   at System.Net.Sockets.Socket.EndReceive(IAsyncResult asyncResult)
   at Yinrg.Net.Sockets.SocketClient.s91nev5CPITrFiQpWCt(Object , Object )
   at Yinrg.Net.Sockets.SocketClient.GsnOTWuuJ(IAsyncResult  )
2019-07-17 15:47:48: Cannot access a disposed object.
Object name: 'System.Net.Sockets.Socket'.   at System.Net.Sockets.Socket.EndReceive(IAsyncResult asyncResult, SocketError& errorCode)
   at System.Net.Sockets.Socket.EndReceive(IAsyncResult asyncResult)
   at Yinrg.Net.Sockets.SocketClient.s91nev5CPITrFiQpWCt(Object , Object )
   at Yinrg.Net.Sockets.SocketClient.GsnOTWuuJ(IAsyncResult  )
2019-07-17 15:47:48: Cannot access a disposed object.
Object name: 'System.Net.Sockets.Socket'.   at System.Net.Sockets.Socket.EndReceive(IAsyncResult asyncResult, SocketError& errorCode)
   at System.Net.Sockets.Socket.EndReceive(IAsyncResult asyncResult)
   at Yinrg.Net.Sockets.SocketClient.s91nev5CPITrFiQpWCt(Object , Object )
   at Yinrg.Net.Sockets.SocketClient.GsnOTWuuJ(IAsyncResult  )
2019-07-17 15:47:48: Cannot access a disposed object.
Object name: 'System.Net.Sockets.Socket'.   at System.Net.Sockets.Socket.EndReceive(IAsyncResult asyncResult, SocketError& errorCode)
   at System.Net.Sockets.Socket.EndReceive(IAsyncResult asyncResult)
   at Yinrg.Net.Sockets.SocketClient.s91nev5CPITrFiQpWCt(Object , Object )
   at Yinrg.Net.Sockets.SocketClient.GsnOTWuuJ(IAsyncResult  )
2019-07-17 15:47:48: Cannot access a disposed object.
Object name: 'System.Net.Sockets.Socket'.   at System.Net.Sockets.Socket.EndReceive(IAsyncResult asyncResult, SocketError& errorCode)
   at System.Net.Sockets.Socket.EndReceive(IAsyncResult asyncResult)
   at Yinrg.Net.Sockets.SocketClient.s91nev5CPITrFiQpWCt(Object , Object )
   at Yinrg.Net.Sockets.SocketClient.GsnOTWuuJ(IAsyncResult  )
2019-07-17 15:47:48: Cannot access a disposed object.
Object name: 'System.Net.Sockets.Socket'.   at System.Net.Sockets.Socket.EndReceive(IAsyncResult asyncResult, SocketError& errorCode)
   at System.Net.Sockets.Socket.EndReceive(IAsyncResult asyncResult)
   at Yinrg.Net.Sockets.SocketClient.s91nev5CPITrFiQpWCt(Object , Object )
   at Yinrg.Net.Sockets.SocketClient.GsnOTWuuJ(IAsyncResult  )
2019-07-17 15:47:48: Cannot access a disposed object.
Object name: 'System.Net.Sockets.Socket'.   at System.Net.Sockets.Socket.EndReceive(IAsyncResult asyncResult, SocketError& errorCode)
   at System.Net.Sockets.Socket.EndReceive(IAsyncResult asyncResult)
   at Yinrg.Net.Sockets.SocketClient.s91nev5CPITrFiQpWCt(Object , Object )
   at Yinrg.Net.Sockets.SocketClient.GsnOTWuuJ(IAsyncResult  )
2019-07-17 15:47:48: Cannot access a disposed object.
Object name: 'System.Net.Sockets.Socket'.   at System.Net.Sockets.Socket.EndReceive(IAsyncResult asyncResult, SocketError& errorCode)
   at System.Net.Sockets.Socket.EndReceive(IAsyncResult asyncResult)
   at Yinrg.Net.Sockets.SocketClient.s91nev5CPITrFiQpWCt(Object , Object )
   at Yinrg.Net.Sockets.SocketClient.GsnOTWuuJ(IAsyncResult  )
2019-07-17 15:47:48: Cannot access a disposed object.
Object name: 'System.Net.Sockets.Socket'.   at System.Net.Sockets.Socket.EndReceive(IAsyncResult asyncResult, SocketError& errorCode)
   at System.Net.Sockets.Socket.EndReceive(IAsyncResult asyncResult)
   at Yinrg.Net.Sockets.SocketClient.s91nev5CPITrFiQpWCt(Object , Object )
   at Yinrg.Net.Sockets.SocketClient.GsnOTWuuJ(IAsyncResult  )
2019-07-17 15:47:48: Cannot access a disposed object.
Object name: 'System.Net.Sockets.Socket'.   at System.Net.Sockets.Socket.EndReceive(IAsyncResult asyncResult, SocketError& errorCode)
   at System.Net.Sockets.Socket.EndReceive(IAsyncResult asyncResult)
   at Yinrg.Net.Sockets.SocketClient.s91nev5CPITrFiQpWCt(Object , Object )
   at Yinrg.Net.Sockets.SocketClient.GsnOTWuuJ(IAsyncResult  )
2019-07-17 15:47:48: Cannot access a disposed object.
Object name: 'System.Net.Sockets.Socket'.   at System.Net.Sockets.Socket.EndReceive(IAsyncResult asyncResult, SocketError& errorCode)
   at System.Net.Sockets.Socket.EndReceive(IAsyncResult asyncResult)
   at Yinrg.Net.Sockets.SocketClient.s91nev5CPITrFiQpWCt(Object , Object )
   at Yinrg.Net.Sockets.SocketClient.GsnOTWuuJ(IAsyncResult  )
2019-07-17 15:47:48: Cannot access a disposed object.
Object name: 'System.Net.Sockets.Socket'.   at System.Net.Sockets.Socket.EndReceive(IAsyncResult asyncResult, SocketError& errorCode)
   at System.Net.Sockets.Socket.EndReceive(IAsyncResult asyncResult)
   at Yinrg.Net.Sockets.SocketClient.s91nev5CPITrFiQpWCt(Object , Object )
   at Yinrg.Net.Sockets.SocketClient.GsnOTWuuJ(IAsyncResult  )
2019-07-17 15:47:48: Cannot access a disposed object.
Object name: 'System.Net.Sockets.Socket'.   at System.Net.Sockets.Socket.EndReceive(IAsyncResult asyncResult, SocketError& errorCode)
   at System.Net.Sockets.Socket.EndReceive(IAsyncResult asyncResult)
   at Yinrg.Net.Sockets.SocketClient.s91nev5CPITrFiQpWCt(Object , Object )
   at Yinrg.Net.Sockets.SocketClient.GsnOTWuuJ(IAsyncResult  )
2019-07-17 15:47:48: Cannot access a disposed object.
Object name: 'System.Net.Sockets.Socket'.   at System.Net.Sockets.Socket.EndReceive(IAsyncResult asyncResult, SocketError& errorCode)
   at System.Net.Sockets.Socket.EndReceive(IAsyncResult asyncResult)
   at Yinrg.Net.Sockets.SocketClient.s91nev5CPITrFiQpWCt(Object , Object )
   at Yinrg.Net.Sockets.SocketClient.GsnOTWuuJ(IAsyncResult  )
2019-07-17 15:58:29: 由于连接方在一段时间后没有正确答复或连接的主机没有反应，连接尝试失败。   at System.Net.Sockets.Socket.EndReceive(IAsyncResult asyncResult)
   at Yinrg.Net.Sockets.SocketClient.s91nev5CPITrFiQpWCt(Object , Object )
   at Yinrg.Net.Sockets.SocketClient.GsnOTWuuJ(IAsyncResult  )
2019-07-17 15:58:30: 由于连接方在一段时间后没有正确答复或连接的主机没有反应，连接尝试失败。   at System.Net.Sockets.Socket.EndReceive(IAsyncResult asyncResult)
   at Yinrg.Net.Sockets.SocketClient.s91nev5CPITrFiQpWCt(Object , Object )
   at Yinrg.Net.Sockets.SocketClient.GsnOTWuuJ(IAsyncResult  )
2019-07-17 15:58:30: 由于连接方在一段时间后没有正确答复或连接的主机没有反应，连接尝试失败。   at System.Net.Sockets.Socket.EndReceive(IAsyncResult asyncResult)
   at Yinrg.Net.Sockets.SocketClient.s91nev5CPITrFiQpWCt(Object , Object )
   at Yinrg.Net.Sockets.SocketClient.GsnOTWuuJ(IAsyncResult  )
2019-07-17 15:58:30: 由于连接方在一段时间后没有正确答复或连接的主机没有反应，连接尝试失败。   at System.Net.Sockets.Socket.EndReceive(IAsyncResult asyncResult)
   at Yinrg.Net.Sockets.SocketClient.s91nev5CPITrFiQpWCt(Object , Object )
   at Yinrg.Net.Sockets.SocketClient.GsnOTWuuJ(IAsyncResult  )
2019-07-17 15:58:30: 由于连接方在一段时间后没有正确答复或连接的主机没有反应，连接尝试失败。   at System.Net.Sockets.Socket.EndReceive(IAsyncResult asyncResult)
   at Yinrg.Net.Sockets.SocketClient.s91nev5CPITrFiQpWCt(Object , Object )
   at Yinrg.Net.Sockets.SocketClient.GsnOTWuuJ(IAsyncResult  )
