2017-05-17 11:31:21: 由于连接方在一段时间后没有正确答复或连接的主机没有反应，连接尝试失败。   在 System.Net.Sockets.Socket.EndReceive(IAsyncResult asyncResult)
   在 Yinrg.Net.Sockets.SocketClient.s91nev5CPITrFiQpWCt(Object , Object )
   在 Yinrg.Net.Sockets.SocketClient.GsnOTWuuJ(IAsyncResult  )
2017-05-17 12:03:42: 无法访问已释放的对象。
对象名:“System.Net.Sockets.Socket”。   在 System.Net.Sockets.Socket.EndReceive(IAsyncResult asyncResult, SocketError& errorCode)
   在 System.Net.Sockets.Socket.EndReceive(IAsyncResult asyncResult)
   在 Yinrg.Net.Sockets.SocketClient.s91nev5CPITrFiQpWCt(Object , Object )
   在 Yinrg.Net.Sockets.SocketClient.GsnOTWuuJ(IAsyncResult  )
2017-05-17 12:03:42: 无法访问已释放的对象。
对象名:“System.Net.Sockets.Socket”。   在 System.Net.Sockets.Socket.EndReceive(IAsyncResult asyncResult, SocketError& errorCode)
   在 System.Net.Sockets.Socket.EndReceive(IAsyncResult asyncResult)
   在 Yinrg.Net.Sockets.SocketClient.s91nev5CPITrFiQpWCt(Object , Object )
   在 Yinrg.Net.Sockets.SocketClient.GsnOTWuuJ(IAsyncResult  )
2017-05-17 12:03:42: 无法访问已释放的对象。
对象名:“System.Net.Sockets.Socket”。   在 System.Net.Sockets.Socket.EndReceive(IAsyncResult asyncResult, SocketError& errorCode)
   在 System.Net.Sockets.Socket.EndReceive(IAsyncResult asyncResult)
   在 Yinrg.Net.Sockets.SocketClient.s91nev5CPITrFiQpWCt(Object , Object )
   在 Yinrg.Net.Sockets.SocketClient.GsnOTWuuJ(IAsyncResult  )
2017-05-17 12:03:42: 无法访问已释放的对象。
对象名:“System.Net.Sockets.Socket”。   在 System.Net.Sockets.Socket.EndReceive(IAsyncResult asyncResult, SocketError& errorCode)
   在 System.Net.Sockets.Socket.EndReceive(IAsyncResult asyncResult)
   在 Yinrg.Net.Sockets.SocketClient.s91nev5CPITrFiQpWCt(Object , Object )
   在 Yinrg.Net.Sockets.SocketClient.GsnOTWuuJ(IAsyncResult  )
2017-05-17 12:03:42: 无法访问已释放的对象。
对象名:“System.Net.Sockets.Socket”。   在 System.Net.Sockets.Socket.EndReceive(IAsyncResult asyncResult, SocketError& errorCode)
   在 System.Net.Sockets.Socket.EndReceive(IAsyncResult asyncResult)
   在 Yinrg.Net.Sockets.SocketClient.s91nev5CPITrFiQpWCt(Object , Object )
   在 Yinrg.Net.Sockets.SocketClient.GsnOTWuuJ(IAsyncResult  )
2017-05-17 12:03:42: 无法访问已释放的对象。
对象名:“System.Net.Sockets.Socket”。   在 System.Net.Sockets.Socket.EndReceive(IAsyncResult asyncResult, SocketError& errorCode)
   在 System.Net.Sockets.Socket.EndReceive(IAsyncResult asyncResult)
   在 Yinrg.Net.Sockets.SocketClient.s91nev5CPITrFiQpWCt(Object , Object )
   在 Yinrg.Net.Sockets.SocketClient.GsnOTWuuJ(IAsyncResult  )
2017-05-17 12:03:42: 无法访问已释放的对象。
对象名:“System.Net.Sockets.Socket”。   在 System.Net.Sockets.Socket.EndReceive(IAsyncResult asyncResult, SocketError& errorCode)
   在 System.Net.Sockets.Socket.EndReceive(IAsyncResult asyncResult)
   在 Yinrg.Net.Sockets.SocketClient.s91nev5CPITrFiQpWCt(Object , Object )
   在 Yinrg.Net.Sockets.SocketClient.GsnOTWuuJ(IAsyncResult  )
2017-05-17 16:33:40: 由于连接方在一段时间后没有正确答复或连接的主机没有反应，连接尝试失败。   在 System.Net.Sockets.Socket.EndReceive(IAsyncResult asyncResult)
   在 Yinrg.Net.Sockets.SocketClient.s91nev5CPITrFiQpWCt(Object , Object )
   在 Yinrg.Net.Sockets.SocketClient.GsnOTWuuJ(IAsyncResult  )
2017-05-17 16:33:40: 由于连接方在一段时间后没有正确答复或连接的主机没有反应，连接尝试失败。   在 System.Net.Sockets.Socket.EndReceive(IAsyncResult asyncResult)
   在 Yinrg.Net.Sockets.SocketClient.s91nev5CPITrFiQpWCt(Object , Object )
   在 Yinrg.Net.Sockets.SocketClient.GsnOTWuuJ(IAsyncResult  )
2017-05-17 16:33:54: 由于连接方在一段时间后没有正确答复或连接的主机没有反应，连接尝试失败。   在 System.Net.Sockets.Socket.EndReceive(IAsyncResult asyncResult)
   在 Yinrg.Net.Sockets.SocketClient.s91nev5CPITrFiQpWCt(Object , Object )
   在 Yinrg.Net.Sockets.SocketClient.GsnOTWuuJ(IAsyncResult  )
2017-05-17 20:15:17: 无法访问已释放的对象。
对象名:“System.Net.Sockets.Socket”。   在 System.Net.Sockets.Socket.EndReceive(IAsyncResult asyncResult, SocketError& errorCode)
   在 System.Net.Sockets.Socket.EndReceive(IAsyncResult asyncResult)
   在 Yinrg.Net.Sockets.SocketClient.s91nev5CPITrFiQpWCt(Object , Object )
   在 Yinrg.Net.Sockets.SocketClient.GsnOTWuuJ(IAsyncResult  )
2017-05-17 20:15:17: 无法访问已释放的对象。
对象名:“System.Net.Sockets.Socket”。   在 System.Net.Sockets.Socket.EndReceive(IAsyncResult asyncResult, SocketError& errorCode)
   在 System.Net.Sockets.Socket.EndReceive(IAsyncResult asyncResult)
   在 Yinrg.Net.Sockets.SocketClient.s91nev5CPITrFiQpWCt(Object , Object )
   在 Yinrg.Net.Sockets.SocketClient.GsnOTWuuJ(IAsyncResult  )
2017-05-17 20:15:32: 你的主机中的软件中止了一个已建立的连接。   在 System.Net.Sockets.Socket.EndReceive(IAsyncResult asyncResult)
   在 Yinrg.Net.Sockets.SocketClient.s91nev5CPITrFiQpWCt(Object , Object )
   在 Yinrg.Net.Sockets.SocketClient.GsnOTWuuJ(IAsyncResult  )
2017-05-17 20:15:32: 你的主机中的软件中止了一个已建立的连接。   在 System.Net.Sockets.Socket.EndReceive(IAsyncResult asyncResult)
   在 Yinrg.Net.Sockets.SocketClient.s91nev5CPITrFiQpWCt(Object , Object )
   在 Yinrg.Net.Sockets.SocketClient.GsnOTWuuJ(IAsyncResult  )
2017-05-17 20:15:32: 你的主机中的软件中止了一个已建立的连接。   在 System.Net.Sockets.Socket.EndReceive(IAsyncResult asyncResult)
   在 Yinrg.Net.Sockets.SocketClient.s91nev5CPITrFiQpWCt(Object , Object )
   在 Yinrg.Net.Sockets.SocketClient.GsnOTWuuJ(IAsyncResult  )
2017-05-17 20:15:32: 你的主机中的软件中止了一个已建立的连接。   在 System.Net.Sockets.Socket.EndReceive(IAsyncResult asyncResult)
   在 Yinrg.Net.Sockets.SocketClient.s91nev5CPITrFiQpWCt(Object , Object )
   在 Yinrg.Net.Sockets.SocketClient.GsnOTWuuJ(IAsyncResult  )
