2016-08-12 09:09:07: 你的主机中的软件中止了一个已建立的连接。   在 System.Net.Sockets.Socket.EndSend(IAsyncResult asyncResult)
   在 Yinrg.Net.Sockets.SocketClient.wQh1k8mXtn4yGgQ8LDh(Object , Object )
   在 Yinrg.Net.Sockets.SocketClient.SendByteCallBack(IAsyncResult ar)
2016-08-12 09:09:07: 你的主机中的软件中止了一个已建立的连接。   在 System.Net.Sockets.Socket.EndReceive(IAsyncResult asyncResult)
   在 Yinrg.Net.Sockets.SocketClient.s91nev5CPITrFiQpWCt(Object , Object )
   在 Yinrg.Net.Sockets.SocketClient.GsnOTWuuJ(IAsyncResult  )
2016-08-12 09:09:07: 你的主机中的软件中止了一个已建立的连接。   在 System.Net.Sockets.Socket.EndReceive(IAsyncResult asyncResult)
   在 Yinrg.Net.Sockets.SocketClient.s91nev5CPITrFiQpWCt(Object , Object )
   在 Yinrg.Net.Sockets.SocketClient.GsnOTWuuJ(IAsyncResult  )
2016-08-12 09:09:07: 你的主机中的软件中止了一个已建立的连接。   在 System.Net.Sockets.Socket.EndReceive(IAsyncResult asyncResult)
   在 Yinrg.Net.Sockets.SocketClient.s91nev5CPITrFiQpWCt(Object , Object )
   在 Yinrg.Net.Sockets.SocketClient.GsnOTWuuJ(IAsyncResult  )
2016-08-12 09:09:07: 你的主机中的软件中止了一个已建立的连接。   在 System.Net.Sockets.Socket.EndReceive(IAsyncResult asyncResult)
   在 Yinrg.Net.Sockets.SocketClient.s91nev5CPITrFiQpWCt(Object , Object )
   在 Yinrg.Net.Sockets.SocketClient.GsnOTWuuJ(IAsyncResult  )
2016-08-12 09:09:07: 你的主机中的软件中止了一个已建立的连接。   在 System.Net.Sockets.Socket.EndReceive(IAsyncResult asyncResult)
   在 Yinrg.Net.Sockets.SocketClient.s91nev5CPITrFiQpWCt(Object , Object )
   在 Yinrg.Net.Sockets.SocketClient.GsnOTWuuJ(IAsyncResult  )
2016-08-12 09:09:07: 你的主机中的软件中止了一个已建立的连接。   在 System.Net.Sockets.Socket.EndReceive(IAsyncResult asyncResult)
   在 Yinrg.Net.Sockets.SocketClient.s91nev5CPITrFiQpWCt(Object , Object )
   在 Yinrg.Net.Sockets.SocketClient.GsnOTWuuJ(IAsyncResult  )
2016-08-12 09:09:07: 你的主机中的软件中止了一个已建立的连接。   在 System.Net.Sockets.Socket.BeginSend(Byte[] buffer, Int32 offset, Int32 size, SocketFlags socketFlags, AsyncCallback callback, Object state)
   在 Yinrg.Net.Sockets.SocketClient.OHHLBT5z7tfA5tAhu7I(Object , Object , Int32 , Int32 , SocketFlags , Object , Object )
   在 Yinrg.Net.Sockets.SocketClient.SendByte(Byte[] bytes)
2016-08-12 09:09:07: 你的主机中的软件中止了一个已建立的连接。   在 System.Net.Sockets.Socket.EndReceive(IAsyncResult asyncResult)
   在 Yinrg.Net.Sockets.SocketClient.s91nev5CPITrFiQpWCt(Object , Object )
   在 Yinrg.Net.Sockets.SocketClient.GsnOTWuuJ(IAsyncResult  )
2016-08-12 09:09:07: 你的主机中的软件中止了一个已建立的连接。   在 System.Net.Sockets.Socket.EndReceive(IAsyncResult asyncResult)
   在 Yinrg.Net.Sockets.SocketClient.s91nev5CPITrFiQpWCt(Object , Object )
   在 Yinrg.Net.Sockets.SocketClient.GsnOTWuuJ(IAsyncResult  )
2016-08-12 09:09:07: 你的主机中的软件中止了一个已建立的连接。   在 System.Net.Sockets.Socket.EndReceive(IAsyncResult asyncResult)
   在 Yinrg.Net.Sockets.SocketClient.s91nev5CPITrFiQpWCt(Object , Object )
   在 Yinrg.Net.Sockets.SocketClient.GsnOTWuuJ(IAsyncResult  )
2016-08-12 09:09:07: 你的主机中的软件中止了一个已建立的连接。   在 System.Net.Sockets.Socket.EndReceive(IAsyncResult asyncResult)
   在 Yinrg.Net.Sockets.SocketClient.s91nev5CPITrFiQpWCt(Object , Object )
   在 Yinrg.Net.Sockets.SocketClient.GsnOTWuuJ(IAsyncResult  )
2016-08-12 09:09:07: 你的主机中的软件中止了一个已建立的连接。   在 System.Net.Sockets.Socket.EndReceive(IAsyncResult asyncResult)
   在 Yinrg.Net.Sockets.SocketClient.s91nev5CPITrFiQpWCt(Object , Object )
   在 Yinrg.Net.Sockets.SocketClient.GsnOTWuuJ(IAsyncResult  )
2016-08-12 09:09:07: 你的主机中的软件中止了一个已建立的连接。   在 System.Net.Sockets.Socket.EndReceive(IAsyncResult asyncResult)
   在 Yinrg.Net.Sockets.SocketClient.s91nev5CPITrFiQpWCt(Object , Object )
   在 Yinrg.Net.Sockets.SocketClient.GsnOTWuuJ(IAsyncResult  )
2016-08-12 09:09:07: 你的主机中的软件中止了一个已建立的连接。   在 System.Net.Sockets.Socket.EndReceive(IAsyncResult asyncResult)
   在 Yinrg.Net.Sockets.SocketClient.s91nev5CPITrFiQpWCt(Object , Object )
   在 Yinrg.Net.Sockets.SocketClient.GsnOTWuuJ(IAsyncResult  )
2016-08-12 09:09:07: 你的主机中的软件中止了一个已建立的连接。   在 System.Net.Sockets.Socket.EndReceive(IAsyncResult asyncResult)
   在 Yinrg.Net.Sockets.SocketClient.s91nev5CPITrFiQpWCt(Object , Object )
   在 Yinrg.Net.Sockets.SocketClient.GsnOTWuuJ(IAsyncResult  )
2016-08-12 09:09:24: 你的主机中的软件中止了一个已建立的连接。   在 System.Net.Sockets.Socket.EndReceive(IAsyncResult asyncResult)
   在 Yinrg.Net.Sockets.SocketClient.s91nev5CPITrFiQpWCt(Object , Object )
   在 Yinrg.Net.Sockets.SocketClient.GsnOTWuuJ(IAsyncResult  )
2016-08-12 09:09:24: 无法访问已释放的对象。
对象名:“System.Net.Sockets.Socket”。   在 System.Net.Sockets.Socket.EndReceive(IAsyncResult asyncResult, SocketError& errorCode)
   在 System.Net.Sockets.Socket.EndReceive(IAsyncResult asyncResult)
   在 Yinrg.Net.Sockets.SocketClient.s91nev5CPITrFiQpWCt(Object , Object )
   在 Yinrg.Net.Sockets.SocketClient.GsnOTWuuJ(IAsyncResult  )
2016-08-12 09:17:29: 无法访问已释放的对象。
对象名:“System.Net.Sockets.Socket”。   在 System.Net.Sockets.Socket.EndSend(IAsyncResult asyncResult, SocketError& errorCode)
   在 System.Net.Sockets.Socket.EndSend(IAsyncResult asyncResult)
   在 Yinrg.Net.Sockets.SocketClient.wQh1k8mXtn4yGgQ8LDh(Object , Object )
   在 Yinrg.Net.Sockets.SocketClient.SendByteCallBack(IAsyncResult ar)
2016-08-12 09:55:45: 无法访问已释放的对象。
对象名:“System.Net.Sockets.Socket”。   在 System.Net.Sockets.Socket.EndSend(IAsyncResult asyncResult, SocketError& errorCode)
   在 System.Net.Sockets.Socket.EndSend(IAsyncResult asyncResult)
   在 Yinrg.Net.Sockets.SocketClient.wQh1k8mXtn4yGgQ8LDh(Object , Object )
   在 Yinrg.Net.Sockets.SocketClient.SendByteCallBack(IAsyncResult ar)
2016-08-12 10:11:32: 你的主机中的软件中止了一个已建立的连接。   在 System.Net.Sockets.Socket.EndSend(IAsyncResult asyncResult)
   在 Yinrg.Net.Sockets.SocketClient.wQh1k8mXtn4yGgQ8LDh(Object , Object )
   在 Yinrg.Net.Sockets.SocketClient.SendByteCallBack(IAsyncResult ar)
2016-08-12 10:18:10: 无法访问已释放的对象。
对象名:“System.Net.Sockets.Socket”。   在 System.Net.Sockets.Socket.EndSend(IAsyncResult asyncResult, SocketError& errorCode)
   在 System.Net.Sockets.Socket.EndSend(IAsyncResult asyncResult)
   在 Yinrg.Net.Sockets.SocketClient.wQh1k8mXtn4yGgQ8LDh(Object , Object )
   在 Yinrg.Net.Sockets.SocketClient.SendByteCallBack(IAsyncResult ar)
2016-08-12 10:23:46: 无法访问已释放的对象。
对象名:“System.Net.Sockets.Socket”。   在 System.Net.Sockets.Socket.EndSend(IAsyncResult asyncResult, SocketError& errorCode)
   在 System.Net.Sockets.Socket.EndSend(IAsyncResult asyncResult)
   在 Yinrg.Net.Sockets.SocketClient.wQh1k8mXtn4yGgQ8LDh(Object , Object )
   在 Yinrg.Net.Sockets.SocketClient.SendByteCallBack(IAsyncResult ar)
2016-08-12 10:25:13: 无法访问已释放的对象。
对象名:“System.Net.Sockets.Socket”。   在 System.Net.Sockets.Socket.EndSend(IAsyncResult asyncResult, SocketError& errorCode)
   在 System.Net.Sockets.Socket.EndSend(IAsyncResult asyncResult)
   在 Yinrg.Net.Sockets.SocketClient.wQh1k8mXtn4yGgQ8LDh(Object , Object )
   在 Yinrg.Net.Sockets.SocketClient.SendByteCallBack(IAsyncResult ar)
2016-08-12 10:27:57: 你的主机中的软件中止了一个已建立的连接。   在 System.Net.Sockets.Socket.EndReceive(IAsyncResult asyncResult)
   在 Yinrg.Net.Sockets.SocketClient.s91nev5CPITrFiQpWCt(Object , Object )
   在 Yinrg.Net.Sockets.SocketClient.GsnOTWuuJ(IAsyncResult  )
2016-08-12 10:27:57: 你的主机中的软件中止了一个已建立的连接。   在 System.Net.Sockets.Socket.EndReceive(IAsyncResult asyncResult)
   在 Yinrg.Net.Sockets.SocketClient.s91nev5CPITrFiQpWCt(Object , Object )
   在 Yinrg.Net.Sockets.SocketClient.GsnOTWuuJ(IAsyncResult  )
2016-08-12 10:27:57: 你的主机中的软件中止了一个已建立的连接。   在 System.Net.Sockets.Socket.EndReceive(IAsyncResult asyncResult)
   在 Yinrg.Net.Sockets.SocketClient.s91nev5CPITrFiQpWCt(Object , Object )
   在 Yinrg.Net.Sockets.SocketClient.GsnOTWuuJ(IAsyncResult  )
2016-08-12 10:27:57: 你的主机中的软件中止了一个已建立的连接。   在 System.Net.Sockets.Socket.EndSend(IAsyncResult asyncResult)
   在 Yinrg.Net.Sockets.SocketClient.wQh1k8mXtn4yGgQ8LDh(Object , Object )
   在 Yinrg.Net.Sockets.SocketClient.SendByteCallBack(IAsyncResult ar)
2016-08-12 10:27:57: 你的主机中的软件中止了一个已建立的连接。   在 System.Net.Sockets.Socket.EndSend(IAsyncResult asyncResult)
   在 Yinrg.Net.Sockets.SocketClient.wQh1k8mXtn4yGgQ8LDh(Object , Object )
   在 Yinrg.Net.Sockets.SocketClient.SendByteCallBack(IAsyncResult ar)
2016-08-12 10:27:57: 你的主机中的软件中止了一个已建立的连接。   在 System.Net.Sockets.Socket.EndReceive(IAsyncResult asyncResult)
   在 Yinrg.Net.Sockets.SocketClient.s91nev5CPITrFiQpWCt(Object , Object )
   在 Yinrg.Net.Sockets.SocketClient.GsnOTWuuJ(IAsyncResult  )
2016-08-12 14:43:15: 你的主机中的软件中止了一个已建立的连接。   在 System.Net.Sockets.Socket.EndSend(IAsyncResult asyncResult)
   在 Yinrg.Net.Sockets.SocketClient.wQh1k8mXtn4yGgQ8LDh(Object , Object )
   在 Yinrg.Net.Sockets.SocketClient.SendByteCallBack(IAsyncResult ar)
2016-08-12 14:57:01: 你的主机中的软件中止了一个已建立的连接。   在 System.Net.Sockets.Socket.EndSend(IAsyncResult asyncResult)
   在 Yinrg.Net.Sockets.SocketClient.wQh1k8mXtn4yGgQ8LDh(Object , Object )
   在 Yinrg.Net.Sockets.SocketClient.SendByteCallBack(IAsyncResult ar)
2016-08-12 14:58:14: 你的主机中的软件中止了一个已建立的连接。   在 System.Net.Sockets.Socket.EndSend(IAsyncResult asyncResult)
   在 Yinrg.Net.Sockets.SocketClient.wQh1k8mXtn4yGgQ8LDh(Object , Object )
   在 Yinrg.Net.Sockets.SocketClient.SendByteCallBack(IAsyncResult ar)
2016-08-12 15:53:26: 你的主机中的软件中止了一个已建立的连接。   在 System.Net.Sockets.Socket.EndReceive(IAsyncResult asyncResult)
   在 Yinrg.Net.Sockets.SocketClient.s91nev5CPITrFiQpWCt(Object , Object )
   在 Yinrg.Net.Sockets.SocketClient.GsnOTWuuJ(IAsyncResult  )
2016-08-12 15:58:52: 你的主机中的软件中止了一个已建立的连接。   在 System.Net.Sockets.Socket.EndSend(IAsyncResult asyncResult)
   在 Yinrg.Net.Sockets.SocketClient.wQh1k8mXtn4yGgQ8LDh(Object , Object )
   在 Yinrg.Net.Sockets.SocketClient.SendByteCallBack(IAsyncResult ar)
2016-08-12 16:07:37: 你的主机中的软件中止了一个已建立的连接。   在 System.Net.Sockets.Socket.EndSend(IAsyncResult asyncResult)
   在 Yinrg.Net.Sockets.SocketClient.wQh1k8mXtn4yGgQ8LDh(Object , Object )
   在 Yinrg.Net.Sockets.SocketClient.SendByteCallBack(IAsyncResult ar)
2016-08-12 16:07:37: 你的主机中的软件中止了一个已建立的连接。   在 System.Net.Sockets.Socket.EndSend(IAsyncResult asyncResult)
   在 Yinrg.Net.Sockets.SocketClient.wQh1k8mXtn4yGgQ8LDh(Object , Object )
   在 Yinrg.Net.Sockets.SocketClient.SendByteCallBack(IAsyncResult ar)
2016-08-12 16:20:45: 你的主机中的软件中止了一个已建立的连接。   在 System.Net.Sockets.Socket.EndSend(IAsyncResult asyncResult)
   在 Yinrg.Net.Sockets.SocketClient.wQh1k8mXtn4yGgQ8LDh(Object , Object )
   在 Yinrg.Net.Sockets.SocketClient.SendByteCallBack(IAsyncResult ar)
2016-08-12 16:22:25: 无法访问已释放的对象。
对象名:“System.Net.Sockets.Socket”。   在 System.Net.Sockets.Socket.EndSend(IAsyncResult asyncResult, SocketError& errorCode)
   在 System.Net.Sockets.Socket.EndSend(IAsyncResult asyncResult)
   在 Yinrg.Net.Sockets.SocketClient.wQh1k8mXtn4yGgQ8LDh(Object , Object )
   在 Yinrg.Net.Sockets.SocketClient.SendByteCallBack(IAsyncResult ar)
2016-08-12 16:22:27: 无法访问已释放的对象。
对象名:“System.Net.Sockets.Socket”。   在 System.Net.Sockets.Socket.EndSend(IAsyncResult asyncResult, SocketError& errorCode)
   在 System.Net.Sockets.Socket.EndSend(IAsyncResult asyncResult)
   在 Yinrg.Net.Sockets.SocketClient.wQh1k8mXtn4yGgQ8LDh(Object , Object )
   在 Yinrg.Net.Sockets.SocketClient.SendByteCallBack(IAsyncResult ar)
2016-08-12 16:23:21: 你的主机中的软件中止了一个已建立的连接。   在 System.Net.Sockets.Socket.EndReceive(IAsyncResult asyncResult)
   在 Yinrg.Net.Sockets.SocketClient.s91nev5CPITrFiQpWCt(Object , Object )
   在 Yinrg.Net.Sockets.SocketClient.GsnOTWuuJ(IAsyncResult  )
2016-08-12 16:23:21: 你的主机中的软件中止了一个已建立的连接。   在 System.Net.Sockets.Socket.EndSend(IAsyncResult asyncResult)
   在 Yinrg.Net.Sockets.SocketClient.wQh1k8mXtn4yGgQ8LDh(Object , Object )
   在 Yinrg.Net.Sockets.SocketClient.SendByteCallBack(IAsyncResult ar)
2016-08-12 16:23:21: 你的主机中的软件中止了一个已建立的连接。   在 System.Net.Sockets.Socket.EndReceive(IAsyncResult asyncResult)
   在 Yinrg.Net.Sockets.SocketClient.s91nev5CPITrFiQpWCt(Object , Object )
   在 Yinrg.Net.Sockets.SocketClient.GsnOTWuuJ(IAsyncResult  )
