2019-07-07 10:00:55: 由于连接方在一段时间后没有正确答复或连接的主机没有反应，连接尝试失败。   at System.Net.Sockets.Socket.EndReceive(IAsyncResult asyncResult)
   at Yinrg.Net.Sockets.SocketClient.s91nev5CPITrFiQpWCt(Object , Object )
   at Yinrg.Net.Sockets.SocketClient.GsnOTWuuJ(IAsyncResult  )
2019-07-07 10:02:19: 由于连接方在一段时间后没有正确答复或连接的主机没有反应，连接尝试失败。   at System.Net.Sockets.Socket.EndReceive(IAsyncResult asyncResult)
   at Yinrg.Net.Sockets.SocketClient.s91nev5CPITrFiQpWCt(Object , Object )
   at Yinrg.Net.Sockets.SocketClient.GsnOTWuuJ(IAsyncResult  )
2019-07-07 10:02:19: 由于连接方在一段时间后没有正确答复或连接的主机没有反应，连接尝试失败。   at System.Net.Sockets.Socket.EndReceive(IAsyncResult asyncResult)
   at Yinrg.Net.Sockets.SocketClient.s91nev5CPITrFiQpWCt(Object , Object )
   at Yinrg.Net.Sockets.SocketClient.GsnOTWuuJ(IAsyncResult  )
2019-07-07 10:02:19: 由于连接方在一段时间后没有正确答复或连接的主机没有反应，连接尝试失败。   at System.Net.Sockets.Socket.EndReceive(IAsyncResult asyncResult)
   at Yinrg.Net.Sockets.SocketClient.s91nev5CPITrFiQpWCt(Object , Object )
   at Yinrg.Net.Sockets.SocketClient.GsnOTWuuJ(IAsyncResult  )
2019-07-07 11:07:06: Cannot access a disposed object.
Object name: 'System.Net.Sockets.Socket'.   at System.Net.Sockets.Socket.EndReceive(IAsyncResult asyncResult, SocketError& errorCode)
   at System.Net.Sockets.Socket.EndReceive(IAsyncResult asyncResult)
   at Yinrg.Net.Sockets.SocketClient.s91nev5CPITrFiQpWCt(Object , Object )
   at Yinrg.Net.Sockets.SocketClient.GsnOTWuuJ(IAsyncResult  )
2019-07-07 11:07:06: Cannot access a disposed object.
Object name: 'System.Net.Sockets.Socket'.   at System.Net.Sockets.Socket.EndReceive(IAsyncResult asyncResult, SocketError& errorCode)
   at System.Net.Sockets.Socket.EndReceive(IAsyncResult asyncResult)
   at Yinrg.Net.Sockets.SocketClient.s91nev5CPITrFiQpWCt(Object , Object )
   at Yinrg.Net.Sockets.SocketClient.GsnOTWuuJ(IAsyncResult  )
2019-07-07 11:07:06: Cannot access a disposed object.
Object name: 'System.Net.Sockets.Socket'.   at System.Net.Sockets.Socket.EndReceive(IAsyncResult asyncResult, SocketError& errorCode)
   at System.Net.Sockets.Socket.EndReceive(IAsyncResult asyncResult)
   at Yinrg.Net.Sockets.SocketClient.s91nev5CPITrFiQpWCt(Object , Object )
   at Yinrg.Net.Sockets.SocketClient.GsnOTWuuJ(IAsyncResult  )
2019-07-07 11:07:06: Cannot access a disposed object.
Object name: 'System.Net.Sockets.Socket'.   at System.Net.Sockets.Socket.EndReceive(IAsyncResult asyncResult, SocketError& errorCode)
   at System.Net.Sockets.Socket.EndReceive(IAsyncResult asyncResult)
   at Yinrg.Net.Sockets.SocketClient.s91nev5CPITrFiQpWCt(Object , Object )
   at Yinrg.Net.Sockets.SocketClient.GsnOTWuuJ(IAsyncResult  )
2019-07-07 11:07:06: Cannot access a disposed object.
Object name: 'System.Net.Sockets.Socket'.   at System.Net.Sockets.Socket.EndReceive(IAsyncResult asyncResult, SocketError& errorCode)
   at System.Net.Sockets.Socket.EndReceive(IAsyncResult asyncResult)
   at Yinrg.Net.Sockets.SocketClient.s91nev5CPITrFiQpWCt(Object , Object )
   at Yinrg.Net.Sockets.SocketClient.GsnOTWuuJ(IAsyncResult  )
2019-07-07 11:07:06: Cannot access a disposed object.
Object name: 'System.Net.Sockets.Socket'.   at System.Net.Sockets.Socket.EndReceive(IAsyncResult asyncResult, SocketError& errorCode)
   at System.Net.Sockets.Socket.EndReceive(IAsyncResult asyncResult)
   at Yinrg.Net.Sockets.SocketClient.s91nev5CPITrFiQpWCt(Object , Object )
   at Yinrg.Net.Sockets.SocketClient.GsnOTWuuJ(IAsyncResult  )
2019-07-07 11:07:06: Cannot access a disposed object.
Object name: 'System.Net.Sockets.Socket'.   at System.Net.Sockets.Socket.EndReceive(IAsyncResult asyncResult, SocketError& errorCode)
   at System.Net.Sockets.Socket.EndReceive(IAsyncResult asyncResult)
   at Yinrg.Net.Sockets.SocketClient.s91nev5CPITrFiQpWCt(Object , Object )
   at Yinrg.Net.Sockets.SocketClient.GsnOTWuuJ(IAsyncResult  )
2019-07-07 11:07:06: Cannot access a disposed object.
Object name: 'System.Net.Sockets.Socket'.   at System.Net.Sockets.Socket.EndReceive(IAsyncResult asyncResult, SocketError& errorCode)
   at System.Net.Sockets.Socket.EndReceive(IAsyncResult asyncResult)
   at Yinrg.Net.Sockets.SocketClient.s91nev5CPITrFiQpWCt(Object , Object )
   at Yinrg.Net.Sockets.SocketClient.GsnOTWuuJ(IAsyncResult  )
2019-07-07 11:07:06: Cannot access a disposed object.
Object name: 'System.Net.Sockets.Socket'.   at System.Net.Sockets.Socket.EndReceive(IAsyncResult asyncResult, SocketError& errorCode)
   at System.Net.Sockets.Socket.EndReceive(IAsyncResult asyncResult)
   at Yinrg.Net.Sockets.SocketClient.s91nev5CPITrFiQpWCt(Object , Object )
   at Yinrg.Net.Sockets.SocketClient.GsnOTWuuJ(IAsyncResult  )
2019-07-07 11:07:06: Cannot access a disposed object.
Object name: 'System.Net.Sockets.Socket'.   at System.Net.Sockets.Socket.EndReceive(IAsyncResult asyncResult, SocketError& errorCode)
   at System.Net.Sockets.Socket.EndReceive(IAsyncResult asyncResult)
   at Yinrg.Net.Sockets.SocketClient.s91nev5CPITrFiQpWCt(Object , Object )
   at Yinrg.Net.Sockets.SocketClient.GsnOTWuuJ(IAsyncResult  )
2019-07-07 11:07:06: Cannot access a disposed object.
Object name: 'System.Net.Sockets.Socket'.   at System.Net.Sockets.Socket.EndReceive(IAsyncResult asyncResult, SocketError& errorCode)
   at System.Net.Sockets.Socket.EndReceive(IAsyncResult asyncResult)
   at Yinrg.Net.Sockets.SocketClient.s91nev5CPITrFiQpWCt(Object , Object )
   at Yinrg.Net.Sockets.SocketClient.GsnOTWuuJ(IAsyncResult  )
2019-07-07 11:07:06: Cannot access a disposed object.
Object name: 'System.Net.Sockets.Socket'.   at System.Net.Sockets.Socket.EndReceive(IAsyncResult asyncResult, SocketError& errorCode)
   at System.Net.Sockets.Socket.EndReceive(IAsyncResult asyncResult)
   at Yinrg.Net.Sockets.SocketClient.s91nev5CPITrFiQpWCt(Object , Object )
   at Yinrg.Net.Sockets.SocketClient.GsnOTWuuJ(IAsyncResult  )
2019-07-07 11:07:06: Cannot access a disposed object.
Object name: 'System.Net.Sockets.Socket'.   at System.Net.Sockets.Socket.EndReceive(IAsyncResult asyncResult, SocketError& errorCode)
   at System.Net.Sockets.Socket.EndReceive(IAsyncResult asyncResult)
   at Yinrg.Net.Sockets.SocketClient.s91nev5CPITrFiQpWCt(Object , Object )
   at Yinrg.Net.Sockets.SocketClient.GsnOTWuuJ(IAsyncResult  )
2019-07-07 15:39:40: Cannot access a disposed object.
Object name: 'System.Net.Sockets.Socket'.   at System.Net.Sockets.Socket.EndSend(IAsyncResult asyncResult, SocketError& errorCode)
   at System.Net.Sockets.Socket.EndSend(IAsyncResult asyncResult)
   at Yinrg.Net.Sockets.SocketClient.wQh1k8mXtn4yGgQ8LDh(Object , Object )
   at Yinrg.Net.Sockets.SocketClient.SendByteCallBack(IAsyncResult ar)
2019-07-07 15:39:40: Cannot access a disposed object.
Object name: 'System.Net.Sockets.Socket'.   at System.Net.Sockets.Socket.EndReceive(IAsyncResult asyncResult, SocketError& errorCode)
   at System.Net.Sockets.Socket.EndReceive(IAsyncResult asyncResult)
   at Yinrg.Net.Sockets.SocketClient.s91nev5CPITrFiQpWCt(Object , Object )
   at Yinrg.Net.Sockets.SocketClient.GsnOTWuuJ(IAsyncResult  )
2019-07-07 15:39:40: Cannot access a disposed object.
Object name: 'System.Net.Sockets.Socket'.   at System.Net.Sockets.Socket.EndReceive(IAsyncResult asyncResult, SocketError& errorCode)
   at System.Net.Sockets.Socket.EndReceive(IAsyncResult asyncResult)
   at Yinrg.Net.Sockets.SocketClient.s91nev5CPITrFiQpWCt(Object , Object )
   at Yinrg.Net.Sockets.SocketClient.GsnOTWuuJ(IAsyncResult  )
2019-07-07 15:39:40: Cannot access a disposed object.
Object name: 'System.Net.Sockets.Socket'.   at System.Net.Sockets.Socket.EndSend(IAsyncResult asyncResult, SocketError& errorCode)
   at System.Net.Sockets.Socket.EndSend(IAsyncResult asyncResult)
   at Yinrg.Net.Sockets.SocketClient.wQh1k8mXtn4yGgQ8LDh(Object , Object )
   at Yinrg.Net.Sockets.SocketClient.SendByteCallBack(IAsyncResult ar)
2019-07-07 15:39:40: Cannot access a disposed object.
Object name: 'System.Net.Sockets.Socket'.   at System.Net.Sockets.Socket.EndReceive(IAsyncResult asyncResult, SocketError& errorCode)
   at System.Net.Sockets.Socket.EndReceive(IAsyncResult asyncResult)
   at Yinrg.Net.Sockets.SocketClient.s91nev5CPITrFiQpWCt(Object , Object )
   at Yinrg.Net.Sockets.SocketClient.GsnOTWuuJ(IAsyncResult  )
2019-07-07 15:39:40: Cannot access a disposed object.
Object name: 'System.Net.Sockets.Socket'.   at System.Net.Sockets.Socket.EndSend(IAsyncResult asyncResult, SocketError& errorCode)
   at System.Net.Sockets.Socket.EndSend(IAsyncResult asyncResult)
   at Yinrg.Net.Sockets.SocketClient.wQh1k8mXtn4yGgQ8LDh(Object , Object )
   at Yinrg.Net.Sockets.SocketClient.SendByteCallBack(IAsyncResult ar)
2019-07-07 15:39:40: Cannot access a disposed object.
Object name: 'System.Net.Sockets.Socket'.   at System.Net.Sockets.Socket.EndReceive(IAsyncResult asyncResult, SocketError& errorCode)
   at System.Net.Sockets.Socket.EndReceive(IAsyncResult asyncResult)
   at Yinrg.Net.Sockets.SocketClient.s91nev5CPITrFiQpWCt(Object , Object )
   at Yinrg.Net.Sockets.SocketClient.GsnOTWuuJ(IAsyncResult  )
2019-07-07 15:39:40: Cannot access a disposed object.
Object name: 'System.Net.Sockets.Socket'.   at System.Net.Sockets.Socket.EndSend(IAsyncResult asyncResult, SocketError& errorCode)
   at System.Net.Sockets.Socket.EndSend(IAsyncResult asyncResult)
   at Yinrg.Net.Sockets.SocketClient.wQh1k8mXtn4yGgQ8LDh(Object , Object )
   at Yinrg.Net.Sockets.SocketClient.SendByteCallBack(IAsyncResult ar)
2019-07-07 15:39:40: Cannot access a disposed object.
Object name: 'System.Net.Sockets.Socket'.   at System.Net.Sockets.Socket.EndSend(IAsyncResult asyncResult, SocketError& errorCode)
   at System.Net.Sockets.Socket.EndSend(IAsyncResult asyncResult)
   at Yinrg.Net.Sockets.SocketClient.wQh1k8mXtn4yGgQ8LDh(Object , Object )
   at Yinrg.Net.Sockets.SocketClient.SendByteCallBack(IAsyncResult ar)
2019-07-07 15:39:40: Cannot access a disposed object.
Object name: 'System.Net.Sockets.Socket'.   at System.Net.Sockets.Socket.EndReceive(IAsyncResult asyncResult, SocketError& errorCode)
   at System.Net.Sockets.Socket.EndReceive(IAsyncResult asyncResult)
   at Yinrg.Net.Sockets.SocketClient.s91nev5CPITrFiQpWCt(Object , Object )
   at Yinrg.Net.Sockets.SocketClient.GsnOTWuuJ(IAsyncResult  )
2019-07-07 15:39:40: Cannot access a disposed object.
Object name: 'System.Net.Sockets.Socket'.   at System.Net.Sockets.Socket.EndSend(IAsyncResult asyncResult, SocketError& errorCode)
   at System.Net.Sockets.Socket.EndSend(IAsyncResult asyncResult)
   at Yinrg.Net.Sockets.SocketClient.wQh1k8mXtn4yGgQ8LDh(Object , Object )
   at Yinrg.Net.Sockets.SocketClient.SendByteCallBack(IAsyncResult ar)
2019-07-07 15:39:40: Cannot access a disposed object.
Object name: 'System.Net.Sockets.Socket'.   at System.Net.Sockets.Socket.EndSend(IAsyncResult asyncResult, SocketError& errorCode)
   at System.Net.Sockets.Socket.EndSend(IAsyncResult asyncResult)
   at Yinrg.Net.Sockets.SocketClient.wQh1k8mXtn4yGgQ8LDh(Object , Object )
   at Yinrg.Net.Sockets.SocketClient.SendByteCallBack(IAsyncResult ar)
2019-07-07 15:39:40: Cannot access a disposed object.
Object name: 'System.Net.Sockets.Socket'.   at System.Net.Sockets.Socket.EndReceive(IAsyncResult asyncResult, SocketError& errorCode)
   at System.Net.Sockets.Socket.EndReceive(IAsyncResult asyncResult)
   at Yinrg.Net.Sockets.SocketClient.s91nev5CPITrFiQpWCt(Object , Object )
   at Yinrg.Net.Sockets.SocketClient.GsnOTWuuJ(IAsyncResult  )
2019-07-07 15:39:40: Cannot access a disposed object.
Object name: 'System.Net.Sockets.Socket'.   at System.Net.Sockets.Socket.EndSend(IAsyncResult asyncResult, SocketError& errorCode)
   at System.Net.Sockets.Socket.EndSend(IAsyncResult asyncResult)
   at Yinrg.Net.Sockets.SocketClient.wQh1k8mXtn4yGgQ8LDh(Object , Object )
   at Yinrg.Net.Sockets.SocketClient.SendByteCallBack(IAsyncResult ar)
2019-07-07 15:39:40: Cannot access a disposed object.
Object name: 'System.Net.Sockets.Socket'.   at System.Net.Sockets.Socket.EndSend(IAsyncResult asyncResult, SocketError& errorCode)
   at System.Net.Sockets.Socket.EndSend(IAsyncResult asyncResult)
   at Yinrg.Net.Sockets.SocketClient.wQh1k8mXtn4yGgQ8LDh(Object , Object )
   at Yinrg.Net.Sockets.SocketClient.SendByteCallBack(IAsyncResult ar)
2019-07-07 15:39:40: Cannot access a disposed object.
Object name: 'System.Net.Sockets.Socket'.   at System.Net.Sockets.Socket.EndReceive(IAsyncResult asyncResult, SocketError& errorCode)
   at System.Net.Sockets.Socket.EndReceive(IAsyncResult asyncResult)
   at Yinrg.Net.Sockets.SocketClient.s91nev5CPITrFiQpWCt(Object , Object )
   at Yinrg.Net.Sockets.SocketClient.GsnOTWuuJ(IAsyncResult  )
2019-07-07 15:39:40: Cannot access a disposed object.
Object name: 'System.Net.Sockets.Socket'.   at System.Net.Sockets.Socket.EndSend(IAsyncResult asyncResult, SocketError& errorCode)
   at System.Net.Sockets.Socket.EndSend(IAsyncResult asyncResult)
   at Yinrg.Net.Sockets.SocketClient.wQh1k8mXtn4yGgQ8LDh(Object , Object )
   at Yinrg.Net.Sockets.SocketClient.SendByteCallBack(IAsyncResult ar)
2019-07-07 15:39:40: Cannot access a disposed object.
Object name: 'System.Net.Sockets.Socket'.   at System.Net.Sockets.Socket.EndSend(IAsyncResult asyncResult, SocketError& errorCode)
   at System.Net.Sockets.Socket.EndSend(IAsyncResult asyncResult)
   at Yinrg.Net.Sockets.SocketClient.wQh1k8mXtn4yGgQ8LDh(Object , Object )
   at Yinrg.Net.Sockets.SocketClient.SendByteCallBack(IAsyncResult ar)
2019-07-07 15:39:40: Cannot access a disposed object.
Object name: 'System.Net.Sockets.Socket'.   at System.Net.Sockets.Socket.EndReceive(IAsyncResult asyncResult, SocketError& errorCode)
   at System.Net.Sockets.Socket.EndReceive(IAsyncResult asyncResult)
   at Yinrg.Net.Sockets.SocketClient.s91nev5CPITrFiQpWCt(Object , Object )
   at Yinrg.Net.Sockets.SocketClient.GsnOTWuuJ(IAsyncResult  )
2019-07-07 15:39:40: Cannot access a disposed object.
Object name: 'System.Net.Sockets.Socket'.   at System.Net.Sockets.Socket.EndSend(IAsyncResult asyncResult, SocketError& errorCode)
   at System.Net.Sockets.Socket.EndSend(IAsyncResult asyncResult)
   at Yinrg.Net.Sockets.SocketClient.wQh1k8mXtn4yGgQ8LDh(Object , Object )
   at Yinrg.Net.Sockets.SocketClient.SendByteCallBack(IAsyncResult ar)
2019-07-07 15:39:40: Cannot access a disposed object.
Object name: 'System.Net.Sockets.Socket'.   at System.Net.Sockets.Socket.EndSend(IAsyncResult asyncResult, SocketError& errorCode)
   at System.Net.Sockets.Socket.EndSend(IAsyncResult asyncResult)
   at Yinrg.Net.Sockets.SocketClient.wQh1k8mXtn4yGgQ8LDh(Object , Object )
   at Yinrg.Net.Sockets.SocketClient.SendByteCallBack(IAsyncResult ar)
2019-07-07 15:39:40: Cannot access a disposed object.
Object name: 'System.Net.Sockets.Socket'.   at System.Net.Sockets.Socket.EndReceive(IAsyncResult asyncResult, SocketError& errorCode)
   at System.Net.Sockets.Socket.EndReceive(IAsyncResult asyncResult)
   at Yinrg.Net.Sockets.SocketClient.s91nev5CPITrFiQpWCt(Object , Object )
   at Yinrg.Net.Sockets.SocketClient.GsnOTWuuJ(IAsyncResult  )
2019-07-07 15:39:40: Cannot access a disposed object.
Object name: 'System.Net.Sockets.Socket'.   at System.Net.Sockets.Socket.EndSend(IAsyncResult asyncResult, SocketError& errorCode)
   at System.Net.Sockets.Socket.EndSend(IAsyncResult asyncResult)
   at Yinrg.Net.Sockets.SocketClient.wQh1k8mXtn4yGgQ8LDh(Object , Object )
   at Yinrg.Net.Sockets.SocketClient.SendByteCallBack(IAsyncResult ar)
2019-07-07 15:39:40: Cannot access a disposed object.
Object name: 'System.Net.Sockets.Socket'.   at System.Net.Sockets.Socket.EndSend(IAsyncResult asyncResult, SocketError& errorCode)
   at System.Net.Sockets.Socket.EndSend(IAsyncResult asyncResult)
   at Yinrg.Net.Sockets.SocketClient.wQh1k8mXtn4yGgQ8LDh(Object , Object )
   at Yinrg.Net.Sockets.SocketClient.SendByteCallBack(IAsyncResult ar)
2019-07-07 15:56:36: 由于连接方在一段时间后没有正确答复或连接的主机没有反应，连接尝试失败。   at System.Net.Sockets.Socket.EndReceive(IAsyncResult asyncResult)
   at Yinrg.Net.Sockets.SocketClient.s91nev5CPITrFiQpWCt(Object , Object )
   at Yinrg.Net.Sockets.SocketClient.GsnOTWuuJ(IAsyncResult  )
2019-07-07 15:56:36: 由于连接方在一段时间后没有正确答复或连接的主机没有反应，连接尝试失败。   at System.Net.Sockets.Socket.EndReceive(IAsyncResult asyncResult)
   at Yinrg.Net.Sockets.SocketClient.s91nev5CPITrFiQpWCt(Object , Object )
   at Yinrg.Net.Sockets.SocketClient.GsnOTWuuJ(IAsyncResult  )
2019-07-07 15:56:36: 由于连接方在一段时间后没有正确答复或连接的主机没有反应，连接尝试失败。   at System.Net.Sockets.Socket.EndReceive(IAsyncResult asyncResult)
   at Yinrg.Net.Sockets.SocketClient.s91nev5CPITrFiQpWCt(Object , Object )
   at Yinrg.Net.Sockets.SocketClient.GsnOTWuuJ(IAsyncResult  )
2019-07-07 15:56:36: 由于连接方在一段时间后没有正确答复或连接的主机没有反应，连接尝试失败。   at System.Net.Sockets.Socket.EndReceive(IAsyncResult asyncResult)
   at Yinrg.Net.Sockets.SocketClient.s91nev5CPITrFiQpWCt(Object , Object )
   at Yinrg.Net.Sockets.SocketClient.GsnOTWuuJ(IAsyncResult  )
2019-07-07 15:56:36: 由于连接方在一段时间后没有正确答复或连接的主机没有反应，连接尝试失败。   at System.Net.Sockets.Socket.EndReceive(IAsyncResult asyncResult)
   at Yinrg.Net.Sockets.SocketClient.s91nev5CPITrFiQpWCt(Object , Object )
   at Yinrg.Net.Sockets.SocketClient.GsnOTWuuJ(IAsyncResult  )
2019-07-07 15:56:36: 由于连接方在一段时间后没有正确答复或连接的主机没有反应，连接尝试失败。   at System.Net.Sockets.Socket.EndReceive(IAsyncResult asyncResult)
   at Yinrg.Net.Sockets.SocketClient.s91nev5CPITrFiQpWCt(Object , Object )
   at Yinrg.Net.Sockets.SocketClient.GsnOTWuuJ(IAsyncResult  )
2019-07-07 15:56:36: 由于连接方在一段时间后没有正确答复或连接的主机没有反应，连接尝试失败。   at System.Net.Sockets.Socket.EndReceive(IAsyncResult asyncResult)
   at Yinrg.Net.Sockets.SocketClient.s91nev5CPITrFiQpWCt(Object , Object )
   at Yinrg.Net.Sockets.SocketClient.GsnOTWuuJ(IAsyncResult  )
2019-07-07 15:56:36: 由于连接方在一段时间后没有正确答复或连接的主机没有反应，连接尝试失败。   at System.Net.Sockets.Socket.EndReceive(IAsyncResult asyncResult)
   at Yinrg.Net.Sockets.SocketClient.s91nev5CPITrFiQpWCt(Object , Object )
   at Yinrg.Net.Sockets.SocketClient.GsnOTWuuJ(IAsyncResult  )
2019-07-07 15:56:36: 由于连接方在一段时间后没有正确答复或连接的主机没有反应，连接尝试失败。   at System.Net.Sockets.Socket.EndReceive(IAsyncResult asyncResult)
   at Yinrg.Net.Sockets.SocketClient.s91nev5CPITrFiQpWCt(Object , Object )
   at Yinrg.Net.Sockets.SocketClient.GsnOTWuuJ(IAsyncResult  )
2019-07-07 16:10:02: 由于连接方在一段时间后没有正确答复或连接的主机没有反应，连接尝试失败。   at System.Net.Sockets.Socket.EndReceive(IAsyncResult asyncResult)
   at Yinrg.Net.Sockets.SocketClient.s91nev5CPITrFiQpWCt(Object , Object )
   at Yinrg.Net.Sockets.SocketClient.GsnOTWuuJ(IAsyncResult  )
2019-07-07 16:10:02: 由于连接方在一段时间后没有正确答复或连接的主机没有反应，连接尝试失败。   at System.Net.Sockets.Socket.EndReceive(IAsyncResult asyncResult)
   at Yinrg.Net.Sockets.SocketClient.s91nev5CPITrFiQpWCt(Object , Object )
   at Yinrg.Net.Sockets.SocketClient.GsnOTWuuJ(IAsyncResult  )
2019-07-07 16:10:02: 由于连接方在一段时间后没有正确答复或连接的主机没有反应，连接尝试失败。   at System.Net.Sockets.Socket.EndReceive(IAsyncResult asyncResult)
   at Yinrg.Net.Sockets.SocketClient.s91nev5CPITrFiQpWCt(Object , Object )
   at Yinrg.Net.Sockets.SocketClient.GsnOTWuuJ(IAsyncResult  )
2019-07-07 16:10:03: 由于连接方在一段时间后没有正确答复或连接的主机没有反应，连接尝试失败。   at System.Net.Sockets.Socket.EndReceive(IAsyncResult asyncResult)
   at Yinrg.Net.Sockets.SocketClient.s91nev5CPITrFiQpWCt(Object , Object )
   at Yinrg.Net.Sockets.SocketClient.GsnOTWuuJ(IAsyncResult  )
2019-07-07 16:10:03: 由于连接方在一段时间后没有正确答复或连接的主机没有反应，连接尝试失败。   at System.Net.Sockets.Socket.EndReceive(IAsyncResult asyncResult)
   at Yinrg.Net.Sockets.SocketClient.s91nev5CPITrFiQpWCt(Object , Object )
   at Yinrg.Net.Sockets.SocketClient.GsnOTWuuJ(IAsyncResult  )
2019-07-07 16:10:03: 由于连接方在一段时间后没有正确答复或连接的主机没有反应，连接尝试失败。   at System.Net.Sockets.Socket.EndReceive(IAsyncResult asyncResult)
   at Yinrg.Net.Sockets.SocketClient.s91nev5CPITrFiQpWCt(Object , Object )
   at Yinrg.Net.Sockets.SocketClient.GsnOTWuuJ(IAsyncResult  )
2019-07-07 16:17:38: Cannot access a disposed object.
Object name: 'System.Net.Sockets.Socket'.   at System.Net.Sockets.Socket.EndReceive(IAsyncResult asyncResult, SocketError& errorCode)
   at System.Net.Sockets.Socket.EndReceive(IAsyncResult asyncResult)
   at Yinrg.Net.Sockets.SocketClient.s91nev5CPITrFiQpWCt(Object , Object )
   at Yinrg.Net.Sockets.SocketClient.GsnOTWuuJ(IAsyncResult  )
2019-07-07 16:17:38: Cannot access a disposed object.
Object name: 'System.Net.Sockets.Socket'.   at System.Net.Sockets.Socket.EndSend(IAsyncResult asyncResult, SocketError& errorCode)
   at System.Net.Sockets.Socket.EndSend(IAsyncResult asyncResult)
   at Yinrg.Net.Sockets.SocketClient.wQh1k8mXtn4yGgQ8LDh(Object , Object )
   at Yinrg.Net.Sockets.SocketClient.SendByteCallBack(IAsyncResult ar)
2019-07-07 16:17:38: Cannot access a disposed object.
Object name: 'System.Net.Sockets.Socket'.   at System.Net.Sockets.Socket.EndSend(IAsyncResult asyncResult, SocketError& errorCode)
   at System.Net.Sockets.Socket.EndSend(IAsyncResult asyncResult)
   at Yinrg.Net.Sockets.SocketClient.wQh1k8mXtn4yGgQ8LDh(Object , Object )
   at Yinrg.Net.Sockets.SocketClient.SendByteCallBack(IAsyncResult ar)
2019-07-07 16:17:38: Cannot access a disposed object.
Object name: 'System.Net.Sockets.Socket'.   at System.Net.Sockets.Socket.EndSend(IAsyncResult asyncResult, SocketError& errorCode)
   at System.Net.Sockets.Socket.EndSend(IAsyncResult asyncResult)
   at Yinrg.Net.Sockets.SocketClient.wQh1k8mXtn4yGgQ8LDh(Object , Object )
   at Yinrg.Net.Sockets.SocketClient.SendByteCallBack(IAsyncResult ar)
2019-07-07 16:17:38: Cannot access a disposed object.
Object name: 'System.Net.Sockets.Socket'.   at System.Net.Sockets.Socket.EndSend(IAsyncResult asyncResult, SocketError& errorCode)
   at System.Net.Sockets.Socket.EndSend(IAsyncResult asyncResult)
   at Yinrg.Net.Sockets.SocketClient.wQh1k8mXtn4yGgQ8LDh(Object , Object )
   at Yinrg.Net.Sockets.SocketClient.SendByteCallBack(IAsyncResult ar)
2019-07-07 16:17:38: Cannot access a disposed object.
Object name: 'System.Net.Sockets.Socket'.   at System.Net.Sockets.Socket.EndSend(IAsyncResult asyncResult, SocketError& errorCode)
   at System.Net.Sockets.Socket.EndSend(IAsyncResult asyncResult)
   at Yinrg.Net.Sockets.SocketClient.wQh1k8mXtn4yGgQ8LDh(Object , Object )
   at Yinrg.Net.Sockets.SocketClient.SendByteCallBack(IAsyncResult ar)
2019-07-07 16:17:38: Cannot access a disposed object.
Object name: 'System.Net.Sockets.Socket'.   at System.Net.Sockets.Socket.EndSend(IAsyncResult asyncResult, SocketError& errorCode)
   at System.Net.Sockets.Socket.EndSend(IAsyncResult asyncResult)
   at Yinrg.Net.Sockets.SocketClient.wQh1k8mXtn4yGgQ8LDh(Object , Object )
   at Yinrg.Net.Sockets.SocketClient.SendByteCallBack(IAsyncResult ar)
2019-07-07 16:17:38: Cannot access a disposed object.
Object name: 'System.Net.Sockets.Socket'.   at System.Net.Sockets.Socket.EndSend(IAsyncResult asyncResult, SocketError& errorCode)
   at System.Net.Sockets.Socket.EndSend(IAsyncResult asyncResult)
   at Yinrg.Net.Sockets.SocketClient.wQh1k8mXtn4yGgQ8LDh(Object , Object )
   at Yinrg.Net.Sockets.SocketClient.SendByteCallBack(IAsyncResult ar)
2019-07-07 16:17:38: Cannot access a disposed object.
Object name: 'System.Net.Sockets.Socket'.   at System.Net.Sockets.Socket.EndSend(IAsyncResult asyncResult, SocketError& errorCode)
   at System.Net.Sockets.Socket.EndSend(IAsyncResult asyncResult)
   at Yinrg.Net.Sockets.SocketClient.wQh1k8mXtn4yGgQ8LDh(Object , Object )
   at Yinrg.Net.Sockets.SocketClient.SendByteCallBack(IAsyncResult ar)
2019-07-07 16:17:38: Cannot access a disposed object.
Object name: 'System.Net.Sockets.Socket'.   at System.Net.Sockets.Socket.EndSend(IAsyncResult asyncResult, SocketError& errorCode)
   at System.Net.Sockets.Socket.EndSend(IAsyncResult asyncResult)
   at Yinrg.Net.Sockets.SocketClient.wQh1k8mXtn4yGgQ8LDh(Object , Object )
   at Yinrg.Net.Sockets.SocketClient.SendByteCallBack(IAsyncResult ar)
2019-07-07 16:17:38: Cannot access a disposed object.
Object name: 'System.Net.Sockets.Socket'.   at System.Net.Sockets.Socket.EndSend(IAsyncResult asyncResult, SocketError& errorCode)
   at System.Net.Sockets.Socket.EndSend(IAsyncResult asyncResult)
   at Yinrg.Net.Sockets.SocketClient.wQh1k8mXtn4yGgQ8LDh(Object , Object )
   at Yinrg.Net.Sockets.SocketClient.SendByteCallBack(IAsyncResult ar)
2019-07-07 16:17:38: Cannot access a disposed object.
Object name: 'System.Net.Sockets.Socket'.   at System.Net.Sockets.Socket.EndSend(IAsyncResult asyncResult, SocketError& errorCode)
   at System.Net.Sockets.Socket.EndSend(IAsyncResult asyncResult)
   at Yinrg.Net.Sockets.SocketClient.wQh1k8mXtn4yGgQ8LDh(Object , Object )
   at Yinrg.Net.Sockets.SocketClient.SendByteCallBack(IAsyncResult ar)
2019-07-07 16:17:38: Cannot access a disposed object.
Object name: 'System.Net.Sockets.Socket'.   at System.Net.Sockets.Socket.EndSend(IAsyncResult asyncResult, SocketError& errorCode)
   at System.Net.Sockets.Socket.EndSend(IAsyncResult asyncResult)
   at Yinrg.Net.Sockets.SocketClient.wQh1k8mXtn4yGgQ8LDh(Object , Object )
   at Yinrg.Net.Sockets.SocketClient.SendByteCallBack(IAsyncResult ar)
2019-07-07 16:17:38: Cannot access a disposed object.
Object name: 'System.Net.Sockets.Socket'.   at System.Net.Sockets.Socket.EndSend(IAsyncResult asyncResult, SocketError& errorCode)
   at System.Net.Sockets.Socket.EndSend(IAsyncResult asyncResult)
   at Yinrg.Net.Sockets.SocketClient.wQh1k8mXtn4yGgQ8LDh(Object , Object )
   at Yinrg.Net.Sockets.SocketClient.SendByteCallBack(IAsyncResult ar)
2019-07-07 16:17:38: Cannot access a disposed object.
Object name: 'System.Net.Sockets.Socket'.   at System.Net.Sockets.Socket.EndSend(IAsyncResult asyncResult, SocketError& errorCode)
   at System.Net.Sockets.Socket.EndSend(IAsyncResult asyncResult)
   at Yinrg.Net.Sockets.SocketClient.wQh1k8mXtn4yGgQ8LDh(Object , Object )
   at Yinrg.Net.Sockets.SocketClient.SendByteCallBack(IAsyncResult ar)
2019-07-07 16:17:38: Cannot access a disposed object.
Object name: 'System.Net.Sockets.Socket'.   at System.Net.Sockets.Socket.EndSend(IAsyncResult asyncResult, SocketError& errorCode)
   at System.Net.Sockets.Socket.EndSend(IAsyncResult asyncResult)
   at Yinrg.Net.Sockets.SocketClient.wQh1k8mXtn4yGgQ8LDh(Object , Object )
   at Yinrg.Net.Sockets.SocketClient.SendByteCallBack(IAsyncResult ar)
2019-07-07 16:17:38: Cannot access a disposed object.
Object name: 'System.Net.Sockets.Socket'.   at System.Net.Sockets.Socket.EndSend(IAsyncResult asyncResult, SocketError& errorCode)
   at System.Net.Sockets.Socket.EndSend(IAsyncResult asyncResult)
   at Yinrg.Net.Sockets.SocketClient.wQh1k8mXtn4yGgQ8LDh(Object , Object )
   at Yinrg.Net.Sockets.SocketClient.SendByteCallBack(IAsyncResult ar)
2019-07-07 16:17:38: Cannot access a disposed object.
Object name: 'System.Net.Sockets.Socket'.   at System.Net.Sockets.Socket.EndSend(IAsyncResult asyncResult, SocketError& errorCode)
   at System.Net.Sockets.Socket.EndSend(IAsyncResult asyncResult)
   at Yinrg.Net.Sockets.SocketClient.wQh1k8mXtn4yGgQ8LDh(Object , Object )
   at Yinrg.Net.Sockets.SocketClient.SendByteCallBack(IAsyncResult ar)
2019-07-07 16:17:38: Cannot access a disposed object.
Object name: 'System.Net.Sockets.Socket'.   at System.Net.Sockets.Socket.EndSend(IAsyncResult asyncResult, SocketError& errorCode)
   at System.Net.Sockets.Socket.EndSend(IAsyncResult asyncResult)
   at Yinrg.Net.Sockets.SocketClient.wQh1k8mXtn4yGgQ8LDh(Object , Object )
   at Yinrg.Net.Sockets.SocketClient.SendByteCallBack(IAsyncResult ar)
2019-07-07 16:17:38: Cannot access a disposed object.
Object name: 'System.Net.Sockets.Socket'.   at System.Net.Sockets.Socket.EndSend(IAsyncResult asyncResult, SocketError& errorCode)
   at System.Net.Sockets.Socket.EndSend(IAsyncResult asyncResult)
   at Yinrg.Net.Sockets.SocketClient.wQh1k8mXtn4yGgQ8LDh(Object , Object )
   at Yinrg.Net.Sockets.SocketClient.SendByteCallBack(IAsyncResult ar)
2019-07-07 16:17:38: Cannot access a disposed object.
Object name: 'System.Net.Sockets.Socket'.   at System.Net.Sockets.Socket.EndSend(IAsyncResult asyncResult, SocketError& errorCode)
   at System.Net.Sockets.Socket.EndSend(IAsyncResult asyncResult)
   at Yinrg.Net.Sockets.SocketClient.wQh1k8mXtn4yGgQ8LDh(Object , Object )
   at Yinrg.Net.Sockets.SocketClient.SendByteCallBack(IAsyncResult ar)
2019-07-07 16:17:38: Cannot access a disposed object.
Object name: 'System.Net.Sockets.Socket'.   at System.Net.Sockets.Socket.EndSend(IAsyncResult asyncResult, SocketError& errorCode)
   at System.Net.Sockets.Socket.EndSend(IAsyncResult asyncResult)
   at Yinrg.Net.Sockets.SocketClient.wQh1k8mXtn4yGgQ8LDh(Object , Object )
   at Yinrg.Net.Sockets.SocketClient.SendByteCallBack(IAsyncResult ar)
2019-07-07 16:17:38: Cannot access a disposed object.
Object name: 'System.Net.Sockets.Socket'.   at System.Net.Sockets.Socket.EndSend(IAsyncResult asyncResult, SocketError& errorCode)
   at System.Net.Sockets.Socket.EndSend(IAsyncResult asyncResult)
   at Yinrg.Net.Sockets.SocketClient.wQh1k8mXtn4yGgQ8LDh(Object , Object )
   at Yinrg.Net.Sockets.SocketClient.SendByteCallBack(IAsyncResult ar)
2019-07-07 16:17:38: Cannot access a disposed object.
Object name: 'System.Net.Sockets.Socket'.   at System.Net.Sockets.Socket.EndSend(IAsyncResult asyncResult, SocketError& errorCode)
   at System.Net.Sockets.Socket.EndSend(IAsyncResult asyncResult)
   at Yinrg.Net.Sockets.SocketClient.wQh1k8mXtn4yGgQ8LDh(Object , Object )
   at Yinrg.Net.Sockets.SocketClient.SendByteCallBack(IAsyncResult ar)
2019-07-07 16:17:38: Cannot access a disposed object.
Object name: 'System.Net.Sockets.Socket'.   at System.Net.Sockets.Socket.EndSend(IAsyncResult asyncResult, SocketError& errorCode)
   at System.Net.Sockets.Socket.EndSend(IAsyncResult asyncResult)
   at Yinrg.Net.Sockets.SocketClient.wQh1k8mXtn4yGgQ8LDh(Object , Object )
   at Yinrg.Net.Sockets.SocketClient.SendByteCallBack(IAsyncResult ar)
2019-07-07 16:17:38: Cannot access a disposed object.
Object name: 'System.Net.Sockets.Socket'.   at System.Net.Sockets.Socket.EndSend(IAsyncResult asyncResult, SocketError& errorCode)
   at System.Net.Sockets.Socket.EndSend(IAsyncResult asyncResult)
   at Yinrg.Net.Sockets.SocketClient.wQh1k8mXtn4yGgQ8LDh(Object , Object )
   at Yinrg.Net.Sockets.SocketClient.SendByteCallBack(IAsyncResult ar)
2019-07-07 16:17:38: Cannot access a disposed object.
Object name: 'System.Net.Sockets.Socket'.   at System.Net.Sockets.Socket.EndSend(IAsyncResult asyncResult, SocketError& errorCode)
   at System.Net.Sockets.Socket.EndSend(IAsyncResult asyncResult)
   at Yinrg.Net.Sockets.SocketClient.wQh1k8mXtn4yGgQ8LDh(Object , Object )
   at Yinrg.Net.Sockets.SocketClient.SendByteCallBack(IAsyncResult ar)
2019-07-07 16:17:38: Cannot access a disposed object.
Object name: 'System.Net.Sockets.Socket'.   at System.Net.Sockets.Socket.EndSend(IAsyncResult asyncResult, SocketError& errorCode)
   at System.Net.Sockets.Socket.EndSend(IAsyncResult asyncResult)
   at Yinrg.Net.Sockets.SocketClient.wQh1k8mXtn4yGgQ8LDh(Object , Object )
   at Yinrg.Net.Sockets.SocketClient.SendByteCallBack(IAsyncResult ar)
2019-07-07 16:17:38: Cannot access a disposed object.
Object name: 'System.Net.Sockets.Socket'.   at System.Net.Sockets.Socket.EndSend(IAsyncResult asyncResult, SocketError& errorCode)
   at System.Net.Sockets.Socket.EndSend(IAsyncResult asyncResult)
   at Yinrg.Net.Sockets.SocketClient.wQh1k8mXtn4yGgQ8LDh(Object , Object )
   at Yinrg.Net.Sockets.SocketClient.SendByteCallBack(IAsyncResult ar)
2019-07-07 16:17:38: Cannot access a disposed object.
Object name: 'System.Net.Sockets.Socket'.   at System.Net.Sockets.Socket.EndReceive(IAsyncResult asyncResult, SocketError& errorCode)
   at System.Net.Sockets.Socket.EndReceive(IAsyncResult asyncResult)
   at Yinrg.Net.Sockets.SocketClient.s91nev5CPITrFiQpWCt(Object , Object )
   at Yinrg.Net.Sockets.SocketClient.GsnOTWuuJ(IAsyncResult  )
2019-07-07 16:17:38: Cannot access a disposed object.
Object name: 'System.Net.Sockets.Socket'.   at System.Net.Sockets.Socket.EndSend(IAsyncResult asyncResult, SocketError& errorCode)
   at System.Net.Sockets.Socket.EndSend(IAsyncResult asyncResult)
   at Yinrg.Net.Sockets.SocketClient.wQh1k8mXtn4yGgQ8LDh(Object , Object )
   at Yinrg.Net.Sockets.SocketClient.SendByteCallBack(IAsyncResult ar)
2019-07-07 16:17:38: Cannot access a disposed object.
Object name: 'System.Net.Sockets.Socket'.   at System.Net.Sockets.Socket.EndSend(IAsyncResult asyncResult, SocketError& errorCode)
   at System.Net.Sockets.Socket.EndSend(IAsyncResult asyncResult)
   at Yinrg.Net.Sockets.SocketClient.wQh1k8mXtn4yGgQ8LDh(Object , Object )
   at Yinrg.Net.Sockets.SocketClient.SendByteCallBack(IAsyncResult ar)
2019-07-07 16:17:38: Cannot access a disposed object.
Object name: 'System.Net.Sockets.Socket'.   at System.Net.Sockets.Socket.EndSend(IAsyncResult asyncResult, SocketError& errorCode)
   at System.Net.Sockets.Socket.EndSend(IAsyncResult asyncResult)
   at Yinrg.Net.Sockets.SocketClient.wQh1k8mXtn4yGgQ8LDh(Object , Object )
   at Yinrg.Net.Sockets.SocketClient.SendByteCallBack(IAsyncResult ar)
2019-07-07 16:17:38: Cannot access a disposed object.
Object name: 'System.Net.Sockets.Socket'.   at System.Net.Sockets.Socket.EndSend(IAsyncResult asyncResult, SocketError& errorCode)
   at System.Net.Sockets.Socket.EndSend(IAsyncResult asyncResult)
   at Yinrg.Net.Sockets.SocketClient.wQh1k8mXtn4yGgQ8LDh(Object , Object )
   at Yinrg.Net.Sockets.SocketClient.SendByteCallBack(IAsyncResult ar)
2019-07-07 16:17:38: Cannot access a disposed object.
Object name: 'System.Net.Sockets.Socket'.   at System.Net.Sockets.Socket.EndSend(IAsyncResult asyncResult, SocketError& errorCode)
   at System.Net.Sockets.Socket.EndSend(IAsyncResult asyncResult)
   at Yinrg.Net.Sockets.SocketClient.wQh1k8mXtn4yGgQ8LDh(Object , Object )
   at Yinrg.Net.Sockets.SocketClient.SendByteCallBack(IAsyncResult ar)
2019-07-07 16:17:38: Cannot access a disposed object.
Object name: 'System.Net.Sockets.Socket'.   at System.Net.Sockets.Socket.EndSend(IAsyncResult asyncResult, SocketError& errorCode)
   at System.Net.Sockets.Socket.EndSend(IAsyncResult asyncResult)
   at Yinrg.Net.Sockets.SocketClient.wQh1k8mXtn4yGgQ8LDh(Object , Object )
   at Yinrg.Net.Sockets.SocketClient.SendByteCallBack(IAsyncResult ar)
2019-07-07 16:17:38: Cannot access a disposed object.
Object name: 'System.Net.Sockets.Socket'.   at System.Net.Sockets.Socket.EndSend(IAsyncResult asyncResult, SocketError& errorCode)
   at System.Net.Sockets.Socket.EndSend(IAsyncResult asyncResult)
   at Yinrg.Net.Sockets.SocketClient.wQh1k8mXtn4yGgQ8LDh(Object , Object )
   at Yinrg.Net.Sockets.SocketClient.SendByteCallBack(IAsyncResult ar)
2019-07-07 16:17:38: Cannot access a disposed object.
Object name: 'System.Net.Sockets.Socket'.   at System.Net.Sockets.Socket.EndSend(IAsyncResult asyncResult, SocketError& errorCode)
   at System.Net.Sockets.Socket.EndSend(IAsyncResult asyncResult)
   at Yinrg.Net.Sockets.SocketClient.wQh1k8mXtn4yGgQ8LDh(Object , Object )
   at Yinrg.Net.Sockets.SocketClient.SendByteCallBack(IAsyncResult ar)
2019-07-07 16:17:38: Cannot access a disposed object.
Object name: 'System.Net.Sockets.Socket'.   at System.Net.Sockets.Socket.EndSend(IAsyncResult asyncResult, SocketError& errorCode)
   at System.Net.Sockets.Socket.EndSend(IAsyncResult asyncResult)
   at Yinrg.Net.Sockets.SocketClient.wQh1k8mXtn4yGgQ8LDh(Object , Object )
   at Yinrg.Net.Sockets.SocketClient.SendByteCallBack(IAsyncResult ar)
2019-07-07 16:17:38: Cannot access a disposed object.
Object name: 'System.Net.Sockets.Socket'.   at System.Net.Sockets.Socket.EndSend(IAsyncResult asyncResult, SocketError& errorCode)
   at System.Net.Sockets.Socket.EndSend(IAsyncResult asyncResult)
   at Yinrg.Net.Sockets.SocketClient.wQh1k8mXtn4yGgQ8LDh(Object , Object )
   at Yinrg.Net.Sockets.SocketClient.SendByteCallBack(IAsyncResult ar)
2019-07-07 16:17:38: Cannot access a disposed object.
Object name: 'System.Net.Sockets.Socket'.   at System.Net.Sockets.Socket.EndSend(IAsyncResult asyncResult, SocketError& errorCode)
   at System.Net.Sockets.Socket.EndSend(IAsyncResult asyncResult)
   at Yinrg.Net.Sockets.SocketClient.wQh1k8mXtn4yGgQ8LDh(Object , Object )
   at Yinrg.Net.Sockets.SocketClient.SendByteCallBack(IAsyncResult ar)
2019-07-07 16:17:38: Cannot access a disposed object.
Object name: 'System.Net.Sockets.Socket'.   at System.Net.Sockets.Socket.EndSend(IAsyncResult asyncResult, SocketError& errorCode)
   at System.Net.Sockets.Socket.EndSend(IAsyncResult asyncResult)
   at Yinrg.Net.Sockets.SocketClient.wQh1k8mXtn4yGgQ8LDh(Object , Object )
   at Yinrg.Net.Sockets.SocketClient.SendByteCallBack(IAsyncResult ar)
2019-07-07 16:17:38: Cannot access a disposed object.
Object name: 'System.Net.Sockets.Socket'.   at System.Net.Sockets.Socket.EndSend(IAsyncResult asyncResult, SocketError& errorCode)
   at System.Net.Sockets.Socket.EndSend(IAsyncResult asyncResult)
   at Yinrg.Net.Sockets.SocketClient.wQh1k8mXtn4yGgQ8LDh(Object , Object )
   at Yinrg.Net.Sockets.SocketClient.SendByteCallBack(IAsyncResult ar)
2019-07-07 16:17:38: Cannot access a disposed object.
Object name: 'System.Net.Sockets.Socket'.   at System.Net.Sockets.Socket.EndSend(IAsyncResult asyncResult, SocketError& errorCode)
   at System.Net.Sockets.Socket.EndSend(IAsyncResult asyncResult)
   at Yinrg.Net.Sockets.SocketClient.wQh1k8mXtn4yGgQ8LDh(Object , Object )
   at Yinrg.Net.Sockets.SocketClient.SendByteCallBack(IAsyncResult ar)
2019-07-07 16:17:38: Cannot access a disposed object.
Object name: 'System.Net.Sockets.Socket'.   at System.Net.Sockets.Socket.EndSend(IAsyncResult asyncResult, SocketError& errorCode)
   at System.Net.Sockets.Socket.EndSend(IAsyncResult asyncResult)
   at Yinrg.Net.Sockets.SocketClient.wQh1k8mXtn4yGgQ8LDh(Object , Object )
   at Yinrg.Net.Sockets.SocketClient.SendByteCallBack(IAsyncResult ar)
2019-07-07 16:17:38: Cannot access a disposed object.
Object name: 'System.Net.Sockets.Socket'.   at System.Net.Sockets.Socket.EndReceive(IAsyncResult asyncResult, SocketError& errorCode)
   at System.Net.Sockets.Socket.EndReceive(IAsyncResult asyncResult)
   at Yinrg.Net.Sockets.SocketClient.s91nev5CPITrFiQpWCt(Object , Object )
   at Yinrg.Net.Sockets.SocketClient.GsnOTWuuJ(IAsyncResult  )
2019-07-07 16:17:38: Cannot access a disposed object.
Object name: 'System.Net.Sockets.Socket'.   at System.Net.Sockets.Socket.EndSend(IAsyncResult asyncResult, SocketError& errorCode)
   at System.Net.Sockets.Socket.EndSend(IAsyncResult asyncResult)
   at Yinrg.Net.Sockets.SocketClient.wQh1k8mXtn4yGgQ8LDh(Object , Object )
   at Yinrg.Net.Sockets.SocketClient.SendByteCallBack(IAsyncResult ar)
2019-07-07 16:17:38: Cannot access a disposed object.
Object name: 'System.Net.Sockets.Socket'.   at System.Net.Sockets.Socket.EndSend(IAsyncResult asyncResult, SocketError& errorCode)
   at System.Net.Sockets.Socket.EndSend(IAsyncResult asyncResult)
   at Yinrg.Net.Sockets.SocketClient.wQh1k8mXtn4yGgQ8LDh(Object , Object )
   at Yinrg.Net.Sockets.SocketClient.SendByteCallBack(IAsyncResult ar)
2019-07-07 16:17:38: Cannot access a disposed object.
Object name: 'System.Net.Sockets.Socket'.   at System.Net.Sockets.Socket.EndSend(IAsyncResult asyncResult, SocketError& errorCode)
   at System.Net.Sockets.Socket.EndSend(IAsyncResult asyncResult)
   at Yinrg.Net.Sockets.SocketClient.wQh1k8mXtn4yGgQ8LDh(Object , Object )
   at Yinrg.Net.Sockets.SocketClient.SendByteCallBack(IAsyncResult ar)
2019-07-07 16:17:38: Cannot access a disposed object.
Object name: 'System.Net.Sockets.Socket'.   at System.Net.Sockets.Socket.EndSend(IAsyncResult asyncResult, SocketError& errorCode)
   at System.Net.Sockets.Socket.EndSend(IAsyncResult asyncResult)
   at Yinrg.Net.Sockets.SocketClient.wQh1k8mXtn4yGgQ8LDh(Object , Object )
   at Yinrg.Net.Sockets.SocketClient.SendByteCallBack(IAsyncResult ar)
2019-07-07 16:17:38: Cannot access a disposed object.
Object name: 'System.Net.Sockets.Socket'.   at System.Net.Sockets.Socket.EndSend(IAsyncResult asyncResult, SocketError& errorCode)
   at System.Net.Sockets.Socket.EndSend(IAsyncResult asyncResult)
   at Yinrg.Net.Sockets.SocketClient.wQh1k8mXtn4yGgQ8LDh(Object , Object )
   at Yinrg.Net.Sockets.SocketClient.SendByteCallBack(IAsyncResult ar)
2019-07-07 16:17:38: Cannot access a disposed object.
Object name: 'System.Net.Sockets.Socket'.   at System.Net.Sockets.Socket.EndSend(IAsyncResult asyncResult, SocketError& errorCode)
   at System.Net.Sockets.Socket.EndSend(IAsyncResult asyncResult)
   at Yinrg.Net.Sockets.SocketClient.wQh1k8mXtn4yGgQ8LDh(Object , Object )
   at Yinrg.Net.Sockets.SocketClient.SendByteCallBack(IAsyncResult ar)
2019-07-07 16:17:38: Cannot access a disposed object.
Object name: 'System.Net.Sockets.Socket'.   at System.Net.Sockets.Socket.EndSend(IAsyncResult asyncResult, SocketError& errorCode)
   at System.Net.Sockets.Socket.EndSend(IAsyncResult asyncResult)
   at Yinrg.Net.Sockets.SocketClient.wQh1k8mXtn4yGgQ8LDh(Object , Object )
   at Yinrg.Net.Sockets.SocketClient.SendByteCallBack(IAsyncResult ar)
2019-07-07 16:17:38: Cannot access a disposed object.
Object name: 'System.Net.Sockets.Socket'.   at System.Net.Sockets.Socket.EndSend(IAsyncResult asyncResult, SocketError& errorCode)
   at System.Net.Sockets.Socket.EndSend(IAsyncResult asyncResult)
   at Yinrg.Net.Sockets.SocketClient.wQh1k8mXtn4yGgQ8LDh(Object , Object )
   at Yinrg.Net.Sockets.SocketClient.SendByteCallBack(IAsyncResult ar)
2019-07-07 16:17:38: Cannot access a disposed object.
Object name: 'System.Net.Sockets.Socket'.   at System.Net.Sockets.Socket.EndReceive(IAsyncResult asyncResult, SocketError& errorCode)
   at System.Net.Sockets.Socket.EndReceive(IAsyncResult asyncResult)
   at Yinrg.Net.Sockets.SocketClient.s91nev5CPITrFiQpWCt(Object , Object )
   at Yinrg.Net.Sockets.SocketClient.GsnOTWuuJ(IAsyncResult  )
2019-07-07 16:17:38: Cannot access a disposed object.
Object name: 'System.Net.Sockets.Socket'.   at System.Net.Sockets.Socket.EndSend(IAsyncResult asyncResult, SocketError& errorCode)
   at System.Net.Sockets.Socket.EndSend(IAsyncResult asyncResult)
   at Yinrg.Net.Sockets.SocketClient.wQh1k8mXtn4yGgQ8LDh(Object , Object )
   at Yinrg.Net.Sockets.SocketClient.SendByteCallBack(IAsyncResult ar)
2019-07-07 16:17:38: Cannot access a disposed object.
Object name: 'System.Net.Sockets.Socket'.   at System.Net.Sockets.Socket.EndSend(IAsyncResult asyncResult, SocketError& errorCode)
   at System.Net.Sockets.Socket.EndSend(IAsyncResult asyncResult)
   at Yinrg.Net.Sockets.SocketClient.wQh1k8mXtn4yGgQ8LDh(Object , Object )
   at Yinrg.Net.Sockets.SocketClient.SendByteCallBack(IAsyncResult ar)
2019-07-07 16:17:38: Cannot access a disposed object.
Object name: 'System.Net.Sockets.Socket'.   at System.Net.Sockets.Socket.EndSend(IAsyncResult asyncResult, SocketError& errorCode)
   at System.Net.Sockets.Socket.EndSend(IAsyncResult asyncResult)
   at Yinrg.Net.Sockets.SocketClient.wQh1k8mXtn4yGgQ8LDh(Object , Object )
   at Yinrg.Net.Sockets.SocketClient.SendByteCallBack(IAsyncResult ar)
2019-07-07 16:17:38: Cannot access a disposed object.
Object name: 'System.Net.Sockets.Socket'.   at System.Net.Sockets.Socket.EndSend(IAsyncResult asyncResult, SocketError& errorCode)
   at System.Net.Sockets.Socket.EndSend(IAsyncResult asyncResult)
   at Yinrg.Net.Sockets.SocketClient.wQh1k8mXtn4yGgQ8LDh(Object , Object )
   at Yinrg.Net.Sockets.SocketClient.SendByteCallBack(IAsyncResult ar)
2019-07-07 16:17:38: Cannot access a disposed object.
Object name: 'System.Net.Sockets.Socket'.   at System.Net.Sockets.Socket.EndSend(IAsyncResult asyncResult, SocketError& errorCode)
   at System.Net.Sockets.Socket.EndSend(IAsyncResult asyncResult)
   at Yinrg.Net.Sockets.SocketClient.wQh1k8mXtn4yGgQ8LDh(Object , Object )
   at Yinrg.Net.Sockets.SocketClient.SendByteCallBack(IAsyncResult ar)
2019-07-07 16:17:38: Cannot access a disposed object.
Object name: 'System.Net.Sockets.Socket'.   at System.Net.Sockets.Socket.EndSend(IAsyncResult asyncResult, SocketError& errorCode)
   at System.Net.Sockets.Socket.EndSend(IAsyncResult asyncResult)
   at Yinrg.Net.Sockets.SocketClient.wQh1k8mXtn4yGgQ8LDh(Object , Object )
   at Yinrg.Net.Sockets.SocketClient.SendByteCallBack(IAsyncResult ar)
2019-07-07 16:17:38: Cannot access a disposed object.
Object name: 'System.Net.Sockets.Socket'.   at System.Net.Sockets.Socket.EndSend(IAsyncResult asyncResult, SocketError& errorCode)
   at System.Net.Sockets.Socket.EndSend(IAsyncResult asyncResult)
   at Yinrg.Net.Sockets.SocketClient.wQh1k8mXtn4yGgQ8LDh(Object , Object )
   at Yinrg.Net.Sockets.SocketClient.SendByteCallBack(IAsyncResult ar)
2019-07-07 16:17:38: Cannot access a disposed object.
Object name: 'System.Net.Sockets.Socket'.   at System.Net.Sockets.Socket.EndSend(IAsyncResult asyncResult, SocketError& errorCode)
   at System.Net.Sockets.Socket.EndSend(IAsyncResult asyncResult)
   at Yinrg.Net.Sockets.SocketClient.wQh1k8mXtn4yGgQ8LDh(Object , Object )
   at Yinrg.Net.Sockets.SocketClient.SendByteCallBack(IAsyncResult ar)
2019-07-07 16:17:38: Cannot access a disposed object.
Object name: 'System.Net.Sockets.Socket'.   at System.Net.Sockets.Socket.EndSend(IAsyncResult asyncResult, SocketError& errorCode)
   at System.Net.Sockets.Socket.EndSend(IAsyncResult asyncResult)
   at Yinrg.Net.Sockets.SocketClient.wQh1k8mXtn4yGgQ8LDh(Object , Object )
   at Yinrg.Net.Sockets.SocketClient.SendByteCallBack(IAsyncResult ar)
2019-07-07 16:17:38: Cannot access a disposed object.
Object name: 'System.Net.Sockets.Socket'.   at System.Net.Sockets.Socket.EndSend(IAsyncResult asyncResult, SocketError& errorCode)
   at System.Net.Sockets.Socket.EndSend(IAsyncResult asyncResult)
   at Yinrg.Net.Sockets.SocketClient.wQh1k8mXtn4yGgQ8LDh(Object , Object )
   at Yinrg.Net.Sockets.SocketClient.SendByteCallBack(IAsyncResult ar)
2019-07-07 16:17:38: Cannot access a disposed object.
Object name: 'System.Net.Sockets.Socket'.   at System.Net.Sockets.Socket.EndSend(IAsyncResult asyncResult, SocketError& errorCode)
   at System.Net.Sockets.Socket.EndSend(IAsyncResult asyncResult)
   at Yinrg.Net.Sockets.SocketClient.wQh1k8mXtn4yGgQ8LDh(Object , Object )
   at Yinrg.Net.Sockets.SocketClient.SendByteCallBack(IAsyncResult ar)
2019-07-07 16:17:38: Cannot access a disposed object.
Object name: 'System.Net.Sockets.Socket'.   at System.Net.Sockets.Socket.EndSend(IAsyncResult asyncResult, SocketError& errorCode)
   at System.Net.Sockets.Socket.EndSend(IAsyncResult asyncResult)
   at Yinrg.Net.Sockets.SocketClient.wQh1k8mXtn4yGgQ8LDh(Object , Object )
   at Yinrg.Net.Sockets.SocketClient.SendByteCallBack(IAsyncResult ar)
2019-07-07 16:17:38: Cannot access a disposed object.
Object name: 'System.Net.Sockets.Socket'.   at System.Net.Sockets.Socket.EndSend(IAsyncResult asyncResult, SocketError& errorCode)
   at System.Net.Sockets.Socket.EndSend(IAsyncResult asyncResult)
   at Yinrg.Net.Sockets.SocketClient.wQh1k8mXtn4yGgQ8LDh(Object , Object )
   at Yinrg.Net.Sockets.SocketClient.SendByteCallBack(IAsyncResult ar)
2019-07-07 16:17:38: Cannot access a disposed object.
Object name: 'System.Net.Sockets.Socket'.   at System.Net.Sockets.Socket.EndSend(IAsyncResult asyncResult, SocketError& errorCode)
   at System.Net.Sockets.Socket.EndSend(IAsyncResult asyncResult)
   at Yinrg.Net.Sockets.SocketClient.wQh1k8mXtn4yGgQ8LDh(Object , Object )
   at Yinrg.Net.Sockets.SocketClient.SendByteCallBack(IAsyncResult ar)
2019-07-07 16:17:38: Cannot access a disposed object.
Object name: 'System.Net.Sockets.Socket'.   at System.Net.Sockets.Socket.EndSend(IAsyncResult asyncResult, SocketError& errorCode)
   at System.Net.Sockets.Socket.EndSend(IAsyncResult asyncResult)
   at Yinrg.Net.Sockets.SocketClient.wQh1k8mXtn4yGgQ8LDh(Object , Object )
   at Yinrg.Net.Sockets.SocketClient.SendByteCallBack(IAsyncResult ar)
2019-07-07 16:17:38: Cannot access a disposed object.
Object name: 'System.Net.Sockets.Socket'.   at System.Net.Sockets.Socket.EndSend(IAsyncResult asyncResult, SocketError& errorCode)
   at System.Net.Sockets.Socket.EndSend(IAsyncResult asyncResult)
   at Yinrg.Net.Sockets.SocketClient.wQh1k8mXtn4yGgQ8LDh(Object , Object )
   at Yinrg.Net.Sockets.SocketClient.SendByteCallBack(IAsyncResult ar)
2019-07-07 16:17:38: Cannot access a disposed object.
Object name: 'System.Net.Sockets.Socket'.   at System.Net.Sockets.Socket.EndSend(IAsyncResult asyncResult, SocketError& errorCode)
   at System.Net.Sockets.Socket.EndSend(IAsyncResult asyncResult)
   at Yinrg.Net.Sockets.SocketClient.wQh1k8mXtn4yGgQ8LDh(Object , Object )
   at Yinrg.Net.Sockets.SocketClient.SendByteCallBack(IAsyncResult ar)
2019-07-07 16:17:38: Cannot access a disposed object.
Object name: 'System.Net.Sockets.Socket'.   at System.Net.Sockets.Socket.EndSend(IAsyncResult asyncResult, SocketError& errorCode)
   at System.Net.Sockets.Socket.EndSend(IAsyncResult asyncResult)
   at Yinrg.Net.Sockets.SocketClient.wQh1k8mXtn4yGgQ8LDh(Object , Object )
   at Yinrg.Net.Sockets.SocketClient.SendByteCallBack(IAsyncResult ar)
2019-07-07 16:17:38: Cannot access a disposed object.
Object name: 'System.Net.Sockets.Socket'.   at System.Net.Sockets.Socket.EndSend(IAsyncResult asyncResult, SocketError& errorCode)
   at System.Net.Sockets.Socket.EndSend(IAsyncResult asyncResult)
   at Yinrg.Net.Sockets.SocketClient.wQh1k8mXtn4yGgQ8LDh(Object , Object )
   at Yinrg.Net.Sockets.SocketClient.SendByteCallBack(IAsyncResult ar)
2019-07-07 16:17:38: Cannot access a disposed object.
Object name: 'System.Net.Sockets.Socket'.   at System.Net.Sockets.Socket.EndSend(IAsyncResult asyncResult, SocketError& errorCode)
   at System.Net.Sockets.Socket.EndSend(IAsyncResult asyncResult)
   at Yinrg.Net.Sockets.SocketClient.wQh1k8mXtn4yGgQ8LDh(Object , Object )
   at Yinrg.Net.Sockets.SocketClient.SendByteCallBack(IAsyncResult ar)
2019-07-07 16:17:38: Cannot access a disposed object.
Object name: 'System.Net.Sockets.Socket'.   at System.Net.Sockets.Socket.EndSend(IAsyncResult asyncResult, SocketError& errorCode)
   at System.Net.Sockets.Socket.EndSend(IAsyncResult asyncResult)
   at Yinrg.Net.Sockets.SocketClient.wQh1k8mXtn4yGgQ8LDh(Object , Object )
   at Yinrg.Net.Sockets.SocketClient.SendByteCallBack(IAsyncResult ar)
2019-07-07 16:17:38: Cannot access a disposed object.
Object name: 'System.Net.Sockets.Socket'.   at System.Net.Sockets.Socket.EndSend(IAsyncResult asyncResult, SocketError& errorCode)
   at System.Net.Sockets.Socket.EndSend(IAsyncResult asyncResult)
   at Yinrg.Net.Sockets.SocketClient.wQh1k8mXtn4yGgQ8LDh(Object , Object )
   at Yinrg.Net.Sockets.SocketClient.SendByteCallBack(IAsyncResult ar)
2019-07-07 16:17:38: Cannot access a disposed object.
Object name: 'System.Net.Sockets.Socket'.   at System.Net.Sockets.Socket.EndSend(IAsyncResult asyncResult, SocketError& errorCode)
   at System.Net.Sockets.Socket.EndSend(IAsyncResult asyncResult)
   at Yinrg.Net.Sockets.SocketClient.wQh1k8mXtn4yGgQ8LDh(Object , Object )
   at Yinrg.Net.Sockets.SocketClient.SendByteCallBack(IAsyncResult ar)
2019-07-07 16:17:38: Cannot access a disposed object.
Object name: 'System.Net.Sockets.Socket'.   at System.Net.Sockets.Socket.EndSend(IAsyncResult asyncResult, SocketError& errorCode)
   at System.Net.Sockets.Socket.EndSend(IAsyncResult asyncResult)
   at Yinrg.Net.Sockets.SocketClient.wQh1k8mXtn4yGgQ8LDh(Object , Object )
   at Yinrg.Net.Sockets.SocketClient.SendByteCallBack(IAsyncResult ar)
2019-07-07 16:17:38: Cannot access a disposed object.
Object name: 'System.Net.Sockets.Socket'.   at System.Net.Sockets.Socket.EndSend(IAsyncResult asyncResult, SocketError& errorCode)
   at System.Net.Sockets.Socket.EndSend(IAsyncResult asyncResult)
   at Yinrg.Net.Sockets.SocketClient.wQh1k8mXtn4yGgQ8LDh(Object , Object )
   at Yinrg.Net.Sockets.SocketClient.SendByteCallBack(IAsyncResult ar)
2019-07-07 16:23:23: 由于连接方在一段时间后没有正确答复或连接的主机没有反应，连接尝试失败。   at System.Net.Sockets.Socket.EndReceive(IAsyncResult asyncResult)
   at Yinrg.Net.Sockets.SocketClient.s91nev5CPITrFiQpWCt(Object , Object )
   at Yinrg.Net.Sockets.SocketClient.GsnOTWuuJ(IAsyncResult  )
