2018-11-20 15:02:29: 您的主机中的软件中止了一个已建立的连接。   at System.Net.Sockets.Socket.BeginReceive(Byte[] buffer, Int32 offset, Int32 size, SocketFlags socketFlags, AsyncCallback callback, Object state)
   at Yinrg.Net.Sockets.SocketClient.mSIdN55ykX2Ndb5boCu(Object , Object , Int32 , Int32 , SocketFlags , Object , Object )
   at Yinrg.Net.Sockets.SocketClient.GsnOTWuuJ(IAsyncResult  )
2018-11-20 15:10:38: 由于连接方在一段时间后没有正确答复或连接的主机没有反应，连接尝试失败。   at System.Net.Sockets.Socket.EndReceive(IAsyncResult asyncResult)
   at Yinrg.Net.Sockets.SocketClient.s91nev5CPITrFiQpWCt(Object , Object )
   at Yinrg.Net.Sockets.SocketClient.GsnOTWuuJ(IAsyncResult  )
2018-11-20 15:12:52: 由于连接方在一段时间后没有正确答复或连接的主机没有反应，连接尝试失败。   at System.Net.Sockets.Socket.EndReceive(IAsyncResult asyncResult)
   at Yinrg.Net.Sockets.SocketClient.s91nev5CPITrFiQpWCt(Object , Object )
   at Yinrg.Net.Sockets.SocketClient.GsnOTWuuJ(IAsyncResult  )
2018-11-20 15:13:42: 由于连接方在一段时间后没有正确答复或连接的主机没有反应，连接尝试失败。   at System.Net.Sockets.Socket.EndReceive(IAsyncResult asyncResult)
   at Yinrg.Net.Sockets.SocketClient.s91nev5CPITrFiQpWCt(Object , Object )
   at Yinrg.Net.Sockets.SocketClient.GsnOTWuuJ(IAsyncResult  )
2018-11-20 15:17:38: 由于连接方在一段时间后没有正确答复或连接的主机没有反应，连接尝试失败。   at System.Net.Sockets.Socket.EndReceive(IAsyncResult asyncResult)
   at Yinrg.Net.Sockets.SocketClient.s91nev5CPITrFiQpWCt(Object , Object )
   at Yinrg.Net.Sockets.SocketClient.GsnOTWuuJ(IAsyncResult  )
2018-11-20 15:17:38: 由于连接方在一段时间后没有正确答复或连接的主机没有反应，连接尝试失败。   at System.Net.Sockets.Socket.EndReceive(IAsyncResult asyncResult)
   at Yinrg.Net.Sockets.SocketClient.s91nev5CPITrFiQpWCt(Object , Object )
   at Yinrg.Net.Sockets.SocketClient.GsnOTWuuJ(IAsyncResult  )
2018-11-20 15:17:38: 由于连接方在一段时间后没有正确答复或连接的主机没有反应，连接尝试失败。   at System.Net.Sockets.Socket.EndReceive(IAsyncResult asyncResult)
   at Yinrg.Net.Sockets.SocketClient.s91nev5CPITrFiQpWCt(Object , Object )
   at Yinrg.Net.Sockets.SocketClient.GsnOTWuuJ(IAsyncResult  )
2018-11-20 15:17:38: 由于连接方在一段时间后没有正确答复或连接的主机没有反应，连接尝试失败。   at System.Net.Sockets.Socket.EndReceive(IAsyncResult asyncResult)
   at Yinrg.Net.Sockets.SocketClient.s91nev5CPITrFiQpWCt(Object , Object )
   at Yinrg.Net.Sockets.SocketClient.GsnOTWuuJ(IAsyncResult  )
2018-11-20 15:17:39: 由于连接方在一段时间后没有正确答复或连接的主机没有反应，连接尝试失败。   at System.Net.Sockets.Socket.EndReceive(IAsyncResult asyncResult)
   at Yinrg.Net.Sockets.SocketClient.s91nev5CPITrFiQpWCt(Object , Object )
   at Yinrg.Net.Sockets.SocketClient.GsnOTWuuJ(IAsyncResult  )
2018-11-20 15:17:39: 由于连接方在一段时间后没有正确答复或连接的主机没有反应，连接尝试失败。   at System.Net.Sockets.Socket.EndReceive(IAsyncResult asyncResult)
   at Yinrg.Net.Sockets.SocketClient.s91nev5CPITrFiQpWCt(Object , Object )
   at Yinrg.Net.Sockets.SocketClient.GsnOTWuuJ(IAsyncResult  )
2018-11-20 15:17:39: 由于连接方在一段时间后没有正确答复或连接的主机没有反应，连接尝试失败。   at System.Net.Sockets.Socket.EndReceive(IAsyncResult asyncResult)
   at Yinrg.Net.Sockets.SocketClient.s91nev5CPITrFiQpWCt(Object , Object )
   at Yinrg.Net.Sockets.SocketClient.GsnOTWuuJ(IAsyncResult  )
2018-11-20 15:17:39: 由于连接方在一段时间后没有正确答复或连接的主机没有反应，连接尝试失败。   at System.Net.Sockets.Socket.EndReceive(IAsyncResult asyncResult)
   at Yinrg.Net.Sockets.SocketClient.s91nev5CPITrFiQpWCt(Object , Object )
   at Yinrg.Net.Sockets.SocketClient.GsnOTWuuJ(IAsyncResult  )
2018-11-20 15:17:39: 由于连接方在一段时间后没有正确答复或连接的主机没有反应，连接尝试失败。   at System.Net.Sockets.Socket.EndReceive(IAsyncResult asyncResult)
   at Yinrg.Net.Sockets.SocketClient.s91nev5CPITrFiQpWCt(Object , Object )
   at Yinrg.Net.Sockets.SocketClient.GsnOTWuuJ(IAsyncResult  )
2018-11-20 15:17:39: 由于连接方在一段时间后没有正确答复或连接的主机没有反应，连接尝试失败。   at System.Net.Sockets.Socket.EndReceive(IAsyncResult asyncResult)
   at Yinrg.Net.Sockets.SocketClient.s91nev5CPITrFiQpWCt(Object , Object )
   at Yinrg.Net.Sockets.SocketClient.GsnOTWuuJ(IAsyncResult  )
2018-11-20 15:17:39: 由于连接方在一段时间后没有正确答复或连接的主机没有反应，连接尝试失败。   at System.Net.Sockets.Socket.EndReceive(IAsyncResult asyncResult)
   at Yinrg.Net.Sockets.SocketClient.s91nev5CPITrFiQpWCt(Object , Object )
   at Yinrg.Net.Sockets.SocketClient.GsnOTWuuJ(IAsyncResult  )
2018-11-20 15:17:40: 由于连接方在一段时间后没有正确答复或连接的主机没有反应，连接尝试失败。   at System.Net.Sockets.Socket.EndReceive(IAsyncResult asyncResult)
   at Yinrg.Net.Sockets.SocketClient.s91nev5CPITrFiQpWCt(Object , Object )
   at Yinrg.Net.Sockets.SocketClient.GsnOTWuuJ(IAsyncResult  )
2018-11-20 15:31:11: 由于连接方在一段时间后没有正确答复或连接的主机没有反应，连接尝试失败。   at System.Net.Sockets.Socket.EndReceive(IAsyncResult asyncResult)
   at Yinrg.Net.Sockets.SocketClient.s91nev5CPITrFiQpWCt(Object , Object )
   at Yinrg.Net.Sockets.SocketClient.GsnOTWuuJ(IAsyncResult  )
2018-11-20 15:35:07: 由于连接方在一段时间后没有正确答复或连接的主机没有反应，连接尝试失败。   at System.Net.Sockets.Socket.EndReceive(IAsyncResult asyncResult)
   at Yinrg.Net.Sockets.SocketClient.s91nev5CPITrFiQpWCt(Object , Object )
   at Yinrg.Net.Sockets.SocketClient.GsnOTWuuJ(IAsyncResult  )
2018-11-20 15:36:53: 由于连接方在一段时间后没有正确答复或连接的主机没有反应，连接尝试失败。   at System.Net.Sockets.Socket.EndReceive(IAsyncResult asyncResult)
   at Yinrg.Net.Sockets.SocketClient.s91nev5CPITrFiQpWCt(Object , Object )
   at Yinrg.Net.Sockets.SocketClient.GsnOTWuuJ(IAsyncResult  )
2018-11-20 15:47:03: 由于连接方在一段时间后没有正确答复或连接的主机没有反应，连接尝试失败。   at System.Net.Sockets.Socket.EndReceive(IAsyncResult asyncResult)
   at Yinrg.Net.Sockets.SocketClient.s91nev5CPITrFiQpWCt(Object , Object )
   at Yinrg.Net.Sockets.SocketClient.GsnOTWuuJ(IAsyncResult  )
2018-11-20 15:47:10: 由于连接方在一段时间后没有正确答复或连接的主机没有反应，连接尝试失败。   at System.Net.Sockets.Socket.EndReceive(IAsyncResult asyncResult)
   at Yinrg.Net.Sockets.SocketClient.s91nev5CPITrFiQpWCt(Object , Object )
   at Yinrg.Net.Sockets.SocketClient.GsnOTWuuJ(IAsyncResult  )
2018-11-20 15:47:12: 由于连接方在一段时间后没有正确答复或连接的主机没有反应，连接尝试失败。   at System.Net.Sockets.Socket.EndReceive(IAsyncResult asyncResult)
   at Yinrg.Net.Sockets.SocketClient.s91nev5CPITrFiQpWCt(Object , Object )
   at Yinrg.Net.Sockets.SocketClient.GsnOTWuuJ(IAsyncResult  )
2018-11-20 15:47:18: 由于连接方在一段时间后没有正确答复或连接的主机没有反应，连接尝试失败。   at System.Net.Sockets.Socket.EndReceive(IAsyncResult asyncResult)
   at Yinrg.Net.Sockets.SocketClient.s91nev5CPITrFiQpWCt(Object , Object )
   at Yinrg.Net.Sockets.SocketClient.GsnOTWuuJ(IAsyncResult  )
2018-11-20 16:09:50: 由于连接方在一段时间后没有正确答复或连接的主机没有反应，连接尝试失败。   at System.Net.Sockets.Socket.EndReceive(IAsyncResult asyncResult)
   at Yinrg.Net.Sockets.SocketClient.s91nev5CPITrFiQpWCt(Object , Object )
   at Yinrg.Net.Sockets.SocketClient.GsnOTWuuJ(IAsyncResult  )
2018-11-20 16:11:24: 由于连接方在一段时间后没有正确答复或连接的主机没有反应，连接尝试失败。   at System.Net.Sockets.Socket.EndReceive(IAsyncResult asyncResult)
   at Yinrg.Net.Sockets.SocketClient.s91nev5CPITrFiQpWCt(Object , Object )
   at Yinrg.Net.Sockets.SocketClient.GsnOTWuuJ(IAsyncResult  )
2018-11-20 16:12:49: 由于连接方在一段时间后没有正确答复或连接的主机没有反应，连接尝试失败。   at System.Net.Sockets.Socket.EndReceive(IAsyncResult asyncResult)
   at Yinrg.Net.Sockets.SocketClient.s91nev5CPITrFiQpWCt(Object , Object )
   at Yinrg.Net.Sockets.SocketClient.GsnOTWuuJ(IAsyncResult  )
2018-11-20 16:19:38: 您的主机中的软件中止了一个已建立的连接。   at System.Net.Sockets.Socket.BeginSend(Byte[] buffer, Int32 offset, Int32 size, SocketFlags socketFlags, AsyncCallback callback, Object state)
   at Yinrg.Net.Sockets.SocketClient.OHHLBT5z7tfA5tAhu7I(Object , Object , Int32 , Int32 , SocketFlags , Object , Object )
   at Yinrg.Net.Sockets.SocketClient.SendByte(Byte[] bytes)
2018-11-20 16:19:39: 您的主机中的软件中止了一个已建立的连接。   at System.Net.Sockets.Socket.BeginSend(Byte[] buffer, Int32 offset, Int32 size, SocketFlags socketFlags, AsyncCallback callback, Object state)
   at Yinrg.Net.Sockets.SocketClient.OHHLBT5z7tfA5tAhu7I(Object , Object , Int32 , Int32 , SocketFlags , Object , Object )
   at Yinrg.Net.Sockets.SocketClient.SendByte(Byte[] bytes)
2018-11-20 16:19:39: 您的主机中的软件中止了一个已建立的连接。   at System.Net.Sockets.Socket.BeginReceive(Byte[] buffer, Int32 offset, Int32 size, SocketFlags socketFlags, AsyncCallback callback, Object state)
   at Yinrg.Net.Sockets.SocketClient.mSIdN55ykX2Ndb5boCu(Object , Object , Int32 , Int32 , SocketFlags , Object , Object )
   at Yinrg.Net.Sockets.SocketClient.GsnOTWuuJ(IAsyncResult  )
2018-11-20 16:19:39: 您的主机中的软件中止了一个已建立的连接。   at System.Net.Sockets.Socket.BeginReceive(Byte[] buffer, Int32 offset, Int32 size, SocketFlags socketFlags, AsyncCallback callback, Object state)
   at Yinrg.Net.Sockets.SocketClient.mSIdN55ykX2Ndb5boCu(Object , Object , Int32 , Int32 , SocketFlags , Object , Object )
   at Yinrg.Net.Sockets.SocketClient.GsnOTWuuJ(IAsyncResult  )
2018-11-20 16:19:39: 您的主机中的软件中止了一个已建立的连接。   at System.Net.Sockets.Socket.BeginReceive(Byte[] buffer, Int32 offset, Int32 size, SocketFlags socketFlags, AsyncCallback callback, Object state)
   at Yinrg.Net.Sockets.SocketClient.mSIdN55ykX2Ndb5boCu(Object , Object , Int32 , Int32 , SocketFlags , Object , Object )
   at Yinrg.Net.Sockets.SocketClient.GsnOTWuuJ(IAsyncResult  )
2018-11-20 16:19:39: 您的主机中的软件中止了一个已建立的连接。   at System.Net.Sockets.Socket.BeginReceive(Byte[] buffer, Int32 offset, Int32 size, SocketFlags socketFlags, AsyncCallback callback, Object state)
   at Yinrg.Net.Sockets.SocketClient.mSIdN55ykX2Ndb5boCu(Object , Object , Int32 , Int32 , SocketFlags , Object , Object )
   at Yinrg.Net.Sockets.SocketClient.GsnOTWuuJ(IAsyncResult  )
2018-11-20 16:28:22: 由于连接方在一段时间后没有正确答复或连接的主机没有反应，连接尝试失败。   at System.Net.Sockets.Socket.EndReceive(IAsyncResult asyncResult)
   at Yinrg.Net.Sockets.SocketClient.s91nev5CPITrFiQpWCt(Object , Object )
   at Yinrg.Net.Sockets.SocketClient.GsnOTWuuJ(IAsyncResult  )
2018-11-20 16:28:22: 由于连接方在一段时间后没有正确答复或连接的主机没有反应，连接尝试失败。   at System.Net.Sockets.Socket.EndReceive(IAsyncResult asyncResult)
   at Yinrg.Net.Sockets.SocketClient.s91nev5CPITrFiQpWCt(Object , Object )
   at Yinrg.Net.Sockets.SocketClient.GsnOTWuuJ(IAsyncResult  )
2018-11-20 16:28:22: 由于连接方在一段时间后没有正确答复或连接的主机没有反应，连接尝试失败。   at System.Net.Sockets.Socket.EndReceive(IAsyncResult asyncResult)
   at Yinrg.Net.Sockets.SocketClient.s91nev5CPITrFiQpWCt(Object , Object )
   at Yinrg.Net.Sockets.SocketClient.GsnOTWuuJ(IAsyncResult  )
2018-11-20 16:28:22: 由于连接方在一段时间后没有正确答复或连接的主机没有反应，连接尝试失败。   at System.Net.Sockets.Socket.EndReceive(IAsyncResult asyncResult)
   at Yinrg.Net.Sockets.SocketClient.s91nev5CPITrFiQpWCt(Object , Object )
   at Yinrg.Net.Sockets.SocketClient.GsnOTWuuJ(IAsyncResult  )
2018-11-20 16:28:22: 由于连接方在一段时间后没有正确答复或连接的主机没有反应，连接尝试失败。   at System.Net.Sockets.Socket.EndReceive(IAsyncResult asyncResult)
   at Yinrg.Net.Sockets.SocketClient.s91nev5CPITrFiQpWCt(Object , Object )
   at Yinrg.Net.Sockets.SocketClient.GsnOTWuuJ(IAsyncResult  )
2018-11-20 16:28:22: 由于连接方在一段时间后没有正确答复或连接的主机没有反应，连接尝试失败。   at System.Net.Sockets.Socket.EndReceive(IAsyncResult asyncResult)
   at Yinrg.Net.Sockets.SocketClient.s91nev5CPITrFiQpWCt(Object , Object )
   at Yinrg.Net.Sockets.SocketClient.GsnOTWuuJ(IAsyncResult  )
2018-11-20 16:28:22: 由于连接方在一段时间后没有正确答复或连接的主机没有反应，连接尝试失败。   at System.Net.Sockets.Socket.EndReceive(IAsyncResult asyncResult)
   at Yinrg.Net.Sockets.SocketClient.s91nev5CPITrFiQpWCt(Object , Object )
   at Yinrg.Net.Sockets.SocketClient.GsnOTWuuJ(IAsyncResult  )
2018-11-20 16:28:22: 由于连接方在一段时间后没有正确答复或连接的主机没有反应，连接尝试失败。   at System.Net.Sockets.Socket.EndReceive(IAsyncResult asyncResult)
   at Yinrg.Net.Sockets.SocketClient.s91nev5CPITrFiQpWCt(Object , Object )
   at Yinrg.Net.Sockets.SocketClient.GsnOTWuuJ(IAsyncResult  )
2018-11-20 16:28:22: 由于连接方在一段时间后没有正确答复或连接的主机没有反应，连接尝试失败。   at System.Net.Sockets.Socket.EndReceive(IAsyncResult asyncResult)
   at Yinrg.Net.Sockets.SocketClient.s91nev5CPITrFiQpWCt(Object , Object )
   at Yinrg.Net.Sockets.SocketClient.GsnOTWuuJ(IAsyncResult  )
2018-11-20 16:28:22: 由于连接方在一段时间后没有正确答复或连接的主机没有反应，连接尝试失败。   at System.Net.Sockets.Socket.EndReceive(IAsyncResult asyncResult)
   at Yinrg.Net.Sockets.SocketClient.s91nev5CPITrFiQpWCt(Object , Object )
   at Yinrg.Net.Sockets.SocketClient.GsnOTWuuJ(IAsyncResult  )
2018-11-20 16:28:22: 由于连接方在一段时间后没有正确答复或连接的主机没有反应，连接尝试失败。   at System.Net.Sockets.Socket.EndReceive(IAsyncResult asyncResult)
   at Yinrg.Net.Sockets.SocketClient.s91nev5CPITrFiQpWCt(Object , Object )
   at Yinrg.Net.Sockets.SocketClient.GsnOTWuuJ(IAsyncResult  )
2018-11-20 16:28:22: 由于连接方在一段时间后没有正确答复或连接的主机没有反应，连接尝试失败。   at System.Net.Sockets.Socket.EndReceive(IAsyncResult asyncResult)
   at Yinrg.Net.Sockets.SocketClient.s91nev5CPITrFiQpWCt(Object , Object )
   at Yinrg.Net.Sockets.SocketClient.GsnOTWuuJ(IAsyncResult  )
2018-11-20 16:28:22: 由于连接方在一段时间后没有正确答复或连接的主机没有反应，连接尝试失败。   at System.Net.Sockets.Socket.EndReceive(IAsyncResult asyncResult)
   at Yinrg.Net.Sockets.SocketClient.s91nev5CPITrFiQpWCt(Object , Object )
   at Yinrg.Net.Sockets.SocketClient.GsnOTWuuJ(IAsyncResult  )
2018-11-20 16:28:22: 由于连接方在一段时间后没有正确答复或连接的主机没有反应，连接尝试失败。   at System.Net.Sockets.Socket.EndReceive(IAsyncResult asyncResult)
   at Yinrg.Net.Sockets.SocketClient.s91nev5CPITrFiQpWCt(Object , Object )
   at Yinrg.Net.Sockets.SocketClient.GsnOTWuuJ(IAsyncResult  )
2018-11-20 16:28:22: 由于连接方在一段时间后没有正确答复或连接的主机没有反应，连接尝试失败。   at System.Net.Sockets.Socket.EndReceive(IAsyncResult asyncResult)
   at Yinrg.Net.Sockets.SocketClient.s91nev5CPITrFiQpWCt(Object , Object )
   at Yinrg.Net.Sockets.SocketClient.GsnOTWuuJ(IAsyncResult  )
2018-11-20 16:28:22: 由于连接方在一段时间后没有正确答复或连接的主机没有反应，连接尝试失败。   at System.Net.Sockets.Socket.EndReceive(IAsyncResult asyncResult)
   at Yinrg.Net.Sockets.SocketClient.s91nev5CPITrFiQpWCt(Object , Object )
   at Yinrg.Net.Sockets.SocketClient.GsnOTWuuJ(IAsyncResult  )
2018-11-20 16:28:22: 由于连接方在一段时间后没有正确答复或连接的主机没有反应，连接尝试失败。   at System.Net.Sockets.Socket.EndReceive(IAsyncResult asyncResult)
   at Yinrg.Net.Sockets.SocketClient.s91nev5CPITrFiQpWCt(Object , Object )
   at Yinrg.Net.Sockets.SocketClient.GsnOTWuuJ(IAsyncResult  )
2018-11-20 16:28:23: 由于连接方在一段时间后没有正确答复或连接的主机没有反应，连接尝试失败。   at System.Net.Sockets.Socket.EndReceive(IAsyncResult asyncResult)
   at Yinrg.Net.Sockets.SocketClient.s91nev5CPITrFiQpWCt(Object , Object )
   at Yinrg.Net.Sockets.SocketClient.GsnOTWuuJ(IAsyncResult  )
2018-11-20 16:28:23: 由于连接方在一段时间后没有正确答复或连接的主机没有反应，连接尝试失败。   at System.Net.Sockets.Socket.EndReceive(IAsyncResult asyncResult)
   at Yinrg.Net.Sockets.SocketClient.s91nev5CPITrFiQpWCt(Object , Object )
   at Yinrg.Net.Sockets.SocketClient.GsnOTWuuJ(IAsyncResult  )
2018-11-20 16:28:23: 由于连接方在一段时间后没有正确答复或连接的主机没有反应，连接尝试失败。   at System.Net.Sockets.Socket.EndReceive(IAsyncResult asyncResult)
   at Yinrg.Net.Sockets.SocketClient.s91nev5CPITrFiQpWCt(Object , Object )
   at Yinrg.Net.Sockets.SocketClient.GsnOTWuuJ(IAsyncResult  )
2018-11-20 16:28:23: 由于连接方在一段时间后没有正确答复或连接的主机没有反应，连接尝试失败。   at System.Net.Sockets.Socket.EndReceive(IAsyncResult asyncResult)
   at Yinrg.Net.Sockets.SocketClient.s91nev5CPITrFiQpWCt(Object , Object )
   at Yinrg.Net.Sockets.SocketClient.GsnOTWuuJ(IAsyncResult  )
2018-11-20 16:28:23: 由于连接方在一段时间后没有正确答复或连接的主机没有反应，连接尝试失败。   at System.Net.Sockets.Socket.EndReceive(IAsyncResult asyncResult)
   at Yinrg.Net.Sockets.SocketClient.s91nev5CPITrFiQpWCt(Object , Object )
   at Yinrg.Net.Sockets.SocketClient.GsnOTWuuJ(IAsyncResult  )
2018-11-20 16:33:54: 由于连接方在一段时间后没有正确答复或连接的主机没有反应，连接尝试失败。   at System.Net.Sockets.Socket.EndReceive(IAsyncResult asyncResult)
   at Yinrg.Net.Sockets.SocketClient.s91nev5CPITrFiQpWCt(Object , Object )
   at Yinrg.Net.Sockets.SocketClient.GsnOTWuuJ(IAsyncResult  )
2018-11-20 16:33:54: 由于连接方在一段时间后没有正确答复或连接的主机没有反应，连接尝试失败。   at System.Net.Sockets.Socket.EndReceive(IAsyncResult asyncResult)
   at Yinrg.Net.Sockets.SocketClient.s91nev5CPITrFiQpWCt(Object , Object )
   at Yinrg.Net.Sockets.SocketClient.GsnOTWuuJ(IAsyncResult  )
2018-11-20 16:33:54: 由于连接方在一段时间后没有正确答复或连接的主机没有反应，连接尝试失败。   at System.Net.Sockets.Socket.EndReceive(IAsyncResult asyncResult)
   at Yinrg.Net.Sockets.SocketClient.s91nev5CPITrFiQpWCt(Object , Object )
   at Yinrg.Net.Sockets.SocketClient.GsnOTWuuJ(IAsyncResult  )
2018-11-20 16:33:54: 由于连接方在一段时间后没有正确答复或连接的主机没有反应，连接尝试失败。   at System.Net.Sockets.Socket.EndReceive(IAsyncResult asyncResult)
   at Yinrg.Net.Sockets.SocketClient.s91nev5CPITrFiQpWCt(Object , Object )
   at Yinrg.Net.Sockets.SocketClient.GsnOTWuuJ(IAsyncResult  )
2018-11-20 16:38:41: 您的主机中的软件中止了一个已建立的连接。   at System.Net.Sockets.Socket.BeginSend(Byte[] buffer, Int32 offset, Int32 size, SocketFlags socketFlags, AsyncCallback callback, Object state)
   at Yinrg.Net.Sockets.SocketClient.OHHLBT5z7tfA5tAhu7I(Object , Object , Int32 , Int32 , SocketFlags , Object , Object )
   at Yinrg.Net.Sockets.SocketClient.SendByte(Byte[] bytes)
2018-11-20 16:38:41: 您的主机中的软件中止了一个已建立的连接。   at System.Net.Sockets.Socket.BeginSend(Byte[] buffer, Int32 offset, Int32 size, SocketFlags socketFlags, AsyncCallback callback, Object state)
   at Yinrg.Net.Sockets.SocketClient.OHHLBT5z7tfA5tAhu7I(Object , Object , Int32 , Int32 , SocketFlags , Object , Object )
   at Yinrg.Net.Sockets.SocketClient.SendByte(Byte[] bytes)
2018-11-20 16:38:41: 您的主机中的软件中止了一个已建立的连接。   at System.Net.Sockets.Socket.BeginSend(Byte[] buffer, Int32 offset, Int32 size, SocketFlags socketFlags, AsyncCallback callback, Object state)
   at Yinrg.Net.Sockets.SocketClient.OHHLBT5z7tfA5tAhu7I(Object , Object , Int32 , Int32 , SocketFlags , Object , Object )
   at Yinrg.Net.Sockets.SocketClient.SendByte(Byte[] bytes)
2018-11-20 16:38:41: 您的主机中的软件中止了一个已建立的连接。   at System.Net.Sockets.Socket.BeginSend(Byte[] buffer, Int32 offset, Int32 size, SocketFlags socketFlags, AsyncCallback callback, Object state)
   at Yinrg.Net.Sockets.SocketClient.OHHLBT5z7tfA5tAhu7I(Object , Object , Int32 , Int32 , SocketFlags , Object , Object )
   at Yinrg.Net.Sockets.SocketClient.SendByte(Byte[] bytes)
2018-11-20 16:38:41: 您的主机中的软件中止了一个已建立的连接。   at System.Net.Sockets.Socket.BeginSend(Byte[] buffer, Int32 offset, Int32 size, SocketFlags socketFlags, AsyncCallback callback, Object state)
   at Yinrg.Net.Sockets.SocketClient.OHHLBT5z7tfA5tAhu7I(Object , Object , Int32 , Int32 , SocketFlags , Object , Object )
   at Yinrg.Net.Sockets.SocketClient.SendByte(Byte[] bytes)
2018-11-20 16:38:41: 您的主机中的软件中止了一个已建立的连接。   at System.Net.Sockets.Socket.BeginSend(Byte[] buffer, Int32 offset, Int32 size, SocketFlags socketFlags, AsyncCallback callback, Object state)
   at Yinrg.Net.Sockets.SocketClient.OHHLBT5z7tfA5tAhu7I(Object , Object , Int32 , Int32 , SocketFlags , Object , Object )
   at Yinrg.Net.Sockets.SocketClient.SendByte(Byte[] bytes)
2018-11-20 16:38:41: 您的主机中的软件中止了一个已建立的连接。   at System.Net.Sockets.Socket.BeginSend(Byte[] buffer, Int32 offset, Int32 size, SocketFlags socketFlags, AsyncCallback callback, Object state)
   at Yinrg.Net.Sockets.SocketClient.OHHLBT5z7tfA5tAhu7I(Object , Object , Int32 , Int32 , SocketFlags , Object , Object )
   at Yinrg.Net.Sockets.SocketClient.SendByte(Byte[] bytes)
2018-11-20 16:38:41: 您的主机中的软件中止了一个已建立的连接。   at System.Net.Sockets.Socket.BeginSend(Byte[] buffer, Int32 offset, Int32 size, SocketFlags socketFlags, AsyncCallback callback, Object state)
   at Yinrg.Net.Sockets.SocketClient.OHHLBT5z7tfA5tAhu7I(Object , Object , Int32 , Int32 , SocketFlags , Object , Object )
   at Yinrg.Net.Sockets.SocketClient.SendByte(Byte[] bytes)
2018-11-20 16:38:41: 您的主机中的软件中止了一个已建立的连接。   at System.Net.Sockets.Socket.BeginSend(Byte[] buffer, Int32 offset, Int32 size, SocketFlags socketFlags, AsyncCallback callback, Object state)
   at Yinrg.Net.Sockets.SocketClient.OHHLBT5z7tfA5tAhu7I(Object , Object , Int32 , Int32 , SocketFlags , Object , Object )
   at Yinrg.Net.Sockets.SocketClient.SendByte(Byte[] bytes)
2018-11-20 16:38:41: 您的主机中的软件中止了一个已建立的连接。   at System.Net.Sockets.Socket.BeginSend(Byte[] buffer, Int32 offset, Int32 size, SocketFlags socketFlags, AsyncCallback callback, Object state)
   at Yinrg.Net.Sockets.SocketClient.OHHLBT5z7tfA5tAhu7I(Object , Object , Int32 , Int32 , SocketFlags , Object , Object )
   at Yinrg.Net.Sockets.SocketClient.SendByte(Byte[] bytes)
2018-11-20 16:38:44: 您的主机中的软件中止了一个已建立的连接。   at System.Net.Sockets.Socket.BeginSend(Byte[] buffer, Int32 offset, Int32 size, SocketFlags socketFlags, AsyncCallback callback, Object state)
   at Yinrg.Net.Sockets.SocketClient.OHHLBT5z7tfA5tAhu7I(Object , Object , Int32 , Int32 , SocketFlags , Object , Object )
   at Yinrg.Net.Sockets.SocketClient.SendByte(Byte[] bytes)
2018-11-20 16:38:44: 您的主机中的软件中止了一个已建立的连接。   at System.Net.Sockets.Socket.BeginSend(Byte[] buffer, Int32 offset, Int32 size, SocketFlags socketFlags, AsyncCallback callback, Object state)
   at Yinrg.Net.Sockets.SocketClient.OHHLBT5z7tfA5tAhu7I(Object , Object , Int32 , Int32 , SocketFlags , Object , Object )
   at Yinrg.Net.Sockets.SocketClient.SendByte(Byte[] bytes)
2018-11-20 16:38:45: 您的主机中的软件中止了一个已建立的连接。   at System.Net.Sockets.Socket.BeginSend(Byte[] buffer, Int32 offset, Int32 size, SocketFlags socketFlags, AsyncCallback callback, Object state)
   at Yinrg.Net.Sockets.SocketClient.OHHLBT5z7tfA5tAhu7I(Object , Object , Int32 , Int32 , SocketFlags , Object , Object )
   at Yinrg.Net.Sockets.SocketClient.SendByte(Byte[] bytes)
2018-11-20 16:38:46: 您的主机中的软件中止了一个已建立的连接。   at System.Net.Sockets.Socket.BeginReceive(Byte[] buffer, Int32 offset, Int32 size, SocketFlags socketFlags, AsyncCallback callback, Object state)
   at Yinrg.Net.Sockets.SocketClient.mSIdN55ykX2Ndb5boCu(Object , Object , Int32 , Int32 , SocketFlags , Object , Object )
   at Yinrg.Net.Sockets.SocketClient.GsnOTWuuJ(IAsyncResult  )
2018-11-20 16:38:46: 您的主机中的软件中止了一个已建立的连接。   at System.Net.Sockets.Socket.BeginReceive(Byte[] buffer, Int32 offset, Int32 size, SocketFlags socketFlags, AsyncCallback callback, Object state)
   at Yinrg.Net.Sockets.SocketClient.mSIdN55ykX2Ndb5boCu(Object , Object , Int32 , Int32 , SocketFlags , Object , Object )
   at Yinrg.Net.Sockets.SocketClient.GsnOTWuuJ(IAsyncResult  )
2018-11-20 16:38:46: 您的主机中的软件中止了一个已建立的连接。   at System.Net.Sockets.Socket.BeginReceive(Byte[] buffer, Int32 offset, Int32 size, SocketFlags socketFlags, AsyncCallback callback, Object state)
   at Yinrg.Net.Sockets.SocketClient.mSIdN55ykX2Ndb5boCu(Object , Object , Int32 , Int32 , SocketFlags , Object , Object )
   at Yinrg.Net.Sockets.SocketClient.GsnOTWuuJ(IAsyncResult  )
2018-11-20 16:38:46: 您的主机中的软件中止了一个已建立的连接。   at System.Net.Sockets.Socket.BeginReceive(Byte[] buffer, Int32 offset, Int32 size, SocketFlags socketFlags, AsyncCallback callback, Object state)
   at Yinrg.Net.Sockets.SocketClient.mSIdN55ykX2Ndb5boCu(Object , Object , Int32 , Int32 , SocketFlags , Object , Object )
   at Yinrg.Net.Sockets.SocketClient.GsnOTWuuJ(IAsyncResult  )
2018-11-20 16:38:46: 您的主机中的软件中止了一个已建立的连接。   at System.Net.Sockets.Socket.BeginReceive(Byte[] buffer, Int32 offset, Int32 size, SocketFlags socketFlags, AsyncCallback callback, Object state)
   at Yinrg.Net.Sockets.SocketClient.mSIdN55ykX2Ndb5boCu(Object , Object , Int32 , Int32 , SocketFlags , Object , Object )
   at Yinrg.Net.Sockets.SocketClient.GsnOTWuuJ(IAsyncResult  )
2018-11-20 16:38:46: 您的主机中的软件中止了一个已建立的连接。   at System.Net.Sockets.Socket.BeginReceive(Byte[] buffer, Int32 offset, Int32 size, SocketFlags socketFlags, AsyncCallback callback, Object state)
   at Yinrg.Net.Sockets.SocketClient.mSIdN55ykX2Ndb5boCu(Object , Object , Int32 , Int32 , SocketFlags , Object , Object )
   at Yinrg.Net.Sockets.SocketClient.GsnOTWuuJ(IAsyncResult  )
2018-11-20 16:38:46: 您的主机中的软件中止了一个已建立的连接。   at System.Net.Sockets.Socket.BeginSend(Byte[] buffer, Int32 offset, Int32 size, SocketFlags socketFlags, AsyncCallback callback, Object state)
   at Yinrg.Net.Sockets.SocketClient.OHHLBT5z7tfA5tAhu7I(Object , Object , Int32 , Int32 , SocketFlags , Object , Object )
   at Yinrg.Net.Sockets.SocketClient.SendByte(Byte[] bytes)
2018-11-20 16:38:46: 您的主机中的软件中止了一个已建立的连接。   at System.Net.Sockets.Socket.BeginReceive(Byte[] buffer, Int32 offset, Int32 size, SocketFlags socketFlags, AsyncCallback callback, Object state)
   at Yinrg.Net.Sockets.SocketClient.mSIdN55ykX2Ndb5boCu(Object , Object , Int32 , Int32 , SocketFlags , Object , Object )
   at Yinrg.Net.Sockets.SocketClient.GsnOTWuuJ(IAsyncResult  )
2018-11-20 16:38:46: 您的主机中的软件中止了一个已建立的连接。   at System.Net.Sockets.Socket.BeginReceive(Byte[] buffer, Int32 offset, Int32 size, SocketFlags socketFlags, AsyncCallback callback, Object state)
   at Yinrg.Net.Sockets.SocketClient.mSIdN55ykX2Ndb5boCu(Object , Object , Int32 , Int32 , SocketFlags , Object , Object )
   at Yinrg.Net.Sockets.SocketClient.GsnOTWuuJ(IAsyncResult  )
2018-11-20 16:38:46: 您的主机中的软件中止了一个已建立的连接。   at System.Net.Sockets.Socket.BeginReceive(Byte[] buffer, Int32 offset, Int32 size, SocketFlags socketFlags, AsyncCallback callback, Object state)
   at Yinrg.Net.Sockets.SocketClient.mSIdN55ykX2Ndb5boCu(Object , Object , Int32 , Int32 , SocketFlags , Object , Object )
   at Yinrg.Net.Sockets.SocketClient.GsnOTWuuJ(IAsyncResult  )
2018-11-20 16:38:46: 您的主机中的软件中止了一个已建立的连接。   at System.Net.Sockets.Socket.BeginReceive(Byte[] buffer, Int32 offset, Int32 size, SocketFlags socketFlags, AsyncCallback callback, Object state)
   at Yinrg.Net.Sockets.SocketClient.mSIdN55ykX2Ndb5boCu(Object , Object , Int32 , Int32 , SocketFlags , Object , Object )
   at Yinrg.Net.Sockets.SocketClient.GsnOTWuuJ(IAsyncResult  )
2018-11-20 16:38:46: 您的主机中的软件中止了一个已建立的连接。   at System.Net.Sockets.Socket.BeginReceive(Byte[] buffer, Int32 offset, Int32 size, SocketFlags socketFlags, AsyncCallback callback, Object state)
   at Yinrg.Net.Sockets.SocketClient.mSIdN55ykX2Ndb5boCu(Object , Object , Int32 , Int32 , SocketFlags , Object , Object )
   at Yinrg.Net.Sockets.SocketClient.GsnOTWuuJ(IAsyncResult  )
2018-11-20 16:38:46: 您的主机中的软件中止了一个已建立的连接。   at System.Net.Sockets.Socket.BeginReceive(Byte[] buffer, Int32 offset, Int32 size, SocketFlags socketFlags, AsyncCallback callback, Object state)
   at Yinrg.Net.Sockets.SocketClient.mSIdN55ykX2Ndb5boCu(Object , Object , Int32 , Int32 , SocketFlags , Object , Object )
   at Yinrg.Net.Sockets.SocketClient.GsnOTWuuJ(IAsyncResult  )
2018-11-20 16:38:46: 您的主机中的软件中止了一个已建立的连接。   at System.Net.Sockets.Socket.BeginReceive(Byte[] buffer, Int32 offset, Int32 size, SocketFlags socketFlags, AsyncCallback callback, Object state)
   at Yinrg.Net.Sockets.SocketClient.mSIdN55ykX2Ndb5boCu(Object , Object , Int32 , Int32 , SocketFlags , Object , Object )
   at Yinrg.Net.Sockets.SocketClient.GsnOTWuuJ(IAsyncResult  )
2018-11-20 16:38:47: 您的主机中的软件中止了一个已建立的连接。   at System.Net.Sockets.Socket.BeginReceive(Byte[] buffer, Int32 offset, Int32 size, SocketFlags socketFlags, AsyncCallback callback, Object state)
   at Yinrg.Net.Sockets.SocketClient.mSIdN55ykX2Ndb5boCu(Object , Object , Int32 , Int32 , SocketFlags , Object , Object )
   at Yinrg.Net.Sockets.SocketClient.GsnOTWuuJ(IAsyncResult  )
2018-11-20 16:38:47: 您的主机中的软件中止了一个已建立的连接。   at System.Net.Sockets.Socket.BeginReceive(Byte[] buffer, Int32 offset, Int32 size, SocketFlags socketFlags, AsyncCallback callback, Object state)
   at Yinrg.Net.Sockets.SocketClient.mSIdN55ykX2Ndb5boCu(Object , Object , Int32 , Int32 , SocketFlags , Object , Object )
   at Yinrg.Net.Sockets.SocketClient.GsnOTWuuJ(IAsyncResult  )
2018-11-20 16:38:48: 您的主机中的软件中止了一个已建立的连接。   at System.Net.Sockets.Socket.BeginReceive(Byte[] buffer, Int32 offset, Int32 size, SocketFlags socketFlags, AsyncCallback callback, Object state)
   at Yinrg.Net.Sockets.SocketClient.mSIdN55ykX2Ndb5boCu(Object , Object , Int32 , Int32 , SocketFlags , Object , Object )
   at Yinrg.Net.Sockets.SocketClient.GsnOTWuuJ(IAsyncResult  )
2018-11-20 16:38:48: 您的主机中的软件中止了一个已建立的连接。   at System.Net.Sockets.Socket.BeginReceive(Byte[] buffer, Int32 offset, Int32 size, SocketFlags socketFlags, AsyncCallback callback, Object state)
   at Yinrg.Net.Sockets.SocketClient.mSIdN55ykX2Ndb5boCu(Object , Object , Int32 , Int32 , SocketFlags , Object , Object )
   at Yinrg.Net.Sockets.SocketClient.GsnOTWuuJ(IAsyncResult  )
2018-11-20 16:38:48: 您的主机中的软件中止了一个已建立的连接。   at System.Net.Sockets.Socket.BeginReceive(Byte[] buffer, Int32 offset, Int32 size, SocketFlags socketFlags, AsyncCallback callback, Object state)
   at Yinrg.Net.Sockets.SocketClient.mSIdN55ykX2Ndb5boCu(Object , Object , Int32 , Int32 , SocketFlags , Object , Object )
   at Yinrg.Net.Sockets.SocketClient.GsnOTWuuJ(IAsyncResult  )
2018-11-20 16:38:48: 您的主机中的软件中止了一个已建立的连接。   at System.Net.Sockets.Socket.BeginReceive(Byte[] buffer, Int32 offset, Int32 size, SocketFlags socketFlags, AsyncCallback callback, Object state)
   at Yinrg.Net.Sockets.SocketClient.mSIdN55ykX2Ndb5boCu(Object , Object , Int32 , Int32 , SocketFlags , Object , Object )
   at Yinrg.Net.Sockets.SocketClient.GsnOTWuuJ(IAsyncResult  )
2018-11-20 16:38:48: 您的主机中的软件中止了一个已建立的连接。   at System.Net.Sockets.Socket.BeginReceive(Byte[] buffer, Int32 offset, Int32 size, SocketFlags socketFlags, AsyncCallback callback, Object state)
   at Yinrg.Net.Sockets.SocketClient.mSIdN55ykX2Ndb5boCu(Object , Object , Int32 , Int32 , SocketFlags , Object , Object )
   at Yinrg.Net.Sockets.SocketClient.GsnOTWuuJ(IAsyncResult  )
2018-11-20 16:38:48: 您的主机中的软件中止了一个已建立的连接。   at System.Net.Sockets.Socket.BeginReceive(Byte[] buffer, Int32 offset, Int32 size, SocketFlags socketFlags, AsyncCallback callback, Object state)
   at Yinrg.Net.Sockets.SocketClient.mSIdN55ykX2Ndb5boCu(Object , Object , Int32 , Int32 , SocketFlags , Object , Object )
   at Yinrg.Net.Sockets.SocketClient.GsnOTWuuJ(IAsyncResult  )
2018-11-20 16:38:48: 您的主机中的软件中止了一个已建立的连接。   at System.Net.Sockets.Socket.BeginReceive(Byte[] buffer, Int32 offset, Int32 size, SocketFlags socketFlags, AsyncCallback callback, Object state)
   at Yinrg.Net.Sockets.SocketClient.mSIdN55ykX2Ndb5boCu(Object , Object , Int32 , Int32 , SocketFlags , Object , Object )
   at Yinrg.Net.Sockets.SocketClient.GsnOTWuuJ(IAsyncResult  )
2018-11-20 16:38:48: 您的主机中的软件中止了一个已建立的连接。   at System.Net.Sockets.Socket.BeginReceive(Byte[] buffer, Int32 offset, Int32 size, SocketFlags socketFlags, AsyncCallback callback, Object state)
   at Yinrg.Net.Sockets.SocketClient.mSIdN55ykX2Ndb5boCu(Object , Object , Int32 , Int32 , SocketFlags , Object , Object )
   at Yinrg.Net.Sockets.SocketClient.GsnOTWuuJ(IAsyncResult  )
2018-11-20 16:38:48: 您的主机中的软件中止了一个已建立的连接。   at System.Net.Sockets.Socket.BeginReceive(Byte[] buffer, Int32 offset, Int32 size, SocketFlags socketFlags, AsyncCallback callback, Object state)
   at Yinrg.Net.Sockets.SocketClient.mSIdN55ykX2Ndb5boCu(Object , Object , Int32 , Int32 , SocketFlags , Object , Object )
   at Yinrg.Net.Sockets.SocketClient.GsnOTWuuJ(IAsyncResult  )
2018-11-20 16:38:48: 您的主机中的软件中止了一个已建立的连接。   at System.Net.Sockets.Socket.BeginReceive(Byte[] buffer, Int32 offset, Int32 size, SocketFlags socketFlags, AsyncCallback callback, Object state)
   at Yinrg.Net.Sockets.SocketClient.mSIdN55ykX2Ndb5boCu(Object , Object , Int32 , Int32 , SocketFlags , Object , Object )
   at Yinrg.Net.Sockets.SocketClient.GsnOTWuuJ(IAsyncResult  )
2018-11-20 16:38:48: 您的主机中的软件中止了一个已建立的连接。   at System.Net.Sockets.Socket.BeginReceive(Byte[] buffer, Int32 offset, Int32 size, SocketFlags socketFlags, AsyncCallback callback, Object state)
   at Yinrg.Net.Sockets.SocketClient.mSIdN55ykX2Ndb5boCu(Object , Object , Int32 , Int32 , SocketFlags , Object , Object )
   at Yinrg.Net.Sockets.SocketClient.GsnOTWuuJ(IAsyncResult  )
2018-11-20 16:38:48: 您的主机中的软件中止了一个已建立的连接。   at System.Net.Sockets.Socket.BeginReceive(Byte[] buffer, Int32 offset, Int32 size, SocketFlags socketFlags, AsyncCallback callback, Object state)
   at Yinrg.Net.Sockets.SocketClient.mSIdN55ykX2Ndb5boCu(Object , Object , Int32 , Int32 , SocketFlags , Object , Object )
   at Yinrg.Net.Sockets.SocketClient.GsnOTWuuJ(IAsyncResult  )
2018-11-20 16:38:48: 您的主机中的软件中止了一个已建立的连接。   at System.Net.Sockets.Socket.BeginReceive(Byte[] buffer, Int32 offset, Int32 size, SocketFlags socketFlags, AsyncCallback callback, Object state)
   at Yinrg.Net.Sockets.SocketClient.mSIdN55ykX2Ndb5boCu(Object , Object , Int32 , Int32 , SocketFlags , Object , Object )
   at Yinrg.Net.Sockets.SocketClient.GsnOTWuuJ(IAsyncResult  )
2018-11-20 16:38:48: 您的主机中的软件中止了一个已建立的连接。   at System.Net.Sockets.Socket.BeginSend(Byte[] buffer, Int32 offset, Int32 size, SocketFlags socketFlags, AsyncCallback callback, Object state)
   at Yinrg.Net.Sockets.SocketClient.OHHLBT5z7tfA5tAhu7I(Object , Object , Int32 , Int32 , SocketFlags , Object , Object )
   at Yinrg.Net.Sockets.SocketClient.SendByte(Byte[] bytes)
2018-11-20 16:38:48: 您的主机中的软件中止了一个已建立的连接。   at System.Net.Sockets.Socket.BeginSend(Byte[] buffer, Int32 offset, Int32 size, SocketFlags socketFlags, AsyncCallback callback, Object state)
   at Yinrg.Net.Sockets.SocketClient.OHHLBT5z7tfA5tAhu7I(Object , Object , Int32 , Int32 , SocketFlags , Object , Object )
   at Yinrg.Net.Sockets.SocketClient.SendByte(Byte[] bytes)
2018-11-20 16:38:49: 您的主机中的软件中止了一个已建立的连接。   at System.Net.Sockets.Socket.BeginSend(Byte[] buffer, Int32 offset, Int32 size, SocketFlags socketFlags, AsyncCallback callback, Object state)
   at Yinrg.Net.Sockets.SocketClient.OHHLBT5z7tfA5tAhu7I(Object , Object , Int32 , Int32 , SocketFlags , Object , Object )
   at Yinrg.Net.Sockets.SocketClient.SendByte(Byte[] bytes)
2018-11-20 16:38:49: 您的主机中的软件中止了一个已建立的连接。   at System.Net.Sockets.Socket.BeginSend(Byte[] buffer, Int32 offset, Int32 size, SocketFlags socketFlags, AsyncCallback callback, Object state)
   at Yinrg.Net.Sockets.SocketClient.OHHLBT5z7tfA5tAhu7I(Object , Object , Int32 , Int32 , SocketFlags , Object , Object )
   at Yinrg.Net.Sockets.SocketClient.SendByte(Byte[] bytes)
2018-11-20 16:38:49: 您的主机中的软件中止了一个已建立的连接。   at System.Net.Sockets.Socket.BeginReceive(Byte[] buffer, Int32 offset, Int32 size, SocketFlags socketFlags, AsyncCallback callback, Object state)
   at Yinrg.Net.Sockets.SocketClient.mSIdN55ykX2Ndb5boCu(Object , Object , Int32 , Int32 , SocketFlags , Object , Object )
   at Yinrg.Net.Sockets.SocketClient.GsnOTWuuJ(IAsyncResult  )
2018-11-20 16:38:49: 您的主机中的软件中止了一个已建立的连接。   at System.Net.Sockets.Socket.BeginReceive(Byte[] buffer, Int32 offset, Int32 size, SocketFlags socketFlags, AsyncCallback callback, Object state)
   at Yinrg.Net.Sockets.SocketClient.mSIdN55ykX2Ndb5boCu(Object , Object , Int32 , Int32 , SocketFlags , Object , Object )
   at Yinrg.Net.Sockets.SocketClient.GsnOTWuuJ(IAsyncResult  )
2018-11-20 16:38:49: 您的主机中的软件中止了一个已建立的连接。   at System.Net.Sockets.Socket.BeginReceive(Byte[] buffer, Int32 offset, Int32 size, SocketFlags socketFlags, AsyncCallback callback, Object state)
   at Yinrg.Net.Sockets.SocketClient.mSIdN55ykX2Ndb5boCu(Object , Object , Int32 , Int32 , SocketFlags , Object , Object )
   at Yinrg.Net.Sockets.SocketClient.GsnOTWuuJ(IAsyncResult  )
2018-11-20 16:38:49: 您的主机中的软件中止了一个已建立的连接。   at System.Net.Sockets.Socket.BeginReceive(Byte[] buffer, Int32 offset, Int32 size, SocketFlags socketFlags, AsyncCallback callback, Object state)
   at Yinrg.Net.Sockets.SocketClient.mSIdN55ykX2Ndb5boCu(Object , Object , Int32 , Int32 , SocketFlags , Object , Object )
   at Yinrg.Net.Sockets.SocketClient.GsnOTWuuJ(IAsyncResult  )
2018-11-20 16:38:49: 您的主机中的软件中止了一个已建立的连接。   at System.Net.Sockets.Socket.BeginReceive(Byte[] buffer, Int32 offset, Int32 size, SocketFlags socketFlags, AsyncCallback callback, Object state)
   at Yinrg.Net.Sockets.SocketClient.mSIdN55ykX2Ndb5boCu(Object , Object , Int32 , Int32 , SocketFlags , Object , Object )
   at Yinrg.Net.Sockets.SocketClient.GsnOTWuuJ(IAsyncResult  )
2018-11-20 16:38:49: 您的主机中的软件中止了一个已建立的连接。   at System.Net.Sockets.Socket.BeginReceive(Byte[] buffer, Int32 offset, Int32 size, SocketFlags socketFlags, AsyncCallback callback, Object state)
   at Yinrg.Net.Sockets.SocketClient.mSIdN55ykX2Ndb5boCu(Object , Object , Int32 , Int32 , SocketFlags , Object , Object )
   at Yinrg.Net.Sockets.SocketClient.GsnOTWuuJ(IAsyncResult  )
2018-11-20 16:38:49: 您的主机中的软件中止了一个已建立的连接。   at System.Net.Sockets.Socket.BeginReceive(Byte[] buffer, Int32 offset, Int32 size, SocketFlags socketFlags, AsyncCallback callback, Object state)
   at Yinrg.Net.Sockets.SocketClient.mSIdN55ykX2Ndb5boCu(Object , Object , Int32 , Int32 , SocketFlags , Object , Object )
   at Yinrg.Net.Sockets.SocketClient.GsnOTWuuJ(IAsyncResult  )
2018-11-20 16:38:49: 您的主机中的软件中止了一个已建立的连接。   at System.Net.Sockets.Socket.BeginReceive(Byte[] buffer, Int32 offset, Int32 size, SocketFlags socketFlags, AsyncCallback callback, Object state)
   at Yinrg.Net.Sockets.SocketClient.mSIdN55ykX2Ndb5boCu(Object , Object , Int32 , Int32 , SocketFlags , Object , Object )
   at Yinrg.Net.Sockets.SocketClient.GsnOTWuuJ(IAsyncResult  )
2018-11-20 16:38:49: 您的主机中的软件中止了一个已建立的连接。   at System.Net.Sockets.Socket.BeginSend(Byte[] buffer, Int32 offset, Int32 size, SocketFlags socketFlags, AsyncCallback callback, Object state)
   at Yinrg.Net.Sockets.SocketClient.OHHLBT5z7tfA5tAhu7I(Object , Object , Int32 , Int32 , SocketFlags , Object , Object )
   at Yinrg.Net.Sockets.SocketClient.SendByte(Byte[] bytes)
2018-11-20 16:38:49: 您的主机中的软件中止了一个已建立的连接。   at System.Net.Sockets.Socket.BeginSend(Byte[] buffer, Int32 offset, Int32 size, SocketFlags socketFlags, AsyncCallback callback, Object state)
   at Yinrg.Net.Sockets.SocketClient.OHHLBT5z7tfA5tAhu7I(Object , Object , Int32 , Int32 , SocketFlags , Object , Object )
   at Yinrg.Net.Sockets.SocketClient.SendByte(Byte[] bytes)
2018-11-20 16:38:49: 您的主机中的软件中止了一个已建立的连接。   at System.Net.Sockets.Socket.BeginSend(Byte[] buffer, Int32 offset, Int32 size, SocketFlags socketFlags, AsyncCallback callback, Object state)
   at Yinrg.Net.Sockets.SocketClient.OHHLBT5z7tfA5tAhu7I(Object , Object , Int32 , Int32 , SocketFlags , Object , Object )
   at Yinrg.Net.Sockets.SocketClient.SendByte(Byte[] bytes)
2018-11-20 16:38:49: 您的主机中的软件中止了一个已建立的连接。   at System.Net.Sockets.Socket.BeginSend(Byte[] buffer, Int32 offset, Int32 size, SocketFlags socketFlags, AsyncCallback callback, Object state)
   at Yinrg.Net.Sockets.SocketClient.OHHLBT5z7tfA5tAhu7I(Object , Object , Int32 , Int32 , SocketFlags , Object , Object )
   at Yinrg.Net.Sockets.SocketClient.SendByte(Byte[] bytes)
2018-11-20 16:38:49: 您的主机中的软件中止了一个已建立的连接。   at System.Net.Sockets.Socket.BeginSend(Byte[] buffer, Int32 offset, Int32 size, SocketFlags socketFlags, AsyncCallback callback, Object state)
   at Yinrg.Net.Sockets.SocketClient.OHHLBT5z7tfA5tAhu7I(Object , Object , Int32 , Int32 , SocketFlags , Object , Object )
   at Yinrg.Net.Sockets.SocketClient.SendByte(Byte[] bytes)
2018-11-20 16:38:49: 您的主机中的软件中止了一个已建立的连接。   at System.Net.Sockets.Socket.BeginSend(Byte[] buffer, Int32 offset, Int32 size, SocketFlags socketFlags, AsyncCallback callback, Object state)
   at Yinrg.Net.Sockets.SocketClient.OHHLBT5z7tfA5tAhu7I(Object , Object , Int32 , Int32 , SocketFlags , Object , Object )
   at Yinrg.Net.Sockets.SocketClient.SendByte(Byte[] bytes)
2018-11-20 16:38:49: 您的主机中的软件中止了一个已建立的连接。   at System.Net.Sockets.Socket.BeginSend(Byte[] buffer, Int32 offset, Int32 size, SocketFlags socketFlags, AsyncCallback callback, Object state)
   at Yinrg.Net.Sockets.SocketClient.OHHLBT5z7tfA5tAhu7I(Object , Object , Int32 , Int32 , SocketFlags , Object , Object )
   at Yinrg.Net.Sockets.SocketClient.SendByte(Byte[] bytes)
2018-11-20 16:38:49: 您的主机中的软件中止了一个已建立的连接。   at System.Net.Sockets.Socket.BeginSend(Byte[] buffer, Int32 offset, Int32 size, SocketFlags socketFlags, AsyncCallback callback, Object state)
   at Yinrg.Net.Sockets.SocketClient.OHHLBT5z7tfA5tAhu7I(Object , Object , Int32 , Int32 , SocketFlags , Object , Object )
   at Yinrg.Net.Sockets.SocketClient.SendByte(Byte[] bytes)
2018-11-20 16:38:49: 您的主机中的软件中止了一个已建立的连接。   at System.Net.Sockets.Socket.BeginSend(Byte[] buffer, Int32 offset, Int32 size, SocketFlags socketFlags, AsyncCallback callback, Object state)
   at Yinrg.Net.Sockets.SocketClient.OHHLBT5z7tfA5tAhu7I(Object , Object , Int32 , Int32 , SocketFlags , Object , Object )
   at Yinrg.Net.Sockets.SocketClient.SendByte(Byte[] bytes)
2018-11-20 16:38:49: 您的主机中的软件中止了一个已建立的连接。   at System.Net.Sockets.Socket.BeginSend(Byte[] buffer, Int32 offset, Int32 size, SocketFlags socketFlags, AsyncCallback callback, Object state)
   at Yinrg.Net.Sockets.SocketClient.OHHLBT5z7tfA5tAhu7I(Object , Object , Int32 , Int32 , SocketFlags , Object , Object )
   at Yinrg.Net.Sockets.SocketClient.SendByte(Byte[] bytes)
2018-11-20 16:38:49: 您的主机中的软件中止了一个已建立的连接。   at System.Net.Sockets.Socket.BeginSend(Byte[] buffer, Int32 offset, Int32 size, SocketFlags socketFlags, AsyncCallback callback, Object state)
   at Yinrg.Net.Sockets.SocketClient.OHHLBT5z7tfA5tAhu7I(Object , Object , Int32 , Int32 , SocketFlags , Object , Object )
   at Yinrg.Net.Sockets.SocketClient.SendByte(Byte[] bytes)
2018-11-20 16:38:49: 您的主机中的软件中止了一个已建立的连接。   at System.Net.Sockets.Socket.BeginSend(Byte[] buffer, Int32 offset, Int32 size, SocketFlags socketFlags, AsyncCallback callback, Object state)
   at Yinrg.Net.Sockets.SocketClient.OHHLBT5z7tfA5tAhu7I(Object , Object , Int32 , Int32 , SocketFlags , Object , Object )
   at Yinrg.Net.Sockets.SocketClient.SendByte(Byte[] bytes)
2018-11-20 16:38:49: 您的主机中的软件中止了一个已建立的连接。   at System.Net.Sockets.Socket.BeginReceive(Byte[] buffer, Int32 offset, Int32 size, SocketFlags socketFlags, AsyncCallback callback, Object state)
   at Yinrg.Net.Sockets.SocketClient.mSIdN55ykX2Ndb5boCu(Object , Object , Int32 , Int32 , SocketFlags , Object , Object )
   at Yinrg.Net.Sockets.SocketClient.GsnOTWuuJ(IAsyncResult  )
2018-11-20 16:38:49: 您的主机中的软件中止了一个已建立的连接。   at System.Net.Sockets.Socket.BeginReceive(Byte[] buffer, Int32 offset, Int32 size, SocketFlags socketFlags, AsyncCallback callback, Object state)
   at Yinrg.Net.Sockets.SocketClient.mSIdN55ykX2Ndb5boCu(Object , Object , Int32 , Int32 , SocketFlags , Object , Object )
   at Yinrg.Net.Sockets.SocketClient.GsnOTWuuJ(IAsyncResult  )
2018-11-20 16:38:49: 您的主机中的软件中止了一个已建立的连接。   at System.Net.Sockets.Socket.BeginReceive(Byte[] buffer, Int32 offset, Int32 size, SocketFlags socketFlags, AsyncCallback callback, Object state)
   at Yinrg.Net.Sockets.SocketClient.mSIdN55ykX2Ndb5boCu(Object , Object , Int32 , Int32 , SocketFlags , Object , Object )
   at Yinrg.Net.Sockets.SocketClient.GsnOTWuuJ(IAsyncResult  )
2018-11-20 16:38:49: 您的主机中的软件中止了一个已建立的连接。   at System.Net.Sockets.Socket.BeginReceive(Byte[] buffer, Int32 offset, Int32 size, SocketFlags socketFlags, AsyncCallback callback, Object state)
   at Yinrg.Net.Sockets.SocketClient.mSIdN55ykX2Ndb5boCu(Object , Object , Int32 , Int32 , SocketFlags , Object , Object )
   at Yinrg.Net.Sockets.SocketClient.GsnOTWuuJ(IAsyncResult  )
2018-11-20 16:38:49: 您的主机中的软件中止了一个已建立的连接。   at System.Net.Sockets.Socket.BeginReceive(Byte[] buffer, Int32 offset, Int32 size, SocketFlags socketFlags, AsyncCallback callback, Object state)
   at Yinrg.Net.Sockets.SocketClient.mSIdN55ykX2Ndb5boCu(Object , Object , Int32 , Int32 , SocketFlags , Object , Object )
   at Yinrg.Net.Sockets.SocketClient.GsnOTWuuJ(IAsyncResult  )
2018-11-20 16:38:49: 您的主机中的软件中止了一个已建立的连接。   at System.Net.Sockets.Socket.BeginReceive(Byte[] buffer, Int32 offset, Int32 size, SocketFlags socketFlags, AsyncCallback callback, Object state)
   at Yinrg.Net.Sockets.SocketClient.mSIdN55ykX2Ndb5boCu(Object , Object , Int32 , Int32 , SocketFlags , Object , Object )
   at Yinrg.Net.Sockets.SocketClient.GsnOTWuuJ(IAsyncResult  )
2018-11-20 16:38:49: 您的主机中的软件中止了一个已建立的连接。   at System.Net.Sockets.Socket.BeginReceive(Byte[] buffer, Int32 offset, Int32 size, SocketFlags socketFlags, AsyncCallback callback, Object state)
   at Yinrg.Net.Sockets.SocketClient.mSIdN55ykX2Ndb5boCu(Object , Object , Int32 , Int32 , SocketFlags , Object , Object )
   at Yinrg.Net.Sockets.SocketClient.GsnOTWuuJ(IAsyncResult  )
2018-11-20 16:38:49: 您的主机中的软件中止了一个已建立的连接。   at System.Net.Sockets.Socket.BeginReceive(Byte[] buffer, Int32 offset, Int32 size, SocketFlags socketFlags, AsyncCallback callback, Object state)
   at Yinrg.Net.Sockets.SocketClient.mSIdN55ykX2Ndb5boCu(Object , Object , Int32 , Int32 , SocketFlags , Object , Object )
   at Yinrg.Net.Sockets.SocketClient.GsnOTWuuJ(IAsyncResult  )
2018-11-20 16:38:49: 您的主机中的软件中止了一个已建立的连接。   at System.Net.Sockets.Socket.BeginReceive(Byte[] buffer, Int32 offset, Int32 size, SocketFlags socketFlags, AsyncCallback callback, Object state)
   at Yinrg.Net.Sockets.SocketClient.mSIdN55ykX2Ndb5boCu(Object , Object , Int32 , Int32 , SocketFlags , Object , Object )
   at Yinrg.Net.Sockets.SocketClient.GsnOTWuuJ(IAsyncResult  )
2018-11-20 16:38:49: 您的主机中的软件中止了一个已建立的连接。   at System.Net.Sockets.Socket.BeginReceive(Byte[] buffer, Int32 offset, Int32 size, SocketFlags socketFlags, AsyncCallback callback, Object state)
   at Yinrg.Net.Sockets.SocketClient.mSIdN55ykX2Ndb5boCu(Object , Object , Int32 , Int32 , SocketFlags , Object , Object )
   at Yinrg.Net.Sockets.SocketClient.GsnOTWuuJ(IAsyncResult  )
2018-11-20 16:38:49: 您的主机中的软件中止了一个已建立的连接。   at System.Net.Sockets.Socket.BeginReceive(Byte[] buffer, Int32 offset, Int32 size, SocketFlags socketFlags, AsyncCallback callback, Object state)
   at Yinrg.Net.Sockets.SocketClient.mSIdN55ykX2Ndb5boCu(Object , Object , Int32 , Int32 , SocketFlags , Object , Object )
   at Yinrg.Net.Sockets.SocketClient.GsnOTWuuJ(IAsyncResult  )
2018-11-20 16:38:49: 您的主机中的软件中止了一个已建立的连接。   at System.Net.Sockets.Socket.BeginReceive(Byte[] buffer, Int32 offset, Int32 size, SocketFlags socketFlags, AsyncCallback callback, Object state)
   at Yinrg.Net.Sockets.SocketClient.mSIdN55ykX2Ndb5boCu(Object , Object , Int32 , Int32 , SocketFlags , Object , Object )
   at Yinrg.Net.Sockets.SocketClient.GsnOTWuuJ(IAsyncResult  )
2018-11-20 16:38:49: 您的主机中的软件中止了一个已建立的连接。   at System.Net.Sockets.Socket.BeginReceive(Byte[] buffer, Int32 offset, Int32 size, SocketFlags socketFlags, AsyncCallback callback, Object state)
   at Yinrg.Net.Sockets.SocketClient.mSIdN55ykX2Ndb5boCu(Object , Object , Int32 , Int32 , SocketFlags , Object , Object )
   at Yinrg.Net.Sockets.SocketClient.GsnOTWuuJ(IAsyncResult  )
2018-11-20 16:38:49: 您的主机中的软件中止了一个已建立的连接。   at System.Net.Sockets.Socket.BeginReceive(Byte[] buffer, Int32 offset, Int32 size, SocketFlags socketFlags, AsyncCallback callback, Object state)
   at Yinrg.Net.Sockets.SocketClient.mSIdN55ykX2Ndb5boCu(Object , Object , Int32 , Int32 , SocketFlags , Object , Object )
   at Yinrg.Net.Sockets.SocketClient.GsnOTWuuJ(IAsyncResult  )
2018-11-20 16:38:49: 您的主机中的软件中止了一个已建立的连接。   at System.Net.Sockets.Socket.BeginReceive(Byte[] buffer, Int32 offset, Int32 size, SocketFlags socketFlags, AsyncCallback callback, Object state)
   at Yinrg.Net.Sockets.SocketClient.mSIdN55ykX2Ndb5boCu(Object , Object , Int32 , Int32 , SocketFlags , Object , Object )
   at Yinrg.Net.Sockets.SocketClient.GsnOTWuuJ(IAsyncResult  )
2018-11-20 16:38:49: 您的主机中的软件中止了一个已建立的连接。   at System.Net.Sockets.Socket.BeginReceive(Byte[] buffer, Int32 offset, Int32 size, SocketFlags socketFlags, AsyncCallback callback, Object state)
   at Yinrg.Net.Sockets.SocketClient.mSIdN55ykX2Ndb5boCu(Object , Object , Int32 , Int32 , SocketFlags , Object , Object )
   at Yinrg.Net.Sockets.SocketClient.GsnOTWuuJ(IAsyncResult  )
2018-11-20 16:38:49: 您的主机中的软件中止了一个已建立的连接。   at System.Net.Sockets.Socket.BeginReceive(Byte[] buffer, Int32 offset, Int32 size, SocketFlags socketFlags, AsyncCallback callback, Object state)
   at Yinrg.Net.Sockets.SocketClient.mSIdN55ykX2Ndb5boCu(Object , Object , Int32 , Int32 , SocketFlags , Object , Object )
   at Yinrg.Net.Sockets.SocketClient.GsnOTWuuJ(IAsyncResult  )
2018-11-20 16:38:49: 您的主机中的软件中止了一个已建立的连接。   at System.Net.Sockets.Socket.BeginReceive(Byte[] buffer, Int32 offset, Int32 size, SocketFlags socketFlags, AsyncCallback callback, Object state)
   at Yinrg.Net.Sockets.SocketClient.mSIdN55ykX2Ndb5boCu(Object , Object , Int32 , Int32 , SocketFlags , Object , Object )
   at Yinrg.Net.Sockets.SocketClient.GsnOTWuuJ(IAsyncResult  )
2018-11-20 16:38:49: 您的主机中的软件中止了一个已建立的连接。   at System.Net.Sockets.Socket.BeginReceive(Byte[] buffer, Int32 offset, Int32 size, SocketFlags socketFlags, AsyncCallback callback, Object state)
   at Yinrg.Net.Sockets.SocketClient.mSIdN55ykX2Ndb5boCu(Object , Object , Int32 , Int32 , SocketFlags , Object , Object )
   at Yinrg.Net.Sockets.SocketClient.GsnOTWuuJ(IAsyncResult  )
2018-11-20 16:38:49: 您的主机中的软件中止了一个已建立的连接。   at System.Net.Sockets.Socket.BeginReceive(Byte[] buffer, Int32 offset, Int32 size, SocketFlags socketFlags, AsyncCallback callback, Object state)
   at Yinrg.Net.Sockets.SocketClient.mSIdN55ykX2Ndb5boCu(Object , Object , Int32 , Int32 , SocketFlags , Object , Object )
   at Yinrg.Net.Sockets.SocketClient.GsnOTWuuJ(IAsyncResult  )
2018-11-20 16:38:50: 您的主机中的软件中止了一个已建立的连接。   at System.Net.Sockets.Socket.BeginSend(Byte[] buffer, Int32 offset, Int32 size, SocketFlags socketFlags, AsyncCallback callback, Object state)
   at Yinrg.Net.Sockets.SocketClient.OHHLBT5z7tfA5tAhu7I(Object , Object , Int32 , Int32 , SocketFlags , Object , Object )
   at Yinrg.Net.Sockets.SocketClient.SendByte(Byte[] bytes)
2018-11-20 16:38:51: 您的主机中的软件中止了一个已建立的连接。   at System.Net.Sockets.Socket.BeginReceive(Byte[] buffer, Int32 offset, Int32 size, SocketFlags socketFlags, AsyncCallback callback, Object state)
   at Yinrg.Net.Sockets.SocketClient.mSIdN55ykX2Ndb5boCu(Object , Object , Int32 , Int32 , SocketFlags , Object , Object )
   at Yinrg.Net.Sockets.SocketClient.GsnOTWuuJ(IAsyncResult  )
2018-11-20 16:38:51: 您的主机中的软件中止了一个已建立的连接。   at System.Net.Sockets.Socket.BeginReceive(Byte[] buffer, Int32 offset, Int32 size, SocketFlags socketFlags, AsyncCallback callback, Object state)
   at Yinrg.Net.Sockets.SocketClient.mSIdN55ykX2Ndb5boCu(Object , Object , Int32 , Int32 , SocketFlags , Object , Object )
   at Yinrg.Net.Sockets.SocketClient.GsnOTWuuJ(IAsyncResult  )
2018-11-20 16:38:51: 您的主机中的软件中止了一个已建立的连接。   at System.Net.Sockets.Socket.BeginReceive(Byte[] buffer, Int32 offset, Int32 size, SocketFlags socketFlags, AsyncCallback callback, Object state)
   at Yinrg.Net.Sockets.SocketClient.mSIdN55ykX2Ndb5boCu(Object , Object , Int32 , Int32 , SocketFlags , Object , Object )
   at Yinrg.Net.Sockets.SocketClient.GsnOTWuuJ(IAsyncResult  )
2018-11-20 16:38:51: 您的主机中的软件中止了一个已建立的连接。   at System.Net.Sockets.Socket.BeginReceive(Byte[] buffer, Int32 offset, Int32 size, SocketFlags socketFlags, AsyncCallback callback, Object state)
   at Yinrg.Net.Sockets.SocketClient.mSIdN55ykX2Ndb5boCu(Object , Object , Int32 , Int32 , SocketFlags , Object , Object )
   at Yinrg.Net.Sockets.SocketClient.GsnOTWuuJ(IAsyncResult  )
2018-11-20 16:38:51: 您的主机中的软件中止了一个已建立的连接。   at System.Net.Sockets.Socket.BeginReceive(Byte[] buffer, Int32 offset, Int32 size, SocketFlags socketFlags, AsyncCallback callback, Object state)
   at Yinrg.Net.Sockets.SocketClient.mSIdN55ykX2Ndb5boCu(Object , Object , Int32 , Int32 , SocketFlags , Object , Object )
   at Yinrg.Net.Sockets.SocketClient.GsnOTWuuJ(IAsyncResult  )
2018-11-20 16:38:51: 您的主机中的软件中止了一个已建立的连接。   at System.Net.Sockets.Socket.BeginSend(Byte[] buffer, Int32 offset, Int32 size, SocketFlags socketFlags, AsyncCallback callback, Object state)
   at Yinrg.Net.Sockets.SocketClient.OHHLBT5z7tfA5tAhu7I(Object , Object , Int32 , Int32 , SocketFlags , Object , Object )
   at Yinrg.Net.Sockets.SocketClient.SendByte(Byte[] bytes)
2018-11-20 16:38:52: 您的主机中的软件中止了一个已建立的连接。   at System.Net.Sockets.Socket.BeginSend(Byte[] buffer, Int32 offset, Int32 size, SocketFlags socketFlags, AsyncCallback callback, Object state)
   at Yinrg.Net.Sockets.SocketClient.OHHLBT5z7tfA5tAhu7I(Object , Object , Int32 , Int32 , SocketFlags , Object , Object )
   at Yinrg.Net.Sockets.SocketClient.SendByte(Byte[] bytes)
2018-11-20 16:38:52: 您的主机中的软件中止了一个已建立的连接。   at System.Net.Sockets.Socket.BeginSend(Byte[] buffer, Int32 offset, Int32 size, SocketFlags socketFlags, AsyncCallback callback, Object state)
   at Yinrg.Net.Sockets.SocketClient.OHHLBT5z7tfA5tAhu7I(Object , Object , Int32 , Int32 , SocketFlags , Object , Object )
   at Yinrg.Net.Sockets.SocketClient.SendByte(Byte[] bytes)
2018-11-20 16:38:52: 您的主机中的软件中止了一个已建立的连接。   at System.Net.Sockets.Socket.BeginSend(Byte[] buffer, Int32 offset, Int32 size, SocketFlags socketFlags, AsyncCallback callback, Object state)
   at Yinrg.Net.Sockets.SocketClient.OHHLBT5z7tfA5tAhu7I(Object , Object , Int32 , Int32 , SocketFlags , Object , Object )
   at Yinrg.Net.Sockets.SocketClient.SendByte(Byte[] bytes)
2018-11-20 16:38:52: 您的主机中的软件中止了一个已建立的连接。   at System.Net.Sockets.Socket.BeginSend(Byte[] buffer, Int32 offset, Int32 size, SocketFlags socketFlags, AsyncCallback callback, Object state)
   at Yinrg.Net.Sockets.SocketClient.OHHLBT5z7tfA5tAhu7I(Object , Object , Int32 , Int32 , SocketFlags , Object , Object )
   at Yinrg.Net.Sockets.SocketClient.SendByte(Byte[] bytes)
2018-11-20 16:38:52: 您的主机中的软件中止了一个已建立的连接。   at System.Net.Sockets.Socket.BeginSend(Byte[] buffer, Int32 offset, Int32 size, SocketFlags socketFlags, AsyncCallback callback, Object state)
   at Yinrg.Net.Sockets.SocketClient.OHHLBT5z7tfA5tAhu7I(Object , Object , Int32 , Int32 , SocketFlags , Object , Object )
   at Yinrg.Net.Sockets.SocketClient.SendByte(Byte[] bytes)
2018-11-20 16:38:52: 您的主机中的软件中止了一个已建立的连接。   at System.Net.Sockets.Socket.BeginSend(Byte[] buffer, Int32 offset, Int32 size, SocketFlags socketFlags, AsyncCallback callback, Object state)
   at Yinrg.Net.Sockets.SocketClient.OHHLBT5z7tfA5tAhu7I(Object , Object , Int32 , Int32 , SocketFlags , Object , Object )
   at Yinrg.Net.Sockets.SocketClient.SendByte(Byte[] bytes)
2018-11-20 16:44:39: 由于连接方在一段时间后没有正确答复或连接的主机没有反应，连接尝试失败。   at System.Net.Sockets.Socket.EndReceive(IAsyncResult asyncResult)
   at Yinrg.Net.Sockets.SocketClient.s91nev5CPITrFiQpWCt(Object , Object )
   at Yinrg.Net.Sockets.SocketClient.GsnOTWuuJ(IAsyncResult  )
2018-11-20 16:44:39: 由于连接方在一段时间后没有正确答复或连接的主机没有反应，连接尝试失败。   at System.Net.Sockets.Socket.EndReceive(IAsyncResult asyncResult)
   at Yinrg.Net.Sockets.SocketClient.s91nev5CPITrFiQpWCt(Object , Object )
   at Yinrg.Net.Sockets.SocketClient.GsnOTWuuJ(IAsyncResult  )
2018-11-20 16:44:39: 由于连接方在一段时间后没有正确答复或连接的主机没有反应，连接尝试失败。   at System.Net.Sockets.Socket.EndReceive(IAsyncResult asyncResult)
   at Yinrg.Net.Sockets.SocketClient.s91nev5CPITrFiQpWCt(Object , Object )
   at Yinrg.Net.Sockets.SocketClient.GsnOTWuuJ(IAsyncResult  )
2018-11-20 16:44:39: 由于连接方在一段时间后没有正确答复或连接的主机没有反应，连接尝试失败。   at System.Net.Sockets.Socket.EndReceive(IAsyncResult asyncResult)
   at Yinrg.Net.Sockets.SocketClient.s91nev5CPITrFiQpWCt(Object , Object )
   at Yinrg.Net.Sockets.SocketClient.GsnOTWuuJ(IAsyncResult  )
2018-11-20 16:44:40: 由于连接方在一段时间后没有正确答复或连接的主机没有反应，连接尝试失败。   at System.Net.Sockets.Socket.EndReceive(IAsyncResult asyncResult)
   at Yinrg.Net.Sockets.SocketClient.s91nev5CPITrFiQpWCt(Object , Object )
   at Yinrg.Net.Sockets.SocketClient.GsnOTWuuJ(IAsyncResult  )
2018-11-20 16:44:40: 由于连接方在一段时间后没有正确答复或连接的主机没有反应，连接尝试失败。   at System.Net.Sockets.Socket.EndReceive(IAsyncResult asyncResult)
   at Yinrg.Net.Sockets.SocketClient.s91nev5CPITrFiQpWCt(Object , Object )
   at Yinrg.Net.Sockets.SocketClient.GsnOTWuuJ(IAsyncResult  )
2018-11-20 16:44:40: 由于连接方在一段时间后没有正确答复或连接的主机没有反应，连接尝试失败。   at System.Net.Sockets.Socket.EndReceive(IAsyncResult asyncResult)
   at Yinrg.Net.Sockets.SocketClient.s91nev5CPITrFiQpWCt(Object , Object )
   at Yinrg.Net.Sockets.SocketClient.GsnOTWuuJ(IAsyncResult  )
2018-11-20 16:44:40: 由于连接方在一段时间后没有正确答复或连接的主机没有反应，连接尝试失败。   at System.Net.Sockets.Socket.EndReceive(IAsyncResult asyncResult)
   at Yinrg.Net.Sockets.SocketClient.s91nev5CPITrFiQpWCt(Object , Object )
   at Yinrg.Net.Sockets.SocketClient.GsnOTWuuJ(IAsyncResult  )
2018-11-20 16:44:41: 由于连接方在一段时间后没有正确答复或连接的主机没有反应，连接尝试失败。   at System.Net.Sockets.Socket.EndReceive(IAsyncResult asyncResult)
   at Yinrg.Net.Sockets.SocketClient.s91nev5CPITrFiQpWCt(Object , Object )
   at Yinrg.Net.Sockets.SocketClient.GsnOTWuuJ(IAsyncResult  )
2018-11-20 16:44:42: 由于连接方在一段时间后没有正确答复或连接的主机没有反应，连接尝试失败。   at System.Net.Sockets.Socket.EndReceive(IAsyncResult asyncResult)
   at Yinrg.Net.Sockets.SocketClient.s91nev5CPITrFiQpWCt(Object , Object )
   at Yinrg.Net.Sockets.SocketClient.GsnOTWuuJ(IAsyncResult  )
2018-11-20 16:50:21: 由于连接方在一段时间后没有正确答复或连接的主机没有反应，连接尝试失败。   at System.Net.Sockets.Socket.EndReceive(IAsyncResult asyncResult)
   at Yinrg.Net.Sockets.SocketClient.s91nev5CPITrFiQpWCt(Object , Object )
   at Yinrg.Net.Sockets.SocketClient.GsnOTWuuJ(IAsyncResult  )
2018-11-20 16:52:27: 由于连接方在一段时间后没有正确答复或连接的主机没有反应，连接尝试失败。   at System.Net.Sockets.Socket.EndReceive(IAsyncResult asyncResult)
   at Yinrg.Net.Sockets.SocketClient.s91nev5CPITrFiQpWCt(Object , Object )
   at Yinrg.Net.Sockets.SocketClient.GsnOTWuuJ(IAsyncResult  )
2018-11-20 17:15:04: 由于连接方在一段时间后没有正确答复或连接的主机没有反应，连接尝试失败。   at System.Net.Sockets.Socket.EndReceive(IAsyncResult asyncResult)
   at Yinrg.Net.Sockets.SocketClient.s91nev5CPITrFiQpWCt(Object , Object )
   at Yinrg.Net.Sockets.SocketClient.GsnOTWuuJ(IAsyncResult  )
2018-11-20 17:16:51: 由于连接方在一段时间后没有正确答复或连接的主机没有反应，连接尝试失败。   at System.Net.Sockets.Socket.EndReceive(IAsyncResult asyncResult)
   at Yinrg.Net.Sockets.SocketClient.s91nev5CPITrFiQpWCt(Object , Object )
   at Yinrg.Net.Sockets.SocketClient.GsnOTWuuJ(IAsyncResult  )
2018-11-20 17:21:52: 由于连接方在一段时间后没有正确答复或连接的主机没有反应，连接尝试失败。   at System.Net.Sockets.Socket.EndReceive(IAsyncResult asyncResult)
   at Yinrg.Net.Sockets.SocketClient.s91nev5CPITrFiQpWCt(Object , Object )
   at Yinrg.Net.Sockets.SocketClient.GsnOTWuuJ(IAsyncResult  )
2018-11-20 17:21:53: 由于连接方在一段时间后没有正确答复或连接的主机没有反应，连接尝试失败。   at System.Net.Sockets.Socket.EndReceive(IAsyncResult asyncResult)
   at Yinrg.Net.Sockets.SocketClient.s91nev5CPITrFiQpWCt(Object , Object )
   at Yinrg.Net.Sockets.SocketClient.GsnOTWuuJ(IAsyncResult  )
2018-11-20 17:22:09: 由于连接方在一段时间后没有正确答复或连接的主机没有反应，连接尝试失败。   at System.Net.Sockets.Socket.EndReceive(IAsyncResult asyncResult)
   at Yinrg.Net.Sockets.SocketClient.s91nev5CPITrFiQpWCt(Object , Object )
   at Yinrg.Net.Sockets.SocketClient.GsnOTWuuJ(IAsyncResult  )
2018-11-20 17:22:11: 由于连接方在一段时间后没有正确答复或连接的主机没有反应，连接尝试失败。   at System.Net.Sockets.Socket.EndReceive(IAsyncResult asyncResult)
   at Yinrg.Net.Sockets.SocketClient.s91nev5CPITrFiQpWCt(Object , Object )
   at Yinrg.Net.Sockets.SocketClient.GsnOTWuuJ(IAsyncResult  )
2018-11-20 17:22:22: 由于连接方在一段时间后没有正确答复或连接的主机没有反应，连接尝试失败。   at System.Net.Sockets.Socket.EndReceive(IAsyncResult asyncResult)
   at Yinrg.Net.Sockets.SocketClient.s91nev5CPITrFiQpWCt(Object , Object )
   at Yinrg.Net.Sockets.SocketClient.GsnOTWuuJ(IAsyncResult  )
2018-11-20 17:22:33: 由于连接方在一段时间后没有正确答复或连接的主机没有反应，连接尝试失败。   at System.Net.Sockets.Socket.EndReceive(IAsyncResult asyncResult)
   at Yinrg.Net.Sockets.SocketClient.s91nev5CPITrFiQpWCt(Object , Object )
   at Yinrg.Net.Sockets.SocketClient.GsnOTWuuJ(IAsyncResult  )
2018-11-20 17:22:57: 由于连接方在一段时间后没有正确答复或连接的主机没有反应，连接尝试失败。   at System.Net.Sockets.Socket.EndReceive(IAsyncResult asyncResult)
   at Yinrg.Net.Sockets.SocketClient.s91nev5CPITrFiQpWCt(Object , Object )
   at Yinrg.Net.Sockets.SocketClient.GsnOTWuuJ(IAsyncResult  )
2018-11-20 17:23:18: 由于连接方在一段时间后没有正确答复或连接的主机没有反应，连接尝试失败。   at System.Net.Sockets.Socket.EndReceive(IAsyncResult asyncResult)
   at Yinrg.Net.Sockets.SocketClient.s91nev5CPITrFiQpWCt(Object , Object )
   at Yinrg.Net.Sockets.SocketClient.GsnOTWuuJ(IAsyncResult  )
2018-11-20 17:23:39: 由于连接方在一段时间后没有正确答复或连接的主机没有反应，连接尝试失败。   at System.Net.Sockets.Socket.EndReceive(IAsyncResult asyncResult)
   at Yinrg.Net.Sockets.SocketClient.s91nev5CPITrFiQpWCt(Object , Object )
   at Yinrg.Net.Sockets.SocketClient.GsnOTWuuJ(IAsyncResult  )
2018-11-20 17:24:10: 由于连接方在一段时间后没有正确答复或连接的主机没有反应，连接尝试失败。   at System.Net.Sockets.Socket.EndReceive(IAsyncResult asyncResult)
   at Yinrg.Net.Sockets.SocketClient.s91nev5CPITrFiQpWCt(Object , Object )
   at Yinrg.Net.Sockets.SocketClient.GsnOTWuuJ(IAsyncResult  )
2018-11-20 17:24:48: 由于连接方在一段时间后没有正确答复或连接的主机没有反应，连接尝试失败。   at System.Net.Sockets.Socket.EndReceive(IAsyncResult asyncResult)
   at Yinrg.Net.Sockets.SocketClient.s91nev5CPITrFiQpWCt(Object , Object )
   at Yinrg.Net.Sockets.SocketClient.GsnOTWuuJ(IAsyncResult  )
2018-11-20 17:25:46: 由于连接方在一段时间后没有正确答复或连接的主机没有反应，连接尝试失败。   at System.Net.Sockets.Socket.EndReceive(IAsyncResult asyncResult)
   at Yinrg.Net.Sockets.SocketClient.s91nev5CPITrFiQpWCt(Object , Object )
   at Yinrg.Net.Sockets.SocketClient.GsnOTWuuJ(IAsyncResult  )
2018-11-20 17:27:53: 由于连接方在一段时间后没有正确答复或连接的主机没有反应，连接尝试失败。   at System.Net.Sockets.Socket.EndReceive(IAsyncResult asyncResult)
   at Yinrg.Net.Sockets.SocketClient.s91nev5CPITrFiQpWCt(Object , Object )
   at Yinrg.Net.Sockets.SocketClient.GsnOTWuuJ(IAsyncResult  )
2018-11-20 17:27:53: 由于连接方在一段时间后没有正确答复或连接的主机没有反应，连接尝试失败。   at System.Net.Sockets.Socket.EndReceive(IAsyncResult asyncResult)
   at Yinrg.Net.Sockets.SocketClient.s91nev5CPITrFiQpWCt(Object , Object )
   at Yinrg.Net.Sockets.SocketClient.GsnOTWuuJ(IAsyncResult  )
2018-11-20 17:27:53: 由于连接方在一段时间后没有正确答复或连接的主机没有反应，连接尝试失败。   at System.Net.Sockets.Socket.EndReceive(IAsyncResult asyncResult)
   at Yinrg.Net.Sockets.SocketClient.s91nev5CPITrFiQpWCt(Object , Object )
   at Yinrg.Net.Sockets.SocketClient.GsnOTWuuJ(IAsyncResult  )
2018-11-20 17:27:53: 由于连接方在一段时间后没有正确答复或连接的主机没有反应，连接尝试失败。   at System.Net.Sockets.Socket.EndReceive(IAsyncResult asyncResult)
   at Yinrg.Net.Sockets.SocketClient.s91nev5CPITrFiQpWCt(Object , Object )
   at Yinrg.Net.Sockets.SocketClient.GsnOTWuuJ(IAsyncResult  )
2018-11-20 17:27:53: 由于连接方在一段时间后没有正确答复或连接的主机没有反应，连接尝试失败。   at System.Net.Sockets.Socket.EndReceive(IAsyncResult asyncResult)
   at Yinrg.Net.Sockets.SocketClient.s91nev5CPITrFiQpWCt(Object , Object )
   at Yinrg.Net.Sockets.SocketClient.GsnOTWuuJ(IAsyncResult  )
2018-11-20 17:27:53: 由于连接方在一段时间后没有正确答复或连接的主机没有反应，连接尝试失败。   at System.Net.Sockets.Socket.EndReceive(IAsyncResult asyncResult)
   at Yinrg.Net.Sockets.SocketClient.s91nev5CPITrFiQpWCt(Object , Object )
   at Yinrg.Net.Sockets.SocketClient.GsnOTWuuJ(IAsyncResult  )
2018-11-20 17:27:53: 由于连接方在一段时间后没有正确答复或连接的主机没有反应，连接尝试失败。   at System.Net.Sockets.Socket.EndReceive(IAsyncResult asyncResult)
   at Yinrg.Net.Sockets.SocketClient.s91nev5CPITrFiQpWCt(Object , Object )
   at Yinrg.Net.Sockets.SocketClient.GsnOTWuuJ(IAsyncResult  )
2018-11-20 17:27:53: 由于连接方在一段时间后没有正确答复或连接的主机没有反应，连接尝试失败。   at System.Net.Sockets.Socket.EndReceive(IAsyncResult asyncResult)
   at Yinrg.Net.Sockets.SocketClient.s91nev5CPITrFiQpWCt(Object , Object )
   at Yinrg.Net.Sockets.SocketClient.GsnOTWuuJ(IAsyncResult  )
2018-11-20 17:27:53: 由于连接方在一段时间后没有正确答复或连接的主机没有反应，连接尝试失败。   at System.Net.Sockets.Socket.EndReceive(IAsyncResult asyncResult)
   at Yinrg.Net.Sockets.SocketClient.s91nev5CPITrFiQpWCt(Object , Object )
   at Yinrg.Net.Sockets.SocketClient.GsnOTWuuJ(IAsyncResult  )
2018-11-20 17:27:53: 由于连接方在一段时间后没有正确答复或连接的主机没有反应，连接尝试失败。   at System.Net.Sockets.Socket.EndReceive(IAsyncResult asyncResult)
   at Yinrg.Net.Sockets.SocketClient.s91nev5CPITrFiQpWCt(Object , Object )
   at Yinrg.Net.Sockets.SocketClient.GsnOTWuuJ(IAsyncResult  )
2018-11-20 17:27:53: 由于连接方在一段时间后没有正确答复或连接的主机没有反应，连接尝试失败。   at System.Net.Sockets.Socket.EndReceive(IAsyncResult asyncResult)
   at Yinrg.Net.Sockets.SocketClient.s91nev5CPITrFiQpWCt(Object , Object )
   at Yinrg.Net.Sockets.SocketClient.GsnOTWuuJ(IAsyncResult  )
2018-11-20 17:27:53: 由于连接方在一段时间后没有正确答复或连接的主机没有反应，连接尝试失败。   at System.Net.Sockets.Socket.EndReceive(IAsyncResult asyncResult)
   at Yinrg.Net.Sockets.SocketClient.s91nev5CPITrFiQpWCt(Object , Object )
   at Yinrg.Net.Sockets.SocketClient.GsnOTWuuJ(IAsyncResult  )
2018-11-20 17:27:53: 由于连接方在一段时间后没有正确答复或连接的主机没有反应，连接尝试失败。   at System.Net.Sockets.Socket.EndReceive(IAsyncResult asyncResult)
   at Yinrg.Net.Sockets.SocketClient.s91nev5CPITrFiQpWCt(Object , Object )
   at Yinrg.Net.Sockets.SocketClient.GsnOTWuuJ(IAsyncResult  )
2018-11-20 18:23:26: Cannot access a disposed object.
Object name: 'System.Net.Sockets.Socket'.   at System.Net.Sockets.Socket.EndReceive(IAsyncResult asyncResult, SocketError& errorCode)
   at System.Net.Sockets.Socket.EndReceive(IAsyncResult asyncResult)
   at Yinrg.Net.Sockets.SocketClient.s91nev5CPITrFiQpWCt(Object , Object )
   at Yinrg.Net.Sockets.SocketClient.GsnOTWuuJ(IAsyncResult  )
2018-11-20 18:23:26: Cannot access a disposed object.
Object name: 'System.Net.Sockets.Socket'.   at System.Net.Sockets.Socket.EndReceive(IAsyncResult asyncResult, SocketError& errorCode)
   at System.Net.Sockets.Socket.EndReceive(IAsyncResult asyncResult)
   at Yinrg.Net.Sockets.SocketClient.s91nev5CPITrFiQpWCt(Object , Object )
   at Yinrg.Net.Sockets.SocketClient.GsnOTWuuJ(IAsyncResult  )
2018-11-20 18:23:26: Cannot access a disposed object.
Object name: 'System.Net.Sockets.Socket'.   at System.Net.Sockets.Socket.EndReceive(IAsyncResult asyncResult, SocketError& errorCode)
   at System.Net.Sockets.Socket.EndReceive(IAsyncResult asyncResult)
   at Yinrg.Net.Sockets.SocketClient.s91nev5CPITrFiQpWCt(Object , Object )
   at Yinrg.Net.Sockets.SocketClient.GsnOTWuuJ(IAsyncResult  )
2018-11-20 18:23:26: Cannot access a disposed object.
Object name: 'System.Net.Sockets.Socket'.   at System.Net.Sockets.Socket.EndReceive(IAsyncResult asyncResult, SocketError& errorCode)
   at System.Net.Sockets.Socket.EndReceive(IAsyncResult asyncResult)
   at Yinrg.Net.Sockets.SocketClient.s91nev5CPITrFiQpWCt(Object , Object )
   at Yinrg.Net.Sockets.SocketClient.GsnOTWuuJ(IAsyncResult  )
2018-11-20 18:23:26: Cannot access a disposed object.
Object name: 'System.Net.Sockets.Socket'.   at System.Net.Sockets.Socket.EndReceive(IAsyncResult asyncResult, SocketError& errorCode)
   at System.Net.Sockets.Socket.EndReceive(IAsyncResult asyncResult)
   at Yinrg.Net.Sockets.SocketClient.s91nev5CPITrFiQpWCt(Object , Object )
   at Yinrg.Net.Sockets.SocketClient.GsnOTWuuJ(IAsyncResult  )
2018-11-20 18:23:26: Cannot access a disposed object.
Object name: 'System.Net.Sockets.Socket'.   at System.Net.Sockets.Socket.EndReceive(IAsyncResult asyncResult, SocketError& errorCode)
   at System.Net.Sockets.Socket.EndReceive(IAsyncResult asyncResult)
   at Yinrg.Net.Sockets.SocketClient.s91nev5CPITrFiQpWCt(Object , Object )
   at Yinrg.Net.Sockets.SocketClient.GsnOTWuuJ(IAsyncResult  )
2018-11-20 18:23:26: Cannot access a disposed object.
Object name: 'System.Net.Sockets.Socket'.   at System.Net.Sockets.Socket.EndReceive(IAsyncResult asyncResult, SocketError& errorCode)
   at System.Net.Sockets.Socket.EndReceive(IAsyncResult asyncResult)
   at Yinrg.Net.Sockets.SocketClient.s91nev5CPITrFiQpWCt(Object , Object )
   at Yinrg.Net.Sockets.SocketClient.GsnOTWuuJ(IAsyncResult  )
2018-11-20 18:23:26: Cannot access a disposed object.
Object name: 'System.Net.Sockets.Socket'.   at System.Net.Sockets.Socket.EndReceive(IAsyncResult asyncResult, SocketError& errorCode)
   at System.Net.Sockets.Socket.EndReceive(IAsyncResult asyncResult)
   at Yinrg.Net.Sockets.SocketClient.s91nev5CPITrFiQpWCt(Object , Object )
   at Yinrg.Net.Sockets.SocketClient.GsnOTWuuJ(IAsyncResult  )
2018-11-20 18:23:27: Cannot access a disposed object.
Object name: 'System.Net.Sockets.Socket'.   at System.Net.Sockets.Socket.EndReceive(IAsyncResult asyncResult, SocketError& errorCode)
   at System.Net.Sockets.Socket.EndReceive(IAsyncResult asyncResult)
   at Yinrg.Net.Sockets.SocketClient.s91nev5CPITrFiQpWCt(Object , Object )
   at Yinrg.Net.Sockets.SocketClient.GsnOTWuuJ(IAsyncResult  )
2018-11-20 18:23:27: Cannot access a disposed object.
Object name: 'System.Net.Sockets.Socket'.   at System.Net.Sockets.Socket.EndReceive(IAsyncResult asyncResult, SocketError& errorCode)
   at System.Net.Sockets.Socket.EndReceive(IAsyncResult asyncResult)
   at Yinrg.Net.Sockets.SocketClient.s91nev5CPITrFiQpWCt(Object , Object )
   at Yinrg.Net.Sockets.SocketClient.GsnOTWuuJ(IAsyncResult  )
2018-11-20 18:23:27: Cannot access a disposed object.
Object name: 'System.Net.Sockets.Socket'.   at System.Net.Sockets.Socket.EndReceive(IAsyncResult asyncResult, SocketError& errorCode)
   at System.Net.Sockets.Socket.EndReceive(IAsyncResult asyncResult)
   at Yinrg.Net.Sockets.SocketClient.s91nev5CPITrFiQpWCt(Object , Object )
   at Yinrg.Net.Sockets.SocketClient.GsnOTWuuJ(IAsyncResult  )
2018-11-20 18:23:27: Cannot access a disposed object.
Object name: 'System.Net.Sockets.Socket'.   at System.Net.Sockets.Socket.EndReceive(IAsyncResult asyncResult, SocketError& errorCode)
   at System.Net.Sockets.Socket.EndReceive(IAsyncResult asyncResult)
   at Yinrg.Net.Sockets.SocketClient.s91nev5CPITrFiQpWCt(Object , Object )
   at Yinrg.Net.Sockets.SocketClient.GsnOTWuuJ(IAsyncResult  )
2018-11-20 18:23:27: Cannot access a disposed object.
Object name: 'System.Net.Sockets.Socket'.   at System.Net.Sockets.Socket.EndReceive(IAsyncResult asyncResult, SocketError& errorCode)
   at System.Net.Sockets.Socket.EndReceive(IAsyncResult asyncResult)
   at Yinrg.Net.Sockets.SocketClient.s91nev5CPITrFiQpWCt(Object , Object )
   at Yinrg.Net.Sockets.SocketClient.GsnOTWuuJ(IAsyncResult  )
