2016-08-09 09:06:02: 无法访问已释放的对象。
对象名:“System.Net.Sockets.Socket”。   在 System.Net.Sockets.Socket.EndSend(IAsyncResult asyncResult, SocketError& errorCode)
   在 System.Net.Sockets.Socket.EndSend(IAsyncResult asyncResult)
   在 Yinrg.Net.Sockets.SocketClient.wQh1k8mXtn4yGgQ8LDh(Object , Object )
   在 Yinrg.Net.Sockets.SocketClient.SendByteCallBack(IAsyncResult ar)
2016-08-09 09:16:10: 你的主机中的软件中止了一个已建立的连接。   在 System.Net.Sockets.Socket.EndSend(IAsyncResult asyncResult)
   在 Yinrg.Net.Sockets.SocketClient.wQh1k8mXtn4yGgQ8LDh(Object , Object )
   在 Yinrg.Net.Sockets.SocketClient.SendByteCallBack(IAsyncResult ar)
2016-08-09 09:16:26: 你的主机中的软件中止了一个已建立的连接。   在 System.Net.Sockets.Socket.EndSend(IAsyncResult asyncResult)
   在 Yinrg.Net.Sockets.SocketClient.wQh1k8mXtn4yGgQ8LDh(Object , Object )
   在 Yinrg.Net.Sockets.SocketClient.SendByteCallBack(IAsyncResult ar)
2016-08-09 10:36:30: 你的主机中的软件中止了一个已建立的连接。   在 System.Net.Sockets.Socket.EndReceive(IAsyncResult asyncResult)
   在 Yinrg.Net.Sockets.SocketClient.s91nev5CPITrFiQpWCt(Object , Object )
   在 Yinrg.Net.Sockets.SocketClient.GsnOTWuuJ(IAsyncResult  )
2016-08-09 10:48:20: 无法访问已释放的对象。
对象名:“System.Net.Sockets.Socket”。   在 System.Net.Sockets.Socket.EndSend(IAsyncResult asyncResult, SocketError& errorCode)
   在 System.Net.Sockets.Socket.EndSend(IAsyncResult asyncResult)
   在 Yinrg.Net.Sockets.SocketClient.wQh1k8mXtn4yGgQ8LDh(Object , Object )
   在 Yinrg.Net.Sockets.SocketClient.SendByteCallBack(IAsyncResult ar)
2016-08-09 10:56:09: 你的主机中的软件中止了一个已建立的连接。   在 System.Net.Sockets.Socket.EndReceive(IAsyncResult asyncResult)
   在 Yinrg.Net.Sockets.SocketClient.s91nev5CPITrFiQpWCt(Object , Object )
   在 Yinrg.Net.Sockets.SocketClient.GsnOTWuuJ(IAsyncResult  )
2016-08-09 10:56:09: 你的主机中的软件中止了一个已建立的连接。   在 System.Net.Sockets.Socket.EndReceive(IAsyncResult asyncResult)
   在 Yinrg.Net.Sockets.SocketClient.s91nev5CPITrFiQpWCt(Object , Object )
   在 Yinrg.Net.Sockets.SocketClient.GsnOTWuuJ(IAsyncResult  )
2016-08-09 10:56:09: 你的主机中的软件中止了一个已建立的连接。   在 System.Net.Sockets.Socket.EndReceive(IAsyncResult asyncResult)
   在 Yinrg.Net.Sockets.SocketClient.s91nev5CPITrFiQpWCt(Object , Object )
   在 Yinrg.Net.Sockets.SocketClient.GsnOTWuuJ(IAsyncResult  )
2016-08-09 10:56:20: 你的主机中的软件中止了一个已建立的连接。   在 System.Net.Sockets.Socket.EndReceive(IAsyncResult asyncResult)
   在 Yinrg.Net.Sockets.SocketClient.s91nev5CPITrFiQpWCt(Object , Object )
   在 Yinrg.Net.Sockets.SocketClient.GsnOTWuuJ(IAsyncResult  )
2016-08-09 14:33:21: 你的主机中的软件中止了一个已建立的连接。   在 System.Net.Sockets.Socket.EndSend(IAsyncResult asyncResult)
   在 Yinrg.Net.Sockets.SocketClient.wQh1k8mXtn4yGgQ8LDh(Object , Object )
   在 Yinrg.Net.Sockets.SocketClient.SendByteCallBack(IAsyncResult ar)
2016-08-09 14:44:55: 你的主机中的软件中止了一个已建立的连接。   在 System.Net.Sockets.Socket.EndSend(IAsyncResult asyncResult)
   在 Yinrg.Net.Sockets.SocketClient.wQh1k8mXtn4yGgQ8LDh(Object , Object )
   在 Yinrg.Net.Sockets.SocketClient.SendByteCallBack(IAsyncResult ar)
2016-08-09 14:46:34: 你的主机中的软件中止了一个已建立的连接。   在 System.Net.Sockets.Socket.EndSend(IAsyncResult asyncResult)
   在 Yinrg.Net.Sockets.SocketClient.wQh1k8mXtn4yGgQ8LDh(Object , Object )
   在 Yinrg.Net.Sockets.SocketClient.SendByteCallBack(IAsyncResult ar)
2016-08-09 14:55:32: 你的主机中的软件中止了一个已建立的连接。   在 System.Net.Sockets.Socket.EndReceive(IAsyncResult asyncResult)
   在 Yinrg.Net.Sockets.SocketClient.s91nev5CPITrFiQpWCt(Object , Object )
   在 Yinrg.Net.Sockets.SocketClient.GsnOTWuuJ(IAsyncResult  )
2016-08-09 15:06:05: 你的主机中的软件中止了一个已建立的连接。   在 System.Net.Sockets.Socket.EndSend(IAsyncResult asyncResult)
   在 Yinrg.Net.Sockets.SocketClient.wQh1k8mXtn4yGgQ8LDh(Object , Object )
   在 Yinrg.Net.Sockets.SocketClient.SendByteCallBack(IAsyncResult ar)
2016-08-09 15:27:31: 你的主机中的软件中止了一个已建立的连接。   在 System.Net.Sockets.Socket.EndSend(IAsyncResult asyncResult)
   在 Yinrg.Net.Sockets.SocketClient.wQh1k8mXtn4yGgQ8LDh(Object , Object )
   在 Yinrg.Net.Sockets.SocketClient.SendByteCallBack(IAsyncResult ar)
2016-08-09 15:41:54: 你的主机中的软件中止了一个已建立的连接。   在 System.Net.Sockets.Socket.EndReceive(IAsyncResult asyncResult)
   在 Yinrg.Net.Sockets.SocketClient.s91nev5CPITrFiQpWCt(Object , Object )
   在 Yinrg.Net.Sockets.SocketClient.GsnOTWuuJ(IAsyncResult  )
2016-08-09 15:41:54: 你的主机中的软件中止了一个已建立的连接。   在 System.Net.Sockets.Socket.EndSend(IAsyncResult asyncResult)
   在 Yinrg.Net.Sockets.SocketClient.wQh1k8mXtn4yGgQ8LDh(Object , Object )
   在 Yinrg.Net.Sockets.SocketClient.SendByteCallBack(IAsyncResult ar)
2016-08-09 16:43:23: 你的主机中的软件中止了一个已建立的连接。   在 System.Net.Sockets.Socket.EndReceive(IAsyncResult asyncResult)
   在 Yinrg.Net.Sockets.SocketClient.s91nev5CPITrFiQpWCt(Object , Object )
   在 Yinrg.Net.Sockets.SocketClient.GsnOTWuuJ(IAsyncResult  )
2016-08-09 16:43:28: 你的主机中的软件中止了一个已建立的连接。   在 System.Net.Sockets.Socket.EndReceive(IAsyncResult asyncResult)
   在 Yinrg.Net.Sockets.SocketClient.s91nev5CPITrFiQpWCt(Object , Object )
   在 Yinrg.Net.Sockets.SocketClient.GsnOTWuuJ(IAsyncResult  )
2016-08-09 16:43:28: 你的主机中的软件中止了一个已建立的连接。   在 System.Net.Sockets.Socket.EndReceive(IAsyncResult asyncResult)
   在 Yinrg.Net.Sockets.SocketClient.s91nev5CPITrFiQpWCt(Object , Object )
   在 Yinrg.Net.Sockets.SocketClient.GsnOTWuuJ(IAsyncResult  )
