2016-08-22 08:54:32: 你的主机中的软件中止了一个已建立的连接。   在 System.Net.Sockets.Socket.EndSend(IAsyncResult asyncResult)
   在 Yinrg.Net.Sockets.SocketClient.wQh1k8mXtn4yGgQ8LDh(Object , Object )
   在 Yinrg.Net.Sockets.SocketClient.SendByteCallBack(IAsyncResult ar)
2016-08-22 09:15:30: 你的主机中的软件中止了一个已建立的连接。   在 System.Net.Sockets.Socket.EndSend(IAsyncResult asyncResult)
   在 Yinrg.Net.Sockets.SocketClient.wQh1k8mXtn4yGgQ8LDh(Object , Object )
   在 Yinrg.Net.Sockets.SocketClient.SendByteCallBack(IAsyncResult ar)
2016-08-22 09:15:33: 你的主机中的软件中止了一个已建立的连接。   在 System.Net.Sockets.Socket.EndSend(IAsyncResult asyncResult)
   在 Yinrg.Net.Sockets.SocketClient.wQh1k8mXtn4yGgQ8LDh(Object , Object )
   在 Yinrg.Net.Sockets.SocketClient.SendByteCallBack(IAsyncResult ar)
2016-08-22 10:11:14: 你的主机中的软件中止了一个已建立的连接。   在 System.Net.Sockets.Socket.EndSend(IAsyncResult asyncResult)
   在 Yinrg.Net.Sockets.SocketClient.wQh1k8mXtn4yGgQ8LDh(Object , Object )
   在 Yinrg.Net.Sockets.SocketClient.SendByteCallBack(IAsyncResult ar)
2016-08-22 10:11:15: 你的主机中的软件中止了一个已建立的连接。   在 System.Net.Sockets.Socket.EndSend(IAsyncResult asyncResult)
   在 Yinrg.Net.Sockets.SocketClient.wQh1k8mXtn4yGgQ8LDh(Object , Object )
   在 Yinrg.Net.Sockets.SocketClient.SendByteCallBack(IAsyncResult ar)
2016-08-22 10:11:18: 你的主机中的软件中止了一个已建立的连接。   在 System.Net.Sockets.Socket.EndSend(IAsyncResult asyncResult)
   在 Yinrg.Net.Sockets.SocketClient.wQh1k8mXtn4yGgQ8LDh(Object , Object )
   在 Yinrg.Net.Sockets.SocketClient.SendByteCallBack(IAsyncResult ar)
2016-08-22 11:02:56: 你的主机中的软件中止了一个已建立的连接。   在 System.Net.Sockets.Socket.EndReceive(IAsyncResult asyncResult)
   在 Yinrg.Net.Sockets.SocketClient.s91nev5CPITrFiQpWCt(Object , Object )
   在 Yinrg.Net.Sockets.SocketClient.GsnOTWuuJ(IAsyncResult  )
2016-08-22 11:03:10: 你的主机中的软件中止了一个已建立的连接。   在 System.Net.Sockets.Socket.EndReceive(IAsyncResult asyncResult)
   在 Yinrg.Net.Sockets.SocketClient.s91nev5CPITrFiQpWCt(Object , Object )
   在 Yinrg.Net.Sockets.SocketClient.GsnOTWuuJ(IAsyncResult  )
2016-08-22 11:03:10: 你的主机中的软件中止了一个已建立的连接。   在 System.Net.Sockets.Socket.EndReceive(IAsyncResult asyncResult)
   在 Yinrg.Net.Sockets.SocketClient.s91nev5CPITrFiQpWCt(Object , Object )
   在 Yinrg.Net.Sockets.SocketClient.GsnOTWuuJ(IAsyncResult  )
2016-08-22 11:03:24: 你的主机中的软件中止了一个已建立的连接。   在 System.Net.Sockets.Socket.EndReceive(IAsyncResult asyncResult)
   在 Yinrg.Net.Sockets.SocketClient.s91nev5CPITrFiQpWCt(Object , Object )
   在 Yinrg.Net.Sockets.SocketClient.GsnOTWuuJ(IAsyncResult  )
2016-08-22 11:03:25: 你的主机中的软件中止了一个已建立的连接。   在 System.Net.Sockets.Socket.EndReceive(IAsyncResult asyncResult)
   在 Yinrg.Net.Sockets.SocketClient.s91nev5CPITrFiQpWCt(Object , Object )
   在 Yinrg.Net.Sockets.SocketClient.GsnOTWuuJ(IAsyncResult  )
2016-08-22 11:09:52: 你的主机中的软件中止了一个已建立的连接。   在 System.Net.Sockets.Socket.EndReceive(IAsyncResult asyncResult)
   在 Yinrg.Net.Sockets.SocketClient.s91nev5CPITrFiQpWCt(Object , Object )
   在 Yinrg.Net.Sockets.SocketClient.GsnOTWuuJ(IAsyncResult  )
2016-08-22 15:04:27: 你的主机中的软件中止了一个已建立的连接。   在 System.Net.Sockets.Socket.EndSend(IAsyncResult asyncResult)
   在 Yinrg.Net.Sockets.SocketClient.wQh1k8mXtn4yGgQ8LDh(Object , Object )
   在 Yinrg.Net.Sockets.SocketClient.SendByteCallBack(IAsyncResult ar)
2016-08-22 15:04:27: 你的主机中的软件中止了一个已建立的连接。   在 System.Net.Sockets.Socket.EndReceive(IAsyncResult asyncResult)
   在 Yinrg.Net.Sockets.SocketClient.s91nev5CPITrFiQpWCt(Object , Object )
   在 Yinrg.Net.Sockets.SocketClient.GsnOTWuuJ(IAsyncResult  )
2016-08-22 15:41:23: 你的主机中的软件中止了一个已建立的连接。   在 System.Net.Sockets.Socket.EndReceive(IAsyncResult asyncResult)
   在 Yinrg.Net.Sockets.SocketClient.s91nev5CPITrFiQpWCt(Object , Object )
   在 Yinrg.Net.Sockets.SocketClient.GsnOTWuuJ(IAsyncResult  )
2016-08-22 15:43:46: 你的主机中的软件中止了一个已建立的连接。   在 System.Net.Sockets.Socket.EndSend(IAsyncResult asyncResult)
   在 Yinrg.Net.Sockets.SocketClient.wQh1k8mXtn4yGgQ8LDh(Object , Object )
   在 Yinrg.Net.Sockets.SocketClient.SendByteCallBack(IAsyncResult ar)
2016-08-22 15:59:35: 你的主机中的软件中止了一个已建立的连接。   在 System.Net.Sockets.Socket.EndSend(IAsyncResult asyncResult)
   在 Yinrg.Net.Sockets.SocketClient.wQh1k8mXtn4yGgQ8LDh(Object , Object )
   在 Yinrg.Net.Sockets.SocketClient.SendByteCallBack(IAsyncResult ar)
2016-08-22 15:59:35: 你的主机中的软件中止了一个已建立的连接。   在 System.Net.Sockets.Socket.EndReceive(IAsyncResult asyncResult)
   在 Yinrg.Net.Sockets.SocketClient.s91nev5CPITrFiQpWCt(Object , Object )
   在 Yinrg.Net.Sockets.SocketClient.GsnOTWuuJ(IAsyncResult  )
2016-08-22 15:59:41: 你的主机中的软件中止了一个已建立的连接。   在 System.Net.Sockets.Socket.EndSend(IAsyncResult asyncResult)
   在 Yinrg.Net.Sockets.SocketClient.wQh1k8mXtn4yGgQ8LDh(Object , Object )
   在 Yinrg.Net.Sockets.SocketClient.SendByteCallBack(IAsyncResult ar)
2016-08-22 15:59:42: 你的主机中的软件中止了一个已建立的连接。   在 System.Net.Sockets.Socket.EndSend(IAsyncResult asyncResult)
   在 Yinrg.Net.Sockets.SocketClient.wQh1k8mXtn4yGgQ8LDh(Object , Object )
   在 Yinrg.Net.Sockets.SocketClient.SendByteCallBack(IAsyncResult ar)
2016-08-22 15:59:42: 你的主机中的软件中止了一个已建立的连接。   在 System.Net.Sockets.Socket.EndReceive(IAsyncResult asyncResult)
   在 Yinrg.Net.Sockets.SocketClient.s91nev5CPITrFiQpWCt(Object , Object )
   在 Yinrg.Net.Sockets.SocketClient.GsnOTWuuJ(IAsyncResult  )
2016-08-22 15:59:43: 你的主机中的软件中止了一个已建立的连接。   在 System.Net.Sockets.Socket.EndReceive(IAsyncResult asyncResult)
   在 Yinrg.Net.Sockets.SocketClient.s91nev5CPITrFiQpWCt(Object , Object )
   在 Yinrg.Net.Sockets.SocketClient.GsnOTWuuJ(IAsyncResult  )
